---------------------------------------------------------------
[ 2018-12-29T03:15:22+08:00 ] 116.76.123.214 POST /api.php/home/notice
[ info ] www.dotgomedia.com/api.php/home/notice [运行时间：0.047086s][吞吐率：21.24req/s] [内存消耗：3,340.68kb] [文件加载：54]
[ sql ] [ DB ] CONNECT:[ UseTime:0.000527s ] mysql:host=103.71.236.77;port=3306;dbname=tk_make;charset=utf8
[ sql ] [ SQL ] SHOW COLUMNS FROM `wld_notice` [ RunTime:0.001387s ]
[ sql ] [ SQL ] SELECT `id`,`title`,`content`,`add_time` FROM `wld_notice` WHERE  `is_show` = 1 ORDER BY `id` DESC [ RunTime:0.000699s ]
---------------------------------------------------------------
[ 2018-12-29T03:15:22+08:00 ] 116.76.123.214 POST /api.php/home/play
[ info ] www.dotgomedia.com/api.php/home/play [运行时间：0.051064s][吞吐率：19.58req/s] [内存消耗：3,293.34kb] [文件加载：54]
[ sql ] [ DB ] CONNECT:[ UseTime:0.000411s ] mysql:host=103.71.236.77;port=3306;dbname=tk_make;charset=utf8
[ sql ] [ SQL ] SHOW COLUMNS FROM `wld_banner` [ RunTime:0.001305s ]
[ sql ] [ SQL ] SELECT `url`,`skip` FROM `wld_banner` WHERE  `is_show` = 1 ORDER BY `sort` DESC,`id` DESC [ RunTime:0.000545s ]
---------------------------------------------------------------
[ 2018-12-29T03:15:26+08:00 ] 116.76.123.214 POST /api.php/member/index
[ info ] www.dotgomedia.com/api.php/member/index [运行时间：0.069755s][吞吐率：14.34req/s] [内存消耗：3,926.14kb] [文件加载：58]
[ sql ] [ DB ] CONNECT:[ UseTime:0.000601s ] mysql:host=103.71.236.77;port=3306;dbname=tk_make;charset=utf8
[ sql ] [ SQL ] SHOW COLUMNS FROM `wld_member` [ RunTime:0.001540s ]
[ sql ] [ SQL ] SELECT `phone`,`face`,`member_class`,`balance` FROM `wld_member` WHERE  `uid` = 64 LIMIT 1 [ RunTime:0.000541s ]
[ sql ] [ SQL ] SHOW COLUMNS FROM `wld_hire_log` [ RunTime:0.001302s ]
[ sql ] [ SQL ] SELECT SUM(hire_money) AS tp_sum FROM `wld_hire_log` WHERE  `uid` = 64  AND `is_check` = 1  AND `check_time` BETWEEN '2018-12-29 00:00:00' AND '2018-12-30 00:00:00' LIMIT 1 [ RunTime:0.000567s ]
[ sql ] [ SQL ] SHOW COLUMNS FROM `wld_deposit_log` [ RunTime:0.001214s ]
[ sql ] [ SQL ] SELECT SUM(money) AS tp_sum FROM `wld_deposit_log` WHERE  `uid` = 64  AND `is_check` = 1 LIMIT 1 [ RunTime:0.000479s ]
[ sql ] [ SQL ] SHOW COLUMNS FROM `wld_bank_info` [ RunTime:0.001110s ]
[ sql ] [ SQL ] SELECT `bank_card_num` FROM `wld_bank_info` WHERE  `uid` = 64 LIMIT 1 [ RunTime:0.000415s ]
[ sql ] [ SQL ] SHOW COLUMNS FROM `wld_bank_pay_info` [ RunTime:0.001170s ]
[ sql ] [ SQL ] SELECT `id` FROM `wld_bank_pay_info` WHERE  `uid` = 64 LIMIT 1 [ RunTime:0.000428s ]
[ sql ] [ SQL ] SHOW COLUMNS FROM `wld_member_info` [ RunTime:0.001122s ]
[ sql ] [ SQL ] SELECT `id` FROM `wld_member_info` WHERE  `uid` = 64 LIMIT 1 [ RunTime:0.000432s ]
---------------------------------------------------------------
[ 2018-12-29T03:15:26+08:00 ] 116.76.123.214 POST /api.php/member/index
[ info ] www.dotgomedia.com/api.php/member/index [运行时间：0.076073s][吞吐率：13.15req/s] [内存消耗：3,926.14kb] [文件加载：58]
[ sql ] [ DB ] CONNECT:[ UseTime:0.000508s ] mysql:host=103.71.236.77;port=3306;dbname=tk_make;charset=utf8
[ sql ] [ SQL ] SHOW COLUMNS FROM `wld_member` [ RunTime:0.001421s ]
[ sql ] [ SQL ] SELECT `phone`,`face`,`member_class`,`balance` FROM `wld_member` WHERE  `uid` = 64 LIMIT 1 [ RunTime:0.000486s ]
[ sql ] [ SQL ] SHOW COLUMNS FROM `wld_hire_log` [ RunTime:0.001172s ]
[ sql ] [ SQL ] SELECT SUM(hire_money) AS tp_sum FROM `wld_hire_log` WHERE  `uid` = 64  AND `is_check` = 1  AND `check_time` BETWEEN '2018-12-29 00:00:00' AND '2018-12-30 00:00:00' LIMIT 1 [ RunTime:0.000514s ]
[ sql ] [ SQL ] SHOW COLUMNS FROM `wld_deposit_log` [ RunTime:0.001180s ]
[ sql ] [ SQL ] SELECT SUM(money) AS tp_sum FROM `wld_deposit_log` WHERE  `uid` = 64  AND `is_check` = 1 LIMIT 1 [ RunTime:0.000442s ]
[ sql ] [ SQL ] SHOW COLUMNS FROM `wld_bank_info` [ RunTime:0.001089s ]
[ sql ] [ SQL ] SELECT `bank_card_num` FROM `wld_bank_info` WHERE  `uid` = 64 LIMIT 1 [ RunTime:0.000411s ]
[ sql ] [ SQL ] SHOW COLUMNS FROM `wld_bank_pay_info` [ RunTime:0.001021s ]
[ sql ] [ SQL ] SELECT `id` FROM `wld_bank_pay_info` WHERE  `uid` = 64 LIMIT 1 [ RunTime:0.000398s ]
[ sql ] [ SQL ] SHOW COLUMNS FROM `wld_member_info` [ RunTime:0.001068s ]
[ sql ] [ SQL ] SELECT `id` FROM `wld_member_info` WHERE  `uid` = 64 LIMIT 1 [ RunTime:0.000411s ]
---------------------------------------------------------------
[ 2018-12-29T03:15:28+08:00 ] 116.76.123.214 POST /api.php/member/getUserChildTeams
[ info ] www.dotgomedia.com/api.php/member/getUserChildTeams [运行时间：0.060590s][吞吐率：16.50req/s] [内存消耗：3,865.41kb] [文件加载：57]
[ sql ] [ DB ] CONNECT:[ UseTime:0.000929s ] mysql:host=103.71.236.77;port=3306;dbname=tk_make;charset=utf8
[ sql ] [ SQL ] SELECT * FROM wld_member WHERE `parent_level_1` = 64 OR `parent_level_2` = 64 OR `parent_level_3` = 64 OR `parents` = 64 ORDER BY `uid` DESC LIMIT 0,10 [ RunTime:0.001195s ]
[ sql ] [ SQL ] SELECT count(*) as total FROM wld_member WHERE `parent_level_1` = 64 OR `parent_level_2` = 64 OR `parent_level_3` = 64 OR `parents` = 64 [ RunTime:0.000745s ]
---------------------------------------------------------------
[ 2018-12-29T03:15:32+08:00 ] 116.76.123.214 POST /api.php/member/index
[ info ] www.dotgomedia.com/api.php/member/index [运行时间：0.074612s][吞吐率：13.40req/s] [内存消耗：3,926.14kb] [文件加载：58]
[ sql ] [ DB ] CONNECT:[ UseTime:0.000948s ] mysql:host=103.71.236.77;port=3306;dbname=tk_make;charset=utf8
[ sql ] [ SQL ] SHOW COLUMNS FROM `wld_member` [ RunTime:0.001430s ]
[ sql ] [ SQL ] SELECT `phone`,`face`,`member_class`,`balance` FROM `wld_member` WHERE  `uid` = 64 LIMIT 1 [ RunTime:0.000770s ]
[ sql ] [ SQL ] SHOW COLUMNS FROM `wld_hire_log` [ RunTime:0.001432s ]
[ sql ] [ SQL ] SELECT SUM(hire_money) AS tp_sum FROM `wld_hire_log` WHERE  `uid` = 64  AND `is_check` = 1  AND `check_time` BETWEEN '2018-12-29 00:00:00' AND '2018-12-30 00:00:00' LIMIT 1 [ RunTime:0.001234s ]
[ sql ] [ SQL ] SHOW COLUMNS FROM `wld_deposit_log` [ RunTime:0.001801s ]
[ sql ] [ SQL ] SELECT SUM(money) AS tp_sum FROM `wld_deposit_log` WHERE  `uid` = 64  AND `is_check` = 1 LIMIT 1 [ RunTime:0.000922s ]
[ sql ] [ SQL ] SHOW COLUMNS FROM `wld_bank_info` [ RunTime:0.002262s ]
[ sql ] [ SQL ] SELECT `bank_card_num` FROM `wld_bank_info` WHERE  `uid` = 64 LIMIT 1 [ RunTime:0.000811s ]
[ sql ] [ SQL ] SHOW COLUMNS FROM `wld_bank_pay_info` [ RunTime:0.002061s ]
[ sql ] [ SQL ] SELECT `id` FROM `wld_bank_pay_info` WHERE  `uid` = 64 LIMIT 1 [ RunTime:0.000872s ]
[ sql ] [ SQL ] SHOW COLUMNS FROM `wld_member_info` [ RunTime:0.001719s ]
[ sql ] [ SQL ] SELECT `id` FROM `wld_member_info` WHERE  `uid` = 64 LIMIT 1 [ RunTime:0.000782s ]
---------------------------------------------------------------
[ 2018-12-29T03:15:34+08:00 ] 116.76.123.214 POST /api.php/task/taskList
[ info ] www.dotgomedia.com/api.php/task/taskList [运行时间：0.057449s][吞吐率：17.41req/s] [内存消耗：3,330.42kb] [文件加载：54]
[ sql ] [ DB ] CONNECT:[ UseTime:0.000884s ] mysql:host=103.71.236.77;port=3306;dbname=tk_make;charset=utf8
[ sql ] [ SQL ] SHOW COLUMNS FROM `wld_task_classify` [ RunTime:0.001427s ]
[ sql ] [ SQL ] SELECT `task_cid`,`name` FROM `wld_task_classify` ORDER BY `sort` ASC,`task_cid` DESC [ RunTime:0.000810s ]
[ sql ] [ SQL ] SHOW COLUMNS FROM `wld_task` [ RunTime:0.001355s ]
[ sql ] [ SQL ] SELECT `task_id`,`task_money`,`title`,`limit_total_num`,`get_task_num` FROM `wld_task` WHERE  `task_cid` = 3 ORDER BY `task_id` DESC LIMIT 5 [ RunTime:0.000759s ]
[ sql ] [ SQL ] SELECT `task_id`,`task_money`,`title`,`limit_total_num`,`get_task_num` FROM `wld_task` WHERE  `task_cid` = 2 ORDER BY `task_id` DESC LIMIT 5 [ RunTime:0.000714s ]
[ sql ] [ SQL ] SELECT `task_id`,`task_money`,`title`,`limit_total_num`,`get_task_num` FROM `wld_task` WHERE  `task_cid` = 4 ORDER BY `task_id` DESC LIMIT 5 [ RunTime:0.000696s ]
---------------------------------------------------------------
[ 2018-12-29T08:03:29+08:00 ] 113.57.246.78 POST /api.php/home/notice
[ info ] www.dotgomedia.com/api.php/home/notice [运行时间：0.064401s][吞吐率：15.53req/s] [内存消耗：3,340.69kb] [文件加载：54]
[ sql ] [ DB ] CONNECT:[ UseTime:0.000915s ] mysql:host=103.71.236.77;port=3306;dbname=tk_make;charset=utf8
[ sql ] [ SQL ] SHOW COLUMNS FROM `wld_notice` [ RunTime:0.003183s ]
[ sql ] [ SQL ] SELECT `id`,`title`,`content`,`add_time` FROM `wld_notice` WHERE  `is_show` = 1 ORDER BY `id` DESC [ RunTime:0.001392s ]
---------------------------------------------------------------
[ 2018-12-29T08:03:30+08:00 ] 113.57.246.78 POST /api.php/home/play
[ info ] www.dotgomedia.com/api.php/home/play [运行时间：0.056676s][吞吐率：17.64req/s] [内存消耗：3,293.34kb] [文件加载：54]
[ sql ] [ DB ] CONNECT:[ UseTime:0.000975s ] mysql:host=103.71.236.77;port=3306;dbname=tk_make;charset=utf8
[ sql ] [ SQL ] SHOW COLUMNS FROM `wld_banner` [ RunTime:0.001701s ]
[ sql ] [ SQL ] SELECT `url`,`skip` FROM `wld_banner` WHERE  `is_show` = 1 ORDER BY `sort` DESC,`id` DESC [ RunTime:0.001091s ]
---------------------------------------------------------------
[ 2018-12-29T08:03:31+08:00 ] 113.57.246.78 POST /api.php/member/index
[ info ] www.dotgomedia.com/api.php/member/index [运行时间：0.064066s][吞吐率：15.61req/s] [内存消耗：3,926.25kb] [文件加载：58]
[ sql ] [ DB ] CONNECT:[ UseTime:0.000700s ] mysql:host=103.71.236.77;port=3306;dbname=tk_make;charset=utf8
[ sql ] [ SQL ] SHOW COLUMNS FROM `wld_member` [ RunTime:0.001445s ]
[ sql ] [ SQL ] SELECT `phone`,`face`,`member_class`,`balance` FROM `wld_member` WHERE  `uid` = 83 LIMIT 1 [ RunTime:0.000542s ]
[ sql ] [ SQL ] SHOW COLUMNS FROM `wld_hire_log` [ RunTime:0.001160s ]
[ sql ] [ SQL ] SELECT SUM(hire_money) AS tp_sum FROM `wld_hire_log` WHERE  `uid` = 83  AND `is_check` = 1  AND `check_time` BETWEEN '2018-12-29 00:00:00' AND '2018-12-30 00:00:00' LIMIT 1 [ RunTime:0.000575s ]
[ sql ] [ SQL ] SHOW COLUMNS FROM `wld_deposit_log` [ RunTime:0.001117s ]
[ sql ] [ SQL ] SELECT SUM(money) AS tp_sum FROM `wld_deposit_log` WHERE  `uid` = 83  AND `is_check` = 1 LIMIT 1 [ RunTime:0.000415s ]
[ sql ] [ SQL ] SHOW COLUMNS FROM `wld_bank_info` [ RunTime:0.001070s ]
[ sql ] [ SQL ] SELECT `bank_card_num` FROM `wld_bank_info` WHERE  `uid` = 83 LIMIT 1 [ RunTime:0.000386s ]
[ sql ] [ SQL ] SHOW COLUMNS FROM `wld_bank_pay_info` [ RunTime:0.001167s ]
[ sql ] [ SQL ] SELECT `id` FROM `wld_bank_pay_info` WHERE  `uid` = 83 LIMIT 1 [ RunTime:0.000416s ]
[ sql ] [ SQL ] SHOW COLUMNS FROM `wld_member_info` [ RunTime:0.001076s ]
[ sql ] [ SQL ] SELECT `id` FROM `wld_member_info` WHERE  `uid` = 83 LIMIT 1 [ RunTime:0.000383s ]
---------------------------------------------------------------
[ 2018-12-29T08:03:31+08:00 ] 113.57.246.78 POST /api.php/member/index
[ info ] www.dotgomedia.com/api.php/member/index [运行时间：0.100926s][吞吐率：9.91req/s] [内存消耗：3,926.25kb] [文件加载：58]
[ sql ] [ DB ] CONNECT:[ UseTime:0.000693s ] mysql:host=103.71.236.77;port=3306;dbname=tk_make;charset=utf8
[ sql ] [ SQL ] SHOW COLUMNS FROM `wld_member` [ RunTime:0.001522s ]
[ sql ] [ SQL ] SELECT `phone`,`face`,`member_class`,`balance` FROM `wld_member` WHERE  `uid` = 83 LIMIT 1 [ RunTime:0.000749s ]
[ sql ] [ SQL ] SHOW COLUMNS FROM `wld_hire_log` [ RunTime:0.001466s ]
[ sql ] [ SQL ] SELECT SUM(hire_money) AS tp_sum FROM `wld_hire_log` WHERE  `uid` = 83  AND `is_check` = 1  AND `check_time` BETWEEN '2018-12-29 00:00:00' AND '2018-12-30 00:00:00' LIMIT 1 [ RunTime:0.000854s ]
[ sql ] [ SQL ] SHOW COLUMNS FROM `wld_deposit_log` [ RunTime:0.001533s ]
[ sql ] [ SQL ] SELECT SUM(money) AS tp_sum FROM `wld_deposit_log` WHERE  `uid` = 83  AND `is_check` = 1 LIMIT 1 [ RunTime:0.000740s ]
[ sql ] [ SQL ] SHOW COLUMNS FROM `wld_bank_info` [ RunTime:0.001452s ]
[ sql ] [ SQL ] SELECT `bank_card_num` FROM `wld_bank_info` WHERE  `uid` = 83 LIMIT 1 [ RunTime:0.000707s ]
[ sql ] [ SQL ] SHOW COLUMNS FROM `wld_bank_pay_info` [ RunTime:0.001520s ]
[ sql ] [ SQL ] SELECT `id` FROM `wld_bank_pay_info` WHERE  `uid` = 83 LIMIT 1 [ RunTime:0.000765s ]
[ sql ] [ SQL ] SHOW COLUMNS FROM `wld_member_info` [ RunTime:0.001580s ]
[ sql ] [ SQL ] SELECT `id` FROM `wld_member_info` WHERE  `uid` = 83 LIMIT 1 [ RunTime:0.000916s ]
---------------------------------------------------------------
[ 2018-12-29T08:03:32+08:00 ] 113.57.246.78 POST /api.php/task/taskList
[ info ] www.dotgomedia.com/api.php/task/taskList [运行时间：0.064570s][吞吐率：15.49req/s] [内存消耗：3,330.42kb] [文件加载：54]
[ sql ] [ DB ] CONNECT:[ UseTime:0.000880s ] mysql:host=103.71.236.77;port=3306;dbname=tk_make;charset=utf8
[ sql ] [ SQL ] SHOW COLUMNS FROM `wld_task_classify` [ RunTime:0.001553s ]
[ sql ] [ SQL ] SELECT `task_cid`,`name` FROM `wld_task_classify` ORDER BY `sort` ASC,`task_cid` DESC [ RunTime:0.000708s ]
[ sql ] [ SQL ] SHOW COLUMNS FROM `wld_task` [ RunTime:0.001771s ]
[ sql ] [ SQL ] SELECT `task_id`,`task_money`,`title`,`limit_total_num`,`get_task_num` FROM `wld_task` WHERE  `task_cid` = 3 ORDER BY `task_id` DESC LIMIT 5 [ RunTime:0.000841s ]
[ sql ] [ SQL ] SELECT `task_id`,`task_money`,`title`,`limit_total_num`,`get_task_num` FROM `wld_task` WHERE  `task_cid` = 2 ORDER BY `task_id` DESC LIMIT 5 [ RunTime:0.000742s ]
[ sql ] [ SQL ] SELECT `task_id`,`task_money`,`title`,`limit_total_num`,`get_task_num` FROM `wld_task` WHERE  `task_cid` = 4 ORDER BY `task_id` DESC LIMIT 5 [ RunTime:0.000875s ]
---------------------------------------------------------------
[ 2018-12-29T10:06:20+08:00 ] 119.123.123.140 POST /api.php/home/notice
[ info ] www.dotgomedia.com/api.php/home/notice [运行时间：0.069928s][吞吐率：14.30req/s] [内存消耗：3,340.69kb] [文件加载：54]
[ sql ] [ DB ] CONNECT:[ UseTime:0.000566s ] mysql:host=103.71.236.77;port=3306;dbname=tk_make;charset=utf8
[ sql ] [ SQL ] SHOW COLUMNS FROM `wld_notice` [ RunTime:0.001404s ]
[ sql ] [ SQL ] SELECT `id`,`title`,`content`,`add_time` FROM `wld_notice` WHERE  `is_show` = 1 ORDER BY `id` DESC [ RunTime:0.000805s ]
---------------------------------------------------------------
[ 2018-12-29T10:06:20+08:00 ] 119.123.123.140 POST /api.php/home/play
[ info ] www.dotgomedia.com/api.php/home/play [运行时间：0.065260s][吞吐率：15.32req/s] [内存消耗：3,293.34kb] [文件加载：54]
[ sql ] [ DB ] CONNECT:[ UseTime:0.000409s ] mysql:host=103.71.236.77;port=3306;dbname=tk_make;charset=utf8
[ sql ] [ SQL ] SHOW COLUMNS FROM `wld_banner` [ RunTime:0.001333s ]
[ sql ] [ SQL ] SELECT `url`,`skip` FROM `wld_banner` WHERE  `is_show` = 1 ORDER BY `sort` DESC,`id` DESC [ RunTime:0.000492s ]
---------------------------------------------------------------
[ 2018-12-29T10:06:21+08:00 ] 119.123.123.140 POST /api.php/member/index
[ info ] www.dotgomedia.com/api.php/member/index [运行时间：0.060828s][吞吐率：16.44req/s] [内存消耗：3,926.27kb] [文件加载：58]
[ sql ] [ DB ] CONNECT:[ UseTime:0.000489s ] mysql:host=103.71.236.77;port=3306;dbname=tk_make;charset=utf8
[ sql ] [ SQL ] SHOW COLUMNS FROM `wld_member` [ RunTime:0.001342s ]
[ sql ] [ SQL ] SELECT `phone`,`face`,`member_class`,`balance` FROM `wld_member` WHERE  `uid` = 80 LIMIT 1 [ RunTime:0.000546s ]
[ sql ] [ SQL ] SHOW COLUMNS FROM `wld_hire_log` [ RunTime:0.001465s ]
[ sql ] [ SQL ] SELECT SUM(hire_money) AS tp_sum FROM `wld_hire_log` WHERE  `uid` = 80  AND `is_check` = 1  AND `check_time` BETWEEN '2018-12-29 00:00:00' AND '2018-12-30 00:00:00' LIMIT 1 [ RunTime:0.000626s ]
[ sql ] [ SQL ] SHOW COLUMNS FROM `wld_deposit_log` [ RunTime:0.001150s ]
[ sql ] [ SQL ] SELECT SUM(money) AS tp_sum FROM `wld_deposit_log` WHERE  `uid` = 80  AND `is_check` = 1 LIMIT 1 [ RunTime:0.000463s ]
[ sql ] [ SQL ] SHOW COLUMNS FROM `wld_bank_info` [ RunTime:0.001139s ]
[ sql ] [ SQL ] SELECT `bank_card_num` FROM `wld_bank_info` WHERE  `uid` = 80 LIMIT 1 [ RunTime:0.000397s ]
[ sql ] [ SQL ] SHOW COLUMNS FROM `wld_bank_pay_info` [ RunTime:0.001088s ]
[ sql ] [ SQL ] SELECT `id` FROM `wld_bank_pay_info` WHERE  `uid` = 80 LIMIT 1 [ RunTime:0.000373s ]
[ sql ] [ SQL ] SHOW COLUMNS FROM `wld_member_info` [ RunTime:0.001078s ]
[ sql ] [ SQL ] SELECT `id` FROM `wld_member_info` WHERE  `uid` = 80 LIMIT 1 [ RunTime:0.000376s ]
---------------------------------------------------------------
[ 2018-12-29T10:06:21+08:00 ] 119.123.123.140 POST /api.php/member/index
[ info ] www.dotgomedia.com/api.php/member/index [运行时间：0.063056s][吞吐率：15.86req/s] [内存消耗：3,926.27kb] [文件加载：58]
[ sql ] [ DB ] CONNECT:[ UseTime:0.000404s ] mysql:host=103.71.236.77;port=3306;dbname=tk_make;charset=utf8
[ sql ] [ SQL ] SHOW COLUMNS FROM `wld_member` [ RunTime:0.001184s ]
[ sql ] [ SQL ] SELECT `phone`,`face`,`member_class`,`balance` FROM `wld_member` WHERE  `uid` = 80 LIMIT 1 [ RunTime:0.000478s ]
[ sql ] [ SQL ] SHOW COLUMNS FROM `wld_hire_log` [ RunTime:0.001202s ]
[ sql ] [ SQL ] SELECT SUM(hire_money) AS tp_sum FROM `wld_hire_log` WHERE  `uid` = 80  AND `is_check` = 1  AND `check_time` BETWEEN '2018-12-29 00:00:00' AND '2018-12-30 00:00:00' LIMIT 1 [ RunTime:0.000527s ]
[ sql ] [ SQL ] SHOW COLUMNS FROM `wld_deposit_log` [ RunTime:0.001199s ]
[ sql ] [ SQL ] SELECT SUM(money) AS tp_sum FROM `wld_deposit_log` WHERE  `uid` = 80  AND `is_check` = 1 LIMIT 1 [ RunTime:0.000440s ]
[ sql ] [ SQL ] SHOW COLUMNS FROM `wld_bank_info` [ RunTime:0.001038s ]
[ sql ] [ SQL ] SELECT `bank_card_num` FROM `wld_bank_info` WHERE  `uid` = 80 LIMIT 1 [ RunTime:0.000461s ]
[ sql ] [ SQL ] SHOW COLUMNS FROM `wld_bank_pay_info` [ RunTime:0.001049s ]
[ sql ] [ SQL ] SELECT `id` FROM `wld_bank_pay_info` WHERE  `uid` = 80 LIMIT 1 [ RunTime:0.000478s ]
[ sql ] [ SQL ] SHOW COLUMNS FROM `wld_member_info` [ RunTime:0.001094s ]
[ sql ] [ SQL ] SELECT `id` FROM `wld_member_info` WHERE  `uid` = 80 LIMIT 1 [ RunTime:0.000402s ]
---------------------------------------------------------------
[ 2018-12-29T10:06:26+08:00 ] 119.123.123.140 POST /api.php/task/taskList
[ info ] www.dotgomedia.com/api.php/task/taskList [运行时间：0.057611s][吞吐率：17.36req/s] [内存消耗：3,330.42kb] [文件加载：54]
[ sql ] [ DB ] CONNECT:[ UseTime:0.000914s ] mysql:host=103.71.236.77;port=3306;dbname=tk_make;charset=utf8
[ sql ] [ SQL ] SHOW COLUMNS FROM `wld_task_classify` [ RunTime:0.001390s ]
[ sql ] [ SQL ] SELECT `task_cid`,`name` FROM `wld_task_classify` ORDER BY `sort` ASC,`task_cid` DESC [ RunTime:0.000725s ]
[ sql ] [ SQL ] SHOW COLUMNS FROM `wld_task` [ RunTime:0.001532s ]
[ sql ] [ SQL ] SELECT `task_id`,`task_money`,`title`,`limit_total_num`,`get_task_num` FROM `wld_task` WHERE  `task_cid` = 3 ORDER BY `task_id` DESC LIMIT 5 [ RunTime:0.000784s ]
[ sql ] [ SQL ] SELECT `task_id`,`task_money`,`title`,`limit_total_num`,`get_task_num` FROM `wld_task` WHERE  `task_cid` = 2 ORDER BY `task_id` DESC LIMIT 5 [ RunTime:0.000754s ]
[ sql ] [ SQL ] SELECT `task_id`,`task_money`,`title`,`limit_total_num`,`get_task_num` FROM `wld_task` WHERE  `task_cid` = 4 ORDER BY `task_id` DESC LIMIT 5 [ RunTime:0.000748s ]
---------------------------------------------------------------
[ 2018-12-29T10:06:34+08:00 ] 119.123.123.140 POST /api.php/member/index
[ info ] www.dotgomedia.com/api.php/member/index [运行时间：0.074553s][吞吐率：13.41req/s] [内存消耗：3,926.27kb] [文件加载：58]
[ sql ] [ DB ] CONNECT:[ UseTime:0.000889s ] mysql:host=103.71.236.77;port=3306;dbname=tk_make;charset=utf8
[ sql ] [ SQL ] SHOW COLUMNS FROM `wld_member` [ RunTime:0.001594s ]
[ sql ] [ SQL ] SELECT `phone`,`face`,`member_class`,`balance` FROM `wld_member` WHERE  `uid` = 80 LIMIT 1 [ RunTime:0.000845s ]
[ sql ] [ SQL ] SHOW COLUMNS FROM `wld_hire_log` [ RunTime:0.001322s ]
[ sql ] [ SQL ] SELECT SUM(hire_money) AS tp_sum FROM `wld_hire_log` WHERE  `uid` = 80  AND `is_check` = 1  AND `check_time` BETWEEN '2018-12-29 00:00:00' AND '2018-12-30 00:00:00' LIMIT 1 [ RunTime:0.000853s ]
[ sql ] [ SQL ] SHOW COLUMNS FROM `wld_deposit_log` [ RunTime:0.001322s ]
[ sql ] [ SQL ] SELECT SUM(money) AS tp_sum FROM `wld_deposit_log` WHERE  `uid` = 80  AND `is_check` = 1 LIMIT 1 [ RunTime:0.000913s ]
[ sql ] [ SQL ] SHOW COLUMNS FROM `wld_bank_info` [ RunTime:0.001599s ]
[ sql ] [ SQL ] SELECT `bank_card_num` FROM `wld_bank_info` WHERE  `uid` = 80 LIMIT 1 [ RunTime:0.000766s ]
[ sql ] [ SQL ] SHOW COLUMNS FROM `wld_bank_pay_info` [ RunTime:0.001629s ]
[ sql ] [ SQL ] SELECT `id` FROM `wld_bank_pay_info` WHERE  `uid` = 80 LIMIT 1 [ RunTime:0.000707s ]
[ sql ] [ SQL ] SHOW COLUMNS FROM `wld_member_info` [ RunTime:0.001504s ]
[ sql ] [ SQL ] SELECT `id` FROM `wld_member_info` WHERE  `uid` = 80 LIMIT 1 [ RunTime:0.000716s ]
---------------------------------------------------------------
[ 2018-12-29T10:06:35+08:00 ] 119.123.123.140 POST /api.php/member/getUserChildTeams
[ info ] www.dotgomedia.com/api.php/member/getUserChildTeams [运行时间：0.052013s][吞吐率：19.23req/s] [内存消耗：3,865.45kb] [文件加载：57]
[ sql ] [ DB ] CONNECT:[ UseTime:0.000890s ] mysql:host=103.71.236.77;port=3306;dbname=tk_make;charset=utf8
[ sql ] [ SQL ] SELECT * FROM wld_member WHERE `parent_level_1` = 80 OR `parent_level_2` = 80 OR `parent_level_3` = 80 OR `parents` = 80 ORDER BY `uid` DESC LIMIT 0,10 [ RunTime:0.000977s ]
[ sql ] [ SQL ] SELECT count(*) as total FROM wld_member WHERE `parent_level_1` = 80 OR `parent_level_2` = 80 OR `parent_level_3` = 80 OR `parents` = 80 [ RunTime:0.000645s ]
---------------------------------------------------------------
[ 2018-12-29T10:06:40+08:00 ] 119.123.123.140 POST /api.php/member/index
[ info ] www.dotgomedia.com/api.php/member/index [运行时间：0.064107s][吞吐率：15.60req/s] [内存消耗：3,926.27kb] [文件加载：58]
[ sql ] [ DB ] CONNECT:[ UseTime:0.000651s ] mysql:host=103.71.236.77;port=3306;dbname=tk_make;charset=utf8
[ sql ] [ SQL ] SHOW COLUMNS FROM `wld_member` [ RunTime:0.001302s ]
[ sql ] [ SQL ] SELECT `phone`,`face`,`member_class`,`balance` FROM `wld_member` WHERE  `uid` = 80 LIMIT 1 [ RunTime:0.000752s ]
[ sql ] [ SQL ] SHOW COLUMNS FROM `wld_hire_log` [ RunTime:0.001238s ]
[ sql ] [ SQL ] SELECT SUM(hire_money) AS tp_sum FROM `wld_hire_log` WHERE  `uid` = 80  AND `is_check` = 1  AND `check_time` BETWEEN '2018-12-29 00:00:00' AND '2018-12-30 00:00:00' LIMIT 1 [ RunTime:0.000645s ]
[ sql ] [ SQL ] SHOW COLUMNS FROM `wld_deposit_log` [ RunTime:0.001048s ]
[ sql ] [ SQL ] SELECT SUM(money) AS tp_sum FROM `wld_deposit_log` WHERE  `uid` = 80  AND `is_check` = 1 LIMIT 1 [ RunTime:0.000616s ]
[ sql ] [ SQL ] SHOW COLUMNS FROM `wld_bank_info` [ RunTime:0.000974s ]
[ sql ] [ SQL ] SELECT `bank_card_num` FROM `wld_bank_info` WHERE  `uid` = 80 LIMIT 1 [ RunTime:0.000552s ]
[ sql ] [ SQL ] SHOW COLUMNS FROM `wld_bank_pay_info` [ RunTime:0.001047s ]
[ sql ] [ SQL ] SELECT `id` FROM `wld_bank_pay_info` WHERE  `uid` = 80 LIMIT 1 [ RunTime:0.000527s ]
[ sql ] [ SQL ] SHOW COLUMNS FROM `wld_member_info` [ RunTime:0.001055s ]
[ sql ] [ SQL ] SELECT `id` FROM `wld_member_info` WHERE  `uid` = 80 LIMIT 1 [ RunTime:0.000657s ]
---------------------------------------------------------------
[ 2018-12-29T10:06:42+08:00 ] 119.123.123.140 POST /api.php/task/taskList
[ info ] www.dotgomedia.com/api.php/task/taskList [运行时间：0.057816s][吞吐率：17.30req/s] [内存消耗：3,330.42kb] [文件加载：54]
[ sql ] [ DB ] CONNECT:[ UseTime:0.000936s ] mysql:host=103.71.236.77;port=3306;dbname=tk_make;charset=utf8
[ sql ] [ SQL ] SHOW COLUMNS FROM `wld_task_classify` [ RunTime:0.001494s ]
[ sql ] [ SQL ] SELECT `task_cid`,`name` FROM `wld_task_classify` ORDER BY `sort` ASC,`task_cid` DESC [ RunTime:0.000670s ]
[ sql ] [ SQL ] SHOW COLUMNS FROM `wld_task` [ RunTime:0.001401s ]
[ sql ] [ SQL ] SELECT `task_id`,`task_money`,`title`,`limit_total_num`,`get_task_num` FROM `wld_task` WHERE  `task_cid` = 3 ORDER BY `task_id` DESC LIMIT 5 [ RunTime:0.000851s ]
[ sql ] [ SQL ] SELECT `task_id`,`task_money`,`title`,`limit_total_num`,`get_task_num` FROM `wld_task` WHERE  `task_cid` = 2 ORDER BY `task_id` DESC LIMIT 5 [ RunTime:0.000760s ]
[ sql ] [ SQL ] SELECT `task_id`,`task_money`,`title`,`limit_total_num`,`get_task_num` FROM `wld_task` WHERE  `task_cid` = 4 ORDER BY `task_id` DESC LIMIT 5 [ RunTime:0.000762s ]
---------------------------------------------------------------
[ 2018-12-29T10:06:44+08:00 ] 119.123.123.140 POST /api.php/member/index
[ info ] www.dotgomedia.com/api.php/member/index [运行时间：0.067905s][吞吐率：14.73req/s] [内存消耗：3,926.27kb] [文件加载：58]
[ sql ] [ DB ] CONNECT:[ UseTime:0.000881s ] mysql:host=103.71.236.77;port=3306;dbname=tk_make;charset=utf8
[ sql ] [ SQL ] SHOW COLUMNS FROM `wld_member` [ RunTime:0.001408s ]
[ sql ] [ SQL ] SELECT `phone`,`face`,`member_class`,`balance` FROM `wld_member` WHERE  `uid` = 80 LIMIT 1 [ RunTime:0.000825s ]
[ sql ] [ SQL ] SHOW COLUMNS FROM `wld_hire_log` [ RunTime:0.001202s ]
[ sql ] [ SQL ] SELECT SUM(hire_money) AS tp_sum FROM `wld_hire_log` WHERE  `uid` = 80  AND `is_check` = 1  AND `check_time` BETWEEN '2018-12-29 00:00:00' AND '2018-12-30 00:00:00' LIMIT 1 [ RunTime:0.000697s ]
[ sql ] [ SQL ] SHOW COLUMNS FROM `wld_deposit_log` [ RunTime:0.001247s ]
[ sql ] [ SQL ] SELECT SUM(money) AS tp_sum FROM `wld_deposit_log` WHERE  `uid` = 80  AND `is_check` = 1 LIMIT 1 [ RunTime:0.000607s ]
[ sql ] [ SQL ] SHOW COLUMNS FROM `wld_bank_info` [ RunTime:0.001409s ]
[ sql ] [ SQL ] SELECT `bank_card_num` FROM `wld_bank_info` WHERE  `uid` = 80 LIMIT 1 [ RunTime:0.000540s ]
[ sql ] [ SQL ] SHOW COLUMNS FROM `wld_bank_pay_info` [ RunTime:0.001380s ]
[ sql ] [ SQL ] SELECT `id` FROM `wld_bank_pay_info` WHERE  `uid` = 80 LIMIT 1 [ RunTime:0.000581s ]
[ sql ] [ SQL ] SHOW COLUMNS FROM `wld_member_info` [ RunTime:0.001239s ]
[ sql ] [ SQL ] SELECT `id` FROM `wld_member_info` WHERE  `uid` = 80 LIMIT 1 [ RunTime:0.000601s ]
---------------------------------------------------------------
[ 2018-12-29T10:06:48+08:00 ] 119.123.123.140 POST /api.php/member/index
[ info ] www.dotgomedia.com/api.php/member/index [运行时间：0.068717s][吞吐率：14.55req/s] [内存消耗：3,926.27kb] [文件加载：58]
[ sql ] [ DB ] CONNECT:[ UseTime:0.001032s ] mysql:host=103.71.236.77;port=3306;dbname=tk_make;charset=utf8
[ sql ] [ SQL ] SHOW COLUMNS FROM `wld_member` [ RunTime:0.001739s ]
[ sql ] [ SQL ] SELECT `phone`,`face`,`member_class`,`balance` FROM `wld_member` WHERE  `uid` = 80 LIMIT 1 [ RunTime:0.000833s ]
[ sql ] [ SQL ] SHOW COLUMNS FROM `wld_hire_log` [ RunTime:0.001427s ]
[ sql ] [ SQL ] SELECT SUM(hire_money) AS tp_sum FROM `wld_hire_log` WHERE  `uid` = 80  AND `is_check` = 1  AND `check_time` BETWEEN '2018-12-29 00:00:00' AND '2018-12-30 00:00:00' LIMIT 1 [ RunTime:0.000837s ]
[ sql ] [ SQL ] SHOW COLUMNS FROM `wld_deposit_log` [ RunTime:0.001843s ]
[ sql ] [ SQL ] SELECT SUM(money) AS tp_sum FROM `wld_deposit_log` WHERE  `uid` = 80  AND `is_check` = 1 LIMIT 1 [ RunTime:0.000963s ]
[ sql ] [ SQL ] SHOW COLUMNS FROM `wld_bank_info` [ RunTime:0.002120s ]
[ sql ] [ SQL ] SELECT `bank_card_num` FROM `wld_bank_info` WHERE  `uid` = 80 LIMIT 1 [ RunTime:0.001024s ]
[ sql ] [ SQL ] SHOW COLUMNS FROM `wld_bank_pay_info` [ RunTime:0.001977s ]
[ sql ] [ SQL ] SELECT `id` FROM `wld_bank_pay_info` WHERE  `uid` = 80 LIMIT 1 [ RunTime:0.000950s ]
[ sql ] [ SQL ] SHOW COLUMNS FROM `wld_member_info` [ RunTime:0.001838s ]
[ sql ] [ SQL ] SELECT `id` FROM `wld_member_info` WHERE  `uid` = 80 LIMIT 1 [ RunTime:0.000787s ]
---------------------------------------------------------------
[ 2018-12-29T11:11:58+08:00 ] 171.40.41.200 POST /api.php/member/index
[ info ] www.dotgomedia.com/api.php/member/index [运行时间：0.074100s][吞吐率：13.50req/s] [内存消耗：3,926.25kb] [文件加载：58]
[ sql ] [ DB ] CONNECT:[ UseTime:0.001062s ] mysql:host=103.71.236.77;port=3306;dbname=tk_make;charset=utf8
[ sql ] [ SQL ] SHOW COLUMNS FROM `wld_member` [ RunTime:0.001669s ]
[ sql ] [ SQL ] SELECT `phone`,`face`,`member_class`,`balance` FROM `wld_member` WHERE  `uid` = 83 LIMIT 1 [ RunTime:0.000880s ]
[ sql ] [ SQL ] SHOW COLUMNS FROM `wld_hire_log` [ RunTime:0.001395s ]
[ sql ] [ SQL ] SELECT SUM(hire_money) AS tp_sum FROM `wld_hire_log` WHERE  `uid` = 83  AND `is_check` = 1  AND `check_time` BETWEEN '2018-12-29 00:00:00' AND '2018-12-30 00:00:00' LIMIT 1 [ RunTime:0.000818s ]
[ sql ] [ SQL ] SHOW COLUMNS FROM `wld_deposit_log` [ RunTime:0.001862s ]
[ sql ] [ SQL ] SELECT SUM(money) AS tp_sum FROM `wld_deposit_log` WHERE  `uid` = 83  AND `is_check` = 1 LIMIT 1 [ RunTime:0.000714s ]
[ sql ] [ SQL ] SHOW COLUMNS FROM `wld_bank_info` [ RunTime:0.001637s ]
[ sql ] [ SQL ] SELECT `bank_card_num` FROM `wld_bank_info` WHERE  `uid` = 83 LIMIT 1 [ RunTime:0.000754s ]
[ sql ] [ SQL ] SHOW COLUMNS FROM `wld_bank_pay_info` [ RunTime:0.001768s ]
[ sql ] [ SQL ] SELECT `id` FROM `wld_bank_pay_info` WHERE  `uid` = 83 LIMIT 1 [ RunTime:0.000810s ]
[ sql ] [ SQL ] SHOW COLUMNS FROM `wld_member_info` [ RunTime:0.001584s ]
[ sql ] [ SQL ] SELECT `id` FROM `wld_member_info` WHERE  `uid` = 83 LIMIT 1 [ RunTime:0.000716s ]
---------------------------------------------------------------
[ 2018-12-29T11:12:01+08:00 ] 171.40.41.200 POST /api.php/home/index
[ info ] www.dotgomedia.com/api.php/home/index [运行时间：0.051725s][吞吐率：19.33req/s] [内存消耗：3,296.55kb] [文件加载：54]
[ sql ] [ DB ] CONNECT:[ UseTime:0.000949s ] mysql:host=103.71.236.77;port=3306;dbname=tk_make;charset=utf8
[ sql ] [ SQL ] SHOW COLUMNS FROM `wld_member` [ RunTime:0.001685s ]
[ sql ] [ SQL ] SELECT `invite_img`,`invite_code` FROM `wld_member` WHERE  `uid` = 83 LIMIT 1 [ RunTime:0.000841s ]
---------------------------------------------------------------
[ 2018-12-29T11:19:39+08:00 ] 171.40.41.200 POST /api.php/member/index
[ info ] www.dotgomedia.com/api.php/member/index [运行时间：0.078545s][吞吐率：12.73req/s] [内存消耗：3,926.25kb] [文件加载：58]
[ sql ] [ DB ] CONNECT:[ UseTime:0.000876s ] mysql:host=103.71.236.77;port=3306;dbname=tk_make;charset=utf8
[ sql ] [ SQL ] SHOW COLUMNS FROM `wld_member` [ RunTime:0.001731s ]
[ sql ] [ SQL ] SELECT `phone`,`face`,`member_class`,`balance` FROM `wld_member` WHERE  `uid` = 83 LIMIT 1 [ RunTime:0.000810s ]
[ sql ] [ SQL ] SHOW COLUMNS FROM `wld_hire_log` [ RunTime:0.001379s ]
[ sql ] [ SQL ] SELECT SUM(hire_money) AS tp_sum FROM `wld_hire_log` WHERE  `uid` = 83  AND `is_check` = 1  AND `check_time` BETWEEN '2018-12-29 00:00:00' AND '2018-12-30 00:00:00' LIMIT 1 [ RunTime:0.000904s ]
[ sql ] [ SQL ] SHOW COLUMNS FROM `wld_deposit_log` [ RunTime:0.001318s ]
[ sql ] [ SQL ] SELECT SUM(money) AS tp_sum FROM `wld_deposit_log` WHERE  `uid` = 83  AND `is_check` = 1 LIMIT 1 [ RunTime:0.000699s ]
[ sql ] [ SQL ] SHOW COLUMNS FROM `wld_bank_info` [ RunTime:0.001441s ]
[ sql ] [ SQL ] SELECT `bank_card_num` FROM `wld_bank_info` WHERE  `uid` = 83 LIMIT 1 [ RunTime:0.000718s ]
[ sql ] [ SQL ] SHOW COLUMNS FROM `wld_bank_pay_info` [ RunTime:0.001615s ]
[ sql ] [ SQL ] SELECT `id` FROM `wld_bank_pay_info` WHERE  `uid` = 83 LIMIT 1 [ RunTime:0.000706s ]
[ sql ] [ SQL ] SHOW COLUMNS FROM `wld_member_info` [ RunTime:0.001277s ]
[ sql ] [ SQL ] SELECT `id` FROM `wld_member_info` WHERE  `uid` = 83 LIMIT 1 [ RunTime:0.000791s ]
---------------------------------------------------------------
[ 2018-12-29T11:21:52+08:00 ] 171.40.41.200 POST /api.php/member/index
[ info ] www.dotgomedia.com/api.php/member/index [运行时间：0.076613s][吞吐率：13.05req/s] [内存消耗：3,926.25kb] [文件加载：58]
[ sql ] [ DB ] CONNECT:[ UseTime:0.000837s ] mysql:host=103.71.236.77;port=3306;dbname=tk_make;charset=utf8
[ sql ] [ SQL ] SHOW COLUMNS FROM `wld_member` [ RunTime:0.001517s ]
[ sql ] [ SQL ] SELECT `phone`,`face`,`member_class`,`balance` FROM `wld_member` WHERE  `uid` = 83 LIMIT 1 [ RunTime:0.000796s ]
[ sql ] [ SQL ] SHOW COLUMNS FROM `wld_hire_log` [ RunTime:0.001191s ]
[ sql ] [ SQL ] SELECT SUM(hire_money) AS tp_sum FROM `wld_hire_log` WHERE  `uid` = 83  AND `is_check` = 1  AND `check_time` BETWEEN '2018-12-29 00:00:00' AND '2018-12-30 00:00:00' LIMIT 1 [ RunTime:0.000798s ]
[ sql ] [ SQL ] SHOW COLUMNS FROM `wld_deposit_log` [ RunTime:0.002020s ]
[ sql ] [ SQL ] SELECT SUM(money) AS tp_sum FROM `wld_deposit_log` WHERE  `uid` = 83  AND `is_check` = 1 LIMIT 1 [ RunTime:0.000840s ]
[ sql ] [ SQL ] SHOW COLUMNS FROM `wld_bank_info` [ RunTime:0.001361s ]
[ sql ] [ SQL ] SELECT `bank_card_num` FROM `wld_bank_info` WHERE  `uid` = 83 LIMIT 1 [ RunTime:0.000699s ]
[ sql ] [ SQL ] SHOW COLUMNS FROM `wld_bank_pay_info` [ RunTime:0.001686s ]
[ sql ] [ SQL ] SELECT `id` FROM `wld_bank_pay_info` WHERE  `uid` = 83 LIMIT 1 [ RunTime:0.000733s ]
[ sql ] [ SQL ] SHOW COLUMNS FROM `wld_member_info` [ RunTime:0.001653s ]
[ sql ] [ SQL ] SELECT `id` FROM `wld_member_info` WHERE  `uid` = 83 LIMIT 1 [ RunTime:0.000729s ]
---------------------------------------------------------------
[ 2018-12-29T11:22:12+08:00 ] 171.40.41.200 POST /api.php/task/appointTask
[ info ] www.dotgomedia.com/api.php/task/appointTask [运行时间：0.053549s][吞吐率：18.67req/s] [内存消耗：3,860.81kb] [文件加载：57]
[ sql ] [ DB ] CONNECT:[ UseTime:0.000790s ] mysql:host=103.71.236.77;port=3306;dbname=tk_make;charset=utf8
[ sql ] [ SQL ] SHOW COLUMNS FROM `wld_task` [ RunTime:0.001457s ]
[ sql ] [ SQL ] SELECT `task_id`,`title`,`limit_total_num`,`get_task_num`,`task_user_level`,`task_money` FROM `wld_task` WHERE  `task_cid` = 4 ORDER BY `task_id` DESC [ RunTime:0.000846s ]
---------------------------------------------------------------
[ 2018-12-29T11:22:15+08:00 ] 171.40.41.200 POST /api.php/member/index
[ info ] www.dotgomedia.com/api.php/member/index [运行时间：0.072440s][吞吐率：13.80req/s] [内存消耗：3,926.25kb] [文件加载：58]
[ sql ] [ DB ] CONNECT:[ UseTime:0.000817s ] mysql:host=103.71.236.77;port=3306;dbname=tk_make;charset=utf8
[ sql ] [ SQL ] SHOW COLUMNS FROM `wld_member` [ RunTime:0.001526s ]
[ sql ] [ SQL ] SELECT `phone`,`face`,`member_class`,`balance` FROM `wld_member` WHERE  `uid` = 83 LIMIT 1 [ RunTime:0.000785s ]
[ sql ] [ SQL ] SHOW COLUMNS FROM `wld_hire_log` [ RunTime:0.001296s ]
[ sql ] [ SQL ] SELECT SUM(hire_money) AS tp_sum FROM `wld_hire_log` WHERE  `uid` = 83  AND `is_check` = 1  AND `check_time` BETWEEN '2018-12-29 00:00:00' AND '2018-12-30 00:00:00' LIMIT 1 [ RunTime:0.001101s ]
[ sql ] [ SQL ] SHOW COLUMNS FROM `wld_deposit_log` [ RunTime:0.001748s ]
[ sql ] [ SQL ] SELECT SUM(money) AS tp_sum FROM `wld_deposit_log` WHERE  `uid` = 83  AND `is_check` = 1 LIMIT 1 [ RunTime:0.000776s ]
[ sql ] [ SQL ] SHOW COLUMNS FROM `wld_bank_info` [ RunTime:0.001661s ]
[ sql ] [ SQL ] SELECT `bank_card_num` FROM `wld_bank_info` WHERE  `uid` = 83 LIMIT 1 [ RunTime:0.000715s ]
[ sql ] [ SQL ] SHOW COLUMNS FROM `wld_bank_pay_info` [ RunTime:0.001660s ]
[ sql ] [ SQL ] SELECT `id` FROM `wld_bank_pay_info` WHERE  `uid` = 83 LIMIT 1 [ RunTime:0.000813s ]
[ sql ] [ SQL ] SHOW COLUMNS FROM `wld_member_info` [ RunTime:0.001809s ]
[ sql ] [ SQL ] SELECT `id` FROM `wld_member_info` WHERE  `uid` = 83 LIMIT 1 [ RunTime:0.000730s ]
---------------------------------------------------------------
[ 2018-12-29T11:22:24+08:00 ] 171.40.41.200 POST /api.php/member/index
[ info ] www.dotgomedia.com/api.php/member/index [运行时间：0.077726s][吞吐率：12.87req/s] [内存消耗：3,926.25kb] [文件加载：58]
[ sql ] [ DB ] CONNECT:[ UseTime:0.000944s ] mysql:host=103.71.236.77;port=3306;dbname=tk_make;charset=utf8
[ sql ] [ SQL ] SHOW COLUMNS FROM `wld_member` [ RunTime:0.001825s ]
[ sql ] [ SQL ] SELECT `phone`,`face`,`member_class`,`balance` FROM `wld_member` WHERE  `uid` = 83 LIMIT 1 [ RunTime:0.000688s ]
[ sql ] [ SQL ] SHOW COLUMNS FROM `wld_hire_log` [ RunTime:0.001370s ]
[ sql ] [ SQL ] SELECT SUM(hire_money) AS tp_sum FROM `wld_hire_log` WHERE  `uid` = 83  AND `is_check` = 1  AND `check_time` BETWEEN '2018-12-29 00:00:00' AND '2018-12-30 00:00:00' LIMIT 1 [ RunTime:0.000894s ]
[ sql ] [ SQL ] SHOW COLUMNS FROM `wld_deposit_log` [ RunTime:0.001500s ]
[ sql ] [ SQL ] SELECT SUM(money) AS tp_sum FROM `wld_deposit_log` WHERE  `uid` = 83  AND `is_check` = 1 LIMIT 1 [ RunTime:0.000732s ]
[ sql ] [ SQL ] SHOW COLUMNS FROM `wld_bank_info` [ RunTime:0.001267s ]
[ sql ] [ SQL ] SELECT `bank_card_num` FROM `wld_bank_info` WHERE  `uid` = 83 LIMIT 1 [ RunTime:0.000651s ]
[ sql ] [ SQL ] SHOW COLUMNS FROM `wld_bank_pay_info` [ RunTime:0.001372s ]
[ sql ] [ SQL ] SELECT `id` FROM `wld_bank_pay_info` WHERE  `uid` = 83 LIMIT 1 [ RunTime:0.000802s ]
[ sql ] [ SQL ] SHOW COLUMNS FROM `wld_member_info` [ RunTime:0.001754s ]
[ sql ] [ SQL ] SELECT `id` FROM `wld_member_info` WHERE  `uid` = 83 LIMIT 1 [ RunTime:0.000900s ]
---------------------------------------------------------------
[ 2018-12-29T11:22:27+08:00 ] 171.40.41.200 POST /api.php/task/appointTask
[ info ] www.dotgomedia.com/api.php/task/appointTask [运行时间：0.053328s][吞吐率：18.75req/s] [内存消耗：3,860.81kb] [文件加载：57]
[ sql ] [ DB ] CONNECT:[ UseTime:0.000715s ] mysql:host=103.71.236.77;port=3306;dbname=tk_make;charset=utf8
[ sql ] [ SQL ] SHOW COLUMNS FROM `wld_task` [ RunTime:0.001449s ]
[ sql ] [ SQL ] SELECT `task_id`,`title`,`limit_total_num`,`get_task_num`,`task_user_level`,`task_money` FROM `wld_task` WHERE  `task_cid` = 4 ORDER BY `task_id` DESC [ RunTime:0.000771s ]
---------------------------------------------------------------
[ 2018-12-29T11:22:29+08:00 ] 171.40.41.200 POST /api.php/task/appointTask
[ info ] www.dotgomedia.com/api.php/task/appointTask [运行时间：0.062301s][吞吐率：16.05req/s] [内存消耗：3,870.63kb] [文件加载：57]
[ sql ] [ DB ] CONNECT:[ UseTime:0.000486s ] mysql:host=103.71.236.77;port=3306;dbname=tk_make;charset=utf8
[ sql ] [ SQL ] SHOW COLUMNS FROM `wld_task` [ RunTime:0.001464s ]
[ sql ] [ SQL ] SELECT `task_id`,`title`,`limit_total_num`,`get_task_num`,`task_user_level`,`task_money` FROM `wld_task` WHERE  `task_cid` = 2 ORDER BY `task_id` DESC [ RunTime:0.000575s ]
[ sql ] [ SQL ] SHOW COLUMNS FROM `wld_send_task_log` [ RunTime:0.001145s ]
[ sql ] [ SQL ] SELECT `task_id` FROM `wld_send_task_log` WHERE  `uid` = 83  AND `task_id` IN (22,17) [ RunTime:0.000541s ]
---------------------------------------------------------------
[ 2018-12-29T11:22:38+08:00 ] 171.40.41.200 POST /api.php/task/findTask
[ info ] www.dotgomedia.com/api.php/task/findTask [运行时间：0.071369s][吞吐率：14.01req/s] [内存消耗：3,859.64kb] [文件加载：57]
[ sql ] [ DB ] CONNECT:[ UseTime:0.001036s ] mysql:host=103.71.236.77;port=3306;dbname=tk_make;charset=utf8
[ sql ] [ SQL ] SHOW COLUMNS FROM `wld_task` [ RunTime:0.002432s ]
[ sql ] [ SQL ] SELECT `task_id`,`title`,`content`,`img_url` FROM `wld_task` WHERE  `task_id` = 22 LIMIT 1 [ RunTime:0.000946s ]
---------------------------------------------------------------
[ 2018-12-29T11:22:47+08:00 ] 171.40.41.200 POST /api.php/member/index
[ info ] www.dotgomedia.com/api.php/member/index [运行时间：0.079826s][吞吐率：12.53req/s] [内存消耗：3,926.25kb] [文件加载：58]
[ sql ] [ DB ] CONNECT:[ UseTime:0.001144s ] mysql:host=103.71.236.77;port=3306;dbname=tk_make;charset=utf8
[ sql ] [ SQL ] SHOW COLUMNS FROM `wld_member` [ RunTime:0.001650s ]
[ sql ] [ SQL ] SELECT `phone`,`face`,`member_class`,`balance` FROM `wld_member` WHERE  `uid` = 83 LIMIT 1 [ RunTime:0.000815s ]
[ sql ] [ SQL ] SHOW COLUMNS FROM `wld_hire_log` [ RunTime:0.001350s ]
[ sql ] [ SQL ] SELECT SUM(hire_money) AS tp_sum FROM `wld_hire_log` WHERE  `uid` = 83  AND `is_check` = 1  AND `check_time` BETWEEN '2018-12-29 00:00:00' AND '2018-12-30 00:00:00' LIMIT 1 [ RunTime:0.000873s ]
[ sql ] [ SQL ] SHOW COLUMNS FROM `wld_deposit_log` [ RunTime:0.001222s ]
[ sql ] [ SQL ] SELECT SUM(money) AS tp_sum FROM `wld_deposit_log` WHERE  `uid` = 83  AND `is_check` = 1 LIMIT 1 [ RunTime:0.001010s ]
[ sql ] [ SQL ] SHOW COLUMNS FROM `wld_bank_info` [ RunTime:0.001359s ]
[ sql ] [ SQL ] SELECT `bank_card_num` FROM `wld_bank_info` WHERE  `uid` = 83 LIMIT 1 [ RunTime:0.000621s ]
[ sql ] [ SQL ] SHOW COLUMNS FROM `wld_bank_pay_info` [ RunTime:0.001722s ]
[ sql ] [ SQL ] SELECT `id` FROM `wld_bank_pay_info` WHERE  `uid` = 83 LIMIT 1 [ RunTime:0.000724s ]
[ sql ] [ SQL ] SHOW COLUMNS FROM `wld_member_info` [ RunTime:0.001649s ]
[ sql ] [ SQL ] SELECT `id` FROM `wld_member_info` WHERE  `uid` = 83 LIMIT 1 [ RunTime:0.000908s ]
---------------------------------------------------------------
[ 2018-12-29T11:53:59+08:00 ] 119.123.123.140 POST /api.php/home/index
[ info ] www.dotgomedia.com/api.php/home/index [运行时间：0.053409s][吞吐率：18.72req/s] [内存消耗：3,296.55kb] [文件加载：54]
[ sql ] [ DB ] CONNECT:[ UseTime:0.000834s ] mysql:host=103.71.236.77;port=3306;dbname=tk_make;charset=utf8
[ sql ] [ SQL ] SHOW COLUMNS FROM `wld_member` [ RunTime:0.001426s ]
[ sql ] [ SQL ] SELECT `invite_img`,`invite_code` FROM `wld_member` WHERE  `uid` = 80 LIMIT 1 [ RunTime:0.000913s ]
---------------------------------------------------------------
[ 2018-12-29T11:54:05+08:00 ] 119.123.123.140 POST /api.php/member/index
[ info ] www.dotgomedia.com/api.php/member/index [运行时间：0.076838s][吞吐率：13.01req/s] [内存消耗：3,926.27kb] [文件加载：58]
[ sql ] [ DB ] CONNECT:[ UseTime:0.001027s ] mysql:host=103.71.236.77;port=3306;dbname=tk_make;charset=utf8
[ sql ] [ SQL ] SHOW COLUMNS FROM `wld_member` [ RunTime:0.002185s ]
[ sql ] [ SQL ] SELECT `phone`,`face`,`member_class`,`balance` FROM `wld_member` WHERE  `uid` = 80 LIMIT 1 [ RunTime:0.001123s ]
[ sql ] [ SQL ] SHOW COLUMNS FROM `wld_hire_log` [ RunTime:0.001891s ]
[ sql ] [ SQL ] SELECT SUM(hire_money) AS tp_sum FROM `wld_hire_log` WHERE  `uid` = 80  AND `is_check` = 1  AND `check_time` BETWEEN '2018-12-29 00:00:00' AND '2018-12-30 00:00:00' LIMIT 1 [ RunTime:0.001096s ]
[ sql ] [ SQL ] SHOW COLUMNS FROM `wld_deposit_log` [ RunTime:0.001785s ]
[ sql ] [ SQL ] SELECT SUM(money) AS tp_sum FROM `wld_deposit_log` WHERE  `uid` = 80  AND `is_check` = 1 LIMIT 1 [ RunTime:0.000877s ]
[ sql ] [ SQL ] SHOW COLUMNS FROM `wld_bank_info` [ RunTime:0.002261s ]
[ sql ] [ SQL ] SELECT `bank_card_num` FROM `wld_bank_info` WHERE  `uid` = 80 LIMIT 1 [ RunTime:0.001016s ]
[ sql ] [ SQL ] SHOW COLUMNS FROM `wld_bank_pay_info` [ RunTime:0.002734s ]
[ sql ] [ SQL ] SELECT `id` FROM `wld_bank_pay_info` WHERE  `uid` = 80 LIMIT 1 [ RunTime:0.000834s ]
[ sql ] [ SQL ] SHOW COLUMNS FROM `wld_member_info` [ RunTime:0.001722s ]
[ sql ] [ SQL ] SELECT `id` FROM `wld_member_info` WHERE  `uid` = 80 LIMIT 1 [ RunTime:0.000936s ]
---------------------------------------------------------------
[ 2018-12-29T11:54:07+08:00 ] 119.123.123.140 POST /api.php/task/findTask
[ info ] www.dotgomedia.com/api.php/task/findTask [运行时间：0.056503s][吞吐率：17.70req/s] [内存消耗：3,859.64kb] [文件加载：57]
[ sql ] [ DB ] CONNECT:[ UseTime:0.000892s ] mysql:host=103.71.236.77;port=3306;dbname=tk_make;charset=utf8
[ sql ] [ SQL ] SHOW COLUMNS FROM `wld_task` [ RunTime:0.001439s ]
[ sql ] [ SQL ] SELECT `task_id`,`title`,`content`,`img_url` FROM `wld_task` WHERE  `task_id` = 22 LIMIT 1 [ RunTime:0.000687s ]
---------------------------------------------------------------
[ 2018-12-29T11:54:09+08:00 ] 119.123.123.140 POST /api.php/task/findTask
[ info ] www.dotgomedia.com/api.php/task/findTask [运行时间：0.062929s][吞吐率：15.89req/s] [内存消耗：3,859.97kb] [文件加载：57]
[ sql ] [ DB ] CONNECT:[ UseTime:0.000880s ] mysql:host=103.71.236.77;port=3306;dbname=tk_make;charset=utf8
[ sql ] [ SQL ] SHOW COLUMNS FROM `wld_task` [ RunTime:0.001791s ]
[ sql ] [ SQL ] SELECT `task_id`,`title`,`content`,`img_url` FROM `wld_task` WHERE  `task_id` = 18 LIMIT 1 [ RunTime:0.000793s ]
---------------------------------------------------------------
[ 2018-12-29T12:01:52+08:00 ] 119.123.123.140 GET /make.php/index/main.html
[ info ] www.dotgomedia.com/make.php/index/main.html [运行时间：0.072801s][吞吐率：13.74req/s] [内存消耗：3,248.80kb] [文件加载：52]
[ sql ] [ DB ] CONNECT:[ UseTime:0.000895s ] mysql:host=103.71.236.77;port=3306;dbname=tk_make;charset=utf8
[ sql ] [ SQL ] SHOW COLUMNS FROM `wld_auth_group_access` [ RunTime:0.001554s ]
[ sql ] [ SQL ] SELECT `AuthGroupAccess`.`uid`,`AuthGroupAccess`.`group_id`,`AuthGroup`.`title`,`AuthGroup`.`rules` FROM `wld_auth_group_access` `AuthGroupAccess` LEFT JOIN `wld_auth_group` `AuthGroup` ON `AuthGroupAccess`.`group_id`=`AuthGroup`.`id` WHERE  (  AuthGroupAccess.uid='1' and AuthGroup.status='1' ) [ RunTime:0.001011s ]
[ sql ] [ SQL ] SHOW COLUMNS FROM `wld_auth_rule` [ RunTime:0.001482s ]
[ sql ] [ SQL ] SELECT `condition`,`name` FROM `wld_auth_rule` WHERE  `id` IN (1,2,3,4,5,6,7,8,9,13,27,14,15,16,17,18,19,28,20,21,22,23,24,25,26,29,10,11,12,30)  AND `status` = 1 [ RunTime:0.001041s ]
[ sql ] [ SQL ] SHOW COLUMNS FROM `wld_member` [ RunTime:0.001487s ]
[ sql ] [ SQL ] SELECT COUNT(*) AS tp_count FROM `wld_member` LIMIT 1 [ RunTime:0.000656s ]
[ sql ] [ SQL ] SELECT COUNT(*) AS tp_count FROM `wld_member` WHERE  `member_class` = 1 LIMIT 1 [ RunTime:0.000610s ]
[ sql ] [ SQL ] SELECT COUNT(*) AS tp_count FROM `wld_member` WHERE  `member_class` = 2 LIMIT 1 [ RunTime:0.000599s ]
[ sql ] [ SQL ] SELECT COUNT(*) AS tp_count FROM `wld_member` WHERE  `member_class` = 3 LIMIT 1 [ RunTime:0.000650s ]
[ sql ] [ SQL ] SELECT COUNT(*) AS tp_count FROM `wld_member` WHERE  `member_class` = 4 LIMIT 1 [ RunTime:0.000799s ]
[ sql ] [ SQL ] SHOW COLUMNS FROM `wld_pay_log` [ RunTime:0.001746s ]
[ sql ] [ SQL ] SELECT SUM(money) AS tp_sum FROM `wld_pay_log` WHERE  `pay_status` = 2 LIMIT 1 [ RunTime:0.001339s ]
[ sql ] [ SQL ] SHOW COLUMNS FROM `wld_hire_log` [ RunTime:0.002052s ]
[ sql ] [ SQL ] SELECT SUM(hire_money) AS tp_sum FROM `wld_hire_log` WHERE  `is_check` = 1 LIMIT 1 [ RunTime:0.001046s ]
[ sql ] [ SQL ] SHOW COLUMNS FROM `wld_task` [ RunTime:0.001712s ]
[ sql ] [ SQL ] SELECT COUNT(*) AS tp_count FROM `wld_task` WHERE  `task_id` > 0 LIMIT 1 [ RunTime:0.000848s ]
---------------------------------------------------------------
[ 2018-12-29T12:14:40+08:00 ] 183.95.249.67 POST /api.php/member/index
[ info ] www.dotgomedia.com/api.php/member/index [运行时间：0.077223s][吞吐率：12.95req/s] [内存消耗：3,926.25kb] [文件加载：58]
[ sql ] [ DB ] CONNECT:[ UseTime:0.000890s ] mysql:host=103.71.236.77;port=3306;dbname=tk_make;charset=utf8
[ sql ] [ SQL ] SHOW COLUMNS FROM `wld_member` [ RunTime:0.001343s ]
[ sql ] [ SQL ] SELECT `phone`,`face`,`member_class`,`balance` FROM `wld_member` WHERE  `uid` = 83 LIMIT 1 [ RunTime:0.000605s ]
[ sql ] [ SQL ] SHOW COLUMNS FROM `wld_hire_log` [ RunTime:0.001347s ]
[ sql ] [ SQL ] SELECT SUM(hire_money) AS tp_sum FROM `wld_hire_log` WHERE  `uid` = 83  AND `is_check` = 1  AND `check_time` BETWEEN '2018-12-29 00:00:00' AND '2018-12-30 00:00:00' LIMIT 1 [ RunTime:0.000814s ]
[ sql ] [ SQL ] SHOW COLUMNS FROM `wld_deposit_log` [ RunTime:0.001231s ]
[ sql ] [ SQL ] SELECT SUM(money) AS tp_sum FROM `wld_deposit_log` WHERE  `uid` = 83  AND `is_check` = 1 LIMIT 1 [ RunTime:0.000680s ]
[ sql ] [ SQL ] SHOW COLUMNS FROM `wld_bank_info` [ RunTime:0.001229s ]
[ sql ] [ SQL ] SELECT `bank_card_num` FROM `wld_bank_info` WHERE  `uid` = 83 LIMIT 1 [ RunTime:0.000703s ]
[ sql ] [ SQL ] SHOW COLUMNS FROM `wld_bank_pay_info` [ RunTime:0.001379s ]
[ sql ] [ SQL ] SELECT `id` FROM `wld_bank_pay_info` WHERE  `uid` = 83 LIMIT 1 [ RunTime:0.000649s ]
[ sql ] [ SQL ] SHOW COLUMNS FROM `wld_member_info` [ RunTime:0.001756s ]
[ sql ] [ SQL ] SELECT `id` FROM `wld_member_info` WHERE  `uid` = 83 LIMIT 1 [ RunTime:0.000688s ]
---------------------------------------------------------------
[ 2018-12-29T13:09:34+08:00 ] 103.251.99.79 POST /api.php/home/play
[ info ] www.dotgomedia.com/api.php/home/play [运行时间：0.047914s][吞吐率：20.87req/s] [内存消耗：3,293.34kb] [文件加载：54]
[ sql ] [ DB ] CONNECT:[ UseTime:0.000728s ] mysql:host=103.71.236.77;port=3306;dbname=tk_make;charset=utf8
[ sql ] [ SQL ] SHOW COLUMNS FROM `wld_banner` [ RunTime:0.001615s ]
[ sql ] [ SQL ] SELECT `url`,`skip` FROM `wld_banner` WHERE  `is_show` = 1 ORDER BY `sort` DESC,`id` DESC [ RunTime:0.000732s ]
---------------------------------------------------------------
[ 2018-12-29T13:09:35+08:00 ] 103.251.99.79 POST /api.php/home/notice
[ info ] www.dotgomedia.com/api.php/home/notice [运行时间：0.049651s][吞吐率：20.14req/s] [内存消耗：3,340.69kb] [文件加载：54]
[ sql ] [ DB ] CONNECT:[ UseTime:0.000723s ] mysql:host=103.71.236.77;port=3306;dbname=tk_make;charset=utf8
[ sql ] [ SQL ] SHOW COLUMNS FROM `wld_notice` [ RunTime:0.001451s ]
[ sql ] [ SQL ] SELECT `id`,`title`,`content`,`add_time` FROM `wld_notice` WHERE  `is_show` = 1 ORDER BY `id` DESC [ RunTime:0.001067s ]
---------------------------------------------------------------
[ 2018-12-29T13:09:37+08:00 ] 103.251.99.79 POST /api.php/member/index
[ info ] www.dotgomedia.com/api.php/member/index [运行时间：0.059612s][吞吐率：16.78req/s] [内存消耗：3,926.19kb] [文件加载：58]
[ sql ] [ DB ] CONNECT:[ UseTime:0.000558s ] mysql:host=103.71.236.77;port=3306;dbname=tk_make;charset=utf8
[ sql ] [ SQL ] SHOW COLUMNS FROM `wld_member` [ RunTime:0.001288s ]
[ sql ] [ SQL ] SELECT `phone`,`face`,`member_class`,`balance` FROM `wld_member` WHERE  `uid` = 96 LIMIT 1 [ RunTime:0.000472s ]
[ sql ] [ SQL ] SHOW COLUMNS FROM `wld_hire_log` [ RunTime:0.001157s ]
[ sql ] [ SQL ] SELECT SUM(hire_money) AS tp_sum FROM `wld_hire_log` WHERE  `uid` = 96  AND `is_check` = 1  AND `check_time` BETWEEN '2018-12-29 00:00:00' AND '2018-12-30 00:00:00' LIMIT 1 [ RunTime:0.000487s ]
[ sql ] [ SQL ] SHOW COLUMNS FROM `wld_deposit_log` [ RunTime:0.001063s ]
[ sql ] [ SQL ] SELECT SUM(money) AS tp_sum FROM `wld_deposit_log` WHERE  `uid` = 96  AND `is_check` = 1 LIMIT 1 [ RunTime:0.000396s ]
[ sql ] [ SQL ] SHOW COLUMNS FROM `wld_bank_info` [ RunTime:0.001200s ]
[ sql ] [ SQL ] SELECT `bank_card_num` FROM `wld_bank_info` WHERE  `uid` = 96 LIMIT 1 [ RunTime:0.000364s ]
[ sql ] [ SQL ] SHOW COLUMNS FROM `wld_bank_pay_info` [ RunTime:0.001047s ]
[ sql ] [ SQL ] SELECT `id` FROM `wld_bank_pay_info` WHERE  `uid` = 96 LIMIT 1 [ RunTime:0.000389s ]
[ sql ] [ SQL ] SHOW COLUMNS FROM `wld_member_info` [ RunTime:0.000980s ]
[ sql ] [ SQL ] SELECT `id` FROM `wld_member_info` WHERE  `uid` = 96 LIMIT 1 [ RunTime:0.000359s ]
---------------------------------------------------------------
[ 2018-12-29T13:09:37+08:00 ] 103.251.99.79 POST /api.php/member/index
[ info ] www.dotgomedia.com/api.php/member/index [运行时间：0.061009s][吞吐率：16.39req/s] [内存消耗：3,926.19kb] [文件加载：58]
[ sql ] [ DB ] CONNECT:[ UseTime:0.000546s ] mysql:host=103.71.236.77;port=3306;dbname=tk_make;charset=utf8
[ sql ] [ SQL ] SHOW COLUMNS FROM `wld_member` [ RunTime:0.001354s ]
[ sql ] [ SQL ] SELECT `phone`,`face`,`member_class`,`balance` FROM `wld_member` WHERE  `uid` = 96 LIMIT 1 [ RunTime:0.000464s ]
[ sql ] [ SQL ] SHOW COLUMNS FROM `wld_hire_log` [ RunTime:0.001187s ]
[ sql ] [ SQL ] SELECT SUM(hire_money) AS tp_sum FROM `wld_hire_log` WHERE  `uid` = 96  AND `is_check` = 1  AND `check_time` BETWEEN '2018-12-29 00:00:00' AND '2018-12-30 00:00:00' LIMIT 1 [ RunTime:0.000559s ]
[ sql ] [ SQL ] SHOW COLUMNS FROM `wld_deposit_log` [ RunTime:0.001119s ]
[ sql ] [ SQL ] SELECT SUM(money) AS tp_sum FROM `wld_deposit_log` WHERE  `uid` = 96  AND `is_check` = 1 LIMIT 1 [ RunTime:0.000430s ]
[ sql ] [ SQL ] SHOW COLUMNS FROM `wld_bank_info` [ RunTime:0.001067s ]
[ sql ] [ SQL ] SELECT `bank_card_num` FROM `wld_bank_info` WHERE  `uid` = 96 LIMIT 1 [ RunTime:0.000398s ]
[ sql ] [ SQL ] SHOW COLUMNS FROM `wld_bank_pay_info` [ RunTime:0.001134s ]
[ sql ] [ SQL ] SELECT `id` FROM `wld_bank_pay_info` WHERE  `uid` = 96 LIMIT 1 [ RunTime:0.000388s ]
[ sql ] [ SQL ] SHOW COLUMNS FROM `wld_member_info` [ RunTime:0.001108s ]
[ sql ] [ SQL ] SELECT `id` FROM `wld_member_info` WHERE  `uid` = 96 LIMIT 1 [ RunTime:0.000387s ]
---------------------------------------------------------------
[ 2018-12-29T13:09:38+08:00 ] 103.251.99.79 POST /api.php/task/historyLog
[ info ] www.dotgomedia.com/api.php/task/historyLog [运行时间：0.052651s][吞吐率：18.99req/s] [内存消耗：3,325.02kb] [文件加载：55]
[ sql ] [ DB ] CONNECT:[ UseTime:0.001062s ] mysql:host=103.71.236.77;port=3306;dbname=tk_make;charset=utf8
[ sql ] [ SQL ] SHOW COLUMNS FROM `wld_send_task_log` [ RunTime:0.001738s ]
[ sql ] [ SQL ] SELECT * FROM `wld_send_task_log` WHERE  `uid` = 96  AND `is_check` = 0 ORDER BY `add_time` DESC LIMIT 0,10 [ RunTime:0.001103s ]
[ sql ] [ SQL ] SELECT COUNT(*) AS tp_count FROM `wld_send_task_log` WHERE  `uid` = 96  AND `is_check` = 0 LIMIT 1 [ RunTime:0.000791s ]
---------------------------------------------------------------
[ 2018-12-29T13:09:42+08:00 ] 103.251.99.79 POST /api.php/task/historyLog
[ info ] www.dotgomedia.com/api.php/task/historyLog [运行时间：0.056411s][吞吐率：17.73req/s] [内存消耗：3,325.09kb] [文件加载：55]
[ sql ] [ DB ] CONNECT:[ UseTime:0.000929s ] mysql:host=103.71.236.77;port=3306;dbname=tk_make;charset=utf8
[ sql ] [ SQL ] SHOW COLUMNS FROM `wld_send_task_log` [ RunTime:0.001522s ]
[ sql ] [ SQL ] SELECT * FROM `wld_send_task_log` WHERE  `uid` = 96  AND `is_check` = 2 ORDER BY `sub_time` DESC LIMIT 0,10 [ RunTime:0.001107s ]
[ sql ] [ SQL ] SELECT COUNT(*) AS tp_count FROM `wld_send_task_log` WHERE  `uid` = 96  AND `is_check` = 2 LIMIT 1 [ RunTime:0.000652s ]
---------------------------------------------------------------
[ 2018-12-29T13:09:44+08:00 ] 103.251.99.79 POST /api.php/task/historyLog
[ info ] www.dotgomedia.com/api.php/task/historyLog [运行时间：0.052688s][吞吐率：18.98req/s] [内存消耗：3,325.09kb] [文件加载：55]
[ sql ] [ DB ] CONNECT:[ UseTime:0.000986s ] mysql:host=103.71.236.77;port=3306;dbname=tk_make;charset=utf8
[ sql ] [ SQL ] SHOW COLUMNS FROM `wld_send_task_log` [ RunTime:0.001876s ]
[ sql ] [ SQL ] SELECT * FROM `wld_send_task_log` WHERE  `uid` = 96  AND `is_check` = 1 ORDER BY `check_time` DESC LIMIT 0,10 [ RunTime:0.001327s ]
[ sql ] [ SQL ] SELECT COUNT(*) AS tp_count FROM `wld_send_task_log` WHERE  `uid` = 96  AND `is_check` = 1 LIMIT 1 [ RunTime:0.000893s ]
---------------------------------------------------------------
[ 2018-12-29T13:09:49+08:00 ] 103.251.99.79 POST /api.php/member/index
[ info ] www.dotgomedia.com/api.php/member/index [运行时间：0.069438s][吞吐率：14.40req/s] [内存消耗：3,926.19kb] [文件加载：58]
[ sql ] [ DB ] CONNECT:[ UseTime:0.000825s ] mysql:host=103.71.236.77;port=3306;dbname=tk_make;charset=utf8
[ sql ] [ SQL ] SHOW COLUMNS FROM `wld_member` [ RunTime:0.001541s ]
[ sql ] [ SQL ] SELECT `phone`,`face`,`member_class`,`balance` FROM `wld_member` WHERE  `uid` = 96 LIMIT 1 [ RunTime:0.000804s ]
[ sql ] [ SQL ] SHOW COLUMNS FROM `wld_hire_log` [ RunTime:0.001436s ]
[ sql ] [ SQL ] SELECT SUM(hire_money) AS tp_sum FROM `wld_hire_log` WHERE  `uid` = 96  AND `is_check` = 1  AND `check_time` BETWEEN '2018-12-29 00:00:00' AND '2018-12-30 00:00:00' LIMIT 1 [ RunTime:0.000810s ]
[ sql ] [ SQL ] SHOW COLUMNS FROM `wld_deposit_log` [ RunTime:0.001167s ]
[ sql ] [ SQL ] SELECT SUM(money) AS tp_sum FROM `wld_deposit_log` WHERE  `uid` = 96  AND `is_check` = 1 LIMIT 1 [ RunTime:0.000673s ]
[ sql ] [ SQL ] SHOW COLUMNS FROM `wld_bank_info` [ RunTime:0.001318s ]
[ sql ] [ SQL ] SELECT `bank_card_num` FROM `wld_bank_info` WHERE  `uid` = 96 LIMIT 1 [ RunTime:0.000647s ]
[ sql ] [ SQL ] SHOW COLUMNS FROM `wld_bank_pay_info` [ RunTime:0.001314s ]
[ sql ] [ SQL ] SELECT `id` FROM `wld_bank_pay_info` WHERE  `uid` = 96 LIMIT 1 [ RunTime:0.000851s ]
[ sql ] [ SQL ] SHOW COLUMNS FROM `wld_member_info` [ RunTime:0.001605s ]
[ sql ] [ SQL ] SELECT `id` FROM `wld_member_info` WHERE  `uid` = 96 LIMIT 1 [ RunTime:0.000752s ]
---------------------------------------------------------------
[ 2018-12-29T13:55:06+08:00 ] 116.76.123.214 POST /api.php/home/notice
[ info ] www.dotgomedia.com/api.php/home/notice [运行时间：0.055832s][吞吐率：17.91req/s] [内存消耗：3,340.70kb] [文件加载：54]
[ sql ] [ DB ] CONNECT:[ UseTime:0.000576s ] mysql:host=103.71.236.77;port=3306;dbname=tk_make;charset=utf8
[ sql ] [ SQL ] SHOW COLUMNS FROM `wld_notice` [ RunTime:0.001385s ]
[ sql ] [ SQL ] SELECT `id`,`title`,`content`,`add_time` FROM `wld_notice` WHERE  `is_show` = 1 ORDER BY `id` DESC [ RunTime:0.000638s ]
---------------------------------------------------------------
[ 2018-12-29T13:55:06+08:00 ] 116.76.123.214 POST /api.php/home/play
[ info ] www.dotgomedia.com/api.php/home/play [运行时间：0.066836s][吞吐率：14.96req/s] [内存消耗：3,293.48kb] [文件加载：54]
[ sql ] [ DB ] CONNECT:[ UseTime:0.000408s ] mysql:host=103.71.236.77;port=3306;dbname=tk_make;charset=utf8
[ sql ] [ SQL ] SHOW COLUMNS FROM `wld_banner` [ RunTime:0.001136s ]
[ sql ] [ SQL ] SELECT `url`,`skip` FROM `wld_banner` WHERE  `is_show` = 1 ORDER BY `sort` DESC,`id` DESC [ RunTime:0.000486s ]
---------------------------------------------------------------
[ 2018-12-29T13:55:07+08:00 ] 116.76.123.214 POST /api.php/member/index
[ info ] www.dotgomedia.com/api.php/member/index [运行时间：0.066765s][吞吐率：14.98req/s] [内存消耗：3,926.19kb] [文件加载：58]
[ sql ] [ DB ] CONNECT:[ UseTime:0.000377s ] mysql:host=103.71.236.77;port=3306;dbname=tk_make;charset=utf8
[ sql ] [ SQL ] SHOW COLUMNS FROM `wld_member` [ RunTime:0.001231s ]
[ sql ] [ SQL ] SELECT `phone`,`face`,`member_class`,`balance` FROM `wld_member` WHERE  `uid` = 60 LIMIT 1 [ RunTime:0.000435s ]
[ sql ] [ SQL ] SHOW COLUMNS FROM `wld_hire_log` [ RunTime:0.001161s ]
[ sql ] [ SQL ] SELECT SUM(hire_money) AS tp_sum FROM `wld_hire_log` WHERE  `uid` = 60  AND `is_check` = 1  AND `check_time` BETWEEN '2018-12-29 00:00:00' AND '2018-12-30 00:00:00' LIMIT 1 [ RunTime:0.000585s ]
[ sql ] [ SQL ] SHOW COLUMNS FROM `wld_deposit_log` [ RunTime:0.001368s ]
[ sql ] [ SQL ] SELECT SUM(money) AS tp_sum FROM `wld_deposit_log` WHERE  `uid` = 60  AND `is_check` = 1 LIMIT 1 [ RunTime:0.000436s ]
[ sql ] [ SQL ] SHOW COLUMNS FROM `wld_bank_info` [ RunTime:0.001062s ]
[ sql ] [ SQL ] SELECT `bank_card_num` FROM `wld_bank_info` WHERE  `uid` = 60 LIMIT 1 [ RunTime:0.000397s ]
[ sql ] [ SQL ] SHOW COLUMNS FROM `wld_bank_pay_info` [ RunTime:0.001134s ]
[ sql ] [ SQL ] SELECT `id` FROM `wld_bank_pay_info` WHERE  `uid` = 60 LIMIT 1 [ RunTime:0.000375s ]
[ sql ] [ SQL ] SHOW COLUMNS FROM `wld_member_info` [ RunTime:0.001083s ]
[ sql ] [ SQL ] SELECT `id` FROM `wld_member_info` WHERE  `uid` = 60 LIMIT 1 [ RunTime:0.000379s ]
---------------------------------------------------------------
[ 2018-12-29T13:55:07+08:00 ] 116.76.123.214 POST /api.php/member/index
[ info ] www.dotgomedia.com/api.php/member/index [运行时间：0.067322s][吞吐率：14.85req/s] [内存消耗：3,926.19kb] [文件加载：58]
[ sql ] [ DB ] CONNECT:[ UseTime:0.000557s ] mysql:host=103.71.236.77;port=3306;dbname=tk_make;charset=utf8
[ sql ] [ SQL ] SHOW COLUMNS FROM `wld_member` [ RunTime:0.001453s ]
[ sql ] [ SQL ] SELECT `phone`,`face`,`member_class`,`balance` FROM `wld_member` WHERE  `uid` = 60 LIMIT 1 [ RunTime:0.000489s ]
[ sql ] [ SQL ] SHOW COLUMNS FROM `wld_hire_log` [ RunTime:0.001185s ]
[ sql ] [ SQL ] SELECT SUM(hire_money) AS tp_sum FROM `wld_hire_log` WHERE  `uid` = 60  AND `is_check` = 1  AND `check_time` BETWEEN '2018-12-29 00:00:00' AND '2018-12-30 00:00:00' LIMIT 1 [ RunTime:0.000599s ]
[ sql ] [ SQL ] SHOW COLUMNS FROM `wld_deposit_log` [ RunTime:0.001150s ]
[ sql ] [ SQL ] SELECT SUM(money) AS tp_sum FROM `wld_deposit_log` WHERE  `uid` = 60  AND `is_check` = 1 LIMIT 1 [ RunTime:0.000426s ]
[ sql ] [ SQL ] SHOW COLUMNS FROM `wld_bank_info` [ RunTime:0.001152s ]
[ sql ] [ SQL ] SELECT `bank_card_num` FROM `wld_bank_info` WHERE  `uid` = 60 LIMIT 1 [ RunTime:0.000400s ]
[ sql ] [ SQL ] SHOW COLUMNS FROM `wld_bank_pay_info` [ RunTime:0.001138s ]
[ sql ] [ SQL ] SELECT `id` FROM `wld_bank_pay_info` WHERE  `uid` = 60 LIMIT 1 [ RunTime:0.000384s ]
[ sql ] [ SQL ] SHOW COLUMNS FROM `wld_member_info` [ RunTime:0.001138s ]
[ sql ] [ SQL ] SELECT `id` FROM `wld_member_info` WHERE  `uid` = 60 LIMIT 1 [ RunTime:0.000385s ]
---------------------------------------------------------------
[ 2018-12-29T13:55:08+08:00 ] 116.76.123.214 POST /api.php/member/getUserChildTeams
[ info ] www.dotgomedia.com/api.php/member/getUserChildTeams [运行时间：0.056781s][吞吐率：17.61req/s] [内存消耗：3,865.16kb] [文件加载：57]
[ sql ] [ DB ] CONNECT:[ UseTime:0.000888s ] mysql:host=103.71.236.77;port=3306;dbname=tk_make;charset=utf8
[ sql ] [ SQL ] SELECT * FROM wld_member WHERE `parent_level_1` = 60 OR `parent_level_2` = 60 OR `parent_level_3` = 60 OR `parents` = 60 ORDER BY `uid` DESC LIMIT 0,10 [ RunTime:0.001252s ]
[ sql ] [ SQL ] SELECT count(*) as total FROM wld_member WHERE `parent_level_1` = 60 OR `parent_level_2` = 60 OR `parent_level_3` = 60 OR `parents` = 60 [ RunTime:0.000724s ]
---------------------------------------------------------------
[ 2018-12-29T13:55:11+08:00 ] 116.76.123.214 POST /api.php/member/index
[ info ] www.dotgomedia.com/api.php/member/index [运行时间：0.076771s][吞吐率：13.03req/s] [内存消耗：3,926.19kb] [文件加载：58]
[ sql ] [ DB ] CONNECT:[ UseTime:0.000993s ] mysql:host=103.71.236.77;port=3306;dbname=tk_make;charset=utf8
[ sql ] [ SQL ] SHOW COLUMNS FROM `wld_member` [ RunTime:0.001659s ]
[ sql ] [ SQL ] SELECT `phone`,`face`,`member_class`,`balance` FROM `wld_member` WHERE  `uid` = 60 LIMIT 1 [ RunTime:0.000763s ]
[ sql ] [ SQL ] SHOW COLUMNS FROM `wld_hire_log` [ RunTime:0.001475s ]
[ sql ] [ SQL ] SELECT SUM(hire_money) AS tp_sum FROM `wld_hire_log` WHERE  `uid` = 60  AND `is_check` = 1  AND `check_time` BETWEEN '2018-12-29 00:00:00' AND '2018-12-30 00:00:00' LIMIT 1 [ RunTime:0.000919s ]
[ sql ] [ SQL ] SHOW COLUMNS FROM `wld_deposit_log` [ RunTime:0.001519s ]
[ sql ] [ SQL ] SELECT SUM(money) AS tp_sum FROM `wld_deposit_log` WHERE  `uid` = 60  AND `is_check` = 1 LIMIT 1 [ RunTime:0.000904s ]
[ sql ] [ SQL ] SHOW COLUMNS FROM `wld_bank_info` [ RunTime:0.001483s ]
[ sql ] [ SQL ] SELECT `bank_card_num` FROM `wld_bank_info` WHERE  `uid` = 60 LIMIT 1 [ RunTime:0.000771s ]
[ sql ] [ SQL ] SHOW COLUMNS FROM `wld_bank_pay_info` [ RunTime:0.002033s ]
[ sql ] [ SQL ] SELECT `id` FROM `wld_bank_pay_info` WHERE  `uid` = 60 LIMIT 1 [ RunTime:0.000664s ]
[ sql ] [ SQL ] SHOW COLUMNS FROM `wld_member_info` [ RunTime:0.002017s ]
[ sql ] [ SQL ] SELECT `id` FROM `wld_member_info` WHERE  `uid` = 60 LIMIT 1 [ RunTime:0.000867s ]
---------------------------------------------------------------
[ 2018-12-29T13:55:16+08:00 ] 116.76.123.214 POST /api.php/task/taskList
[ info ] www.dotgomedia.com/api.php/task/taskList [运行时间：0.056750s][吞吐率：17.62req/s] [内存消耗：3,330.34kb] [文件加载：54]
[ sql ] [ DB ] CONNECT:[ UseTime:0.000855s ] mysql:host=103.71.236.77;port=3306;dbname=tk_make;charset=utf8
[ sql ] [ SQL ] SHOW COLUMNS FROM `wld_task_classify` [ RunTime:0.001376s ]
[ sql ] [ SQL ] SELECT `task_cid`,`name` FROM `wld_task_classify` ORDER BY `sort` ASC,`task_cid` DESC [ RunTime:0.000686s ]
[ sql ] [ SQL ] SHOW COLUMNS FROM `wld_task` [ RunTime:0.001358s ]
[ sql ] [ SQL ] SELECT `task_id`,`task_money`,`title`,`limit_total_num`,`get_task_num` FROM `wld_task` WHERE  `task_cid` = 3 ORDER BY `task_id` DESC LIMIT 5 [ RunTime:0.000845s ]
[ sql ] [ SQL ] SELECT `task_id`,`task_money`,`title`,`limit_total_num`,`get_task_num` FROM `wld_task` WHERE  `task_cid` = 2 ORDER BY `task_id` DESC LIMIT 5 [ RunTime:0.000670s ]
[ sql ] [ SQL ] SELECT `task_id`,`task_money`,`title`,`limit_total_num`,`get_task_num` FROM `wld_task` WHERE  `task_cid` = 4 ORDER BY `task_id` DESC LIMIT 5 [ RunTime:0.000706s ]
---------------------------------------------------------------
[ 2018-12-29T15:03:54+08:00 ] 116.76.123.214 POST /api.php/member/getUserChildTeams
[ info ] www.dotgomedia.com/api.php/member/getUserChildTeams [运行时间：0.050827s][吞吐率：19.67req/s] [内存消耗：3,865.16kb] [文件加载：57]
[ sql ] [ DB ] CONNECT:[ UseTime:0.000518s ] mysql:host=103.71.236.77;port=3306;dbname=tk_make;charset=utf8
[ sql ] [ SQL ] SELECT * FROM wld_member WHERE `parent_level_1` = 60 OR `parent_level_2` = 60 OR `parent_level_3` = 60 OR `parents` = 60 ORDER BY `uid` DESC LIMIT 0,10 [ RunTime:0.000814s ]
[ sql ] [ SQL ] SELECT count(*) as total FROM wld_member WHERE `parent_level_1` = 60 OR `parent_level_2` = 60 OR `parent_level_3` = 60 OR `parents` = 60 [ RunTime:0.000440s ]
---------------------------------------------------------------
[ 2018-12-29T15:03:54+08:00 ] 116.76.123.214 POST /api.php/member/index
[ info ] www.dotgomedia.com/api.php/member/index [运行时间：0.067211s][吞吐率：14.88req/s] [内存消耗：3,926.19kb] [文件加载：58]
[ sql ] [ DB ] CONNECT:[ UseTime:0.000596s ] mysql:host=103.71.236.77;port=3306;dbname=tk_make;charset=utf8
[ sql ] [ SQL ] SHOW COLUMNS FROM `wld_member` [ RunTime:0.001317s ]
[ sql ] [ SQL ] SELECT `phone`,`face`,`member_class`,`balance` FROM `wld_member` WHERE  `uid` = 60 LIMIT 1 [ RunTime:0.000502s ]
[ sql ] [ SQL ] SHOW COLUMNS FROM `wld_hire_log` [ RunTime:0.001174s ]
[ sql ] [ SQL ] SELECT SUM(hire_money) AS tp_sum FROM `wld_hire_log` WHERE  `uid` = 60  AND `is_check` = 1  AND `check_time` BETWEEN '2018-12-29 00:00:00' AND '2018-12-30 00:00:00' LIMIT 1 [ RunTime:0.000648s ]
[ sql ] [ SQL ] SHOW COLUMNS FROM `wld_deposit_log` [ RunTime:0.001250s ]
[ sql ] [ SQL ] SELECT SUM(money) AS tp_sum FROM `wld_deposit_log` WHERE  `uid` = 60  AND `is_check` = 1 LIMIT 1 [ RunTime:0.000529s ]
[ sql ] [ SQL ] SHOW COLUMNS FROM `wld_bank_info` [ RunTime:0.001512s ]
[ sql ] [ SQL ] SELECT `bank_card_num` FROM `wld_bank_info` WHERE  `uid` = 60 LIMIT 1 [ RunTime:0.000509s ]
[ sql ] [ SQL ] SHOW COLUMNS FROM `wld_bank_pay_info` [ RunTime:0.001142s ]
[ sql ] [ SQL ] SELECT `id` FROM `wld_bank_pay_info` WHERE  `uid` = 60 LIMIT 1 [ RunTime:0.000550s ]
[ sql ] [ SQL ] SHOW COLUMNS FROM `wld_member_info` [ RunTime:0.001139s ]
[ sql ] [ SQL ] SELECT `id` FROM `wld_member_info` WHERE  `uid` = 60 LIMIT 1 [ RunTime:0.000537s ]
---------------------------------------------------------------
[ 2018-12-29T15:03:56+08:00 ] 116.76.123.214 POST /api.php/member/index
[ info ] www.dotgomedia.com/api.php/member/index [运行时间：0.079527s][吞吐率：12.57req/s] [内存消耗：3,926.19kb] [文件加载：58]
[ sql ] [ DB ] CONNECT:[ UseTime:0.000930s ] mysql:host=103.71.236.77;port=3306;dbname=tk_make;charset=utf8
[ sql ] [ SQL ] SHOW COLUMNS FROM `wld_member` [ RunTime:0.001572s ]
[ sql ] [ SQL ] SELECT `phone`,`face`,`member_class`,`balance` FROM `wld_member` WHERE  `uid` = 60 LIMIT 1 [ RunTime:0.000746s ]
[ sql ] [ SQL ] SHOW COLUMNS FROM `wld_hire_log` [ RunTime:0.001317s ]
[ sql ] [ SQL ] SELECT SUM(hire_money) AS tp_sum FROM `wld_hire_log` WHERE  `uid` = 60  AND `is_check` = 1  AND `check_time` BETWEEN '2018-12-29 00:00:00' AND '2018-12-30 00:00:00' LIMIT 1 [ RunTime:0.001080s ]
[ sql ] [ SQL ] SHOW COLUMNS FROM `wld_deposit_log` [ RunTime:0.001858s ]
[ sql ] [ SQL ] SELECT SUM(money) AS tp_sum FROM `wld_deposit_log` WHERE  `uid` = 60  AND `is_check` = 1 LIMIT 1 [ RunTime:0.000760s ]
[ sql ] [ SQL ] SHOW COLUMNS FROM `wld_bank_info` [ RunTime:0.001673s ]
[ sql ] [ SQL ] SELECT `bank_card_num` FROM `wld_bank_info` WHERE  `uid` = 60 LIMIT 1 [ RunTime:0.000888s ]
[ sql ] [ SQL ] SHOW COLUMNS FROM `wld_bank_pay_info` [ RunTime:0.001815s ]
[ sql ] [ SQL ] SELECT `id` FROM `wld_bank_pay_info` WHERE  `uid` = 60 LIMIT 1 [ RunTime:0.000713s ]
[ sql ] [ SQL ] SHOW COLUMNS FROM `wld_member_info` [ RunTime:0.001253s ]
[ sql ] [ SQL ] SELECT `id` FROM `wld_member_info` WHERE  `uid` = 60 LIMIT 1 [ RunTime:0.000723s ]
---------------------------------------------------------------
[ 2018-12-29T17:01:22+08:00 ] 116.76.123.214 POST /api.php/member/getUserChildTeams
[ info ] www.dotgomedia.com/api.php/member/getUserChildTeams [运行时间：0.056913s][吞吐率：17.57req/s] [内存消耗：3,865.16kb] [文件加载：57]
[ sql ] [ DB ] CONNECT:[ UseTime:0.000535s ] mysql:host=103.71.236.77;port=3306;dbname=tk_make;charset=utf8
[ sql ] [ SQL ] SELECT * FROM wld_member WHERE `parent_level_1` = 60 OR `parent_level_2` = 60 OR `parent_level_3` = 60 OR `parents` = 60 ORDER BY `uid` DESC LIMIT 0,10 [ RunTime:0.000851s ]
[ sql ] [ SQL ] SELECT count(*) as total FROM wld_member WHERE `parent_level_1` = 60 OR `parent_level_2` = 60 OR `parent_level_3` = 60 OR `parents` = 60 [ RunTime:0.000672s ]
---------------------------------------------------------------
[ 2018-12-29T17:01:22+08:00 ] 116.76.123.214 POST /api.php/member/index
[ info ] www.dotgomedia.com/api.php/member/index [运行时间：0.073254s][吞吐率：13.65req/s] [内存消耗：3,926.19kb] [文件加载：58]
[ sql ] [ DB ] CONNECT:[ UseTime:0.000653s ] mysql:host=103.71.236.77;port=3306;dbname=tk_make;charset=utf8
[ sql ] [ SQL ] SHOW COLUMNS FROM `wld_member` [ RunTime:0.001514s ]
[ sql ] [ SQL ] SELECT `phone`,`face`,`member_class`,`balance` FROM `wld_member` WHERE  `uid` = 60 LIMIT 1 [ RunTime:0.000722s ]
[ sql ] [ SQL ] SHOW COLUMNS FROM `wld_hire_log` [ RunTime:0.001940s ]
[ sql ] [ SQL ] SELECT SUM(hire_money) AS tp_sum FROM `wld_hire_log` WHERE  `uid` = 60  AND `is_check` = 1  AND `check_time` BETWEEN '2018-12-29 00:00:00' AND '2018-12-30 00:00:00' LIMIT 1 [ RunTime:0.000936s ]
[ sql ] [ SQL ] SHOW COLUMNS FROM `wld_deposit_log` [ RunTime:0.001855s ]
[ sql ] [ SQL ] SELECT SUM(money) AS tp_sum FROM `wld_deposit_log` WHERE  `uid` = 60  AND `is_check` = 1 LIMIT 1 [ RunTime:0.000888s ]
[ sql ] [ SQL ] SHOW COLUMNS FROM `wld_bank_info` [ RunTime:0.001667s ]
[ sql ] [ SQL ] SELECT `bank_card_num` FROM `wld_bank_info` WHERE  `uid` = 60 LIMIT 1 [ RunTime:0.000925s ]
[ sql ] [ SQL ] SHOW COLUMNS FROM `wld_bank_pay_info` [ RunTime:0.001843s ]
[ sql ] [ SQL ] SELECT `id` FROM `wld_bank_pay_info` WHERE  `uid` = 60 LIMIT 1 [ RunTime:0.000747s ]
[ sql ] [ SQL ] SHOW COLUMNS FROM `wld_member_info` [ RunTime:0.001743s ]
[ sql ] [ SQL ] SELECT `id` FROM `wld_member_info` WHERE  `uid` = 60 LIMIT 1 [ RunTime:0.000858s ]
---------------------------------------------------------------
[ 2018-12-29T17:01:25+08:00 ] 116.76.123.214 POST /api.php/member/index
[ info ] www.dotgomedia.com/api.php/member/index [运行时间：0.071732s][吞吐率：13.94req/s] [内存消耗：3,926.19kb] [文件加载：58]
[ sql ] [ DB ] CONNECT:[ UseTime:0.000879s ] mysql:host=103.71.236.77;port=3306;dbname=tk_make;charset=utf8
[ sql ] [ SQL ] SHOW COLUMNS FROM `wld_member` [ RunTime:0.001547s ]
[ sql ] [ SQL ] SELECT `phone`,`face`,`member_class`,`balance` FROM `wld_member` WHERE  `uid` = 60 LIMIT 1 [ RunTime:0.000753s ]
[ sql ] [ SQL ] SHOW COLUMNS FROM `wld_hire_log` [ RunTime:0.001482s ]
[ sql ] [ SQL ] SELECT SUM(hire_money) AS tp_sum FROM `wld_hire_log` WHERE  `uid` = 60  AND `is_check` = 1  AND `check_time` BETWEEN '2018-12-29 00:00:00' AND '2018-12-30 00:00:00' LIMIT 1 [ RunTime:0.000886s ]
[ sql ] [ SQL ] SHOW COLUMNS FROM `wld_deposit_log` [ RunTime:0.001519s ]
[ sql ] [ SQL ] SELECT SUM(money) AS tp_sum FROM `wld_deposit_log` WHERE  `uid` = 60  AND `is_check` = 1 LIMIT 1 [ RunTime:0.000783s ]
[ sql ] [ SQL ] SHOW COLUMNS FROM `wld_bank_info` [ RunTime:0.001426s ]
[ sql ] [ SQL ] SELECT `bank_card_num` FROM `wld_bank_info` WHERE  `uid` = 60 LIMIT 1 [ RunTime:0.000659s ]
[ sql ] [ SQL ] SHOW COLUMNS FROM `wld_bank_pay_info` [ RunTime:0.001520s ]
[ sql ] [ SQL ] SELECT `id` FROM `wld_bank_pay_info` WHERE  `uid` = 60 LIMIT 1 [ RunTime:0.000796s ]
[ sql ] [ SQL ] SHOW COLUMNS FROM `wld_member_info` [ RunTime:0.001803s ]
[ sql ] [ SQL ] SELECT `id` FROM `wld_member_info` WHERE  `uid` = 60 LIMIT 1 [ RunTime:0.000873s ]
---------------------------------------------------------------
[ 2018-12-29T17:03:36+08:00 ] 117.136.39.211 POST /api.php/home/notice
[ info ] www.dotgomedia.com/api.php/home/notice [运行时间：0.050259s][吞吐率：19.90req/s] [内存消耗：3,340.66kb] [文件加载：54]
[ sql ] [ DB ] CONNECT:[ UseTime:0.000937s ] mysql:host=103.71.236.77;port=3306;dbname=tk_make;charset=utf8
[ sql ] [ SQL ] SHOW COLUMNS FROM `wld_notice` [ RunTime:0.001439s ]
[ sql ] [ SQL ] SELECT `id`,`title`,`content`,`add_time` FROM `wld_notice` WHERE  `is_show` = 1 ORDER BY `id` DESC [ RunTime:0.000821s ]
---------------------------------------------------------------
[ 2018-12-29T17:03:36+08:00 ] 117.136.39.211 POST /api.php/home/play
[ info ] www.dotgomedia.com/api.php/home/play [运行时间：0.047119s][吞吐率：21.22req/s] [内存消耗：3,293.48kb] [文件加载：54]
[ sql ] [ DB ] CONNECT:[ UseTime:0.000774s ] mysql:host=103.71.236.77;port=3306;dbname=tk_make;charset=utf8
[ sql ] [ SQL ] SHOW COLUMNS FROM `wld_banner` [ RunTime:0.001468s ]
[ sql ] [ SQL ] SELECT `url`,`skip` FROM `wld_banner` WHERE  `is_show` = 1 ORDER BY `sort` DESC,`id` DESC [ RunTime:0.000781s ]
---------------------------------------------------------------
[ 2018-12-29T18:06:27+08:00 ] 119.123.123.140 GET /make.php/index
[ info ] www.dotgomedia.com/make.php/index [运行时间：0.058062s][吞吐率：17.22req/s] [内存消耗：3,239.41kb] [文件加载：52]
[ sql ] [ DB ] CONNECT:[ UseTime:0.000973s ] mysql:host=103.71.236.77;port=3306;dbname=tk_make;charset=utf8
[ sql ] [ SQL ] SHOW COLUMNS FROM `wld_auth_group_access` [ RunTime:0.001565s ]
[ sql ] [ SQL ] SELECT `AuthGroupAccess`.`uid`,`AuthGroupAccess`.`group_id`,`AuthGroup`.`title`,`AuthGroup`.`rules` FROM `wld_auth_group_access` `AuthGroupAccess` LEFT JOIN `wld_auth_group` `AuthGroup` ON `AuthGroupAccess`.`group_id`=`AuthGroup`.`id` WHERE  (  AuthGroupAccess.uid='1' and AuthGroup.status='1' ) [ RunTime:0.000875s ]
[ sql ] [ SQL ] SHOW COLUMNS FROM `wld_auth_rule` [ RunTime:0.001456s ]
[ sql ] [ SQL ] SELECT `condition`,`name` FROM `wld_auth_rule` WHERE  `id` IN (1,2,3,4,5,6,7,8,9,13,27,14,15,16,17,18,19,28,20,21,22,23,24,25,26,29,10,11,12,30)  AND `status` = 1 [ RunTime:0.001115s ]
---------------------------------------------------------------
[ 2018-12-29T18:06:27+08:00 ] 119.123.123.140 GET /make.php/index/main.html
[ info ] www.dotgomedia.com/make.php/index/main.html [运行时间：0.079225s][吞吐率：12.62req/s] [内存消耗：3,248.77kb] [文件加载：52]
[ sql ] [ DB ] CONNECT:[ UseTime:0.000898s ] mysql:host=103.71.236.77;port=3306;dbname=tk_make;charset=utf8
[ sql ] [ SQL ] SHOW COLUMNS FROM `wld_auth_group_access` [ RunTime:0.001885s ]
[ sql ] [ SQL ] SELECT `AuthGroupAccess`.`uid`,`AuthGroupAccess`.`group_id`,`AuthGroup`.`title`,`AuthGroup`.`rules` FROM `wld_auth_group_access` `AuthGroupAccess` LEFT JOIN `wld_auth_group` `AuthGroup` ON `AuthGroupAccess`.`group_id`=`AuthGroup`.`id` WHERE  (  AuthGroupAccess.uid='1' and AuthGroup.status='1' ) [ RunTime:0.001146s ]
[ sql ] [ SQL ] SHOW COLUMNS FROM `wld_auth_rule` [ RunTime:0.001853s ]
[ sql ] [ SQL ] SELECT `condition`,`name` FROM `wld_auth_rule` WHERE  `id` IN (1,2,3,4,5,6,7,8,9,13,27,14,15,16,17,18,19,28,20,21,22,23,24,25,26,29,10,11,12,30)  AND `status` = 1 [ RunTime:0.001120s ]
[ sql ] [ SQL ] SHOW COLUMNS FROM `wld_member` [ RunTime:0.001907s ]
[ sql ] [ SQL ] SELECT COUNT(*) AS tp_count FROM `wld_member` LIMIT 1 [ RunTime:0.000783s ]
[ sql ] [ SQL ] SELECT COUNT(*) AS tp_count FROM `wld_member` WHERE  `member_class` = 1 LIMIT 1 [ RunTime:0.000885s ]
[ sql ] [ SQL ] SELECT COUNT(*) AS tp_count FROM `wld_member` WHERE  `member_class` = 2 LIMIT 1 [ RunTime:0.000748s ]
[ sql ] [ SQL ] SELECT COUNT(*) AS tp_count FROM `wld_member` WHERE  `member_class` = 3 LIMIT 1 [ RunTime:0.000803s ]
[ sql ] [ SQL ] SELECT COUNT(*) AS tp_count FROM `wld_member` WHERE  `member_class` = 4 LIMIT 1 [ RunTime:0.000913s ]
[ sql ] [ SQL ] SHOW COLUMNS FROM `wld_pay_log` [ RunTime:0.001719s ]
[ sql ] [ SQL ] SELECT SUM(money) AS tp_sum FROM `wld_pay_log` WHERE  `pay_status` = 2 LIMIT 1 [ RunTime:0.000908s ]
[ sql ] [ SQL ] SHOW COLUMNS FROM `wld_hire_log` [ RunTime:0.001790s ]
[ sql ] [ SQL ] SELECT SUM(hire_money) AS tp_sum FROM `wld_hire_log` WHERE  `is_check` = 1 LIMIT 1 [ RunTime:0.000929s ]
[ sql ] [ SQL ] SHOW COLUMNS FROM `wld_task` [ RunTime:0.001863s ]
[ sql ] [ SQL ] SELECT COUNT(*) AS tp_count FROM `wld_task` WHERE  `task_id` > 0 LIMIT 1 [ RunTime:0.000834s ]
---------------------------------------------------------------
[ 2018-12-29T18:06:32+08:00 ] 119.123.123.140 GET /make.php/index
[ info ] www.dotgomedia.com/make.php/index [运行时间：0.057322s][吞吐率：17.45req/s] [内存消耗：3,239.41kb] [文件加载：52]
[ sql ] [ DB ] CONNECT:[ UseTime:0.000939s ] mysql:host=103.71.236.77;port=3306;dbname=tk_make;charset=utf8
[ sql ] [ SQL ] SHOW COLUMNS FROM `wld_auth_group_access` [ RunTime:0.001469s ]
[ sql ] [ SQL ] SELECT `AuthGroupAccess`.`uid`,`AuthGroupAccess`.`group_id`,`AuthGroup`.`title`,`AuthGroup`.`rules` FROM `wld_auth_group_access` `AuthGroupAccess` LEFT JOIN `wld_auth_group` `AuthGroup` ON `AuthGroupAccess`.`group_id`=`AuthGroup`.`id` WHERE  (  AuthGroupAccess.uid='1' and AuthGroup.status='1' ) [ RunTime:0.000854s ]
[ sql ] [ SQL ] SHOW COLUMNS FROM `wld_auth_rule` [ RunTime:0.001149s ]
[ sql ] [ SQL ] SELECT `condition`,`name` FROM `wld_auth_rule` WHERE  `id` IN (1,2,3,4,5,6,7,8,9,13,27,14,15,16,17,18,19,28,20,21,22,23,24,25,26,29,10,11,12,30)  AND `status` = 1 [ RunTime:0.001007s ]
---------------------------------------------------------------
[ 2018-12-29T23:02:39+08:00 ] 183.240.212.190 POST /api.php/home/play
[ info ] www.dotgomedia.com/api.php/home/play [运行时间：0.051295s][吞吐率：19.50req/s] [内存消耗：3,293.52kb] [文件加载：54]
[ sql ] [ DB ] CONNECT:[ UseTime:0.001024s ] mysql:host=103.71.236.77;port=3306;dbname=tk_make;charset=utf8
[ sql ] [ SQL ] SHOW COLUMNS FROM `wld_banner` [ RunTime:0.001411s ]
[ sql ] [ SQL ] SELECT `url`,`skip` FROM `wld_banner` WHERE  `is_show` = 1 ORDER BY `sort` DESC,`id` DESC [ RunTime:0.001004s ]
---------------------------------------------------------------
[ 2018-12-29T23:02:39+08:00 ] 183.240.212.190 POST /api.php/home/notice
[ info ] www.dotgomedia.com/api.php/home/notice [运行时间：0.051797s][吞吐率：19.31req/s] [内存消耗：3,340.56kb] [文件加载：54]
[ sql ] [ DB ] CONNECT:[ UseTime:0.000867s ] mysql:host=103.71.236.77;port=3306;dbname=tk_make;charset=utf8
[ sql ] [ SQL ] SHOW COLUMNS FROM `wld_notice` [ RunTime:0.002193s ]
[ sql ] [ SQL ] SELECT `id`,`title`,`content`,`add_time` FROM `wld_notice` WHERE  `is_show` = 1 ORDER BY `id` DESC [ RunTime:0.000941s ]
---------------------------------------------------------------
[ 2018-12-29T23:02:45+08:00 ] 183.240.212.190 POST /api.php/member/index
[ info ] www.dotgomedia.com/api.php/member/index [运行时间：0.071577s][吞吐率：13.97req/s] [内存消耗：3,925.94kb] [文件加载：58]
[ sql ] [ DB ] CONNECT:[ UseTime:0.000540s ] mysql:host=103.71.236.77;port=3306;dbname=tk_make;charset=utf8
[ sql ] [ SQL ] SHOW COLUMNS FROM `wld_member` [ RunTime:0.001582s ]
[ sql ] [ SQL ] SELECT `phone`,`face`,`member_class`,`balance` FROM `wld_member` WHERE  `uid` = 85 LIMIT 1 [ RunTime:0.000508s ]
[ sql ] [ SQL ] SHOW COLUMNS FROM `wld_hire_log` [ RunTime:0.001255s ]
[ sql ] [ SQL ] SELECT SUM(hire_money) AS tp_sum FROM `wld_hire_log` WHERE  `uid` = 85  AND `is_check` = 1  AND `check_time` BETWEEN '2018-12-29 00:00:00' AND '2018-12-30 00:00:00' LIMIT 1 [ RunTime:0.000602s ]
[ sql ] [ SQL ] SHOW COLUMNS FROM `wld_deposit_log` [ RunTime:0.001234s ]
[ sql ] [ SQL ] SELECT SUM(money) AS tp_sum FROM `wld_deposit_log` WHERE  `uid` = 85  AND `is_check` = 1 LIMIT 1 [ RunTime:0.000429s ]
[ sql ] [ SQL ] SHOW COLUMNS FROM `wld_bank_info` [ RunTime:0.001148s ]
[ sql ] [ SQL ] SELECT `bank_card_num` FROM `wld_bank_info` WHERE  `uid` = 85 LIMIT 1 [ RunTime:0.000391s ]
[ sql ] [ SQL ] SHOW COLUMNS FROM `wld_bank_pay_info` [ RunTime:0.001191s ]
[ sql ] [ SQL ] SELECT `id` FROM `wld_bank_pay_info` WHERE  `uid` = 85 LIMIT 1 [ RunTime:0.000442s ]
[ sql ] [ SQL ] SHOW COLUMNS FROM `wld_member_info` [ RunTime:0.001220s ]
[ sql ] [ SQL ] SELECT `id` FROM `wld_member_info` WHERE  `uid` = 85 LIMIT 1 [ RunTime:0.000642s ]
---------------------------------------------------------------
[ 2018-12-29T23:02:45+08:00 ] 183.240.212.190 POST /api.php/member/index
[ info ] www.dotgomedia.com/api.php/member/index [运行时间：0.087751s][吞吐率：11.40req/s] [内存消耗：3,925.94kb] [文件加载：58]
[ sql ] [ DB ] CONNECT:[ UseTime:0.000598s ] mysql:host=103.71.236.77;port=3306;dbname=tk_make;charset=utf8
[ sql ] [ SQL ] SHOW COLUMNS FROM `wld_member` [ RunTime:0.001505s ]
[ sql ] [ SQL ] SELECT `phone`,`face`,`member_class`,`balance` FROM `wld_member` WHERE  `uid` = 85 LIMIT 1 [ RunTime:0.000690s ]
[ sql ] [ SQL ] SHOW COLUMNS FROM `wld_hire_log` [ RunTime:0.001613s ]
[ sql ] [ SQL ] SELECT SUM(hire_money) AS tp_sum FROM `wld_hire_log` WHERE  `uid` = 85  AND `is_check` = 1  AND `check_time` BETWEEN '2018-12-29 00:00:00' AND '2018-12-30 00:00:00' LIMIT 1 [ RunTime:0.000778s ]
[ sql ] [ SQL ] SHOW COLUMNS FROM `wld_deposit_log` [ RunTime:0.001838s ]
[ sql ] [ SQL ] SELECT SUM(money) AS tp_sum FROM `wld_deposit_log` WHERE  `uid` = 85  AND `is_check` = 1 LIMIT 1 [ RunTime:0.000619s ]
[ sql ] [ SQL ] SHOW COLUMNS FROM `wld_bank_info` [ RunTime:0.001410s ]
[ sql ] [ SQL ] SELECT `bank_card_num` FROM `wld_bank_info` WHERE  `uid` = 85 LIMIT 1 [ RunTime:0.000709s ]
[ sql ] [ SQL ] SHOW COLUMNS FROM `wld_bank_pay_info` [ RunTime:0.001609s ]
[ sql ] [ SQL ] SELECT `id` FROM `wld_bank_pay_info` WHERE  `uid` = 85 LIMIT 1 [ RunTime:0.000627s ]
[ sql ] [ SQL ] SHOW COLUMNS FROM `wld_member_info` [ RunTime:0.001446s ]
[ sql ] [ SQL ] SELECT `id` FROM `wld_member_info` WHERE  `uid` = 85 LIMIT 1 [ RunTime:0.000584s ]
