---------------------------------------------------------------
[ 2019-08-01T10:42:14+08:00 ] 127.0.0.1 POST /make.php/login/sendLogin
[ info ] www.make.com/make.php/login/sendLogin [运行时间：0.099645s][吞吐率：10.04req/s] [内存消耗：2,459.23kb] [文件加载：57]
[ sql ] [ DB ] CONNECT:[ UseTime:0.011506s ] mysql:host=127.0.0.1;port=3306;dbname=tk_make;charset=utf8
[ sql ] [ SQL ] SHOW COLUMNS FROM `wld_admin` [ RunTime:0.010316s ]
[ sql ] [ SQL ] SELECT * FROM `wld_admin` WHERE  `username` = 'admin' LIMIT 1 [ RunTime:0.000560s ]
[ sql ] [ SQL ] UPDATE `wld_admin`  SET `last_login_ip`='127.0.0.1',`login_time`=1564627334,`update_time`=1564627334  WHERE  `uid` = 1 [ RunTime:0.001411s ]
[ sql ] [ SQL ] SHOW COLUMNS FROM `wld_admin_log` [ RunTime:0.010856s ]
[ sql ] [ SQL ] INSERT INTO `wld_admin_log` (`title` , `content` , `url` , `admin_id` , `username` , `useragent` , `ip` , `create_time`) VALUES ('用户登录' , '{\"username\":\"admin\"}' , '/make.php/login/sendLogin' , 1 , 'admin' , 'Mozilla/5.0 (Windows NT 10.0; WOW64) AppleWebKit/537.36 (KHTML, like Gecko) Chrome/70.0.3538.102 Safari/537.36' , '127.0.0.1' , 1564627334) [ RunTime:0.001979s ]
---------------------------------------------------------------
[ 2019-08-01T10:42:14+08:00 ] 127.0.0.1 GET /make.php/index
[ info ] www.make.com/make.php/index [运行时间：0.078121s][吞吐率：12.80req/s] [内存消耗：2,134.46kb] [文件加载：52]
[ sql ] [ DB ] CONNECT:[ UseTime:0.011482s ] mysql:host=127.0.0.1;port=3306;dbname=tk_make;charset=utf8
[ sql ] [ SQL ] SHOW COLUMNS FROM `wld_auth_group_access` [ RunTime:0.012357s ]
[ sql ] [ SQL ] SELECT `AuthGroupAccess`.`uid`,`AuthGroupAccess`.`group_id`,`AuthGroup`.`title`,`AuthGroup`.`rules` FROM `wld_auth_group_access` `AuthGroupAccess` LEFT JOIN `wld_auth_group` `AuthGroup` ON `AuthGroupAccess`.`group_id`=`AuthGroup`.`id` WHERE  (  AuthGroupAccess.uid='1' and AuthGroup.status='1' ) [ RunTime:0.000398s ]
[ sql ] [ SQL ] SHOW COLUMNS FROM `wld_auth_rule` [ RunTime:0.010151s ]
[ sql ] [ SQL ] SELECT `condition`,`name` FROM `wld_auth_rule` WHERE  `id` IN (1,2,3,4,5,6,7,8,9,13,27,14,15,16,17,18,19,28,20,21,22,23,24,25,26,29,10,11,12,30)  AND `status` = 1 [ RunTime:0.000482s ]
---------------------------------------------------------------
[ 2019-08-01T10:42:14+08:00 ] 127.0.0.1 GET /make.php/index/main.html
[ info ] www.make.com/make.php/index/main.html [运行时间：0.134403s][吞吐率：7.44req/s] [内存消耗：2,115.77kb] [文件加载：52]
[ sql ] [ DB ] CONNECT:[ UseTime:0.002692s ] mysql:host=127.0.0.1;port=3306;dbname=tk_make;charset=utf8
[ sql ] [ SQL ] SHOW COLUMNS FROM `wld_auth_group_access` [ RunTime:0.010269s ]
[ sql ] [ SQL ] SELECT `AuthGroupAccess`.`uid`,`AuthGroupAccess`.`group_id`,`AuthGroup`.`title`,`AuthGroup`.`rules` FROM `wld_auth_group_access` `AuthGroupAccess` LEFT JOIN `wld_auth_group` `AuthGroup` ON `AuthGroupAccess`.`group_id`=`AuthGroup`.`id` WHERE  (  AuthGroupAccess.uid='1' and AuthGroup.status='1' ) [ RunTime:0.000295s ]
[ sql ] [ SQL ] SHOW COLUMNS FROM `wld_auth_rule` [ RunTime:0.013244s ]
[ sql ] [ SQL ] SELECT `condition`,`name` FROM `wld_auth_rule` WHERE  `id` IN (1,2,3,4,5,6,7,8,9,13,27,14,15,16,17,18,19,28,20,21,22,23,24,25,26,29,10,11,12,30)  AND `status` = 1 [ RunTime:0.000446s ]
[ sql ] [ SQL ] SHOW COLUMNS FROM `wld_member` [ RunTime:0.016673s ]
[ sql ] [ SQL ] SELECT COUNT(*) AS tp_count FROM `wld_member` LIMIT 1 [ RunTime:0.000452s ]
[ sql ] [ SQL ] SELECT COUNT(*) AS tp_count FROM `wld_member` WHERE  `member_class` = 1 LIMIT 1 [ RunTime:0.000374s ]
[ sql ] [ SQL ] SELECT COUNT(*) AS tp_count FROM `wld_member` WHERE  `member_class` = 2 LIMIT 1 [ RunTime:0.000307s ]
[ sql ] [ SQL ] SELECT COUNT(*) AS tp_count FROM `wld_member` WHERE  `member_class` = 3 LIMIT 1 [ RunTime:0.000271s ]
[ sql ] [ SQL ] SELECT COUNT(*) AS tp_count FROM `wld_member` WHERE  `member_class` = 4 LIMIT 1 [ RunTime:0.000264s ]
[ sql ] [ SQL ] SHOW COLUMNS FROM `wld_pay_log` [ RunTime:0.013841s ]
[ sql ] [ SQL ] SELECT SUM(money) AS tp_sum FROM `wld_pay_log` WHERE  `pay_status` = 2 LIMIT 1 [ RunTime:0.000437s ]
[ sql ] [ SQL ] SHOW COLUMNS FROM `wld_hire_log` [ RunTime:0.012767s ]
[ sql ] [ SQL ] SELECT SUM(hire_money) AS tp_sum FROM `wld_hire_log` WHERE  `is_check` = 1 LIMIT 1 [ RunTime:0.000602s ]
[ sql ] [ SQL ] SHOW COLUMNS FROM `wld_task` [ RunTime:0.013053s ]
[ sql ] [ SQL ] SELECT COUNT(*) AS tp_count FROM `wld_task` WHERE  `task_id` > 0 LIMIT 1 [ RunTime:0.000392s ]
---------------------------------------------------------------
[ 2019-08-01T10:42:16+08:00 ] 127.0.0.1 GET /make.php/Member/index.html
[ info ] www.make.com/make.php/Member/index.html [运行时间：0.071263s][吞吐率：14.03req/s] [内存消耗：2,158.02kb] [文件加载：52]
[ sql ] [ DB ] CONNECT:[ UseTime:0.001007s ] mysql:host=127.0.0.1;port=3306;dbname=tk_make;charset=utf8
[ sql ] [ SQL ] SHOW COLUMNS FROM `wld_auth_group_access` [ RunTime:0.010320s ]
[ sql ] [ SQL ] SELECT `AuthGroupAccess`.`uid`,`AuthGroupAccess`.`group_id`,`AuthGroup`.`title`,`AuthGroup`.`rules` FROM `wld_auth_group_access` `AuthGroupAccess` LEFT JOIN `wld_auth_group` `AuthGroup` ON `AuthGroupAccess`.`group_id`=`AuthGroup`.`id` WHERE  (  AuthGroupAccess.uid='1' and AuthGroup.status='1' ) [ RunTime:0.000299s ]
[ sql ] [ SQL ] SHOW COLUMNS FROM `wld_auth_rule` [ RunTime:0.010035s ]
[ sql ] [ SQL ] SELECT `condition`,`name` FROM `wld_auth_rule` WHERE  `id` IN (1,2,3,4,5,6,7,8,9,13,27,14,15,16,17,18,19,28,20,21,22,23,24,25,26,29,10,11,12,30)  AND `status` = 1 [ RunTime:0.000364s ]
---------------------------------------------------------------
[ 2019-08-01T10:42:17+08:00 ] 127.0.0.1 GET /make.php/member/getIndexData.html?startTime=&endTime=&keywords=&userLevel=0&limit=15&pageIndex=1&_=1564627336840
[ info ] www.make.com/make.php/member/getIndexData.html?startTime=&endTime=&keywords=&userLevel=0&limit=15&pageIndex=1&_=1564627336840 [运行时间：0.131930s][吞吐率：7.58req/s] [内存消耗：2,452.70kb] [文件加载：57]
[ sql ] [ DB ] CONNECT:[ UseTime:0.000970s ] mysql:host=127.0.0.1;port=3306;dbname=tk_make;charset=utf8
[ sql ] [ SQL ] SHOW COLUMNS FROM `wld_auth_group_access` [ RunTime:0.014862s ]
[ sql ] [ SQL ] SELECT `AuthGroupAccess`.`uid`,`AuthGroupAccess`.`group_id`,`AuthGroup`.`title`,`AuthGroup`.`rules` FROM `wld_auth_group_access` `AuthGroupAccess` LEFT JOIN `wld_auth_group` `AuthGroup` ON `AuthGroupAccess`.`group_id`=`AuthGroup`.`id` WHERE  (  AuthGroupAccess.uid='1' and AuthGroup.status='1' ) [ RunTime:0.000337s ]
[ sql ] [ SQL ] SHOW COLUMNS FROM `wld_auth_rule` [ RunTime:0.013680s ]
[ sql ] [ SQL ] SELECT `condition`,`name` FROM `wld_auth_rule` WHERE  `id` IN (1,2,3,4,5,6,7,8,9,13,27,14,15,16,17,18,19,28,20,21,22,23,24,25,26,29,10,11,12,30)  AND `status` = 1 [ RunTime:0.000439s ]
[ sql ] [ SQL ] SHOW COLUMNS FROM `wld_member` [ RunTime:0.013267s ]
[ sql ] [ SQL ] SELECT * FROM `wld_member` ORDER BY `uid` DESC LIMIT 0,15 [ RunTime:0.000384s ]
[ sql ] [ SQL ] SELECT COUNT(*) AS tp_count FROM `wld_member` WHERE  `parent_level_1` = 355  OR `parent_level_2` = 355  OR `parent_level_3` = 355  OR `parents` = 355 LIMIT 1 [ RunTime:0.001504s ]
[ sql ] [ SQL ] SELECT COUNT(*) AS tp_count FROM `wld_member` WHERE  `parent_level_1` = 354  OR `parent_level_2` = 354  OR `parent_level_3` = 354  OR `parents` = 354 LIMIT 1 [ RunTime:0.001298s ]
[ sql ] [ SQL ] SELECT COUNT(*) AS tp_count FROM `wld_member` WHERE  `parent_level_1` = 353  OR `parent_level_2` = 353  OR `parent_level_3` = 353  OR `parents` = 353 LIMIT 1 [ RunTime:0.001285s ]
[ sql ] [ SQL ] SELECT COUNT(*) AS tp_count FROM `wld_member` WHERE  `parent_level_1` = 352  OR `parent_level_2` = 352  OR `parent_level_3` = 352  OR `parents` = 352 LIMIT 1 [ RunTime:0.001274s ]
[ sql ] [ SQL ] SELECT COUNT(*) AS tp_count FROM `wld_member` WHERE  `parent_level_1` = 351  OR `parent_level_2` = 351  OR `parent_level_3` = 351  OR `parents` = 351 LIMIT 1 [ RunTime:0.002315s ]
[ sql ] [ SQL ] SELECT COUNT(*) AS tp_count FROM `wld_member` WHERE  `parent_level_1` = 350  OR `parent_level_2` = 350  OR `parent_level_3` = 350  OR `parents` = 350 LIMIT 1 [ RunTime:0.003109s ]
[ sql ] [ SQL ] SELECT COUNT(*) AS tp_count FROM `wld_member` WHERE  `parent_level_1` = 349  OR `parent_level_2` = 349  OR `parent_level_3` = 349  OR `parents` = 349 LIMIT 1 [ RunTime:0.001418s ]
[ sql ] [ SQL ] SELECT COUNT(*) AS tp_count FROM `wld_member` WHERE  `parent_level_1` = 348  OR `parent_level_2` = 348  OR `parent_level_3` = 348  OR `parents` = 348 LIMIT 1 [ RunTime:0.001302s ]
[ sql ] [ SQL ] SELECT COUNT(*) AS tp_count FROM `wld_member` WHERE  `parent_level_1` = 347  OR `parent_level_2` = 347  OR `parent_level_3` = 347  OR `parents` = 347 LIMIT 1 [ RunTime:0.001292s ]
[ sql ] [ SQL ] SELECT COUNT(*) AS tp_count FROM `wld_member` WHERE  `parent_level_1` = 346  OR `parent_level_2` = 346  OR `parent_level_3` = 346  OR `parents` = 346 LIMIT 1 [ RunTime:0.001424s ]
[ sql ] [ SQL ] SELECT COUNT(*) AS tp_count FROM `wld_member` WHERE  `parent_level_1` = 345  OR `parent_level_2` = 345  OR `parent_level_3` = 345  OR `parents` = 345 LIMIT 1 [ RunTime:0.001436s ]
[ sql ] [ SQL ] SELECT COUNT(*) AS tp_count FROM `wld_member` WHERE  `parent_level_1` = 344  OR `parent_level_2` = 344  OR `parent_level_3` = 344  OR `parents` = 344 LIMIT 1 [ RunTime:0.001402s ]
[ sql ] [ SQL ] SELECT COUNT(*) AS tp_count FROM `wld_member` WHERE  `parent_level_1` = 343  OR `parent_level_2` = 343  OR `parent_level_3` = 343  OR `parents` = 343 LIMIT 1 [ RunTime:0.001410s ]
[ sql ] [ SQL ] SELECT COUNT(*) AS tp_count FROM `wld_member` WHERE  `parent_level_1` = 342  OR `parent_level_2` = 342  OR `parent_level_3` = 342  OR `parents` = 342 LIMIT 1 [ RunTime:0.001959s ]
[ sql ] [ SQL ] SELECT COUNT(*) AS tp_count FROM `wld_member` WHERE  `parent_level_1` = 341  OR `parent_level_2` = 341  OR `parent_level_3` = 341  OR `parents` = 341 LIMIT 1 [ RunTime:0.002714s ]
[ sql ] [ SQL ] SELECT COUNT(*) AS tp_count FROM `wld_member` LIMIT 1 [ RunTime:0.000359s ]
---------------------------------------------------------------
[ 2019-08-01T10:42:19+08:00 ] 127.0.0.1 GET /make.php/auth/index.html
[ info ] www.make.com/make.php/auth/index.html [运行时间：0.112215s][吞吐率：8.91req/s] [内存消耗：2,557.13kb] [文件加载：62]
[ sql ] [ DB ] CONNECT:[ UseTime:0.011475s ] mysql:host=127.0.0.1;port=3306;dbname=tk_make;charset=utf8
[ sql ] [ SQL ] SHOW COLUMNS FROM `wld_auth_group_access` [ RunTime:0.010146s ]
[ sql ] [ SQL ] SELECT `AuthGroupAccess`.`uid`,`AuthGroupAccess`.`group_id`,`AuthGroup`.`title`,`AuthGroup`.`rules` FROM `wld_auth_group_access` `AuthGroupAccess` LEFT JOIN `wld_auth_group` `AuthGroup` ON `AuthGroupAccess`.`group_id`=`AuthGroup`.`id` WHERE  (  AuthGroupAccess.uid='1' and AuthGroup.status='1' ) [ RunTime:0.000364s ]
[ sql ] [ SQL ] SHOW COLUMNS FROM `wld_auth_rule` [ RunTime:0.010341s ]
[ sql ] [ SQL ] SELECT `condition`,`name` FROM `wld_auth_rule` WHERE  `id` IN (1,2,3,4,5,6,7,8,9,13,27,14,15,16,17,18,19,28,20,21,22,23,24,25,26,29,10,11,12,30)  AND `status` = 1 [ RunTime:0.000416s ]
[ sql ] [ SQL ] SHOW COLUMNS FROM `wld_admin` [ RunTime:0.010310s ]
[ sql ] [ SQL ] SELECT COUNT(*) AS tp_count FROM `wld_admin` LIMIT 1 [ RunTime:0.000252s ]
[ sql ] [ SQL ] SELECT `uid`,`username`,`email`,`nickname`,`is_lock`,`last_login_ip`,`login_time` FROM `wld_admin` LIMIT 0,15 [ RunTime:0.000217s ]
[ sql ] [ SQL ] SHOW COLUMNS FROM `wld_auth_group` [ RunTime:0.010415s ]
[ sql ] [ SQL ] SELECT `wld_auth_group`.*,pivot.id AS pivot__id,pivot.uid AS pivot__uid,pivot.group_id AS pivot__group_id FROM `wld_auth_group` INNER JOIN `wld_auth_group_access` `pivot` ON `pivot`.`group_id`=`wld_auth_group`.`id` WHERE  `pivot`.`uid` = 1 [ RunTime:0.000393s ]
[ sql ] [ SQL ] SELECT `wld_auth_group`.*,pivot.id AS pivot__id,pivot.uid AS pivot__uid,pivot.group_id AS pivot__group_id FROM `wld_auth_group` INNER JOIN `wld_auth_group_access` `pivot` ON `pivot`.`group_id`=`wld_auth_group`.`id` WHERE  `pivot`.`uid` = 2 [ RunTime:0.000479s ]
---------------------------------------------------------------
[ 2019-08-01T10:42:20+08:00 ] 127.0.0.1 GET /make.php/auth/logList.html
[ info ] www.make.com/make.php/auth/logList.html [运行时间：0.072578s][吞吐率：13.78req/s] [内存消耗：2,149.30kb] [文件加载：52]
[ sql ] [ DB ] CONNECT:[ UseTime:0.001144s ] mysql:host=127.0.0.1;port=3306;dbname=tk_make;charset=utf8
[ sql ] [ SQL ] SHOW COLUMNS FROM `wld_auth_group_access` [ RunTime:0.009959s ]
[ sql ] [ SQL ] SELECT `AuthGroupAccess`.`uid`,`AuthGroupAccess`.`group_id`,`AuthGroup`.`title`,`AuthGroup`.`rules` FROM `wld_auth_group_access` `AuthGroupAccess` LEFT JOIN `wld_auth_group` `AuthGroup` ON `AuthGroupAccess`.`group_id`=`AuthGroup`.`id` WHERE  (  AuthGroupAccess.uid='1' and AuthGroup.status='1' ) [ RunTime:0.000399s ]
[ sql ] [ SQL ] SHOW COLUMNS FROM `wld_auth_rule` [ RunTime:0.010236s ]
[ sql ] [ SQL ] SELECT `condition`,`name` FROM `wld_auth_rule` WHERE  `id` IN (1,2,3,4,5,6,7,8,9,13,27,14,15,16,17,18,19,28,20,21,22,23,24,25,26,29,10,11,12,30)  AND `status` = 1 [ RunTime:0.000406s ]
---------------------------------------------------------------
[ 2019-08-01T10:42:20+08:00 ] 127.0.0.1 GET /make.php/auth/getLogListData.html?startTime=&endTime=&keywords=&limit=15&pageIndex=1&_=1564627340813
[ info ] www.make.com/make.php/auth/getLogListData.html?startTime=&endTime=&keywords=&limit=15&pageIndex=1&_=1564627340813 [运行时间：0.083236s][吞吐率：12.01req/s] [内存消耗：2,395.91kb] [文件加载：56]
[ sql ] [ DB ] CONNECT:[ UseTime:0.001033s ] mysql:host=127.0.0.1;port=3306;dbname=tk_make;charset=utf8
[ sql ] [ SQL ] SHOW COLUMNS FROM `wld_auth_group_access` [ RunTime:0.010801s ]
[ sql ] [ SQL ] SELECT `AuthGroupAccess`.`uid`,`AuthGroupAccess`.`group_id`,`AuthGroup`.`title`,`AuthGroup`.`rules` FROM `wld_auth_group_access` `AuthGroupAccess` LEFT JOIN `wld_auth_group` `AuthGroup` ON `AuthGroupAccess`.`group_id`=`AuthGroup`.`id` WHERE  (  AuthGroupAccess.uid='1' and AuthGroup.status='1' ) [ RunTime:0.000402s ]
[ sql ] [ SQL ] SHOW COLUMNS FROM `wld_auth_rule` [ RunTime:0.012820s ]
[ sql ] [ SQL ] SELECT `condition`,`name` FROM `wld_auth_rule` WHERE  `id` IN (1,2,3,4,5,6,7,8,9,13,27,14,15,16,17,18,19,28,20,21,22,23,24,25,26,29,10,11,12,30)  AND `status` = 1 [ RunTime:0.000448s ]
[ sql ] [ SQL ] SHOW COLUMNS FROM `wld_admin_log` [ RunTime:0.013560s ]
[ sql ] [ SQL ] SELECT * FROM `wld_admin_log` ORDER BY `create_time` DESC LIMIT 0,15 [ RunTime:0.000889s ]
[ sql ] [ SQL ] SELECT COUNT(*) AS tp_count FROM `wld_admin_log` LIMIT 1 [ RunTime:0.000325s ]
---------------------------------------------------------------
[ 2019-08-01T10:42:21+08:00 ] 127.0.0.1 GET /make.php/auth/groupList.html
[ info ] www.make.com/make.php/auth/groupList.html [运行时间：0.108100s][吞吐率：9.25req/s] [内存消耗：2,440.56kb] [文件加载：58]
[ sql ] [ DB ] CONNECT:[ UseTime:0.012706s ] mysql:host=127.0.0.1;port=3306;dbname=tk_make;charset=utf8
[ sql ] [ SQL ] SHOW COLUMNS FROM `wld_auth_group_access` [ RunTime:0.014219s ]
[ sql ] [ SQL ] SELECT `AuthGroupAccess`.`uid`,`AuthGroupAccess`.`group_id`,`AuthGroup`.`title`,`AuthGroup`.`rules` FROM `wld_auth_group_access` `AuthGroupAccess` LEFT JOIN `wld_auth_group` `AuthGroup` ON `AuthGroupAccess`.`group_id`=`AuthGroup`.`id` WHERE  (  AuthGroupAccess.uid='1' and AuthGroup.status='1' ) [ RunTime:0.000387s ]
[ sql ] [ SQL ] SHOW COLUMNS FROM `wld_auth_rule` [ RunTime:0.013678s ]
[ sql ] [ SQL ] SELECT `condition`,`name` FROM `wld_auth_rule` WHERE  `id` IN (1,2,3,4,5,6,7,8,9,13,27,14,15,16,17,18,19,28,20,21,22,23,24,25,26,29,10,11,12,30)  AND `status` = 1 [ RunTime:0.000417s ]
[ sql ] [ SQL ] SHOW COLUMNS FROM `wld_auth_group` [ RunTime:0.013686s ]
[ sql ] [ SQL ] SELECT COUNT(*) AS tp_count FROM `wld_auth_group` LIMIT 1 [ RunTime:0.000348s ]
[ sql ] [ SQL ] SELECT * FROM `wld_auth_group` LIMIT 0,10 [ RunTime:0.000288s ]
---------------------------------------------------------------
[ 2019-08-01T10:42:23+08:00 ] 127.0.0.1 GET /make.php/Member/recharge.html
[ info ] www.make.com/make.php/Member/recharge.html [运行时间：0.065755s][吞吐率：15.21req/s] [内存消耗：2,161.70kb] [文件加载：52]
[ sql ] [ DB ] CONNECT:[ UseTime:0.011610s ] mysql:host=127.0.0.1;port=3306;dbname=tk_make;charset=utf8
[ sql ] [ SQL ] SHOW COLUMNS FROM `wld_auth_group_access` [ RunTime:0.009725s ]
[ sql ] [ SQL ] SELECT `AuthGroupAccess`.`uid`,`AuthGroupAccess`.`group_id`,`AuthGroup`.`title`,`AuthGroup`.`rules` FROM `wld_auth_group_access` `AuthGroupAccess` LEFT JOIN `wld_auth_group` `AuthGroup` ON `AuthGroupAccess`.`group_id`=`AuthGroup`.`id` WHERE  (  AuthGroupAccess.uid='1' and AuthGroup.status='1' ) [ RunTime:0.000388s ]
[ sql ] [ SQL ] SHOW COLUMNS FROM `wld_auth_rule` [ RunTime:0.009913s ]
[ sql ] [ SQL ] SELECT `condition`,`name` FROM `wld_auth_rule` WHERE  `id` IN (1,2,3,4,5,6,7,8,9,13,27,14,15,16,17,18,19,28,20,21,22,23,24,25,26,29,10,11,12,30)  AND `status` = 1 [ RunTime:0.000465s ]
---------------------------------------------------------------
[ 2019-08-01T10:42:23+08:00 ] 127.0.0.1 GET /make.php/member/getRechargeData.html?startTime=&endTime=&keywords=&pay_status=0&limit=15&pageIndex=1&_=1564627343688
[ info ] www.make.com/make.php/member/getRechargeData.html?startTime=&endTime=&keywords=&pay_status=0&limit=15&pageIndex=1&_=1564627343688 [运行时间：0.098818s][吞吐率：10.12req/s] [内存消耗：2,397.65kb] [文件加载：57]
[ sql ] [ DB ] CONNECT:[ UseTime:0.000981s ] mysql:host=127.0.0.1;port=3306;dbname=tk_make;charset=utf8
[ sql ] [ SQL ] SHOW COLUMNS FROM `wld_auth_group_access` [ RunTime:0.013779s ]
[ sql ] [ SQL ] SELECT `AuthGroupAccess`.`uid`,`AuthGroupAccess`.`group_id`,`AuthGroup`.`title`,`AuthGroup`.`rules` FROM `wld_auth_group_access` `AuthGroupAccess` LEFT JOIN `wld_auth_group` `AuthGroup` ON `AuthGroupAccess`.`group_id`=`AuthGroup`.`id` WHERE  (  AuthGroupAccess.uid='1' and AuthGroup.status='1' ) [ RunTime:0.000357s ]
[ sql ] [ SQL ] SHOW COLUMNS FROM `wld_auth_rule` [ RunTime:0.013103s ]
[ sql ] [ SQL ] SELECT `condition`,`name` FROM `wld_auth_rule` WHERE  `id` IN (1,2,3,4,5,6,7,8,9,13,27,14,15,16,17,18,19,28,20,21,22,23,24,25,26,29,10,11,12,30)  AND `status` = 1 [ RunTime:0.000453s ]
[ sql ] [ SQL ] SHOW COLUMNS FROM `wld_pay_log` [ RunTime:0.012574s ]
[ sql ] [ SQL ] SELECT * FROM `wld_pay_log` ORDER BY `id` DESC LIMIT 0,15 [ RunTime:0.000206s ]
[ sql ] [ SQL ] SHOW COLUMNS FROM `wld_member` [ RunTime:0.012388s ]
[ sql ] [ SQL ] SELECT `uid`,`phone` FROM `wld_member` WHERE  `uid` IN (120,83,64,86,70,68) [ RunTime:0.000321s ]
[ sql ] [ SQL ] SELECT COUNT(*) AS tp_count FROM `wld_pay_log` LIMIT 1 [ RunTime:0.000212s ]
---------------------------------------------------------------
[ 2019-08-01T10:42:24+08:00 ] 127.0.0.1 GET /make.php/Member/withDraw.html
[ info ] www.make.com/make.php/Member/withDraw.html [运行时间：0.086606s][吞吐率：11.55req/s] [内存消耗：2,162.64kb] [文件加载：52]
[ sql ] [ DB ] CONNECT:[ UseTime:0.011243s ] mysql:host=127.0.0.1;port=3306;dbname=tk_make;charset=utf8
[ sql ] [ SQL ] SHOW COLUMNS FROM `wld_auth_group_access` [ RunTime:0.021314s ]
[ sql ] [ SQL ] SELECT `AuthGroupAccess`.`uid`,`AuthGroupAccess`.`group_id`,`AuthGroup`.`title`,`AuthGroup`.`rules` FROM `wld_auth_group_access` `AuthGroupAccess` LEFT JOIN `wld_auth_group` `AuthGroup` ON `AuthGroupAccess`.`group_id`=`AuthGroup`.`id` WHERE  (  AuthGroupAccess.uid='1' and AuthGroup.status='1' ) [ RunTime:0.000359s ]
[ sql ] [ SQL ] SHOW COLUMNS FROM `wld_auth_rule` [ RunTime:0.012812s ]
[ sql ] [ SQL ] SELECT `condition`,`name` FROM `wld_auth_rule` WHERE  `id` IN (1,2,3,4,5,6,7,8,9,13,27,14,15,16,17,18,19,28,20,21,22,23,24,25,26,29,10,11,12,30)  AND `status` = 1 [ RunTime:0.000407s ]
---------------------------------------------------------------
[ 2019-08-01T10:42:24+08:00 ] 127.0.0.1 GET /make.php/member/getWithdrawData.html?startTime=&endTime=&keywords=&check=9&limit=15&pageIndex=1&_=1564627344216
[ info ] www.make.com/make.php/member/getWithdrawData.html?startTime=&endTime=&keywords=&check=9&limit=15&pageIndex=1&_=1564627344216 [运行时间：0.110527s][吞吐率：9.05req/s] [内存消耗：2,393.85kb] [文件加载：57]
[ sql ] [ DB ] CONNECT:[ UseTime:0.011605s ] mysql:host=127.0.0.1;port=3306;dbname=tk_make;charset=utf8
[ sql ] [ SQL ] SHOW COLUMNS FROM `wld_auth_group_access` [ RunTime:0.011141s ]
[ sql ] [ SQL ] SELECT `AuthGroupAccess`.`uid`,`AuthGroupAccess`.`group_id`,`AuthGroup`.`title`,`AuthGroup`.`rules` FROM `wld_auth_group_access` `AuthGroupAccess` LEFT JOIN `wld_auth_group` `AuthGroup` ON `AuthGroupAccess`.`group_id`=`AuthGroup`.`id` WHERE  (  AuthGroupAccess.uid='1' and AuthGroup.status='1' ) [ RunTime:0.000371s ]
[ sql ] [ SQL ] SHOW COLUMNS FROM `wld_auth_rule` [ RunTime:0.013152s ]
[ sql ] [ SQL ] SELECT `condition`,`name` FROM `wld_auth_rule` WHERE  `id` IN (1,2,3,4,5,6,7,8,9,13,27,14,15,16,17,18,19,28,20,21,22,23,24,25,26,29,10,11,12,30)  AND `status` = 1 [ RunTime:0.000423s ]
[ sql ] [ SQL ] SHOW COLUMNS FROM `wld_deposit_log` [ RunTime:0.013004s ]
[ sql ] [ SQL ] SELECT * FROM `wld_deposit_log` ORDER BY `id` DESC LIMIT 0,15 [ RunTime:0.000359s ]
[ sql ] [ SQL ] SHOW COLUMNS FROM `wld_bank_info` [ RunTime:0.011560s ]
[ sql ] [ SQL ] SELECT `uid`,`bank_card_num` FROM `wld_bank_info` WHERE  `uid` IN (134,83,78) [ RunTime:0.000431s ]
[ sql ] [ SQL ] SELECT COUNT(*) AS tp_count FROM `wld_deposit_log` LIMIT 1 [ RunTime:0.000285s ]
---------------------------------------------------------------
[ 2019-08-01T10:42:24+08:00 ] 127.0.0.1 GET /make.php/Member/brokerage.html
[ info ] www.make.com/make.php/Member/brokerage.html [运行时间：0.074734s][吞吐率：13.38req/s] [内存消耗：2,159.05kb] [文件加载：52]
[ sql ] [ DB ] CONNECT:[ UseTime:0.002628s ] mysql:host=127.0.0.1;port=3306;dbname=tk_make;charset=utf8
[ sql ] [ SQL ] SHOW COLUMNS FROM `wld_auth_group_access` [ RunTime:0.010407s ]
[ sql ] [ SQL ] SELECT `AuthGroupAccess`.`uid`,`AuthGroupAccess`.`group_id`,`AuthGroup`.`title`,`AuthGroup`.`rules` FROM `wld_auth_group_access` `AuthGroupAccess` LEFT JOIN `wld_auth_group` `AuthGroup` ON `AuthGroupAccess`.`group_id`=`AuthGroup`.`id` WHERE  (  AuthGroupAccess.uid='1' and AuthGroup.status='1' ) [ RunTime:0.001393s ]
[ sql ] [ SQL ] SHOW COLUMNS FROM `wld_auth_rule` [ RunTime:0.012208s ]
[ sql ] [ SQL ] SELECT `condition`,`name` FROM `wld_auth_rule` WHERE  `id` IN (1,2,3,4,5,6,7,8,9,13,27,14,15,16,17,18,19,28,20,21,22,23,24,25,26,29,10,11,12,30)  AND `status` = 1 [ RunTime:0.000402s ]
---------------------------------------------------------------
[ 2019-08-01T10:42:24+08:00 ] 127.0.0.1 GET /make.php/member/getBrokerageData.html?startTime=&endTime=&keywords=&userLevel=0&type=0&check=9&limit=15&pageIndex=1&_=1564627344618
[ info ] www.make.com/make.php/member/getBrokerageData.html?startTime=&endTime=&keywords=&userLevel=0&type=0&check=9&limit=15&pageIndex=1&_=1564627344618 [运行时间：0.103594s][吞吐率：9.65req/s] [内存消耗：2,404.41kb] [文件加载：57]
[ sql ] [ DB ] CONNECT:[ UseTime:0.002572s ] mysql:host=127.0.0.1;port=3306;dbname=tk_make;charset=utf8
[ sql ] [ SQL ] SHOW COLUMNS FROM `wld_auth_group_access` [ RunTime:0.009786s ]
[ sql ] [ SQL ] SELECT `AuthGroupAccess`.`uid`,`AuthGroupAccess`.`group_id`,`AuthGroup`.`title`,`AuthGroup`.`rules` FROM `wld_auth_group_access` `AuthGroupAccess` LEFT JOIN `wld_auth_group` `AuthGroup` ON `AuthGroupAccess`.`group_id`=`AuthGroup`.`id` WHERE  (  AuthGroupAccess.uid='1' and AuthGroup.status='1' ) [ RunTime:0.000368s ]
[ sql ] [ SQL ] SHOW COLUMNS FROM `wld_auth_rule` [ RunTime:0.013004s ]
[ sql ] [ SQL ] SELECT `condition`,`name` FROM `wld_auth_rule` WHERE  `id` IN (1,2,3,4,5,6,7,8,9,13,27,14,15,16,17,18,19,28,20,21,22,23,24,25,26,29,10,11,12,30)  AND `status` = 1 [ RunTime:0.000461s ]
[ sql ] [ SQL ] SHOW COLUMNS FROM `wld_hire_log` [ RunTime:0.014320s ]
[ sql ] [ SQL ] SELECT * FROM `wld_hire_log` ORDER BY `add_time` DESC LIMIT 0,15 [ RunTime:0.000790s ]
[ sql ] [ SQL ] SHOW COLUMNS FROM `wld_member` [ RunTime:0.012126s ]
[ sql ] [ SQL ] SELECT `uid`,`phone` FROM `wld_member` WHERE  `uid` IN (83,30,62) [ RunTime:0.000302s ]
[ sql ] [ SQL ] SELECT COUNT(*) AS tp_count FROM `wld_hire_log` LIMIT 1 [ RunTime:0.000311s ]
---------------------------------------------------------------
[ 2019-08-01T10:42:25+08:00 ] 127.0.0.1 GET /make.php/Member/profit.html
[ info ] www.make.com/make.php/Member/profit.html [运行时间：0.087867s][吞吐率：11.38req/s] [内存消耗：2,158.03kb] [文件加载：52]
[ sql ] [ DB ] CONNECT:[ UseTime:0.012073s ] mysql:host=127.0.0.1;port=3306;dbname=tk_make;charset=utf8
[ sql ] [ SQL ] SHOW COLUMNS FROM `wld_auth_group_access` [ RunTime:0.019655s ]
[ sql ] [ SQL ] SELECT `AuthGroupAccess`.`uid`,`AuthGroupAccess`.`group_id`,`AuthGroup`.`title`,`AuthGroup`.`rules` FROM `wld_auth_group_access` `AuthGroupAccess` LEFT JOIN `wld_auth_group` `AuthGroup` ON `AuthGroupAccess`.`group_id`=`AuthGroup`.`id` WHERE  (  AuthGroupAccess.uid='1' and AuthGroup.status='1' ) [ RunTime:0.000446s ]
[ sql ] [ SQL ] SHOW COLUMNS FROM `wld_auth_rule` [ RunTime:0.013780s ]
[ sql ] [ SQL ] SELECT `condition`,`name` FROM `wld_auth_rule` WHERE  `id` IN (1,2,3,4,5,6,7,8,9,13,27,14,15,16,17,18,19,28,20,21,22,23,24,25,26,29,10,11,12,30)  AND `status` = 1 [ RunTime:0.000467s ]
---------------------------------------------------------------
[ 2019-08-01T10:42:25+08:00 ] 127.0.0.1 GET /make.php/member/getProfitData.html?startTime=&endTime=&keywords=&type=0&limit=15&pageIndex=1&_=1564627345136
[ info ] www.make.com/make.php/member/getProfitData.html?startTime=&endTime=&keywords=&type=0&limit=15&pageIndex=1&_=1564627345136 [运行时间：0.105303s][吞吐率：9.50req/s] [内存消耗：2,396.81kb] [文件加载：57]
[ sql ] [ DB ] CONNECT:[ UseTime:0.012071s ] mysql:host=127.0.0.1;port=3306;dbname=tk_make;charset=utf8
[ sql ] [ SQL ] SHOW COLUMNS FROM `wld_auth_group_access` [ RunTime:0.013175s ]
[ sql ] [ SQL ] SELECT `AuthGroupAccess`.`uid`,`AuthGroupAccess`.`group_id`,`AuthGroup`.`title`,`AuthGroup`.`rules` FROM `wld_auth_group_access` `AuthGroupAccess` LEFT JOIN `wld_auth_group` `AuthGroup` ON `AuthGroupAccess`.`group_id`=`AuthGroup`.`id` WHERE  (  AuthGroupAccess.uid='1' and AuthGroup.status='1' ) [ RunTime:0.000395s ]
[ sql ] [ SQL ] SHOW COLUMNS FROM `wld_auth_rule` [ RunTime:0.011032s ]
[ sql ] [ SQL ] SELECT `condition`,`name` FROM `wld_auth_rule` WHERE  `id` IN (1,2,3,4,5,6,7,8,9,13,27,14,15,16,17,18,19,28,20,21,22,23,24,25,26,29,10,11,12,30)  AND `status` = 1 [ RunTime:0.000793s ]
[ sql ] [ SQL ] SHOW COLUMNS FROM `wld_earnings_log` [ RunTime:0.010768s ]
[ sql ] [ SQL ] SELECT * FROM `wld_earnings_log` ORDER BY `id` DESC LIMIT 0,15 [ RunTime:0.000416s ]
[ sql ] [ SQL ] SHOW COLUMNS FROM `wld_member` [ RunTime:0.010564s ]
[ sql ] [ SQL ] SELECT `uid`,`phone` FROM `wld_member` WHERE  `uid` IN (80,83,134,96,68,78) [ RunTime:0.000324s ]
[ sql ] [ SQL ] SELECT COUNT(*) AS tp_count FROM `wld_earnings_log` LIMIT 1 [ RunTime:0.000188s ]
---------------------------------------------------------------
[ 2019-08-01T10:42:31+08:00 ] 127.0.0.1 GET /make.php/Member/setting.html
[ info ] www.make.com/make.php/Member/setting.html [运行时间：0.077883s][吞吐率：12.84req/s] [内存消耗：2,162.05kb] [文件加载：53]
[ sql ] [ DB ] CONNECT:[ UseTime:0.011453s ] mysql:host=127.0.0.1;port=3306;dbname=tk_make;charset=utf8
[ sql ] [ SQL ] SHOW COLUMNS FROM `wld_auth_group_access` [ RunTime:0.019269s ]
[ sql ] [ SQL ] SELECT `AuthGroupAccess`.`uid`,`AuthGroupAccess`.`group_id`,`AuthGroup`.`title`,`AuthGroup`.`rules` FROM `wld_auth_group_access` `AuthGroupAccess` LEFT JOIN `wld_auth_group` `AuthGroup` ON `AuthGroupAccess`.`group_id`=`AuthGroup`.`id` WHERE  (  AuthGroupAccess.uid='1' and AuthGroup.status='1' ) [ RunTime:0.000352s ]
[ sql ] [ SQL ] SHOW COLUMNS FROM `wld_auth_rule` [ RunTime:0.009924s ]
[ sql ] [ SQL ] SELECT `condition`,`name` FROM `wld_auth_rule` WHERE  `id` IN (1,2,3,4,5,6,7,8,9,13,27,14,15,16,17,18,19,28,20,21,22,23,24,25,26,29,10,11,12,30)  AND `status` = 1 [ RunTime:0.000481s ]
---------------------------------------------------------------
[ 2019-08-01T10:46:00+08:00 ] 127.0.0.1 GET /make.php/auth/groupList.html
[ info ] www.make.com/make.php/auth/groupList.html [运行时间：0.114095s][吞吐率：8.76req/s] [内存消耗：2,440.56kb] [文件加载：58]
[ sql ] [ DB ] CONNECT:[ UseTime:0.011111s ] mysql:host=127.0.0.1;port=3306;dbname=tk_make;charset=utf8
[ sql ] [ SQL ] SHOW COLUMNS FROM `wld_auth_group_access` [ RunTime:0.019780s ]
[ sql ] [ SQL ] SELECT `AuthGroupAccess`.`uid`,`AuthGroupAccess`.`group_id`,`AuthGroup`.`title`,`AuthGroup`.`rules` FROM `wld_auth_group_access` `AuthGroupAccess` LEFT JOIN `wld_auth_group` `AuthGroup` ON `AuthGroupAccess`.`group_id`=`AuthGroup`.`id` WHERE  (  AuthGroupAccess.uid='1' and AuthGroup.status='1' ) [ RunTime:0.000373s ]
[ sql ] [ SQL ] SHOW COLUMNS FROM `wld_auth_rule` [ RunTime:0.009720s ]
[ sql ] [ SQL ] SELECT `condition`,`name` FROM `wld_auth_rule` WHERE  `id` IN (1,2,3,4,5,6,7,8,9,13,27,14,15,16,17,18,19,28,20,21,22,23,24,25,26,29,10,11,12,30)  AND `status` = 1 [ RunTime:0.000484s ]
[ sql ] [ SQL ] SHOW COLUMNS FROM `wld_auth_group` [ RunTime:0.009935s ]
[ sql ] [ SQL ] SELECT COUNT(*) AS tp_count FROM `wld_auth_group` LIMIT 1 [ RunTime:0.000188s ]
[ sql ] [ SQL ] SELECT * FROM `wld_auth_group` LIMIT 0,10 [ RunTime:0.000181s ]
---------------------------------------------------------------
[ 2019-08-01T10:46:01+08:00 ] 127.0.0.1 GET /make.php/auth/ruleList.html
[ info ] www.make.com/make.php/auth/ruleList.html [运行时间：0.075166s][吞吐率：13.30req/s] [内存消耗：2,507.20kb] [文件加载：59]
[ sql ] [ DB ] CONNECT:[ UseTime:0.011061s ] mysql:host=127.0.0.1;port=3306;dbname=tk_make;charset=utf8
[ sql ] [ SQL ] SHOW COLUMNS FROM `wld_auth_group_access` [ RunTime:0.010240s ]
[ sql ] [ SQL ] SELECT `AuthGroupAccess`.`uid`,`AuthGroupAccess`.`group_id`,`AuthGroup`.`title`,`AuthGroup`.`rules` FROM `wld_auth_group_access` `AuthGroupAccess` LEFT JOIN `wld_auth_group` `AuthGroup` ON `AuthGroupAccess`.`group_id`=`AuthGroup`.`id` WHERE  (  AuthGroupAccess.uid='1' and AuthGroup.status='1' ) [ RunTime:0.000303s ]
[ sql ] [ SQL ] SHOW COLUMNS FROM `wld_auth_rule` [ RunTime:0.009910s ]
[ sql ] [ SQL ] SELECT `condition`,`name` FROM `wld_auth_rule` WHERE  `id` IN (1,2,3,4,5,6,7,8,9,13,27,14,15,16,17,18,19,28,20,21,22,23,24,25,26,29,10,11,12,30)  AND `status` = 1 [ RunTime:0.000427s ]
[ sql ] [ SQL ] SELECT * FROM `wld_auth_rule` [ RunTime:0.000347s ]
[ sql ] [ SQL ] SELECT COUNT(*) AS tp_count FROM `wld_auth_rule` LIMIT 1 [ RunTime:0.000360s ]
[ sql ] [ SQL ] SELECT * FROM `wld_auth_rule` LIMIT 0,12 [ RunTime:0.000332s ]
---------------------------------------------------------------
[ 2019-08-01T10:46:02+08:00 ] 127.0.0.1 GET /make.php/auth/index.html
[ info ] www.make.com/make.php/auth/index.html [运行时间：0.091366s][吞吐率：10.94req/s] [内存消耗：2,557.13kb] [文件加载：62]
[ sql ] [ DB ] CONNECT:[ UseTime:0.001200s ] mysql:host=127.0.0.1;port=3306;dbname=tk_make;charset=utf8
[ sql ] [ SQL ] SHOW COLUMNS FROM `wld_auth_group_access` [ RunTime:0.009985s ]
[ sql ] [ SQL ] SELECT `AuthGroupAccess`.`uid`,`AuthGroupAccess`.`group_id`,`AuthGroup`.`title`,`AuthGroup`.`rules` FROM `wld_auth_group_access` `AuthGroupAccess` LEFT JOIN `wld_auth_group` `AuthGroup` ON `AuthGroupAccess`.`group_id`=`AuthGroup`.`id` WHERE  (  AuthGroupAccess.uid='1' and AuthGroup.status='1' ) [ RunTime:0.000297s ]
[ sql ] [ SQL ] SHOW COLUMNS FROM `wld_auth_rule` [ RunTime:0.010491s ]
[ sql ] [ SQL ] SELECT `condition`,`name` FROM `wld_auth_rule` WHERE  `id` IN (1,2,3,4,5,6,7,8,9,13,27,14,15,16,17,18,19,28,20,21,22,23,24,25,26,29,10,11,12,30)  AND `status` = 1 [ RunTime:0.000451s ]
[ sql ] [ SQL ] SHOW COLUMNS FROM `wld_admin` [ RunTime:0.010239s ]
[ sql ] [ SQL ] SELECT COUNT(*) AS tp_count FROM `wld_admin` LIMIT 1 [ RunTime:0.000325s ]
[ sql ] [ SQL ] SELECT `uid`,`username`,`email`,`nickname`,`is_lock`,`last_login_ip`,`login_time` FROM `wld_admin` LIMIT 0,15 [ RunTime:0.000311s ]
[ sql ] [ SQL ] SHOW COLUMNS FROM `wld_auth_group` [ RunTime:0.009868s ]
[ sql ] [ SQL ] SELECT `wld_auth_group`.*,pivot.id AS pivot__id,pivot.uid AS pivot__uid,pivot.group_id AS pivot__group_id FROM `wld_auth_group` INNER JOIN `wld_auth_group_access` `pivot` ON `pivot`.`group_id`=`wld_auth_group`.`id` WHERE  `pivot`.`uid` = 1 [ RunTime:0.000364s ]
[ sql ] [ SQL ] SELECT `wld_auth_group`.*,pivot.id AS pivot__id,pivot.uid AS pivot__uid,pivot.group_id AS pivot__group_id FROM `wld_auth_group` INNER JOIN `wld_auth_group_access` `pivot` ON `pivot`.`group_id`=`wld_auth_group`.`id` WHERE  `pivot`.`uid` = 2 [ RunTime:0.000363s ]
---------------------------------------------------------------
[ 2019-08-01T10:46:07+08:00 ] 127.0.0.1 GET /make.php/auth/logList.html
[ info ] www.make.com/make.php/auth/logList.html [运行时间：0.077719s][吞吐率：12.87req/s] [内存消耗：2,149.30kb] [文件加载：52]
[ sql ] [ DB ] CONNECT:[ UseTime:0.012254s ] mysql:host=127.0.0.1;port=3306;dbname=tk_make;charset=utf8
[ sql ] [ SQL ] SHOW COLUMNS FROM `wld_auth_group_access` [ RunTime:0.019542s ]
[ sql ] [ SQL ] SELECT `AuthGroupAccess`.`uid`,`AuthGroupAccess`.`group_id`,`AuthGroup`.`title`,`AuthGroup`.`rules` FROM `wld_auth_group_access` `AuthGroupAccess` LEFT JOIN `wld_auth_group` `AuthGroup` ON `AuthGroupAccess`.`group_id`=`AuthGroup`.`id` WHERE  (  AuthGroupAccess.uid='1' and AuthGroup.status='1' ) [ RunTime:0.000423s ]
[ sql ] [ SQL ] SHOW COLUMNS FROM `wld_auth_rule` [ RunTime:0.009870s ]
[ sql ] [ SQL ] SELECT `condition`,`name` FROM `wld_auth_rule` WHERE  `id` IN (1,2,3,4,5,6,7,8,9,13,27,14,15,16,17,18,19,28,20,21,22,23,24,25,26,29,10,11,12,30)  AND `status` = 1 [ RunTime:0.000460s ]
---------------------------------------------------------------
[ 2019-08-01T10:46:07+08:00 ] 127.0.0.1 GET /make.php/auth/getLogListData.html?startTime=&endTime=&keywords=&limit=15&pageIndex=1&_=1564627567444
[ info ] www.make.com/make.php/auth/getLogListData.html?startTime=&endTime=&keywords=&limit=15&pageIndex=1&_=1564627567444 [运行时间：0.085843s][吞吐率：11.65req/s] [内存消耗：2,395.91kb] [文件加载：56]
[ sql ] [ DB ] CONNECT:[ UseTime:0.001016s ] mysql:host=127.0.0.1;port=3306;dbname=tk_make;charset=utf8
[ sql ] [ SQL ] SHOW COLUMNS FROM `wld_auth_group_access` [ RunTime:0.011341s ]
[ sql ] [ SQL ] SELECT `AuthGroupAccess`.`uid`,`AuthGroupAccess`.`group_id`,`AuthGroup`.`title`,`AuthGroup`.`rules` FROM `wld_auth_group_access` `AuthGroupAccess` LEFT JOIN `wld_auth_group` `AuthGroup` ON `AuthGroupAccess`.`group_id`=`AuthGroup`.`id` WHERE  (  AuthGroupAccess.uid='1' and AuthGroup.status='1' ) [ RunTime:0.000351s ]
[ sql ] [ SQL ] SHOW COLUMNS FROM `wld_auth_rule` [ RunTime:0.011435s ]
[ sql ] [ SQL ] SELECT `condition`,`name` FROM `wld_auth_rule` WHERE  `id` IN (1,2,3,4,5,6,7,8,9,13,27,14,15,16,17,18,19,28,20,21,22,23,24,25,26,29,10,11,12,30)  AND `status` = 1 [ RunTime:0.000325s ]
[ sql ] [ SQL ] SHOW COLUMNS FROM `wld_admin_log` [ RunTime:0.011721s ]
[ sql ] [ SQL ] SELECT * FROM `wld_admin_log` ORDER BY `create_time` DESC LIMIT 0,15 [ RunTime:0.000524s ]
[ sql ] [ SQL ] SELECT COUNT(*) AS tp_count FROM `wld_admin_log` LIMIT 1 [ RunTime:0.000261s ]
---------------------------------------------------------------
[ 2019-08-01T16:27:10+08:00 ] 127.0.0.1 GET /make.php/Member/serve.html
[ info ] www.make.com/make.php/Member/serve.html [运行时间：0.109898s][吞吐率：9.10req/s] [内存消耗：2,157.62kb] [文件加载：52]
[ sql ] [ DB ] CONNECT:[ UseTime:0.008422s ] mysql:host=127.0.0.1;port=3306;dbname=tk_make;charset=utf8
[ sql ] [ SQL ] SHOW COLUMNS FROM `wld_auth_group_access` [ RunTime:0.018550s ]
[ sql ] [ SQL ] SELECT `AuthGroupAccess`.`uid`,`AuthGroupAccess`.`group_id`,`AuthGroup`.`title`,`AuthGroup`.`rules` FROM `wld_auth_group_access` `AuthGroupAccess` LEFT JOIN `wld_auth_group` `AuthGroup` ON `AuthGroupAccess`.`group_id`=`AuthGroup`.`id` WHERE  (  AuthGroupAccess.uid='1' and AuthGroup.status='1' ) [ RunTime:0.004148s ]
[ sql ] [ SQL ] SHOW COLUMNS FROM `wld_auth_rule` [ RunTime:0.014142s ]
[ sql ] [ SQL ] SELECT `condition`,`name` FROM `wld_auth_rule` WHERE  `id` IN (1,2,3,4,5,6,7,8,9,13,27,14,15,16,17,18,19,28,20,21,22,23,24,25,26,29,10,11,12,30)  AND `status` = 1 [ RunTime:0.000929s ]
---------------------------------------------------------------
[ 2019-08-01T16:27:10+08:00 ] 127.0.0.1 GET /make.php/member/getServeData.html?startTime=&endTime=&keywords=&limit=15&pageIndex=1&_=1564648030511
[ info ] www.make.com/make.php/member/getServeData.html?startTime=&endTime=&keywords=&limit=15&pageIndex=1&_=1564648030511 [运行时间：0.095112s][吞吐率：10.51req/s] [内存消耗：2,417.13kb] [文件加载：55]
[ sql ] [ DB ] CONNECT:[ UseTime:0.011401s ] mysql:host=127.0.0.1;port=3306;dbname=tk_make;charset=utf8
[ sql ] [ SQL ] SHOW COLUMNS FROM `wld_auth_group_access` [ RunTime:0.011573s ]
[ sql ] [ SQL ] SELECT `AuthGroupAccess`.`uid`,`AuthGroupAccess`.`group_id`,`AuthGroup`.`title`,`AuthGroup`.`rules` FROM `wld_auth_group_access` `AuthGroupAccess` LEFT JOIN `wld_auth_group` `AuthGroup` ON `AuthGroupAccess`.`group_id`=`AuthGroup`.`id` WHERE  (  AuthGroupAccess.uid='1' and AuthGroup.status='1' ) [ RunTime:0.000691s ]
[ sql ] [ SQL ] SHOW COLUMNS FROM `wld_auth_rule` [ RunTime:0.011025s ]
[ sql ] [ SQL ] SELECT `condition`,`name` FROM `wld_auth_rule` WHERE  `id` IN (1,2,3,4,5,6,7,8,9,13,27,14,15,16,17,18,19,28,20,21,22,23,24,25,26,29,10,11,12,30)  AND `status` = 1 [ RunTime:0.000449s ]
[ sql ] [ SQL ] SHOW COLUMNS FROM `wld_member_serve` [ RunTime:0.011274s ]
[ sql ] [ SQL ] SELECT * FROM `wld_member_serve` ORDER BY `id` DESC LIMIT 0,15 [ RunTime:0.001284s ]
[ sql ] [ SQL ] SELECT COUNT(*) AS tp_count FROM `wld_member_serve` LIMIT 1 [ RunTime:0.000286s ]
---------------------------------------------------------------
[ 2019-08-01T16:27:10+08:00 ] 127.0.0.1 GET /make.php/Member/setting.html
[ info ] www.make.com/make.php/Member/setting.html [运行时间：0.063722s][吞吐率：15.69req/s] [内存消耗：2,162.05kb] [文件加载：53]
[ sql ] [ DB ] CONNECT:[ UseTime:0.000909s ] mysql:host=127.0.0.1;port=3306;dbname=tk_make;charset=utf8
[ sql ] [ SQL ] SHOW COLUMNS FROM `wld_auth_group_access` [ RunTime:0.011781s ]
[ sql ] [ SQL ] SELECT `AuthGroupAccess`.`uid`,`AuthGroupAccess`.`group_id`,`AuthGroup`.`title`,`AuthGroup`.`rules` FROM `wld_auth_group_access` `AuthGroupAccess` LEFT JOIN `wld_auth_group` `AuthGroup` ON `AuthGroupAccess`.`group_id`=`AuthGroup`.`id` WHERE  (  AuthGroupAccess.uid='1' and AuthGroup.status='1' ) [ RunTime:0.000689s ]
[ sql ] [ SQL ] SHOW COLUMNS FROM `wld_auth_rule` [ RunTime:0.011916s ]
[ sql ] [ SQL ] SELECT `condition`,`name` FROM `wld_auth_rule` WHERE  `id` IN (1,2,3,4,5,6,7,8,9,13,27,14,15,16,17,18,19,28,20,21,22,23,24,25,26,29,10,11,12,30)  AND `status` = 1 [ RunTime:0.000455s ]
---------------------------------------------------------------
[ 2019-08-01T16:27:11+08:00 ] 127.0.0.1 GET /make.php/Member/serve.html
[ info ] www.make.com/make.php/Member/serve.html [运行时间：0.073957s][吞吐率：13.52req/s] [内存消耗：2,157.62kb] [文件加载：52]
[ sql ] [ DB ] CONNECT:[ UseTime:0.011518s ] mysql:host=127.0.0.1;port=3306;dbname=tk_make;charset=utf8
[ sql ] [ SQL ] SHOW COLUMNS FROM `wld_auth_group_access` [ RunTime:0.010121s ]
[ sql ] [ SQL ] SELECT `AuthGroupAccess`.`uid`,`AuthGroupAccess`.`group_id`,`AuthGroup`.`title`,`AuthGroup`.`rules` FROM `wld_auth_group_access` `AuthGroupAccess` LEFT JOIN `wld_auth_group` `AuthGroup` ON `AuthGroupAccess`.`group_id`=`AuthGroup`.`id` WHERE  (  AuthGroupAccess.uid='1' and AuthGroup.status='1' ) [ RunTime:0.000411s ]
[ sql ] [ SQL ] SHOW COLUMNS FROM `wld_auth_rule` [ RunTime:0.012656s ]
[ sql ] [ SQL ] SELECT `condition`,`name` FROM `wld_auth_rule` WHERE  `id` IN (1,2,3,4,5,6,7,8,9,13,27,14,15,16,17,18,19,28,20,21,22,23,24,25,26,29,10,11,12,30)  AND `status` = 1 [ RunTime:0.000442s ]
---------------------------------------------------------------
[ 2019-08-01T16:27:12+08:00 ] 127.0.0.1 GET /make.php/member/getServeData.html?startTime=&endTime=&keywords=&limit=15&pageIndex=1&_=1564648031887
[ info ] www.make.com/make.php/member/getServeData.html?startTime=&endTime=&keywords=&limit=15&pageIndex=1&_=1564648031887 [运行时间：0.076308s][吞吐率：13.10req/s] [内存消耗：2,417.13kb] [文件加载：55]
[ sql ] [ DB ] CONNECT:[ UseTime:0.001208s ] mysql:host=127.0.0.1;port=3306;dbname=tk_make;charset=utf8
[ sql ] [ SQL ] SHOW COLUMNS FROM `wld_auth_group_access` [ RunTime:0.011491s ]
[ sql ] [ SQL ] SELECT `AuthGroupAccess`.`uid`,`AuthGroupAccess`.`group_id`,`AuthGroup`.`title`,`AuthGroup`.`rules` FROM `wld_auth_group_access` `AuthGroupAccess` LEFT JOIN `wld_auth_group` `AuthGroup` ON `AuthGroupAccess`.`group_id`=`AuthGroup`.`id` WHERE  (  AuthGroupAccess.uid='1' and AuthGroup.status='1' ) [ RunTime:0.000428s ]
[ sql ] [ SQL ] SHOW COLUMNS FROM `wld_auth_rule` [ RunTime:0.010677s ]
[ sql ] [ SQL ] SELECT `condition`,`name` FROM `wld_auth_rule` WHERE  `id` IN (1,2,3,4,5,6,7,8,9,13,27,14,15,16,17,18,19,28,20,21,22,23,24,25,26,29,10,11,12,30)  AND `status` = 1 [ RunTime:0.000364s ]
[ sql ] [ SQL ] SHOW COLUMNS FROM `wld_member_serve` [ RunTime:0.012080s ]
[ sql ] [ SQL ] SELECT * FROM `wld_member_serve` ORDER BY `id` DESC LIMIT 0,15 [ RunTime:0.000391s ]
[ sql ] [ SQL ] SELECT COUNT(*) AS tp_count FROM `wld_member_serve` LIMIT 1 [ RunTime:0.000344s ]
---------------------------------------------------------------
[ 2019-08-01T16:27:14+08:00 ] 127.0.0.1 GET /make.php/Member/setting.html
[ info ] www.make.com/make.php/Member/setting.html [运行时间：0.056170s][吞吐率：17.80req/s] [内存消耗：2,162.05kb] [文件加载：53]
[ sql ] [ DB ] CONNECT:[ UseTime:0.000966s ] mysql:host=127.0.0.1;port=3306;dbname=tk_make;charset=utf8
[ sql ] [ SQL ] SHOW COLUMNS FROM `wld_auth_group_access` [ RunTime:0.010892s ]
[ sql ] [ SQL ] SELECT `AuthGroupAccess`.`uid`,`AuthGroupAccess`.`group_id`,`AuthGroup`.`title`,`AuthGroup`.`rules` FROM `wld_auth_group_access` `AuthGroupAccess` LEFT JOIN `wld_auth_group` `AuthGroup` ON `AuthGroupAccess`.`group_id`=`AuthGroup`.`id` WHERE  (  AuthGroupAccess.uid='1' and AuthGroup.status='1' ) [ RunTime:0.000386s ]
[ sql ] [ SQL ] SHOW COLUMNS FROM `wld_auth_rule` [ RunTime:0.010289s ]
[ sql ] [ SQL ] SELECT `condition`,`name` FROM `wld_auth_rule` WHERE  `id` IN (1,2,3,4,5,6,7,8,9,13,27,14,15,16,17,18,19,28,20,21,22,23,24,25,26,29,10,11,12,30)  AND `status` = 1 [ RunTime:0.000356s ]
---------------------------------------------------------------
[ 2019-08-01T17:05:51+08:00 ] 127.0.0.1 GET /api.php/member/nicknameactio
[ info ] www.make.com/api.php/member/nicknameactio [运行时间：0.057762s][吞吐率：17.31req/s] [内存消耗：1,992.63kb] [文件加载：48]
[ sql ] [ DB ] CONNECT:[ UseTime:0.001543s ] mysql:host=127.0.0.1;port=3306;dbname=tk_make;charset=utf8
[ sql ] [ SQL ] SHOW COLUMNS FROM `wld_member` [ RunTime:0.012040s ]
[ sql ] [ SQL ] SELECT `nick_name` FROM `wld_member` WHERE  `uid` = 355 LIMIT 1 [ RunTime:0.000282s ]
---------------------------------------------------------------
[ 2019-08-01T17:06:38+08:00 ] 127.0.0.1 GET /api.php/member/nicknameactio
[ info ] www.make.com/api.php/member/nicknameactio [运行时间：0.067975s][吞吐率：14.71req/s] [内存消耗：1,994.02kb] [文件加载：48]
[ sql ] [ DB ] CONNECT:[ UseTime:0.001091s ] mysql:host=127.0.0.1;port=3306;dbname=tk_make;charset=utf8
[ sql ] [ SQL ] SHOW COLUMNS FROM `wld_member` [ RunTime:0.020162s ]
[ sql ] [ SQL ] SELECT `nick_name`,`phone` FROM `wld_member` WHERE  `uid` = 355 LIMIT 1 [ RunTime:0.000338s ]
---------------------------------------------------------------
[ 2019-08-01T17:07:38+08:00 ] 127.0.0.1 GET /api.php/member/nicknameactio
[ info ] www.make.com/api.php/member/nicknameactio [运行时间：0.059836s][吞吐率：16.71req/s] [内存消耗：2,000.43kb] [文件加载：48]
[ sql ] [ DB ] CONNECT:[ UseTime:0.001189s ] mysql:host=127.0.0.1;port=3306;dbname=tk_make;charset=utf8
[ sql ] [ SQL ] SHOW COLUMNS FROM `wld_member` [ RunTime:0.011160s ]
[ sql ] [ SQL ] SELECT * FROM `wld_member` WHERE  `uid` = 355 LIMIT 1 [ RunTime:0.000433s ]
---------------------------------------------------------------
[ 2019-08-01T17:07:54+08:00 ] 127.0.0.1 GET /api.php/member/nicknameactio
[ info ] www.make.com/api.php/member/nicknameactio [运行时间：0.071702s][吞吐率：13.95req/s] [内存消耗：1,993.09kb] [文件加载：48]
[ sql ] [ DB ] CONNECT:[ UseTime:0.011460s ] mysql:host=127.0.0.1;port=3306;dbname=tk_make;charset=utf8
[ sql ] [ SQL ] SHOW COLUMNS FROM `wld_member` [ RunTime:0.010275s ]
[ sql ] [ SQL ] SELECT `phone` FROM `wld_member` WHERE  `uid` = 355 LIMIT 1 [ RunTime:0.000398s ]
---------------------------------------------------------------
[ 2019-08-01T17:08:31+08:00 ] 127.0.0.1 GET /api.php/member/nicknameactio
[ info ] www.make.com/api.php/member/nicknameactio [运行时间：0.048864s][吞吐率：20.46req/s] [内存消耗：1,993.16kb] [文件加载：48]
[ sql ] [ DB ] CONNECT:[ UseTime:0.001018s ] mysql:host=127.0.0.1;port=3306;dbname=tk_make;charset=utf8
[ sql ] [ SQL ] SHOW COLUMNS FROM `wld_member` [ RunTime:0.010362s ]
[ sql ] [ SQL ] SELECT `phone` FROM `wld_member` WHERE  `uid` = 355 LIMIT 1 [ RunTime:0.000273s ]
---------------------------------------------------------------
[ 2019-08-01T17:08:38+08:00 ] 127.0.0.1 GET /api.php/member/nicknameactio
[ info ] www.make.com/api.php/member/nicknameactio [运行时间：0.062920s][吞吐率：15.89req/s] [内存消耗：1,993.16kb] [文件加载：48]
[ sql ] [ DB ] CONNECT:[ UseTime:0.010602s ] mysql:host=127.0.0.1;port=3306;dbname=tk_make;charset=utf8
[ sql ] [ SQL ] SHOW COLUMNS FROM `wld_member` [ RunTime:0.021181s ]
[ sql ] [ SQL ] SELECT `phone` FROM `wld_member` WHERE  `uid` = 355 LIMIT 1 [ RunTime:0.000395s ]
---------------------------------------------------------------
[ 2019-08-01T17:11:31+08:00 ] 127.0.0.1 GET /api.php/member/nicknameactio
[ info ] www.make.com/api.php/member/nicknameactio [运行时间：0.072923s][吞吐率：13.71req/s] [内存消耗：2,000.41kb] [文件加载：48]
[ sql ] [ DB ] CONNECT:[ UseTime:0.011411s ] mysql:host=127.0.0.1;port=3306;dbname=tk_make;charset=utf8
[ sql ] [ SQL ] SHOW COLUMNS FROM `wld_member` [ RunTime:0.019949s ]
---------------------------------------------------------------
[ 2019-08-01T17:14:07+08:00 ] 127.0.0.1 GET /api.php/member/nicknameactio
[ info ] www.make.com/api.php/member/nicknameactio [运行时间：0.078702s][吞吐率：12.71req/s] [内存消耗：1,993.99kb] [文件加载：48]
[ sql ] [ DB ] CONNECT:[ UseTime:0.012131s ] mysql:host=127.0.0.1;port=3306;dbname=tk_make;charset=utf8
[ sql ] [ SQL ] SHOW COLUMNS FROM `wld_member` [ RunTime:0.020810s ]
[ sql ] [ SQL ] SELECT `nick_name`,`phone` FROM `wld_member` WHERE  `uid` = 355 [ RunTime:0.000399s ]
---------------------------------------------------------------
[ 2019-08-01T17:15:51+08:00 ] 127.0.0.1 GET /api.php/member/nicknameactio
[ info ] www.make.com/api.php/member/nicknameactio [运行时间：0.072884s][吞吐率：13.72req/s] [内存消耗：2,148.11kb] [文件加载：54]
[ error ] [8]未定义数组索引: phone[C:\php\PHPTutorial\WWW\object\diandong\home\wwwroot\make\application\api\controller\Member.php:34]
[ sql ] [ DB ] CONNECT:[ UseTime:0.011735s ] mysql:host=127.0.0.1;port=3306;dbname=tk_make;charset=utf8
[ sql ] [ SQL ] SHOW COLUMNS FROM `wld_member` [ RunTime:0.020400s ]
[ sql ] [ SQL ] SELECT `nick_name`,`phone` FROM `wld_member` WHERE  `uid` = 355 [ RunTime:0.000266s ]
---------------------------------------------------------------
[ 2019-08-01T17:16:15+08:00 ] 127.0.0.1 GET /api.php/member/nicknameactio
[ info ] www.make.com/api.php/member/nicknameactio [运行时间：0.065767s][吞吐率：15.21req/s] [内存消耗：1,994.25kb] [文件加载：48]
[ sql ] [ DB ] CONNECT:[ UseTime:0.011629s ] mysql:host=127.0.0.1;port=3306;dbname=tk_make;charset=utf8
[ sql ] [ SQL ] SHOW COLUMNS FROM `wld_member` [ RunTime:0.010507s ]
[ sql ] [ SQL ] SELECT `nick_name`,`phone` FROM `wld_member` WHERE  `uid` = 355 [ RunTime:0.000312s ]
---------------------------------------------------------------
[ 2019-08-01T17:19:10+08:00 ] 127.0.0.1 GET /api.php/member/nicknameactio
[ info ] www.make.com/api.php/member/nicknameactio [运行时间：0.074351s][吞吐率：13.45req/s] [内存消耗：2,000.39kb] [文件加载：48]
[ sql ] [ DB ] CONNECT:[ UseTime:0.011435s ] mysql:host=127.0.0.1;port=3306;dbname=tk_make;charset=utf8
[ sql ] [ SQL ] SHOW COLUMNS FROM `wld_member` [ RunTime:0.011655s ]
[ sql ] [ SQL ] SELECT * FROM `wld_member` WHERE  `uid` IN (0,0) LIMIT 1 [ RunTime:0.000478s ]
---------------------------------------------------------------
[ 2019-08-01T17:19:17+08:00 ] 127.0.0.1 GET /api.php/member/nicknameactio
[ info ] www.make.com/api.php/member/nicknameactio [运行时间：0.049897s][吞吐率：20.04req/s] [内存消耗：1,999.62kb] [文件加载：48]
[ sql ] [ DB ] CONNECT:[ UseTime:0.001116s ] mysql:host=127.0.0.1;port=3306;dbname=tk_make;charset=utf8
[ sql ] [ SQL ] SHOW COLUMNS FROM `wld_member` [ RunTime:0.012027s ]
[ sql ] [ SQL ] SELECT * FROM `wld_member` WHERE  `uid` = 0 LIMIT 1 [ RunTime:0.000392s ]
---------------------------------------------------------------
[ 2019-08-01T17:19:28+08:00 ] 127.0.0.1 GET /api.php/member/nicknameactio
[ info ] www.make.com/api.php/member/nicknameactio [运行时间：0.062927s][吞吐率：15.89req/s] [内存消耗：2,000.63kb] [文件加载：48]
[ sql ] [ DB ] CONNECT:[ UseTime:0.010422s ] mysql:host=127.0.0.1;port=3306;dbname=tk_make;charset=utf8
[ sql ] [ SQL ] SHOW COLUMNS FROM `wld_member` [ RunTime:0.020238s ]
[ sql ] [ SQL ] SELECT * FROM `wld_member` WHERE  `uid` = 355 LIMIT 1 [ RunTime:0.000541s ]
---------------------------------------------------------------
[ 2019-08-01T17:20:56+08:00 ] 127.0.0.1 GET /api.php/member/nicknameactio
[ info ] www.make.com/api.php/member/nicknameactio [运行时间：0.057670s][吞吐率：17.34req/s] [内存消耗：2,000.67kb] [文件加载：48]
[ sql ] [ DB ] CONNECT:[ UseTime:0.001149s ] mysql:host=127.0.0.1;port=3306;dbname=tk_make;charset=utf8
[ sql ] [ SQL ] SHOW COLUMNS FROM `wld_member` [ RunTime:0.020878s ]
---------------------------------------------------------------
[ 2019-08-01T17:21:11+08:00 ] 127.0.0.1 GET /api.php/member/nicknameactio
[ info ] www.make.com/api.php/member/nicknameactio [运行时间：0.075016s][吞吐率：13.33req/s] [内存消耗：2,001.59kb] [文件加载：48]
[ sql ] [ DB ] CONNECT:[ UseTime:0.011446s ] mysql:host=127.0.0.1;port=3306;dbname=tk_make;charset=utf8
[ sql ] [ SQL ] SHOW COLUMNS FROM `wld_member` [ RunTime:0.020333s ]
[ sql ] [ SQL ] SELECT `uid`,`nick_name`,`password`,`balance`,`await_balance`,`member_class`,`parent_level_1`,`parent_level_2`,`parent_level_3`,`invite_uid`,`invite_img`,`parents`,`face`,`add_time` FROM `wld_member` WHERE  `uid` = 355 LIMIT 1 [ RunTime:0.000282s ]
---------------------------------------------------------------
[ 2019-08-01T17:24:11+08:00 ] 127.0.0.1 GET /api.php/member/nicknameactio
[ info ] www.make.com/api.php/member/nicknameactio [运行时间：0.066263s][吞吐率：15.09req/s] [内存消耗：2,001.86kb] [文件加载：48]
[ sql ] [ DB ] CONNECT:[ UseTime:0.001597s ] mysql:host=127.0.0.1;port=3306;dbname=tk_make;charset=utf8
[ sql ] [ SQL ] SHOW COLUMNS FROM `wld_member` [ RunTime:0.020384s ]
[ sql ] [ SQL ] SELECT `uid`,`nick_name`,`password`,`balance`,`await_balance`,`member_class`,`parent_level_1`,`parent_level_2`,`parent_level_3`,`invite_uid`,`invite_img`,`parents`,`face`,`add_time` FROM `wld_member` WHERE  `uid` = 355 [ RunTime:0.000495s ]
---------------------------------------------------------------
[ 2019-08-01T17:25:56+08:00 ] 127.0.0.1 GET /api.php/member/nicknameactio
[ info ] www.make.com/api.php/member/nicknameactio [运行时间：0.055977s][吞吐率：17.86req/s] [内存消耗：2,112.41kb] [文件加载：55]
[ error ] [10501]SQLSTATE[42S02]: Base table or view not found: 1146 Table 'tk_make.1' doesn't exist[C:\php\PHPTutorial\WWW\object\diandong\home\wwwroot\make\framework\library\think\db\Connection.php:390]
[ sql ] [ DB ] CONNECT:[ UseTime:0.001261s ] mysql:host=127.0.0.1;port=3306;dbname=tk_make;charset=utf8
---------------------------------------------------------------
[ 2019-08-01T17:26:18+08:00 ] 127.0.0.1 GET /api.php/member/nicknameactio
[ info ] www.make.com/api.php/member/nicknameactio [运行时间：0.074817s][吞吐率：13.37req/s] [内存消耗：2,001.32kb] [文件加载：48]
[ sql ] [ DB ] CONNECT:[ UseTime:0.011152s ] mysql:host=127.0.0.1;port=3306;dbname=tk_make;charset=utf8
[ sql ] [ SQL ] SHOW COLUMNS FROM `wld_member` [ RunTime:0.020770s ]
[ sql ] [ SQL ] SELECT `uid`,`password`,`balance`,`await_balance`,`member_class`,`parent_level_1`,`parent_level_2`,`parent_level_3`,`invite_uid`,`invite_img`,`parents`,`face`,`add_time` FROM `wld_member` WHERE  `uid` = 355 [ RunTime:0.000379s ]
---------------------------------------------------------------
[ 2019-08-01T17:27:16+08:00 ] 127.0.0.1 GET /api.php/member/nicknameactio
[ info ] www.make.com/api.php/member/nicknameactio [运行时间：0.070997s][吞吐率：14.09req/s] [内存消耗：1,994.59kb] [文件加载：48]
[ sql ] [ DB ] CONNECT:[ UseTime:0.011702s ] mysql:host=127.0.0.1;port=3306;dbname=tk_make;charset=utf8
[ sql ] [ SQL ] SHOW COLUMNS FROM `wld_member` [ RunTime:0.013560s ]
[ sql ] [ SQL ] SELECT `phone`,`nick_name` FROM `wld_member` WHERE  `uid` = 355 [ RunTime:0.000400s ]
---------------------------------------------------------------
[ 2019-08-01T17:29:09+08:00 ] 127.0.0.1 GET /api.php/member/nicknameactio
[ info ] www.make.com/api.php/member/nicknameactio [运行时间：0.063055s][吞吐率：15.86req/s] [内存消耗：1,994.59kb] [文件加载：48]
[ sql ] [ DB ] CONNECT:[ UseTime:0.001084s ] mysql:host=127.0.0.1;port=3306;dbname=tk_make;charset=utf8
[ sql ] [ SQL ] SHOW COLUMNS FROM `wld_member` [ RunTime:0.011574s ]
[ sql ] [ SQL ] SELECT `phone`,`nick_name` FROM `wld_member` WHERE  `uid` = 355 [ RunTime:0.000400s ]
---------------------------------------------------------------
[ 2019-08-01T17:29:30+08:00 ] 127.0.0.1 GET /api.php/member/nicknameactio
[ info ] www.make.com/api.php/member/nicknameactio [运行时间：0.069748s][吞吐率：14.34req/s] [内存消耗：1,994.59kb] [文件加载：48]
[ sql ] [ DB ] CONNECT:[ UseTime:0.001086s ] mysql:host=127.0.0.1;port=3306;dbname=tk_make;charset=utf8
[ sql ] [ SQL ] SHOW COLUMNS FROM `wld_member` [ RunTime:0.021678s ]
[ sql ] [ SQL ] SELECT `phone`,`nick_name` FROM `wld_member` WHERE  `uid` = 355 [ RunTime:0.000576s ]
---------------------------------------------------------------
[ 2019-08-01T17:30:30+08:00 ] 127.0.0.1 GET /api.php/member/nicknameactio
[ info ] www.make.com/api.php/member/nicknameactio [运行时间：0.075870s][吞吐率：13.18req/s] [内存消耗：1,994.38kb] [文件加载：48]
[ sql ] [ DB ] CONNECT:[ UseTime:0.011180s ] mysql:host=127.0.0.1;port=3306;dbname=tk_make;charset=utf8
[ sql ] [ SQL ] SHOW COLUMNS FROM `wld_member` [ RunTime:0.020176s ]
[ sql ] [ SQL ] SELECT `phone`,`nick_name` FROM `wld_member` WHERE  `uid` = 355 LIMIT 1 [ RunTime:0.000393s ]
---------------------------------------------------------------
[ 2019-08-01T17:30:37+08:00 ] 127.0.0.1 GET /api.php/member/nicknameactio
[ info ] www.make.com/api.php/member/nicknameactio [运行时间：0.065448s][吞吐率：15.28req/s] [内存消耗：1,994.38kb] [文件加载：48]
[ sql ] [ DB ] CONNECT:[ UseTime:0.000946s ] mysql:host=127.0.0.1;port=3306;dbname=tk_make;charset=utf8
[ sql ] [ SQL ] SHOW COLUMNS FROM `wld_member` [ RunTime:0.022071s ]
[ sql ] [ SQL ] SELECT `phone`,`nick_name` FROM `wld_member` WHERE  `uid` = 355 LIMIT 1 [ RunTime:0.000248s ]
---------------------------------------------------------------
[ 2019-08-01T17:30:49+08:00 ] 127.0.0.1 GET /api.php/member/nicknameactio
[ info ] www.make.com/api.php/member/nicknameactio [运行时间：0.069003s][吞吐率：14.49req/s] [内存消耗：2,113.44kb] [文件加载：51]
[ sql ] [ DB ] CONNECT:[ UseTime:0.011646s ] mysql:host=127.0.0.1;port=3306;dbname=tk_make;charset=utf8
[ sql ] [ SQL ] SHOW COLUMNS FROM `wld_member` [ RunTime:0.012860s ]
[ sql ] [ SQL ] SELECT `phone`,`nick_name` FROM `wld_member` WHERE  `uid` = 355 LIMIT 1 [ RunTime:0.000327s ]
---------------------------------------------------------------
[ 2019-08-01T18:36:17+08:00 ] 127.0.0.1 GET /api.php/invit/index
[ info ] www.make.com/api.php/invit/index [运行时间：0.078453s][吞吐率：12.75req/s] [内存消耗：1,905.27kb] [文件加载：46]
[ sql ] [ DB ] CONNECT:[ UseTime:0.002637s ] mysql:host=127.0.0.1;port=3306;dbname=tk_make;charset=utf8
[ sql ] [ SQL ] SHOW COLUMNS FROM `wld_member` [ RunTime:0.011245s ]
[ sql ] [ SQL ] SELECT `phone`,`invite_uid`,`nick_name`,`face`,`member_class` FROM `wld_member` WHERE  `invite_uid` = '355' ORDER BY `add_time` DESC [ RunTime:0.001196s ]
---------------------------------------------------------------
[ 2019-08-01T18:36:59+08:00 ] 127.0.0.1 GET /api.php/invit/index
[ info ] www.make.com/api.php/invit/index [运行时间：0.067004s][吞吐率：14.92req/s] [内存消耗：1,905.82kb] [文件加载：46]
[ sql ] [ DB ] CONNECT:[ UseTime:0.011209s ] mysql:host=127.0.0.1;port=3306;dbname=tk_make;charset=utf8
[ sql ] [ SQL ] SHOW COLUMNS FROM `wld_member` [ RunTime:0.011579s ]
[ sql ] [ SQL ] SELECT `phone`,`invite_uid`,`nick_name`,`face`,`member_class` FROM `wld_member` WHERE  `invite_uid` = '355' ORDER BY `add_time` DESC [ RunTime:0.000339s ]
---------------------------------------------------------------
[ 2019-08-01T18:37:14+08:00 ] 127.0.0.1 GET /api.php/invit/index
[ info ] www.make.com/api.php/invit/index [运行时间：0.067107s][吞吐率：14.90req/s] [内存消耗：1,906.09kb] [文件加载：46]
[ sql ] [ DB ] CONNECT:[ UseTime:0.000965s ] mysql:host=127.0.0.1;port=3306;dbname=tk_make;charset=utf8
[ sql ] [ SQL ] SHOW COLUMNS FROM `wld_member` [ RunTime:0.020199s ]
[ sql ] [ SQL ] SELECT `phone`,`invite_uid`,`nick_name`,`face`,`member_class` FROM `wld_member` WHERE  `invite_uid` = '355' ORDER BY `add_time` DESC [ RunTime:0.000494s ]
---------------------------------------------------------------
[ 2019-08-01T18:37:25+08:00 ] 127.0.0.1 GET /api.php/invit/index
[ info ] www.make.com/api.php/invit/index [运行时间：0.067823s][吞吐率：14.74req/s] [内存消耗：1,906.09kb] [文件加载：46]
[ sql ] [ DB ] CONNECT:[ UseTime:0.000958s ] mysql:host=127.0.0.1;port=3306;dbname=tk_make;charset=utf8
[ sql ] [ SQL ] SHOW COLUMNS FROM `wld_member` [ RunTime:0.021180s ]
[ sql ] [ SQL ] SELECT `phone`,`invite_uid`,`nick_name`,`face`,`member_class` FROM `wld_member` WHERE  `invite_uid` = '355' ORDER BY `add_time` DESC [ RunTime:0.000351s ]
---------------------------------------------------------------
[ 2019-08-01T19:01:11+08:00 ] 127.0.0.1 GET /api.php/invit/index
[ info ] www.make.com/api.php/invit/index [运行时间：0.079051s][吞吐率：12.65req/s] [内存消耗：2,054.93kb] [文件加载：51]
[ error ] [0]致命错误: Call to undefined method app\api\controller\Invit::outJson()[C:\php\PHPTutorial\WWW\object\diandong\home\wwwroot\make\application\api\controller\Invit.php:28]
[ sql ] [ DB ] CONNECT:[ UseTime:0.010994s ] mysql:host=127.0.0.1;port=3306;dbname=tk_make;charset=utf8
[ sql ] [ SQL ] SHOW COLUMNS FROM `wld_member` [ RunTime:0.020765s ]
[ sql ] [ SQL ] SELECT `phone`,`invite_uid`,`nick_name`,`face`,`member_class`,`balance` FROM `wld_member` WHERE  `invite_uid` = '355' ORDER BY `add_time` DESC [ RunTime:0.000435s ]
[ sql ] [ SQL ] SELECT `balance` FROM `wld_member` WHERE  `uid` = 355 LIMIT 1 [ RunTime:0.000244s ]
---------------------------------------------------------------
[ 2019-08-01T19:03:45+08:00 ] 127.0.0.1 GET /api.php/invit/index
[ info ] www.make.com/api.php/invit/index [运行时间：0.071319s][吞吐率：14.02req/s] [内存消耗：1,980.48kb] [文件加载：51]
[ sql ] [ DB ] CONNECT:[ UseTime:0.001514s ] mysql:host=127.0.0.1;port=3306;dbname=tk_make;charset=utf8
[ sql ] [ SQL ] SHOW COLUMNS FROM `wld_member` [ RunTime:0.021802s ]
[ sql ] [ SQL ] SELECT `phone`,`invite_uid`,`nick_name`,`face`,`member_class`,`balance` FROM `wld_member` WHERE  `invite_uid` = '355' ORDER BY `add_time` DESC [ RunTime:0.000436s ]
[ sql ] [ SQL ] SELECT `balance` FROM `wld_member` WHERE  `uid` = 355 LIMIT 1 [ RunTime:0.000287s ]
---------------------------------------------------------------
[ 2019-08-01T19:06:00+08:00 ] 127.0.0.1 GET /api.php/invit/index
[ info ] www.make.com/api.php/invit/index [运行时间：0.077976s][吞吐率：12.82req/s] [内存消耗：1,930.81kb] [文件加载：48]
[ sql ] [ DB ] CONNECT:[ UseTime:0.012777s ] mysql:host=127.0.0.1;port=3306;dbname=tk_make;charset=utf8
[ sql ] [ SQL ] SHOW COLUMNS FROM `wld_member` [ RunTime:0.023226s ]
[ sql ] [ SQL ] SELECT `phone`,`invite_uid`,`nick_name`,`face`,`member_class`,`balance` FROM `wld_member` WHERE  `invite_uid` = '355' ORDER BY `add_time` DESC [ RunTime:0.000487s ]
---------------------------------------------------------------
[ 2019-08-01T19:06:26+08:00 ] 127.0.0.1 GET /api.php/invit/index
[ info ] www.make.com/api.php/invit/index [运行时间：0.058959s][吞吐率：16.96req/s] [内存消耗：1,930.81kb] [文件加载：48]
[ sql ] [ DB ] CONNECT:[ UseTime:0.001195s ] mysql:host=127.0.0.1;port=3306;dbname=tk_make;charset=utf8
[ sql ] [ SQL ] SHOW COLUMNS FROM `wld_member` [ RunTime:0.023193s ]
[ sql ] [ SQL ] SELECT `phone`,`invite_uid`,`nick_name`,`face`,`member_class`,`balance` FROM `wld_member` WHERE  `invite_uid` = '355' ORDER BY `add_time` DESC [ RunTime:0.000433s ]
---------------------------------------------------------------
[ 2019-08-01T19:06:51+08:00 ] 127.0.0.1 GET /api.php/invit/index
[ info ] www.make.com/api.php/invit/index [运行时间：0.060172s][吞吐率：16.62req/s] [内存消耗：1,980.48kb] [文件加载：51]
[ sql ] [ DB ] CONNECT:[ UseTime:0.012802s ] mysql:host=127.0.0.1;port=3306;dbname=tk_make;charset=utf8
[ sql ] [ SQL ] SHOW COLUMNS FROM `wld_member` [ RunTime:0.013516s ]
[ sql ] [ SQL ] SELECT `phone`,`invite_uid`,`nick_name`,`face`,`member_class`,`balance` FROM `wld_member` WHERE  `invite_uid` = '355' ORDER BY `add_time` DESC [ RunTime:0.000449s ]
[ sql ] [ SQL ] SELECT `balance` FROM `wld_member` WHERE  `uid` = 355 LIMIT 1 [ RunTime:0.000252s ]
---------------------------------------------------------------
[ 2019-08-01T19:10:17+08:00 ] 127.0.0.1 GET /api.php/invit
[ info ] www.make.com/api.php/invit [运行时间：0.059468s][吞吐率：16.82req/s] [内存消耗：1,979.84kb] [文件加载：51]
[ sql ] [ DB ] CONNECT:[ UseTime:0.001722s ] mysql:host=127.0.0.1;port=3306;dbname=tk_make;charset=utf8
[ sql ] [ SQL ] SHOW COLUMNS FROM `wld_member` [ RunTime:0.011873s ]
[ sql ] [ SQL ] SELECT `phone`,`invite_uid`,`nick_name`,`face`,`member_class`,`balance` FROM `wld_member` WHERE  `invite_uid` = '355' ORDER BY `add_time` DESC [ RunTime:0.000412s ]
[ sql ] [ SQL ] SELECT `balance` FROM `wld_member` WHERE  `uid` = 355 LIMIT 1 [ RunTime:0.000266s ]
---------------------------------------------------------------
[ 2019-08-01T19:13:35+08:00 ] 127.0.0.1 GET /api.php/invit/index
[ info ] www.make.com/api.php/invit/index [运行时间：0.067921s][吞吐率：14.72req/s] [内存消耗：1,980.48kb] [文件加载：51]
[ sql ] [ DB ] CONNECT:[ UseTime:0.012461s ] mysql:host=127.0.0.1;port=3306;dbname=tk_make;charset=utf8
[ sql ] [ SQL ] SHOW COLUMNS FROM `wld_member` [ RunTime:0.010864s ]
[ sql ] [ SQL ] SELECT `phone`,`invite_uid`,`nick_name`,`face`,`member_class`,`balance` FROM `wld_member` WHERE  `invite_uid` = '355' ORDER BY `add_time` DESC [ RunTime:0.000670s ]
[ sql ] [ SQL ] SELECT `balance` FROM `wld_member` WHERE  `uid` = 355 LIMIT 1 [ RunTime:0.000258s ]
---------------------------------------------------------------
[ 2019-08-01T21:28:01+08:00 ] 127.0.0.1 GET /make.php/Sales/index.html
[ info ] www.make.com/make.php/Sales/index.html [运行时间：0.103910s][吞吐率：9.62req/s] [内存消耗：2,119.66kb] [文件加载：52]
[ sql ] [ DB ] CONNECT:[ UseTime:0.011919s ] mysql:host=127.0.0.1;port=3306;dbname=tk_make;charset=utf8
[ sql ] [ SQL ] SHOW COLUMNS FROM `wld_auth_group_access` [ RunTime:0.010776s ]
[ sql ] [ SQL ] SELECT `AuthGroupAccess`.`uid`,`AuthGroupAccess`.`group_id`,`AuthGroup`.`title`,`AuthGroup`.`rules` FROM `wld_auth_group_access` `AuthGroupAccess` LEFT JOIN `wld_auth_group` `AuthGroup` ON `AuthGroupAccess`.`group_id`=`AuthGroup`.`id` WHERE  (  AuthGroupAccess.uid='1' and AuthGroup.status='1' ) [ RunTime:0.001077s ]
[ sql ] [ SQL ] SHOW COLUMNS FROM `wld_auth_rule` [ RunTime:0.010450s ]
[ sql ] [ SQL ] SELECT `condition`,`name` FROM `wld_auth_rule` WHERE  `id` IN (1,2,3,4,5,6,7,8,9,13,27,14,15,16,17,18,19,28,20,21,22,23,24,25,26,29,10,11,12,30)  AND `status` = 1 [ RunTime:0.000422s ]
---------------------------------------------------------------
[ 2019-08-01T21:28:02+08:00 ] 127.0.0.1 GET /make.php/sales/getIndexData.html?startTime=&endTime=&keywords=&userLevel=0&type=0&limit=15&pageIndex=1&_=1564666081954
[ info ] www.make.com/make.php/sales/getIndexData.html?startTime=&endTime=&keywords=&userLevel=0&type=0&limit=15&pageIndex=1&_=1564666081954 [运行时间：0.098090s][吞吐率：10.19req/s] [内存消耗：2,368.51kb] [文件加载：57]
[ sql ] [ DB ] CONNECT:[ UseTime:0.011061s ] mysql:host=127.0.0.1;port=3306;dbname=tk_make;charset=utf8
[ sql ] [ SQL ] SHOW COLUMNS FROM `wld_auth_group_access` [ RunTime:0.011682s ]
[ sql ] [ SQL ] SELECT `AuthGroupAccess`.`uid`,`AuthGroupAccess`.`group_id`,`AuthGroup`.`title`,`AuthGroup`.`rules` FROM `wld_auth_group_access` `AuthGroupAccess` LEFT JOIN `wld_auth_group` `AuthGroup` ON `AuthGroupAccess`.`group_id`=`AuthGroup`.`id` WHERE  (  AuthGroupAccess.uid='1' and AuthGroup.status='1' ) [ RunTime:0.000413s ]
[ sql ] [ SQL ] SHOW COLUMNS FROM `wld_auth_rule` [ RunTime:0.012527s ]
[ sql ] [ SQL ] SELECT `condition`,`name` FROM `wld_auth_rule` WHERE  `id` IN (1,2,3,4,5,6,7,8,9,13,27,14,15,16,17,18,19,28,20,21,22,23,24,25,26,29,10,11,12,30)  AND `status` = 1 [ RunTime:0.000459s ]
[ sql ] [ SQL ] SHOW COLUMNS FROM `wld_allot_log` [ RunTime:0.012622s ]
[ sql ] [ SQL ] SELECT * FROM `wld_allot_log` ORDER BY `id` DESC LIMIT 0,15 [ RunTime:0.000470s ]
[ sql ] [ SQL ] SELECT COUNT(*) AS tp_count FROM `wld_allot_log` LIMIT 1 [ RunTime:0.000288s ]
---------------------------------------------------------------
[ 2019-08-01T21:28:07+08:00 ] 127.0.0.1 GET /make.php/sales/add.html
[ info ] www.make.com/make.php/sales/add.html [运行时间：0.069022s][吞吐率：14.49req/s] [内存消耗：2,120.70kb] [文件加载：52]
[ sql ] [ DB ] CONNECT:[ UseTime:0.000989s ] mysql:host=127.0.0.1;port=3306;dbname=tk_make;charset=utf8
[ sql ] [ SQL ] SHOW COLUMNS FROM `wld_auth_group_access` [ RunTime:0.020527s ]
[ sql ] [ SQL ] SELECT `AuthGroupAccess`.`uid`,`AuthGroupAccess`.`group_id`,`AuthGroup`.`title`,`AuthGroup`.`rules` FROM `wld_auth_group_access` `AuthGroupAccess` LEFT JOIN `wld_auth_group` `AuthGroup` ON `AuthGroupAccess`.`group_id`=`AuthGroup`.`id` WHERE  (  AuthGroupAccess.uid='1' and AuthGroup.status='1' ) [ RunTime:0.000383s ]
[ sql ] [ SQL ] SHOW COLUMNS FROM `wld_auth_rule` [ RunTime:0.010224s ]
[ sql ] [ SQL ] SELECT `condition`,`name` FROM `wld_auth_rule` WHERE  `id` IN (1,2,3,4,5,6,7,8,9,13,27,14,15,16,17,18,19,28,20,21,22,23,24,25,26,29,10,11,12,30)  AND `status` = 1 [ RunTime:0.000396s ]
---------------------------------------------------------------
[ 2019-08-01T23:26:26+08:00 ] 127.0.0.1 GET /make.php/Task/index.html
[ info ] www.make.com/make.php/Task/index.html [运行时间：0.109733s][吞吐率：9.11req/s] [内存消耗：2,422.93kb] [文件加载：56]
[ sql ] [ DB ] CONNECT:[ UseTime:0.012338s ] mysql:host=127.0.0.1;port=3306;dbname=tk_make;charset=utf8
[ sql ] [ SQL ] SHOW COLUMNS FROM `wld_auth_group_access` [ RunTime:0.011332s ]
[ sql ] [ SQL ] SELECT `AuthGroupAccess`.`uid`,`AuthGroupAccess`.`group_id`,`AuthGroup`.`title`,`AuthGroup`.`rules` FROM `wld_auth_group_access` `AuthGroupAccess` LEFT JOIN `wld_auth_group` `AuthGroup` ON `AuthGroupAccess`.`group_id`=`AuthGroup`.`id` WHERE  (  AuthGroupAccess.uid='1' and AuthGroup.status='1' ) [ RunTime:0.001267s ]
[ sql ] [ SQL ] SHOW COLUMNS FROM `wld_auth_rule` [ RunTime:0.010807s ]
[ sql ] [ SQL ] SELECT `condition`,`name` FROM `wld_auth_rule` WHERE  `id` IN (1,2,3,4,5,6,7,8,9,13,27,14,15,16,17,18,19,28,20,21,22,23,24,25,26,29,10,11,12,30)  AND `status` = 1 [ RunTime:0.000451s ]
[ sql ] [ SQL ] SHOW COLUMNS FROM `wld_task_classify` [ RunTime:0.011602s ]
[ sql ] [ SQL ] SELECT `task_cid`,`name` FROM `wld_task_classify` [ RunTime:0.000277s ]
---------------------------------------------------------------
[ 2019-08-01T23:26:27+08:00 ] 127.0.0.1 GET /make.php/task/getIndexData.html?startTime=&endTime=&keywords=&userLevel=0&cid=0&limit=15&pageIndex=1&_=1564673186944
[ info ] www.make.com/make.php/task/getIndexData.html?startTime=&endTime=&keywords=&userLevel=0&cid=0&limit=15&pageIndex=1&_=1564673186944 [运行时间：0.100967s][吞吐率：9.90req/s] [内存消耗：2,448.64kb] [文件加载：57]
[ sql ] [ DB ] CONNECT:[ UseTime:0.001125s ] mysql:host=127.0.0.1;port=3306;dbname=tk_make;charset=utf8
[ sql ] [ SQL ] SHOW COLUMNS FROM `wld_auth_group_access` [ RunTime:0.012459s ]
[ sql ] [ SQL ] SELECT `AuthGroupAccess`.`uid`,`AuthGroupAccess`.`group_id`,`AuthGroup`.`title`,`AuthGroup`.`rules` FROM `wld_auth_group_access` `AuthGroupAccess` LEFT JOIN `wld_auth_group` `AuthGroup` ON `AuthGroupAccess`.`group_id`=`AuthGroup`.`id` WHERE  (  AuthGroupAccess.uid='1' and AuthGroup.status='1' ) [ RunTime:0.000362s ]
[ sql ] [ SQL ] SHOW COLUMNS FROM `wld_auth_rule` [ RunTime:0.012567s ]
[ sql ] [ SQL ] SELECT `condition`,`name` FROM `wld_auth_rule` WHERE  `id` IN (1,2,3,4,5,6,7,8,9,13,27,14,15,16,17,18,19,28,20,21,22,23,24,25,26,29,10,11,12,30)  AND `status` = 1 [ RunTime:0.001137s ]
[ sql ] [ SQL ] SHOW COLUMNS FROM `wld_task` [ RunTime:0.014219s ]
[ sql ] [ SQL ] SELECT * FROM `wld_task` ORDER BY `task_id` DESC LIMIT 0,15 [ RunTime:0.000468s ]
[ sql ] [ SQL ] SHOW COLUMNS FROM `wld_task_classify` [ RunTime:0.011411s ]
[ sql ] [ SQL ] SELECT `task_cid`,`name` FROM `wld_task_classify` WHERE  `task_cid` IN (4,3,2) [ RunTime:0.000710s ]
[ sql ] [ SQL ] SELECT COUNT(*) AS tp_count FROM `wld_task` LIMIT 1 [ RunTime:0.000239s ]
---------------------------------------------------------------
[ 2019-08-01T23:26:28+08:00 ] 127.0.0.1 GET /make.php/Task/drawList.html
[ info ] www.make.com/make.php/Task/drawList.html [运行时间：0.072151s][吞吐率：13.86req/s] [内存消耗：2,423.50kb] [文件加载：56]
[ sql ] [ DB ] CONNECT:[ UseTime:0.000988s ] mysql:host=127.0.0.1;port=3306;dbname=tk_make;charset=utf8
[ sql ] [ SQL ] SHOW COLUMNS FROM `wld_auth_group_access` [ RunTime:0.010087s ]
[ sql ] [ SQL ] SELECT `AuthGroupAccess`.`uid`,`AuthGroupAccess`.`group_id`,`AuthGroup`.`title`,`AuthGroup`.`rules` FROM `wld_auth_group_access` `AuthGroupAccess` LEFT JOIN `wld_auth_group` `AuthGroup` ON `AuthGroupAccess`.`group_id`=`AuthGroup`.`id` WHERE  (  AuthGroupAccess.uid='1' and AuthGroup.status='1' ) [ RunTime:0.000413s ]
[ sql ] [ SQL ] SHOW COLUMNS FROM `wld_auth_rule` [ RunTime:0.010014s ]
[ sql ] [ SQL ] SELECT `condition`,`name` FROM `wld_auth_rule` WHERE  `id` IN (1,2,3,4,5,6,7,8,9,13,27,14,15,16,17,18,19,28,20,21,22,23,24,25,26,29,10,11,12,30)  AND `status` = 1 [ RunTime:0.000387s ]
[ sql ] [ SQL ] SHOW COLUMNS FROM `wld_task_classify` [ RunTime:0.011307s ]
[ sql ] [ SQL ] SELECT `task_cid`,`name` FROM `wld_task_classify` [ RunTime:0.000322s ]
---------------------------------------------------------------
[ 2019-08-01T23:26:28+08:00 ] 127.0.0.1 GET /make.php/task/getDrawListData.html?startTime=&endTime=&keywords=&userLevel=0&cid=0&check_status=9&limit=15&pageIndex=1&_=1564673188085
[ info ] www.make.com/make.php/task/getDrawListData.html?startTime=&endTime=&keywords=&userLevel=0&cid=0&check_status=9&limit=15&pageIndex=1&_=1564673188085 [运行时间：0.122127s][吞吐率：8.19req/s] [内存消耗：2,418.02kb] [文件加载：55]
[ sql ] [ DB ] CONNECT:[ UseTime:0.010633s ] mysql:host=127.0.0.1;port=3306;dbname=tk_make;charset=utf8
[ sql ] [ SQL ] SHOW COLUMNS FROM `wld_auth_group_access` [ RunTime:0.013517s ]
[ sql ] [ SQL ] SELECT `AuthGroupAccess`.`uid`,`AuthGroupAccess`.`group_id`,`AuthGroup`.`title`,`AuthGroup`.`rules` FROM `wld_auth_group_access` `AuthGroupAccess` LEFT JOIN `wld_auth_group` `AuthGroup` ON `AuthGroupAccess`.`group_id`=`AuthGroup`.`id` WHERE  (  AuthGroupAccess.uid='1' and AuthGroup.status='1' ) [ RunTime:0.000443s ]
[ sql ] [ SQL ] SHOW COLUMNS FROM `wld_auth_rule` [ RunTime:0.012502s ]
[ sql ] [ SQL ] SELECT `condition`,`name` FROM `wld_auth_rule` WHERE  `id` IN (1,2,3,4,5,6,7,8,9,13,27,14,15,16,17,18,19,28,20,21,22,23,24,25,26,29,10,11,12,30)  AND `status` = 1 [ RunTime:0.000931s ]
[ sql ] [ SQL ] SHOW COLUMNS FROM `wld_send_task_log` [ RunTime:0.013135s ]
[ sql ] [ SQL ] SELECT * FROM `wld_send_task_log` WHERE  `is_check` IN (1,2,3) ORDER BY `sub_time` DESC LIMIT 0,15 [ RunTime:0.001628s ]
[ sql ] [ SQL ] SHOW COLUMNS FROM `wld_task_classify` [ RunTime:0.010106s ]
[ sql ] [ SQL ] SELECT `task_cid`,`name` FROM `wld_task_classify` WHERE  `task_cid` IN (3,2) [ RunTime:0.000856s ]
[ sql ] [ SQL ] SHOW COLUMNS FROM `wld_member` [ RunTime:0.011968s ]
[ sql ] [ SQL ] SELECT `uid`,`phone` FROM `wld_member` WHERE  `uid` IN (83,80,187) [ RunTime:0.000447s ]
[ sql ] [ SQL ] SELECT COUNT(*) AS tp_count FROM `wld_send_task_log` WHERE  `is_check` IN (1,2,3) LIMIT 1 [ RunTime:0.000369s ]
---------------------------------------------------------------
[ 2019-08-01T23:26:29+08:00 ] 127.0.0.1 GET /make.php/Task/getDrawList.html
[ info ] www.make.com/make.php/Task/getDrawList.html [运行时间：0.102584s][吞吐率：9.75req/s] [内存消耗：2,422.05kb] [文件加载：56]
[ sql ] [ DB ] CONNECT:[ UseTime:0.012772s ] mysql:host=127.0.0.1;port=3306;dbname=tk_make;charset=utf8
[ sql ] [ SQL ] SHOW COLUMNS FROM `wld_auth_group_access` [ RunTime:0.021306s ]
[ sql ] [ SQL ] SELECT `AuthGroupAccess`.`uid`,`AuthGroupAccess`.`group_id`,`AuthGroup`.`title`,`AuthGroup`.`rules` FROM `wld_auth_group_access` `AuthGroupAccess` LEFT JOIN `wld_auth_group` `AuthGroup` ON `AuthGroupAccess`.`group_id`=`AuthGroup`.`id` WHERE  (  AuthGroupAccess.uid='1' and AuthGroup.status='1' ) [ RunTime:0.000414s ]
[ sql ] [ SQL ] SHOW COLUMNS FROM `wld_auth_rule` [ RunTime:0.012404s ]
[ sql ] [ SQL ] SELECT `condition`,`name` FROM `wld_auth_rule` WHERE  `id` IN (1,2,3,4,5,6,7,8,9,13,27,14,15,16,17,18,19,28,20,21,22,23,24,25,26,29,10,11,12,30)  AND `status` = 1 [ RunTime:0.000432s ]
[ sql ] [ SQL ] SHOW COLUMNS FROM `wld_task_classify` [ RunTime:0.009869s ]
[ sql ] [ SQL ] SELECT `task_cid`,`name` FROM `wld_task_classify` [ RunTime:0.000375s ]
---------------------------------------------------------------
[ 2019-08-01T23:26:29+08:00 ] 127.0.0.1 GET /make.php/task/getDrawListHtmlData.html?startTime=&endTime=&keywords=&userLevel=0&cid=0&limit=15&pageIndex=1&_=1564673189193
[ info ] www.make.com/make.php/task/getDrawListHtmlData.html?startTime=&endTime=&keywords=&userLevel=0&cid=0&limit=15&pageIndex=1&_=1564673189193 [运行时间：0.104412s][吞吐率：9.58req/s] [内存消耗：2,416.43kb] [文件加载：55]
[ sql ] [ DB ] CONNECT:[ UseTime:0.000983s ] mysql:host=127.0.0.1;port=3306;dbname=tk_make;charset=utf8
[ sql ] [ SQL ] SHOW COLUMNS FROM `wld_auth_group_access` [ RunTime:0.013138s ]
[ sql ] [ SQL ] SELECT `AuthGroupAccess`.`uid`,`AuthGroupAccess`.`group_id`,`AuthGroup`.`title`,`AuthGroup`.`rules` FROM `wld_auth_group_access` `AuthGroupAccess` LEFT JOIN `wld_auth_group` `AuthGroup` ON `AuthGroupAccess`.`group_id`=`AuthGroup`.`id` WHERE  (  AuthGroupAccess.uid='1' and AuthGroup.status='1' ) [ RunTime:0.000292s ]
[ sql ] [ SQL ] SHOW COLUMNS FROM `wld_auth_rule` [ RunTime:0.012189s ]
[ sql ] [ SQL ] SELECT `condition`,`name` FROM `wld_auth_rule` WHERE  `id` IN (1,2,3,4,5,6,7,8,9,13,27,14,15,16,17,18,19,28,20,21,22,23,24,25,26,29,10,11,12,30)  AND `status` = 1 [ RunTime:0.000458s ]
[ sql ] [ SQL ] SHOW COLUMNS FROM `wld_send_task_log` [ RunTime:0.011977s ]
[ sql ] [ SQL ] SELECT * FROM `wld_send_task_log` WHERE  `is_check` = 0 ORDER BY `add_time` DESC LIMIT 0,15 [ RunTime:0.000556s ]
[ sql ] [ SQL ] SHOW COLUMNS FROM `wld_task_classify` [ RunTime:0.009660s ]
[ sql ] [ SQL ] SELECT `task_cid`,`name` FROM `wld_task_classify` WHERE  `task_cid` IN (3,2) [ RunTime:0.000304s ]
[ sql ] [ SQL ] SHOW COLUMNS FROM `wld_member` [ RunTime:0.011826s ]
[ sql ] [ SQL ] SELECT `uid`,`phone` FROM `wld_member` WHERE  `uid` IN (62,83,192,247,191) [ RunTime:0.000413s ]
[ sql ] [ SQL ] SELECT COUNT(*) AS tp_count FROM `wld_send_task_log` WHERE  `is_check` = 0 LIMIT 1 [ RunTime:0.000262s ]
---------------------------------------------------------------
[ 2019-08-01T23:26:32+08:00 ] 127.0.0.1 GET /make.php/Task/brokerageRule.html
[ info ] www.make.com/make.php/Task/brokerageRule.html [运行时间：0.066873s][吞吐率：14.95req/s] [内存消耗：2,182.98kb] [文件加载：53]
[ sql ] [ DB ] CONNECT:[ UseTime:0.001082s ] mysql:host=127.0.0.1;port=3306;dbname=tk_make;charset=utf8
[ sql ] [ SQL ] SHOW COLUMNS FROM `wld_auth_group_access` [ RunTime:0.019523s ]
[ sql ] [ SQL ] SELECT `AuthGroupAccess`.`uid`,`AuthGroupAccess`.`group_id`,`AuthGroup`.`title`,`AuthGroup`.`rules` FROM `wld_auth_group_access` `AuthGroupAccess` LEFT JOIN `wld_auth_group` `AuthGroup` ON `AuthGroupAccess`.`group_id`=`AuthGroup`.`id` WHERE  (  AuthGroupAccess.uid='1' and AuthGroup.status='1' ) [ RunTime:0.000345s ]
[ sql ] [ SQL ] SHOW COLUMNS FROM `wld_auth_rule` [ RunTime:0.010732s ]
[ sql ] [ SQL ] SELECT `condition`,`name` FROM `wld_auth_rule` WHERE  `id` IN (1,2,3,4,5,6,7,8,9,13,27,14,15,16,17,18,19,28,20,21,22,23,24,25,26,29,10,11,12,30)  AND `status` = 1 [ RunTime:0.000509s ]
---------------------------------------------------------------
[ 2019-08-01T23:26:36+08:00 ] 127.0.0.1 GET /make.php/Task/add.html
[ info ] www.make.com/make.php/Task/add.html [运行时间：0.080131s][吞吐率：12.48req/s] [内存消耗：2,447.86kb] [文件加载：56]
[ sql ] [ DB ] CONNECT:[ UseTime:0.001068s ] mysql:host=127.0.0.1;port=3306;dbname=tk_make;charset=utf8
[ sql ] [ SQL ] SHOW COLUMNS FROM `wld_auth_group_access` [ RunTime:0.020035s ]
[ sql ] [ SQL ] SELECT `AuthGroupAccess`.`uid`,`AuthGroupAccess`.`group_id`,`AuthGroup`.`title`,`AuthGroup`.`rules` FROM `wld_auth_group_access` `AuthGroupAccess` LEFT JOIN `wld_auth_group` `AuthGroup` ON `AuthGroupAccess`.`group_id`=`AuthGroup`.`id` WHERE  (  AuthGroupAccess.uid='1' and AuthGroup.status='1' ) [ RunTime:0.000303s ]
[ sql ] [ SQL ] SHOW COLUMNS FROM `wld_auth_rule` [ RunTime:0.009931s ]
[ sql ] [ SQL ] SELECT `condition`,`name` FROM `wld_auth_rule` WHERE  `id` IN (1,2,3,4,5,6,7,8,9,13,27,14,15,16,17,18,19,28,20,21,22,23,24,25,26,29,10,11,12,30)  AND `status` = 1 [ RunTime:0.000428s ]
[ sql ] [ SQL ] SHOW COLUMNS FROM `wld_task_classify` [ RunTime:0.009957s ]
[ sql ] [ SQL ] SELECT `task_cid`,`name` FROM `wld_task_classify` [ RunTime:0.000310s ]
---------------------------------------------------------------
[ 2019-08-01T23:32:02+08:00 ] 127.0.0.1 GET /make.php/Task/add.html
[ info ] www.make.com/make.php/Task/add.html [运行时间：0.108392s][吞吐率：9.23req/s] [内存消耗：2,447.86kb] [文件加载：56]
[ sql ] [ DB ] CONNECT:[ UseTime:0.012201s ] mysql:host=127.0.0.1;port=3306;dbname=tk_make;charset=utf8
[ sql ] [ SQL ] SHOW COLUMNS FROM `wld_auth_group_access` [ RunTime:0.010579s ]
[ sql ] [ SQL ] SELECT `AuthGroupAccess`.`uid`,`AuthGroupAccess`.`group_id`,`AuthGroup`.`title`,`AuthGroup`.`rules` FROM `wld_auth_group_access` `AuthGroupAccess` LEFT JOIN `wld_auth_group` `AuthGroup` ON `AuthGroupAccess`.`group_id`=`AuthGroup`.`id` WHERE  (  AuthGroupAccess.uid='1' and AuthGroup.status='1' ) [ RunTime:0.000409s ]
[ sql ] [ SQL ] SHOW COLUMNS FROM `wld_auth_rule` [ RunTime:0.011357s ]
[ sql ] [ SQL ] SELECT `condition`,`name` FROM `wld_auth_rule` WHERE  `id` IN (1,2,3,4,5,6,7,8,9,13,27,14,15,16,17,18,19,28,20,21,22,23,24,25,26,29,10,11,12,30)  AND `status` = 1 [ RunTime:0.000415s ]
[ sql ] [ SQL ] SHOW COLUMNS FROM `wld_task_classify` [ RunTime:0.011445s ]
[ sql ] [ SQL ] SELECT `task_cid`,`name` FROM `wld_task_classify` [ RunTime:0.000391s ]
---------------------------------------------------------------
[ 2019-08-01T23:32:09+08:00 ] 127.0.0.1 GET /make.php/Task/category.html
[ info ] www.make.com/make.php/Task/category.html [运行时间：0.092694s][吞吐率：10.79req/s] [内存消耗：2,178.76kb] [文件加载：52]
[ sql ] [ DB ] CONNECT:[ UseTime:0.010213s ] mysql:host=127.0.0.1;port=3306;dbname=tk_make;charset=utf8
[ sql ] [ SQL ] SHOW COLUMNS FROM `wld_auth_group_access` [ RunTime:0.019574s ]
[ sql ] [ SQL ] SELECT `AuthGroupAccess`.`uid`,`AuthGroupAccess`.`group_id`,`AuthGroup`.`title`,`AuthGroup`.`rules` FROM `wld_auth_group_access` `AuthGroupAccess` LEFT JOIN `wld_auth_group` `AuthGroup` ON `AuthGroupAccess`.`group_id`=`AuthGroup`.`id` WHERE  (  AuthGroupAccess.uid='1' and AuthGroup.status='1' ) [ RunTime:0.000427s ]
[ sql ] [ SQL ] SHOW COLUMNS FROM `wld_auth_rule` [ RunTime:0.012000s ]
[ sql ] [ SQL ] SELECT `condition`,`name` FROM `wld_auth_rule` WHERE  `id` IN (1,2,3,4,5,6,7,8,9,13,27,14,15,16,17,18,19,28,20,21,22,23,24,25,26,29,10,11,12,30)  AND `status` = 1 [ RunTime:0.000440s ]
---------------------------------------------------------------
[ 2019-08-01T23:32:09+08:00 ] 127.0.0.1 GET /make.php/task/getTaskCategoryListData.html?startTime=&endTime=&keywords=&limit=15&pageIndex=1&_=1564673529326
[ info ] www.make.com/make.php/task/getTaskCategoryListData.html?startTime=&endTime=&keywords=&limit=15&pageIndex=1&_=1564673529326 [运行时间：0.097761s][吞吐率：10.23req/s] [内存消耗：2,414.12kb] [文件加载：56]
[ sql ] [ DB ] CONNECT:[ UseTime:0.001089s ] mysql:host=127.0.0.1;port=3306;dbname=tk_make;charset=utf8
[ sql ] [ SQL ] SHOW COLUMNS FROM `wld_auth_group_access` [ RunTime:0.013820s ]
[ sql ] [ SQL ] SELECT `AuthGroupAccess`.`uid`,`AuthGroupAccess`.`group_id`,`AuthGroup`.`title`,`AuthGroup`.`rules` FROM `wld_auth_group_access` `AuthGroupAccess` LEFT JOIN `wld_auth_group` `AuthGroup` ON `AuthGroupAccess`.`group_id`=`AuthGroup`.`id` WHERE  (  AuthGroupAccess.uid='1' and AuthGroup.status='1' ) [ RunTime:0.000321s ]
[ sql ] [ SQL ] SHOW COLUMNS FROM `wld_auth_rule` [ RunTime:0.013006s ]
[ sql ] [ SQL ] SELECT `condition`,`name` FROM `wld_auth_rule` WHERE  `id` IN (1,2,3,4,5,6,7,8,9,13,27,14,15,16,17,18,19,28,20,21,22,23,24,25,26,29,10,11,12,30)  AND `status` = 1 [ RunTime:0.000420s ]
[ sql ] [ SQL ] SHOW COLUMNS FROM `wld_task_classify` [ RunTime:0.018320s ]
[ sql ] [ SQL ] SELECT * FROM `wld_task_classify` ORDER BY `task_cid` DESC LIMIT 0,15 [ RunTime:0.000278s ]
[ sql ] [ SQL ] SELECT COUNT(*) AS tp_count FROM `wld_task_classify` LIMIT 1 [ RunTime:0.001265s ]
---------------------------------------------------------------
[ 2019-08-01T23:32:15+08:00 ] 127.0.0.1 GET /make.php/Task/category.html
[ info ] www.make.com/make.php/Task/category.html [运行时间：0.081798s][吞吐率：12.23req/s] [内存消耗：2,178.76kb] [文件加载：52]
[ sql ] [ DB ] CONNECT:[ UseTime:0.001084s ] mysql:host=127.0.0.1;port=3306;dbname=tk_make;charset=utf8
[ sql ] [ SQL ] SHOW COLUMNS FROM `wld_auth_group_access` [ RunTime:0.020310s ]
[ sql ] [ SQL ] SELECT `AuthGroupAccess`.`uid`,`AuthGroupAccess`.`group_id`,`AuthGroup`.`title`,`AuthGroup`.`rules` FROM `wld_auth_group_access` `AuthGroupAccess` LEFT JOIN `wld_auth_group` `AuthGroup` ON `AuthGroupAccess`.`group_id`=`AuthGroup`.`id` WHERE  (  AuthGroupAccess.uid='1' and AuthGroup.status='1' ) [ RunTime:0.000345s ]
[ sql ] [ SQL ] SHOW COLUMNS FROM `wld_auth_rule` [ RunTime:0.011612s ]
[ sql ] [ SQL ] SELECT `condition`,`name` FROM `wld_auth_rule` WHERE  `id` IN (1,2,3,4,5,6,7,8,9,13,27,14,15,16,17,18,19,28,20,21,22,23,24,25,26,29,10,11,12,30)  AND `status` = 1 [ RunTime:0.000486s ]
---------------------------------------------------------------
[ 2019-08-01T23:32:16+08:00 ] 127.0.0.1 GET /make.php/task/getTaskCategoryListData.html?startTime=&endTime=&keywords=&limit=15&pageIndex=1&_=1564673536024
[ info ] www.make.com/make.php/task/getTaskCategoryListData.html?startTime=&endTime=&keywords=&limit=15&pageIndex=1&_=1564673536024 [运行时间：0.086061s][吞吐率：11.62req/s] [内存消耗：2,414.12kb] [文件加载：56]
[ sql ] [ DB ] CONNECT:[ UseTime:0.001066s ] mysql:host=127.0.0.1;port=3306;dbname=tk_make;charset=utf8
[ sql ] [ SQL ] SHOW COLUMNS FROM `wld_auth_group_access` [ RunTime:0.012727s ]
[ sql ] [ SQL ] SELECT `AuthGroupAccess`.`uid`,`AuthGroupAccess`.`group_id`,`AuthGroup`.`title`,`AuthGroup`.`rules` FROM `wld_auth_group_access` `AuthGroupAccess` LEFT JOIN `wld_auth_group` `AuthGroup` ON `AuthGroupAccess`.`group_id`=`AuthGroup`.`id` WHERE  (  AuthGroupAccess.uid='1' and AuthGroup.status='1' ) [ RunTime:0.000350s ]
[ sql ] [ SQL ] SHOW COLUMNS FROM `wld_auth_rule` [ RunTime:0.011417s ]
[ sql ] [ SQL ] SELECT `condition`,`name` FROM `wld_auth_rule` WHERE  `id` IN (1,2,3,4,5,6,7,8,9,13,27,14,15,16,17,18,19,28,20,21,22,23,24,25,26,29,10,11,12,30)  AND `status` = 1 [ RunTime:0.001109s ]
[ sql ] [ SQL ] SHOW COLUMNS FROM `wld_task_classify` [ RunTime:0.012317s ]
[ sql ] [ SQL ] SELECT * FROM `wld_task_classify` ORDER BY `task_cid` DESC LIMIT 0,15 [ RunTime:0.000856s ]
[ sql ] [ SQL ] SELECT COUNT(*) AS tp_count FROM `wld_task_classify` LIMIT 1 [ RunTime:0.000416s ]
---------------------------------------------------------------
[ 2019-08-01T23:32:30+08:00 ] 127.0.0.1 GET /make.php/Task/add.html
[ info ] www.make.com/make.php/Task/add.html [运行时间：0.085464s][吞吐率：11.70req/s] [内存消耗：2,447.86kb] [文件加载：56]
[ sql ] [ DB ] CONNECT:[ UseTime:0.001021s ] mysql:host=127.0.0.1;port=3306;dbname=tk_make;charset=utf8
[ sql ] [ SQL ] SHOW COLUMNS FROM `wld_auth_group_access` [ RunTime:0.019748s ]
[ sql ] [ SQL ] SELECT `AuthGroupAccess`.`uid`,`AuthGroupAccess`.`group_id`,`AuthGroup`.`title`,`AuthGroup`.`rules` FROM `wld_auth_group_access` `AuthGroupAccess` LEFT JOIN `wld_auth_group` `AuthGroup` ON `AuthGroupAccess`.`group_id`=`AuthGroup`.`id` WHERE  (  AuthGroupAccess.uid='1' and AuthGroup.status='1' ) [ RunTime:0.000465s ]
[ sql ] [ SQL ] SHOW COLUMNS FROM `wld_auth_rule` [ RunTime:0.010013s ]
[ sql ] [ SQL ] SELECT `condition`,`name` FROM `wld_auth_rule` WHERE  `id` IN (1,2,3,4,5,6,7,8,9,13,27,14,15,16,17,18,19,28,20,21,22,23,24,25,26,29,10,11,12,30)  AND `status` = 1 [ RunTime:0.000481s ]
[ sql ] [ SQL ] SHOW COLUMNS FROM `wld_task_classify` [ RunTime:0.009989s ]
[ sql ] [ SQL ] SELECT `task_cid`,`name` FROM `wld_task_classify` [ RunTime:0.000391s ]
---------------------------------------------------------------
[ 2019-08-01T23:39:09+08:00 ] 127.0.0.1 GET /make.php/Task/index.html
[ info ] www.make.com/make.php/Task/index.html [运行时间：0.102939s][吞吐率：9.71req/s] [内存消耗：2,422.93kb] [文件加载：56]
[ sql ] [ DB ] CONNECT:[ UseTime:0.011308s ] mysql:host=127.0.0.1;port=3306;dbname=tk_make;charset=utf8
[ sql ] [ SQL ] SHOW COLUMNS FROM `wld_auth_group_access` [ RunTime:0.019967s ]
[ sql ] [ SQL ] SELECT `AuthGroupAccess`.`uid`,`AuthGroupAccess`.`group_id`,`AuthGroup`.`title`,`AuthGroup`.`rules` FROM `wld_auth_group_access` `AuthGroupAccess` LEFT JOIN `wld_auth_group` `AuthGroup` ON `AuthGroupAccess`.`group_id`=`AuthGroup`.`id` WHERE  (  AuthGroupAccess.uid='1' and AuthGroup.status='1' ) [ RunTime:0.000897s ]
[ sql ] [ SQL ] SHOW COLUMNS FROM `wld_auth_rule` [ RunTime:0.010280s ]
[ sql ] [ SQL ] SELECT `condition`,`name` FROM `wld_auth_rule` WHERE  `id` IN (1,2,3,4,5,6,7,8,9,13,27,14,15,16,17,18,19,28,20,21,22,23,24,25,26,29,10,11,12,30)  AND `status` = 1 [ RunTime:0.000504s ]
[ sql ] [ SQL ] SHOW COLUMNS FROM `wld_task_classify` [ RunTime:0.010278s ]
[ sql ] [ SQL ] SELECT `task_cid`,`name` FROM `wld_task_classify` [ RunTime:0.000367s ]
---------------------------------------------------------------
[ 2019-08-01T23:39:09+08:00 ] 127.0.0.1 GET /make.php/task/getIndexData.html?startTime=&endTime=&keywords=&userLevel=0&cid=0&limit=15&pageIndex=1&_=1564673949313
[ info ] www.make.com/make.php/task/getIndexData.html?startTime=&endTime=&keywords=&userLevel=0&cid=0&limit=15&pageIndex=1&_=1564673949313 [运行时间：0.102737s][吞吐率：9.73req/s] [内存消耗：2,448.64kb] [文件加载：57]
[ sql ] [ DB ] CONNECT:[ UseTime:0.011269s ] mysql:host=127.0.0.1;port=3306;dbname=tk_make;charset=utf8
[ sql ] [ SQL ] SHOW COLUMNS FROM `wld_auth_group_access` [ RunTime:0.011358s ]
[ sql ] [ SQL ] SELECT `AuthGroupAccess`.`uid`,`AuthGroupAccess`.`group_id`,`AuthGroup`.`title`,`AuthGroup`.`rules` FROM `wld_auth_group_access` `AuthGroupAccess` LEFT JOIN `wld_auth_group` `AuthGroup` ON `AuthGroupAccess`.`group_id`=`AuthGroup`.`id` WHERE  (  AuthGroupAccess.uid='1' and AuthGroup.status='1' ) [ RunTime:0.000418s ]
[ sql ] [ SQL ] SHOW COLUMNS FROM `wld_auth_rule` [ RunTime:0.010161s ]
[ sql ] [ SQL ] SELECT `condition`,`name` FROM `wld_auth_rule` WHERE  `id` IN (1,2,3,4,5,6,7,8,9,13,27,14,15,16,17,18,19,28,20,21,22,23,24,25,26,29,10,11,12,30)  AND `status` = 1 [ RunTime:0.000383s ]
[ sql ] [ SQL ] SHOW COLUMNS FROM `wld_task` [ RunTime:0.012367s ]
[ sql ] [ SQL ] SELECT * FROM `wld_task` ORDER BY `task_id` DESC LIMIT 0,15 [ RunTime:0.000475s ]
[ sql ] [ SQL ] SHOW COLUMNS FROM `wld_task_classify` [ RunTime:0.012642s ]
[ sql ] [ SQL ] SELECT `task_cid`,`name` FROM `wld_task_classify` WHERE  `task_cid` IN (4,3,2) [ RunTime:0.000316s ]
[ sql ] [ SQL ] SELECT COUNT(*) AS tp_count FROM `wld_task` LIMIT 1 [ RunTime:0.000287s ]
---------------------------------------------------------------
[ 2019-08-01T23:41:03+08:00 ] 127.0.0.1 GET /make.php/Task/category.html
[ info ] www.make.com/make.php/Task/category.html [运行时间：0.080630s][吞吐率：12.40req/s] [内存消耗：2,178.76kb] [文件加载：52]
[ sql ] [ DB ] CONNECT:[ UseTime:0.011527s ] mysql:host=127.0.0.1;port=3306;dbname=tk_make;charset=utf8
[ sql ] [ SQL ] SHOW COLUMNS FROM `wld_auth_group_access` [ RunTime:0.009733s ]
[ sql ] [ SQL ] SELECT `AuthGroupAccess`.`uid`,`AuthGroupAccess`.`group_id`,`AuthGroup`.`title`,`AuthGroup`.`rules` FROM `wld_auth_group_access` `AuthGroupAccess` LEFT JOIN `wld_auth_group` `AuthGroup` ON `AuthGroupAccess`.`group_id`=`AuthGroup`.`id` WHERE  (  AuthGroupAccess.uid='1' and AuthGroup.status='1' ) [ RunTime:0.000461s ]
[ sql ] [ SQL ] SHOW COLUMNS FROM `wld_auth_rule` [ RunTime:0.009743s ]
[ sql ] [ SQL ] SELECT `condition`,`name` FROM `wld_auth_rule` WHERE  `id` IN (1,2,3,4,5,6,7,8,9,13,27,14,15,16,17,18,19,28,20,21,22,23,24,25,26,29,10,11,12,30)  AND `status` = 1 [ RunTime:0.000353s ]
---------------------------------------------------------------
[ 2019-08-01T23:41:03+08:00 ] 127.0.0.1 GET /make.php/task/getTaskCategoryListData.html?startTime=&endTime=&keywords=&limit=15&pageIndex=1&_=1564674063874
[ info ] www.make.com/make.php/task/getTaskCategoryListData.html?startTime=&endTime=&keywords=&limit=15&pageIndex=1&_=1564674063874 [运行时间：0.075880s][吞吐率：13.18req/s] [内存消耗：2,414.12kb] [文件加载：56]
[ sql ] [ DB ] CONNECT:[ UseTime:0.000992s ] mysql:host=127.0.0.1;port=3306;dbname=tk_make;charset=utf8
[ sql ] [ SQL ] SHOW COLUMNS FROM `wld_auth_group_access` [ RunTime:0.011437s ]
[ sql ] [ SQL ] SELECT `AuthGroupAccess`.`uid`,`AuthGroupAccess`.`group_id`,`AuthGroup`.`title`,`AuthGroup`.`rules` FROM `wld_auth_group_access` `AuthGroupAccess` LEFT JOIN `wld_auth_group` `AuthGroup` ON `AuthGroupAccess`.`group_id`=`AuthGroup`.`id` WHERE  (  AuthGroupAccess.uid='1' and AuthGroup.status='1' ) [ RunTime:0.000437s ]
[ sql ] [ SQL ] SHOW COLUMNS FROM `wld_auth_rule` [ RunTime:0.011676s ]
[ sql ] [ SQL ] SELECT `condition`,`name` FROM `wld_auth_rule` WHERE  `id` IN (1,2,3,4,5,6,7,8,9,13,27,14,15,16,17,18,19,28,20,21,22,23,24,25,26,29,10,11,12,30)  AND `status` = 1 [ RunTime:0.000471s ]
[ sql ] [ SQL ] SHOW COLUMNS FROM `wld_task_classify` [ RunTime:0.010915s ]
[ sql ] [ SQL ] SELECT * FROM `wld_task_classify` ORDER BY `task_cid` DESC LIMIT 0,15 [ RunTime:0.000741s ]
[ sql ] [ SQL ] SELECT COUNT(*) AS tp_count FROM `wld_task_classify` LIMIT 1 [ RunTime:0.000249s ]
---------------------------------------------------------------
[ 2019-08-01T23:44:38+08:00 ] 127.0.0.1 GET /make.php/Task/category.html
[ info ] www.make.com/make.php/Task/category.html [运行时间：0.093171s][吞吐率：10.73req/s] [内存消耗：2,177.43kb] [文件加载：52]
[ sql ] [ DB ] CONNECT:[ UseTime:0.011327s ] mysql:host=127.0.0.1;port=3306;dbname=tk_make;charset=utf8
[ sql ] [ SQL ] SHOW COLUMNS FROM `wld_auth_group_access` [ RunTime:0.019337s ]
[ sql ] [ SQL ] SELECT `AuthGroupAccess`.`uid`,`AuthGroupAccess`.`group_id`,`AuthGroup`.`title`,`AuthGroup`.`rules` FROM `wld_auth_group_access` `AuthGroupAccess` LEFT JOIN `wld_auth_group` `AuthGroup` ON `AuthGroupAccess`.`group_id`=`AuthGroup`.`id` WHERE  (  AuthGroupAccess.uid='1' and AuthGroup.status='1' ) [ RunTime:0.000472s ]
[ sql ] [ SQL ] SHOW COLUMNS FROM `wld_auth_rule` [ RunTime:0.010466s ]
[ sql ] [ SQL ] SELECT `condition`,`name` FROM `wld_auth_rule` WHERE  `id` IN (1,2,3,4,5,6,7,8,9,13,27,14,15,16,17,18,19,28,20,21,22,23,24,25,26,29,10,11,12,30)  AND `status` = 1 [ RunTime:0.000495s ]
---------------------------------------------------------------
[ 2019-08-01T23:44:38+08:00 ] 127.0.0.1 GET /make.php/task/getTaskCategoryListData.html?startTime=&endTime=&keywords=&limit=15&pageIndex=1&_=1564674278710
[ info ] www.make.com/make.php/task/getTaskCategoryListData.html?startTime=&endTime=&keywords=&limit=15&pageIndex=1&_=1564674278710 [运行时间：0.085789s][吞吐率：11.66req/s] [内存消耗：2,412.79kb] [文件加载：56]
[ sql ] [ DB ] CONNECT:[ UseTime:0.011045s ] mysql:host=127.0.0.1;port=3306;dbname=tk_make;charset=utf8
[ sql ] [ SQL ] SHOW COLUMNS FROM `wld_auth_group_access` [ RunTime:0.010533s ]
[ sql ] [ SQL ] SELECT `AuthGroupAccess`.`uid`,`AuthGroupAccess`.`group_id`,`AuthGroup`.`title`,`AuthGroup`.`rules` FROM `wld_auth_group_access` `AuthGroupAccess` LEFT JOIN `wld_auth_group` `AuthGroup` ON `AuthGroupAccess`.`group_id`=`AuthGroup`.`id` WHERE  (  AuthGroupAccess.uid='1' and AuthGroup.status='1' ) [ RunTime:0.000361s ]
[ sql ] [ SQL ] SHOW COLUMNS FROM `wld_auth_rule` [ RunTime:0.011155s ]
[ sql ] [ SQL ] SELECT `condition`,`name` FROM `wld_auth_rule` WHERE  `id` IN (1,2,3,4,5,6,7,8,9,13,27,14,15,16,17,18,19,28,20,21,22,23,24,25,26,29,10,11,12,30)  AND `status` = 1 [ RunTime:0.000506s ]
[ sql ] [ SQL ] SHOW COLUMNS FROM `wld_task_classify` [ RunTime:0.011499s ]
[ sql ] [ SQL ] SELECT * FROM `wld_task_classify` ORDER BY `task_cid` DESC LIMIT 0,15 [ RunTime:0.000365s ]
[ sql ] [ SQL ] SELECT COUNT(*) AS tp_count FROM `wld_task_classify` LIMIT 1 [ RunTime:0.000319s ]
---------------------------------------------------------------
[ 2019-08-01T23:44:40+08:00 ] 127.0.0.1 GET /make.php/Task/add.html
[ info ] www.make.com/make.php/Task/add.html [运行时间：0.081665s][吞吐率：12.25req/s] [内存消耗：2,466.95kb] [文件加载：59]
[ error ] [8]未定义数组索引: task_cid[C:\php\PHPTutorial\WWW\object\diandong\home\wwwroot\make\runtime\temp\391de1563f99a097ec86dd5ccc91f870.php:81]
[ sql ] [ DB ] CONNECT:[ UseTime:0.010614s ] mysql:host=127.0.0.1;port=3306;dbname=tk_make;charset=utf8
[ sql ] [ SQL ] SHOW COLUMNS FROM `wld_auth_group_access` [ RunTime:0.009832s ]
[ sql ] [ SQL ] SELECT `AuthGroupAccess`.`uid`,`AuthGroupAccess`.`group_id`,`AuthGroup`.`title`,`AuthGroup`.`rules` FROM `wld_auth_group_access` `AuthGroupAccess` LEFT JOIN `wld_auth_group` `AuthGroup` ON `AuthGroupAccess`.`group_id`=`AuthGroup`.`id` WHERE  (  AuthGroupAccess.uid='1' and AuthGroup.status='1' ) [ RunTime:0.000401s ]
[ sql ] [ SQL ] SHOW COLUMNS FROM `wld_auth_rule` [ RunTime:0.009934s ]
[ sql ] [ SQL ] SELECT `condition`,`name` FROM `wld_auth_rule` WHERE  `id` IN (1,2,3,4,5,6,7,8,9,13,27,14,15,16,17,18,19,28,20,21,22,23,24,25,26,29,10,11,12,30)  AND `status` = 1 [ RunTime:0.000629s ]
[ sql ] [ SQL ] SHOW COLUMNS FROM `wld_task_classify` [ RunTime:0.009830s ]
[ sql ] [ SQL ] SELECT `task_cid`,`name` FROM `wld_task_classify` [ RunTime:0.000296s ]
---------------------------------------------------------------
[ 2019-08-01T23:45:04+08:00 ] 127.0.0.1 GET /make.php/Task/add.html
[ info ] www.make.com/make.php/Task/add.html [运行时间：0.077410s][吞吐率：12.92req/s] [内存消耗：2,447.91kb] [文件加载：56]
[ sql ] [ DB ] CONNECT:[ UseTime:0.011106s ] mysql:host=127.0.0.1;port=3306;dbname=tk_make;charset=utf8
[ sql ] [ SQL ] SHOW COLUMNS FROM `wld_auth_group_access` [ RunTime:0.009699s ]
[ sql ] [ SQL ] SELECT `AuthGroupAccess`.`uid`,`AuthGroupAccess`.`group_id`,`AuthGroup`.`title`,`AuthGroup`.`rules` FROM `wld_auth_group_access` `AuthGroupAccess` LEFT JOIN `wld_auth_group` `AuthGroup` ON `AuthGroupAccess`.`group_id`=`AuthGroup`.`id` WHERE  (  AuthGroupAccess.uid='1' and AuthGroup.status='1' ) [ RunTime:0.000294s ]
[ sql ] [ SQL ] SHOW COLUMNS FROM `wld_auth_rule` [ RunTime:0.009893s ]
[ sql ] [ SQL ] SELECT `condition`,`name` FROM `wld_auth_rule` WHERE  `id` IN (1,2,3,4,5,6,7,8,9,13,27,14,15,16,17,18,19,28,20,21,22,23,24,25,26,29,10,11,12,30)  AND `status` = 1 [ RunTime:0.000463s ]
[ sql ] [ SQL ] SHOW COLUMNS FROM `wld_task_classify` [ RunTime:0.009880s ]
[ sql ] [ SQL ] SELECT `task_cid`,`name` FROM `wld_task_classify` [ RunTime:0.000289s ]
