---------------------------------------------------------------
[ 2019-08-07T00:25:28+08:00 ] 127.0.0.1 GET /make.php/task/taskCheck
[ info ] www.make.com/make.php/task/taskCheck [运行时间：0.140435s][吞吐率：7.12req/s] [内存消耗：2,463.55kb] [文件加载：55]
[ sql ] [ DB ] CONNECT:[ UseTime:0.001175s ] mysql:host=127.0.0.1;port=3306;dbname=tk_make;charset=utf8
[ sql ] [ SQL ] SHOW COLUMNS FROM `wld_auth_group_access` [ RunTime:0.010999s ]
[ sql ] [ SQL ] SELECT `AuthGroupAccess`.`uid`,`AuthGroupAccess`.`group_id`,`AuthGroup`.`title`,`AuthGroup`.`rules` FROM `wld_auth_group_access` `AuthGroupAccess` LEFT JOIN `wld_auth_group` `AuthGroup` ON `AuthGroupAccess`.`group_id`=`AuthGroup`.`id` WHERE  (  AuthGroupAccess.uid='1' and AuthGroup.status='1' ) [ RunTime:0.000882s ]
[ sql ] [ SQL ] SHOW COLUMNS FROM `wld_auth_rule` [ RunTime:0.011734s ]
[ sql ] [ SQL ] SELECT `condition`,`name` FROM `wld_auth_rule` WHERE  `id` IN (1,2,3,4,5,6,7,8,9,13,27,14,15,16,17,18,19,28,20,21,22,23,24,25,26,29,10,11,12,30)  AND `status` = 1 [ RunTime:0.000677s ]
[ sql ] [ SQL ] SHOW COLUMNS FROM `wld_send_task_log` [ RunTime:0.010836s ]
[ sql ] [ SQL ] UPDATE `wld_send_task_log`  SET `is_check`=1,`check_time`='2019-08-07 00:25:28',`check_admin_id`=355,`check_admin_name`='admin'  WHERE  `id` = 353 [ RunTime:0.000619s ]
[ sql ] [ SQL ] SELECT `task_id`,`task_money`,`uid` FROM `wld_send_task_log` WHERE  `id` = 353 LIMIT 1 [ RunTime:0.000384s ]
[ sql ] [ SQL ] SHOW COLUMNS FROM `wld_member` [ RunTime:0.013887s ]
[ sql ] [ SQL ] SELECT `uid`,`total_money`,`task_money`,`member_class`,`parent_level_1`,`parent_level_2`,`parent_level_3`,`invite_uid` FROM `wld_member` WHERE  `uid` = 374 LIMIT 1 [ RunTime:0.000278s ]
[ sql ] [ SQL ] UPDATE `wld_member`  SET `task_money`=100,`total_money`=100  WHERE  `uid` = 374 [ RunTime:0.000186s ]
[ sql ] [ SQL ] SHOW COLUMNS FROM `wld_earnings` [ RunTime:0.010575s ]
[ sql ] [ SQL ] UPDATE `wld_earnings`  SET `task_total_money`=`task_total_money`+100  WHERE  `send_id` = 666 [ RunTime:0.000321s ]
[ sql ] [ SQL ] SHOW COLUMNS FROM `wld_allot_log` [ RunTime:0.010819s ]
[ sql ] [ SQL ] SELECT * FROM `wld_allot_log` WHERE  `user_level` = 1  AND `charge_type` = 2 LIMIT 1 [ RunTime:0.000394s ]
[ sql ] [ SQL ] UPDATE `wld_member`  SET `total_money`=`total_money`+50  WHERE  `uid` = 105 [ RunTime:0.000213s ]
[ sql ] [ SQL ] UPDATE `wld_member`  SET `task_money`=`task_money`+50  WHERE  `uid` = 105 [ RunTime:0.000215s ]
[ sql ] [ SQL ] UPDATE `wld_member`  SET `total_money`=`total_money`+20  WHERE  `uid` = 105 [ RunTime:0.000144s ]
[ sql ] [ SQL ] UPDATE `wld_member`  SET `task_money`=`task_money`+20  WHERE  `uid` = 105 [ RunTime:0.000163s ]
[ sql ] [ SQL ] SELECT `uid`,`parent_level_1`,`parent_level_2`,`parent_level_3`,`invite_uid` FROM `wld_member` WHERE  `uid` = 83  AND `member_class` = 4 LIMIT 1 [ RunTime:0.000224s ]
---------------------------------------------------------------
[ 2019-08-07T00:25:48+08:00 ] 127.0.0.1 GET /make.php/task/taskCheck
[ info ] www.make.com/make.php/task/taskCheck [运行时间：0.138236s][吞吐率：7.23req/s] [内存消耗：2,463.57kb] [文件加载：55]
[ sql ] [ DB ] CONNECT:[ UseTime:0.012780s ] mysql:host=127.0.0.1;port=3306;dbname=tk_make;charset=utf8
[ sql ] [ SQL ] SHOW COLUMNS FROM `wld_auth_group_access` [ RunTime:0.009766s ]
[ sql ] [ SQL ] SELECT `AuthGroupAccess`.`uid`,`AuthGroupAccess`.`group_id`,`AuthGroup`.`title`,`AuthGroup`.`rules` FROM `wld_auth_group_access` `AuthGroupAccess` LEFT JOIN `wld_auth_group` `AuthGroup` ON `AuthGroupAccess`.`group_id`=`AuthGroup`.`id` WHERE  (  AuthGroupAccess.uid='1' and AuthGroup.status='1' ) [ RunTime:0.000392s ]
[ sql ] [ SQL ] SHOW COLUMNS FROM `wld_auth_rule` [ RunTime:0.010872s ]
[ sql ] [ SQL ] SELECT `condition`,`name` FROM `wld_auth_rule` WHERE  `id` IN (1,2,3,4,5,6,7,8,9,13,27,14,15,16,17,18,19,28,20,21,22,23,24,25,26,29,10,11,12,30)  AND `status` = 1 [ RunTime:0.000404s ]
[ sql ] [ SQL ] SHOW COLUMNS FROM `wld_send_task_log` [ RunTime:0.011171s ]
[ sql ] [ SQL ] UPDATE `wld_send_task_log`  SET `is_check`=1,`check_time`='2019-08-07 00:25:48',`check_admin_id`=355,`check_admin_name`='admin'  WHERE  `id` = 353 [ RunTime:0.000370s ]
[ sql ] [ SQL ] SELECT `task_id`,`task_money`,`uid` FROM `wld_send_task_log` WHERE  `id` = 353 LIMIT 1 [ RunTime:0.000300s ]
[ sql ] [ SQL ] SHOW COLUMNS FROM `wld_member` [ RunTime:0.010632s ]
[ sql ] [ SQL ] SELECT `uid`,`total_money`,`task_money`,`member_class`,`parent_level_1`,`parent_level_2`,`parent_level_3`,`invite_uid` FROM `wld_member` WHERE  `uid` = 374 LIMIT 1 [ RunTime:0.000391s ]
[ sql ] [ SQL ] UPDATE `wld_member`  SET `task_money`=100,`total_money`=100  WHERE  `uid` = 374 [ RunTime:0.000349s ]
[ sql ] [ SQL ] SHOW COLUMNS FROM `wld_earnings` [ RunTime:0.009649s ]
[ sql ] [ SQL ] UPDATE `wld_earnings`  SET `task_total_money`=`task_total_money`+100  WHERE  `send_id` = 666 [ RunTime:0.000386s ]
[ sql ] [ SQL ] SHOW COLUMNS FROM `wld_allot_log` [ RunTime:0.009882s ]
[ sql ] [ SQL ] SELECT * FROM `wld_allot_log` WHERE  `user_level` = 1  AND `charge_type` = 2 LIMIT 1 [ RunTime:0.000415s ]
[ sql ] [ SQL ] UPDATE `wld_member`  SET `total_money`=`total_money`+50  WHERE  `uid` = 105 [ RunTime:0.000360s ]
[ sql ] [ SQL ] UPDATE `wld_member`  SET `task_money`=`task_money`+50  WHERE  `uid` = 105 [ RunTime:0.000345s ]
[ sql ] [ SQL ] UPDATE `wld_member`  SET `total_money`=`total_money`+20  WHERE  `uid` = 105 [ RunTime:0.000266s ]
[ sql ] [ SQL ] UPDATE `wld_member`  SET `task_money`=`task_money`+20  WHERE  `uid` = 105 [ RunTime:0.000342s ]
[ sql ] [ SQL ] SELECT `uid`,`parent_level_1`,`parent_level_2`,`parent_level_3`,`invite_uid` FROM `wld_member` WHERE  `uid` = 83  AND `member_class` = 4 LIMIT 1 [ RunTime:0.000302s ]
---------------------------------------------------------------
[ 2019-08-07T00:29:29+08:00 ] 127.0.0.1 GET /make.php/task/taskCheck
[ info ] www.make.com/make.php/task/taskCheck [运行时间：0.140185s][吞吐率：7.13req/s] [内存消耗：2,463.60kb] [文件加载：55]
[ sql ] [ DB ] CONNECT:[ UseTime:0.012605s ] mysql:host=127.0.0.1;port=3306;dbname=tk_make;charset=utf8
[ sql ] [ SQL ] SHOW COLUMNS FROM `wld_auth_group_access` [ RunTime:0.016886s ]
[ sql ] [ SQL ] SELECT `AuthGroupAccess`.`uid`,`AuthGroupAccess`.`group_id`,`AuthGroup`.`title`,`AuthGroup`.`rules` FROM `wld_auth_group_access` `AuthGroupAccess` LEFT JOIN `wld_auth_group` `AuthGroup` ON `AuthGroupAccess`.`group_id`=`AuthGroup`.`id` WHERE  (  AuthGroupAccess.uid='1' and AuthGroup.status='1' ) [ RunTime:0.000374s ]
[ sql ] [ SQL ] SHOW COLUMNS FROM `wld_auth_rule` [ RunTime:0.011729s ]
[ sql ] [ SQL ] SELECT `condition`,`name` FROM `wld_auth_rule` WHERE  `id` IN (1,2,3,4,5,6,7,8,9,13,27,14,15,16,17,18,19,28,20,21,22,23,24,25,26,29,10,11,12,30)  AND `status` = 1 [ RunTime:0.000364s ]
[ sql ] [ SQL ] SHOW COLUMNS FROM `wld_send_task_log` [ RunTime:0.010667s ]
[ sql ] [ SQL ] UPDATE `wld_send_task_log`  SET `is_check`=1,`check_time`='2019-08-07 00:29:29',`check_admin_id`=355,`check_admin_name`='admin'  WHERE  `id` = 353 [ RunTime:0.000358s ]
[ sql ] [ SQL ] SELECT `task_id`,`task_money`,`uid` FROM `wld_send_task_log` WHERE  `id` = 353 LIMIT 1 [ RunTime:0.000267s ]
[ sql ] [ SQL ] SHOW COLUMNS FROM `wld_member` [ RunTime:0.010713s ]
[ sql ] [ SQL ] SELECT `uid`,`total_money`,`task_money`,`member_class`,`parent_level_1`,`parent_level_2`,`parent_level_3`,`invite_uid` FROM `wld_member` WHERE  `uid` = 374 LIMIT 1 [ RunTime:0.000352s ]
[ sql ] [ SQL ] UPDATE `wld_member`  SET `task_money`=100,`total_money`=100  WHERE  `uid` = 374 [ RunTime:0.000267s ]
[ sql ] [ SQL ] SHOW COLUMNS FROM `wld_earnings` [ RunTime:0.010055s ]
[ sql ] [ SQL ] UPDATE `wld_earnings`  SET `task_total_money`=`task_total_money`+100  WHERE  `send_id` = 666 [ RunTime:0.000379s ]
[ sql ] [ SQL ] SHOW COLUMNS FROM `wld_allot_log` [ RunTime:0.010561s ]
[ sql ] [ SQL ] SELECT * FROM `wld_allot_log` WHERE  `user_level` = 1  AND `charge_type` = 2 LIMIT 1 [ RunTime:0.000375s ]
[ sql ] [ SQL ] UPDATE `wld_member`  SET `total_money`=`total_money`+50  WHERE  `uid` = 105 [ RunTime:0.000279s ]
[ sql ] [ SQL ] UPDATE `wld_member`  SET `task_money`=`task_money`+50  WHERE  `uid` = 105 [ RunTime:0.000270s ]
[ sql ] [ SQL ] UPDATE `wld_member`  SET `total_money`=`total_money`+20  WHERE  `uid` = 105 [ RunTime:0.000270s ]
[ sql ] [ SQL ] UPDATE `wld_member`  SET `task_money`=`task_money`+20  WHERE  `uid` = 105 [ RunTime:0.000263s ]
[ sql ] [ SQL ] SELECT `uid`,`parent_level_1`,`parent_level_2`,`parent_level_3`,`invite_uid` FROM `wld_member` WHERE  `uid` = 83  AND `member_class` = 4 LIMIT 1 [ RunTime:0.000269s ]
---------------------------------------------------------------
[ 2019-08-07T00:29:38+08:00 ] 127.0.0.1 GET /make.php/task/taskCheck
[ info ] www.make.com/make.php/task/taskCheck [运行时间：0.137759s][吞吐率：7.26req/s] [内存消耗：2,463.98kb] [文件加载：55]
[ sql ] [ DB ] CONNECT:[ UseTime:0.011235s ] mysql:host=127.0.0.1;port=3306;dbname=tk_make;charset=utf8
[ sql ] [ SQL ] SHOW COLUMNS FROM `wld_auth_group_access` [ RunTime:0.025625s ]
[ sql ] [ SQL ] SELECT `AuthGroupAccess`.`uid`,`AuthGroupAccess`.`group_id`,`AuthGroup`.`title`,`AuthGroup`.`rules` FROM `wld_auth_group_access` `AuthGroupAccess` LEFT JOIN `wld_auth_group` `AuthGroup` ON `AuthGroupAccess`.`group_id`=`AuthGroup`.`id` WHERE  (  AuthGroupAccess.uid='1' and AuthGroup.status='1' ) [ RunTime:0.000406s ]
[ sql ] [ SQL ] SHOW COLUMNS FROM `wld_auth_rule` [ RunTime:0.011309s ]
[ sql ] [ SQL ] SELECT `condition`,`name` FROM `wld_auth_rule` WHERE  `id` IN (1,2,3,4,5,6,7,8,9,13,27,14,15,16,17,18,19,28,20,21,22,23,24,25,26,29,10,11,12,30)  AND `status` = 1 [ RunTime:0.000452s ]
[ sql ] [ SQL ] SHOW COLUMNS FROM `wld_send_task_log` [ RunTime:0.010502s ]
[ sql ] [ SQL ] UPDATE `wld_send_task_log`  SET `is_check`=1,`check_time`='2019-08-07 00:29:38',`check_admin_id`=355,`check_admin_name`='admin'  WHERE  `id` = 353 [ RunTime:0.000671s ]
[ sql ] [ SQL ] SELECT `task_id`,`task_money`,`uid` FROM `wld_send_task_log` WHERE  `id` = 353 LIMIT 1 [ RunTime:0.000377s ]
[ sql ] [ SQL ] SHOW COLUMNS FROM `wld_member` [ RunTime:0.010206s ]
[ sql ] [ SQL ] SELECT `uid`,`total_money`,`task_money`,`member_class`,`parent_level_1`,`parent_level_2`,`parent_level_3`,`invite_uid` FROM `wld_member` WHERE  `uid` = 374 LIMIT 1 [ RunTime:0.000361s ]
[ sql ] [ SQL ] UPDATE `wld_member`  SET `task_money`=100,`total_money`=100  WHERE  `uid` = 374 [ RunTime:0.000291s ]
[ sql ] [ SQL ] SHOW COLUMNS FROM `wld_earnings` [ RunTime:0.010714s ]
[ sql ] [ SQL ] UPDATE `wld_earnings`  SET `task_total_money`=`task_total_money`+100  WHERE  `send_id` = 666 [ RunTime:0.000316s ]
[ sql ] [ SQL ] SHOW COLUMNS FROM `wld_allot_log` [ RunTime:0.010146s ]
[ sql ] [ SQL ] SELECT * FROM `wld_allot_log` WHERE  `user_level` = 1  AND `charge_type` = 2 LIMIT 1 [ RunTime:0.000308s ]
[ sql ] [ SQL ] UPDATE `wld_member`  SET `total_money`=`total_money`+50  WHERE  `uid` = 105 [ RunTime:0.000217s ]
[ sql ] [ SQL ] UPDATE `wld_member`  SET `task_money`=`task_money`+50  WHERE  `uid` = 105 [ RunTime:0.000207s ]
[ sql ] [ SQL ] UPDATE `wld_member`  SET `total_money`=`total_money`+20  WHERE  `uid` = 105 [ RunTime:0.000205s ]
[ sql ] [ SQL ] UPDATE `wld_member`  SET `task_money`=`task_money`+20  WHERE  `uid` = 105 [ RunTime:0.000207s ]
[ sql ] [ SQL ] SELECT `uid`,`parent_level_1`,`parent_level_2`,`parent_level_3`,`invite_uid` FROM `wld_member` WHERE  `uid` = 62  AND `member_class` = 4 LIMIT 1 [ RunTime:0.000191s ]
---------------------------------------------------------------
[ 2019-08-07T00:30:11+08:00 ] 127.0.0.1 GET /make.php/task/taskCheck
[ info ] www.make.com/make.php/task/taskCheck [运行时间：0.133891s][吞吐率：7.47req/s] [内存消耗：2,479.89kb] [文件加载：60]
[ error ] [2]PDO::lastInsertId() expects parameter 1 to be string, array given[C:\php\PHPTutorial\WWW\object\diandong\home\wwwroot\make\framework\library\think\db\Connection.php:864]
[ sql ] [ DB ] CONNECT:[ UseTime:0.001025s ] mysql:host=127.0.0.1;port=3306;dbname=tk_make;charset=utf8
[ sql ] [ SQL ] SHOW COLUMNS FROM `wld_auth_group_access` [ RunTime:0.020454s ]
[ sql ] [ SQL ] SELECT `AuthGroupAccess`.`uid`,`AuthGroupAccess`.`group_id`,`AuthGroup`.`title`,`AuthGroup`.`rules` FROM `wld_auth_group_access` `AuthGroupAccess` LEFT JOIN `wld_auth_group` `AuthGroup` ON `AuthGroupAccess`.`group_id`=`AuthGroup`.`id` WHERE  (  AuthGroupAccess.uid='1' and AuthGroup.status='1' ) [ RunTime:0.000431s ]
[ sql ] [ SQL ] SHOW COLUMNS FROM `wld_auth_rule` [ RunTime:0.011200s ]
[ sql ] [ SQL ] SELECT `condition`,`name` FROM `wld_auth_rule` WHERE  `id` IN (1,2,3,4,5,6,7,8,9,13,27,14,15,16,17,18,19,28,20,21,22,23,24,25,26,29,10,11,12,30)  AND `status` = 1 [ RunTime:0.000424s ]
[ sql ] [ SQL ] SHOW COLUMNS FROM `wld_send_task_log` [ RunTime:0.011536s ]
[ sql ] [ SQL ] UPDATE `wld_send_task_log`  SET `is_check`=1,`check_time`='2019-08-07 00:30:11',`check_admin_id`=355,`check_admin_name`='admin'  WHERE  `id` = 353 [ RunTime:0.000481s ]
[ sql ] [ SQL ] SELECT `task_id`,`task_money`,`uid` FROM `wld_send_task_log` WHERE  `id` = 353 LIMIT 1 [ RunTime:0.000322s ]
[ sql ] [ SQL ] SHOW COLUMNS FROM `wld_member` [ RunTime:0.010471s ]
[ sql ] [ SQL ] SELECT `uid`,`total_money`,`task_money`,`member_class`,`parent_level_1`,`parent_level_2`,`parent_level_3`,`invite_uid` FROM `wld_member` WHERE  `uid` = 374 LIMIT 1 [ RunTime:0.000299s ]
[ sql ] [ SQL ] UPDATE `wld_member`  SET `task_money`=100,`total_money`=100  WHERE  `uid` = 374 [ RunTime:0.000221s ]
[ sql ] [ SQL ] SHOW COLUMNS FROM `wld_earnings` [ RunTime:0.009993s ]
[ sql ] [ SQL ] UPDATE `wld_earnings`  SET `task_total_money`=`task_total_money`+100  WHERE  `send_id` = 666 [ RunTime:0.000292s ]
[ sql ] [ SQL ] SHOW COLUMNS FROM `wld_allot_log` [ RunTime:0.010740s ]
[ sql ] [ SQL ] SELECT * FROM `wld_allot_log` WHERE  `user_level` = 1  AND `charge_type` = 2 LIMIT 1 [ RunTime:0.000337s ]
[ sql ] [ SQL ] UPDATE `wld_member`  SET `total_money`=`total_money`+50  WHERE  `uid` = 105 [ RunTime:0.000280s ]
[ sql ] [ SQL ] UPDATE `wld_member`  SET `task_money`=`task_money`+50  WHERE  `uid` = 105 [ RunTime:0.000257s ]
[ sql ] [ SQL ] UPDATE `wld_member`  SET `total_money`=`total_money`+20  WHERE  `uid` = 105 [ RunTime:0.000259s ]
[ sql ] [ SQL ] UPDATE `wld_member`  SET `task_money`=`task_money`+20  WHERE  `uid` = 105 [ RunTime:0.000272s ]
[ sql ] [ SQL ] SELECT `uid`,`parent_level_1`,`parent_level_2`,`parent_level_3`,`invite_uid` FROM `wld_member` WHERE  `uid` = 62  AND `member_class` = 4 LIMIT 1 [ RunTime:0.000276s ]
[ sql ] [ SQL ] UPDATE `wld_member`  SET `total_money`=`total_money`+5  WHERE  `uid` IS NULL [ RunTime:0.000223s ]
[ sql ] [ SQL ] UPDATE `wld_member`  SET `task_money`=`task_money`+3  WHERE  `uid` IS NULL [ RunTime:0.000219s ]
---------------------------------------------------------------
[ 2019-08-07T00:30:32+08:00 ] 127.0.0.1 GET /make.php/task/taskCheck
[ info ] www.make.com/make.php/task/taskCheck [运行时间：0.147903s][吞吐率：6.76req/s] [内存消耗：2,479.89kb] [文件加载：60]
[ error ] [2]PDO::lastInsertId() expects parameter 1 to be string, array given[C:\php\PHPTutorial\WWW\object\diandong\home\wwwroot\make\framework\library\think\db\Connection.php:864]
[ sql ] [ DB ] CONNECT:[ UseTime:0.011076s ] mysql:host=127.0.0.1;port=3306;dbname=tk_make;charset=utf8
[ sql ] [ SQL ] SHOW COLUMNS FROM `wld_auth_group_access` [ RunTime:0.020979s ]
[ sql ] [ SQL ] SELECT `AuthGroupAccess`.`uid`,`AuthGroupAccess`.`group_id`,`AuthGroup`.`title`,`AuthGroup`.`rules` FROM `wld_auth_group_access` `AuthGroupAccess` LEFT JOIN `wld_auth_group` `AuthGroup` ON `AuthGroupAccess`.`group_id`=`AuthGroup`.`id` WHERE  (  AuthGroupAccess.uid='1' and AuthGroup.status='1' ) [ RunTime:0.000468s ]
[ sql ] [ SQL ] SHOW COLUMNS FROM `wld_auth_rule` [ RunTime:0.011489s ]
[ sql ] [ SQL ] SELECT `condition`,`name` FROM `wld_auth_rule` WHERE  `id` IN (1,2,3,4,5,6,7,8,9,13,27,14,15,16,17,18,19,28,20,21,22,23,24,25,26,29,10,11,12,30)  AND `status` = 1 [ RunTime:0.000422s ]
[ sql ] [ SQL ] SHOW COLUMNS FROM `wld_send_task_log` [ RunTime:0.010754s ]
[ sql ] [ SQL ] UPDATE `wld_send_task_log`  SET `is_check`=1,`check_time`='2019-08-07 00:30:32',`check_admin_id`=355,`check_admin_name`='admin'  WHERE  `id` = 353 [ RunTime:0.000422s ]
[ sql ] [ SQL ] SELECT `task_id`,`task_money`,`uid` FROM `wld_send_task_log` WHERE  `id` = 353 LIMIT 1 [ RunTime:0.000308s ]
[ sql ] [ SQL ] SHOW COLUMNS FROM `wld_member` [ RunTime:0.011632s ]
[ sql ] [ SQL ] SELECT `uid`,`total_money`,`task_money`,`member_class`,`parent_level_1`,`parent_level_2`,`parent_level_3`,`invite_uid` FROM `wld_member` WHERE  `uid` = 374 LIMIT 1 [ RunTime:0.000359s ]
[ sql ] [ SQL ] UPDATE `wld_member`  SET `task_money`=100,`total_money`=100  WHERE  `uid` = 374 [ RunTime:0.000301s ]
[ sql ] [ SQL ] SHOW COLUMNS FROM `wld_earnings` [ RunTime:0.010956s ]
[ sql ] [ SQL ] UPDATE `wld_earnings`  SET `task_total_money`=`task_total_money`+100  WHERE  `send_id` = 666 [ RunTime:0.000311s ]
[ sql ] [ SQL ] SHOW COLUMNS FROM `wld_allot_log` [ RunTime:0.010252s ]
[ sql ] [ SQL ] SELECT * FROM `wld_allot_log` WHERE  `user_level` = 1  AND `charge_type` = 2 LIMIT 1 [ RunTime:0.000393s ]
[ sql ] [ SQL ] UPDATE `wld_member`  SET `total_money`=`total_money`+50  WHERE  `uid` = 105 [ RunTime:0.000311s ]
[ sql ] [ SQL ] UPDATE `wld_member`  SET `task_money`=`task_money`+50  WHERE  `uid` = 105 [ RunTime:0.000235s ]
[ sql ] [ SQL ] UPDATE `wld_member`  SET `total_money`=`total_money`+20  WHERE  `uid` = 105 [ RunTime:0.000249s ]
[ sql ] [ SQL ] UPDATE `wld_member`  SET `task_money`=`task_money`+20  WHERE  `uid` = 105 [ RunTime:0.000207s ]
[ sql ] [ SQL ] SELECT `uid`,`parent_level_1`,`parent_level_2`,`parent_level_3`,`invite_uid` FROM `wld_member` WHERE  `uid` = 62  AND `member_class` = 4 LIMIT 1 [ RunTime:0.000256s ]
[ sql ] [ SQL ] UPDATE `wld_member`  SET `total_money`=`total_money`+5  WHERE  `uid` IS NULL [ RunTime:0.000193s ]
[ sql ] [ SQL ] UPDATE `wld_member`  SET `task_money`=`task_money`+3  WHERE  `uid` IS NULL [ RunTime:0.000185s ]
---------------------------------------------------------------
[ 2019-08-07T00:31:39+08:00 ] 127.0.0.1 GET /make.php/task/taskCheck
[ info ] www.make.com/make.php/task/taskCheck [运行时间：0.143246s][吞吐率：6.98req/s] [内存消耗：2,462.18kb] [文件加载：55]
[ sql ] [ DB ] CONNECT:[ UseTime:0.010919s ] mysql:host=127.0.0.1;port=3306;dbname=tk_make;charset=utf8
[ sql ] [ SQL ] SHOW COLUMNS FROM `wld_auth_group_access` [ RunTime:0.019822s ]
[ sql ] [ SQL ] SELECT `AuthGroupAccess`.`uid`,`AuthGroupAccess`.`group_id`,`AuthGroup`.`title`,`AuthGroup`.`rules` FROM `wld_auth_group_access` `AuthGroupAccess` LEFT JOIN `wld_auth_group` `AuthGroup` ON `AuthGroupAccess`.`group_id`=`AuthGroup`.`id` WHERE  (  AuthGroupAccess.uid='1' and AuthGroup.status='1' ) [ RunTime:0.000358s ]
[ sql ] [ SQL ] SHOW COLUMNS FROM `wld_auth_rule` [ RunTime:0.010217s ]
[ sql ] [ SQL ] SELECT `condition`,`name` FROM `wld_auth_rule` WHERE  `id` IN (1,2,3,4,5,6,7,8,9,13,27,14,15,16,17,18,19,28,20,21,22,23,24,25,26,29,10,11,12,30)  AND `status` = 1 [ RunTime:0.000424s ]
[ sql ] [ SQL ] SHOW COLUMNS FROM `wld_send_task_log` [ RunTime:0.010880s ]
[ sql ] [ SQL ] UPDATE `wld_send_task_log`  SET `is_check`=1,`check_time`='2019-08-07 00:31:39',`check_admin_id`=355,`check_admin_name`='admin'  WHERE  `id` = 353 [ RunTime:0.000375s ]
[ sql ] [ SQL ] SELECT `task_id`,`task_money`,`uid` FROM `wld_send_task_log` WHERE  `id` = 353 LIMIT 1 [ RunTime:0.000306s ]
[ sql ] [ SQL ] SHOW COLUMNS FROM `wld_member` [ RunTime:0.010812s ]
[ sql ] [ SQL ] SELECT `uid`,`total_money`,`task_money`,`member_class`,`parent_level_1`,`parent_level_2`,`parent_level_3`,`invite_uid` FROM `wld_member` WHERE  `uid` = 374 LIMIT 1 [ RunTime:0.000373s ]
[ sql ] [ SQL ] UPDATE `wld_member`  SET `task_money`=100,`total_money`=100  WHERE  `uid` = 374 [ RunTime:0.000289s ]
[ sql ] [ SQL ] SHOW COLUMNS FROM `wld_earnings` [ RunTime:0.010057s ]
[ sql ] [ SQL ] UPDATE `wld_earnings`  SET `task_total_money`=`task_total_money`+100  WHERE  `send_id` = 666 [ RunTime:0.000288s ]
[ sql ] [ SQL ] SHOW COLUMNS FROM `wld_allot_log` [ RunTime:0.010107s ]
[ sql ] [ SQL ] SELECT * FROM `wld_allot_log` WHERE  `user_level` = 1  AND `charge_type` = 2 LIMIT 1 [ RunTime:0.000409s ]
[ sql ] [ SQL ] UPDATE `wld_member`  SET `total_money`=`total_money`+50  WHERE  `uid` = 105 [ RunTime:0.000329s ]
[ sql ] [ SQL ] UPDATE `wld_member`  SET `task_money`=`task_money`+50  WHERE  `uid` = 105 [ RunTime:0.000283s ]
[ sql ] [ SQL ] UPDATE `wld_member`  SET `total_money`=`total_money`+20  WHERE  `uid` = 105 [ RunTime:0.000244s ]
[ sql ] [ SQL ] UPDATE `wld_member`  SET `task_money`=`task_money`+20  WHERE  `uid` = 105 [ RunTime:0.000285s ]
[ sql ] [ SQL ] SELECT `uid`,`invite_uid` FROM `wld_member` WHERE  `uid` = 62  AND `member_class` = 4 LIMIT 1 [ RunTime:0.000298s ]
---------------------------------------------------------------
[ 2019-08-07T00:32:20+08:00 ] 127.0.0.1 GET /make.php/task/taskCheck
[ info ] www.make.com/make.php/task/taskCheck [运行时间：0.131592s][吞吐率：7.60req/s] [内存消耗：2,479.81kb] [文件加载：60]
[ error ] [2]PDO::lastInsertId() expects parameter 1 to be string, array given[C:\php\PHPTutorial\WWW\object\diandong\home\wwwroot\make\framework\library\think\db\Connection.php:864]
[ sql ] [ DB ] CONNECT:[ UseTime:0.000898s ] mysql:host=127.0.0.1;port=3306;dbname=tk_make;charset=utf8
[ sql ] [ SQL ] SHOW COLUMNS FROM `wld_auth_group_access` [ RunTime:0.013819s ]
[ sql ] [ SQL ] SELECT `AuthGroupAccess`.`uid`,`AuthGroupAccess`.`group_id`,`AuthGroup`.`title`,`AuthGroup`.`rules` FROM `wld_auth_group_access` `AuthGroupAccess` LEFT JOIN `wld_auth_group` `AuthGroup` ON `AuthGroupAccess`.`group_id`=`AuthGroup`.`id` WHERE  (  AuthGroupAccess.uid='1' and AuthGroup.status='1' ) [ RunTime:0.000249s ]
[ sql ] [ SQL ] SHOW COLUMNS FROM `wld_auth_rule` [ RunTime:0.011046s ]
[ sql ] [ SQL ] SELECT `condition`,`name` FROM `wld_auth_rule` WHERE  `id` IN (1,2,3,4,5,6,7,8,9,13,27,14,15,16,17,18,19,28,20,21,22,23,24,25,26,29,10,11,12,30)  AND `status` = 1 [ RunTime:0.000358s ]
[ sql ] [ SQL ] SHOW COLUMNS FROM `wld_send_task_log` [ RunTime:0.011768s ]
[ sql ] [ SQL ] UPDATE `wld_send_task_log`  SET `is_check`=1,`check_time`='2019-08-07 00:32:20',`check_admin_id`=355,`check_admin_name`='admin'  WHERE  `id` = 353 [ RunTime:0.000393s ]
[ sql ] [ SQL ] SELECT `task_id`,`task_money`,`uid` FROM `wld_send_task_log` WHERE  `id` = 353 LIMIT 1 [ RunTime:0.000322s ]
[ sql ] [ SQL ] SHOW COLUMNS FROM `wld_member` [ RunTime:0.011592s ]
[ sql ] [ SQL ] SELECT `uid`,`total_money`,`task_money`,`member_class`,`parent_level_1`,`parent_level_2`,`parent_level_3`,`invite_uid` FROM `wld_member` WHERE  `uid` = 374 LIMIT 1 [ RunTime:0.000344s ]
[ sql ] [ SQL ] UPDATE `wld_member`  SET `task_money`=100,`total_money`=100  WHERE  `uid` = 374 [ RunTime:0.000317s ]
[ sql ] [ SQL ] SHOW COLUMNS FROM `wld_earnings` [ RunTime:0.012669s ]
[ sql ] [ SQL ] UPDATE `wld_earnings`  SET `task_total_money`=`task_total_money`+100  WHERE  `send_id` = 666 [ RunTime:0.000337s ]
[ sql ] [ SQL ] SHOW COLUMNS FROM `wld_allot_log` [ RunTime:0.010882s ]
[ sql ] [ SQL ] SELECT * FROM `wld_allot_log` WHERE  `user_level` = 1  AND `charge_type` = 2 LIMIT 1 [ RunTime:0.000369s ]
[ sql ] [ SQL ] UPDATE `wld_member`  SET `total_money`=`total_money`+50  WHERE  `uid` = 105 [ RunTime:0.000277s ]
[ sql ] [ SQL ] UPDATE `wld_member`  SET `task_money`=`task_money`+50  WHERE  `uid` = 105 [ RunTime:0.000303s ]
[ sql ] [ SQL ] UPDATE `wld_member`  SET `total_money`=`total_money`+20  WHERE  `uid` = 105 [ RunTime:0.000233s ]
[ sql ] [ SQL ] UPDATE `wld_member`  SET `task_money`=`task_money`+20  WHERE  `uid` = 105 [ RunTime:0.000352s ]
[ sql ] [ SQL ] SELECT `uid`,`invite_uid` FROM `wld_member` WHERE  `uid` = 62  AND `member_class` = 4 LIMIT 1 [ RunTime:0.000327s ]
[ sql ] [ SQL ] UPDATE `wld_member`  SET `total_money`=`total_money`+5  WHERE  `uid` IS NULL [ RunTime:0.000132s ]
[ sql ] [ SQL ] UPDATE `wld_member`  SET `task_money`=`task_money`+3  WHERE  `uid` IS NULL [ RunTime:0.000278s ]
---------------------------------------------------------------
[ 2019-08-07T00:33:10+08:00 ] 127.0.0.1 GET /make.php/task/taskCheck
[ info ] www.make.com/make.php/task/taskCheck [运行时间：0.134180s][吞吐率：7.45req/s] [内存消耗：2,461.48kb] [文件加载：55]
[ sql ] [ DB ] CONNECT:[ UseTime:0.002719s ] mysql:host=127.0.0.1;port=3306;dbname=tk_make;charset=utf8
[ sql ] [ SQL ] SHOW COLUMNS FROM `wld_auth_group_access` [ RunTime:0.010892s ]
[ sql ] [ SQL ] SELECT `AuthGroupAccess`.`uid`,`AuthGroupAccess`.`group_id`,`AuthGroup`.`title`,`AuthGroup`.`rules` FROM `wld_auth_group_access` `AuthGroupAccess` LEFT JOIN `wld_auth_group` `AuthGroup` ON `AuthGroupAccess`.`group_id`=`AuthGroup`.`id` WHERE  (  AuthGroupAccess.uid='1' and AuthGroup.status='1' ) [ RunTime:0.000392s ]
[ sql ] [ SQL ] SHOW COLUMNS FROM `wld_auth_rule` [ RunTime:0.011599s ]
[ sql ] [ SQL ] SELECT `condition`,`name` FROM `wld_auth_rule` WHERE  `id` IN (1,2,3,4,5,6,7,8,9,13,27,14,15,16,17,18,19,28,20,21,22,23,24,25,26,29,10,11,12,30)  AND `status` = 1 [ RunTime:0.000454s ]
[ sql ] [ SQL ] SHOW COLUMNS FROM `wld_send_task_log` [ RunTime:0.011336s ]
[ sql ] [ SQL ] UPDATE `wld_send_task_log`  SET `is_check`=1,`check_time`='2019-08-07 00:33:10',`check_admin_id`=355,`check_admin_name`='admin'  WHERE  `id` = 353 [ RunTime:0.000314s ]
[ sql ] [ SQL ] SELECT `task_id`,`task_money`,`uid` FROM `wld_send_task_log` WHERE  `id` = 353 LIMIT 1 [ RunTime:0.000313s ]
[ sql ] [ SQL ] SHOW COLUMNS FROM `wld_member` [ RunTime:0.010464s ]
[ sql ] [ SQL ] SELECT `uid`,`total_money`,`task_money`,`member_class`,`parent_level_1`,`parent_level_2`,`parent_level_3`,`invite_uid` FROM `wld_member` WHERE  `uid` = 374 LIMIT 1 [ RunTime:0.000331s ]
[ sql ] [ SQL ] UPDATE `wld_member`  SET `task_money`=100,`total_money`=100  WHERE  `uid` = 374 [ RunTime:0.000281s ]
[ sql ] [ SQL ] SHOW COLUMNS FROM `wld_earnings` [ RunTime:0.010355s ]
[ sql ] [ SQL ] UPDATE `wld_earnings`  SET `task_total_money`=`task_total_money`+100  WHERE  `send_id` = 666 [ RunTime:0.000265s ]
[ sql ] [ SQL ] SHOW COLUMNS FROM `wld_allot_log` [ RunTime:0.010558s ]
[ sql ] [ SQL ] SELECT * FROM `wld_allot_log` WHERE  `user_level` = 1  AND `charge_type` = 2 LIMIT 1 [ RunTime:0.000430s ]
[ sql ] [ SQL ] UPDATE `wld_member`  SET `total_money`=`total_money`+50  WHERE  `uid` = 105 [ RunTime:0.000369s ]
[ sql ] [ SQL ] UPDATE `wld_member`  SET `task_money`=`task_money`+50  WHERE  `uid` = 105 [ RunTime:0.000331s ]
[ sql ] [ SQL ] UPDATE `wld_member`  SET `total_money`=`total_money`+20  WHERE  `uid` = 105 [ RunTime:0.000259s ]
[ sql ] [ SQL ] UPDATE `wld_member`  SET `task_money`=`task_money`+20  WHERE  `uid` = 105 [ RunTime:0.000331s ]
[ sql ] [ SQL ] SELECT `uid`,`invite_uid` FROM `wld_member` WHERE  `uid` = 62  AND `member_class` = 4 LIMIT 1 [ RunTime:0.000332s ]
---------------------------------------------------------------
[ 2019-08-07T00:34:11+08:00 ] 127.0.0.1 GET /make.php/task/taskCheck
[ info ] www.make.com/make.php/task/taskCheck [运行时间：0.089495s][吞吐率：11.17req/s] [内存消耗：2,185.78kb] [文件加载：53]
[ error ] [0]语法解析错误: syntax error, unexpected ',', expecting ';'[C:\php\PHPTutorial\WWW\object\diandong\home\wwwroot\make\application\admin\model\Task.php:461]
[ sql ] [ DB ] CONNECT:[ UseTime:0.001702s ] mysql:host=127.0.0.1;port=3306;dbname=tk_make;charset=utf8
[ sql ] [ SQL ] SHOW COLUMNS FROM `wld_auth_group_access` [ RunTime:0.021115s ]
[ sql ] [ SQL ] SELECT `AuthGroupAccess`.`uid`,`AuthGroupAccess`.`group_id`,`AuthGroup`.`title`,`AuthGroup`.`rules` FROM `wld_auth_group_access` `AuthGroupAccess` LEFT JOIN `wld_auth_group` `AuthGroup` ON `AuthGroupAccess`.`group_id`=`AuthGroup`.`id` WHERE  (  AuthGroupAccess.uid='1' and AuthGroup.status='1' ) [ RunTime:0.000468s ]
[ sql ] [ SQL ] SHOW COLUMNS FROM `wld_auth_rule` [ RunTime:0.009868s ]
[ sql ] [ SQL ] SELECT `condition`,`name` FROM `wld_auth_rule` WHERE  `id` IN (1,2,3,4,5,6,7,8,9,13,27,14,15,16,17,18,19,28,20,21,22,23,24,25,26,29,10,11,12,30)  AND `status` = 1 [ RunTime:0.000745s ]
---------------------------------------------------------------
[ 2019-08-07T00:34:55+08:00 ] 127.0.0.1 GET /make.php/task/taskCheck
[ info ] www.make.com/make.php/task/taskCheck [运行时间：0.133282s][吞吐率：7.50req/s] [内存消耗：2,461.79kb] [文件加载：55]
[ sql ] [ DB ] CONNECT:[ UseTime:0.002047s ] mysql:host=127.0.0.1;port=3306;dbname=tk_make;charset=utf8
[ sql ] [ SQL ] SHOW COLUMNS FROM `wld_auth_group_access` [ RunTime:0.021460s ]
[ sql ] [ SQL ] SELECT `AuthGroupAccess`.`uid`,`AuthGroupAccess`.`group_id`,`AuthGroup`.`title`,`AuthGroup`.`rules` FROM `wld_auth_group_access` `AuthGroupAccess` LEFT JOIN `wld_auth_group` `AuthGroup` ON `AuthGroupAccess`.`group_id`=`AuthGroup`.`id` WHERE  (  AuthGroupAccess.uid='1' and AuthGroup.status='1' ) [ RunTime:0.000299s ]
[ sql ] [ SQL ] SHOW COLUMNS FROM `wld_auth_rule` [ RunTime:0.010726s ]
[ sql ] [ SQL ] SELECT `condition`,`name` FROM `wld_auth_rule` WHERE  `id` IN (1,2,3,4,5,6,7,8,9,13,27,14,15,16,17,18,19,28,20,21,22,23,24,25,26,29,10,11,12,30)  AND `status` = 1 [ RunTime:0.000371s ]
[ sql ] [ SQL ] SHOW COLUMNS FROM `wld_send_task_log` [ RunTime:0.010756s ]
[ sql ] [ SQL ] UPDATE `wld_send_task_log`  SET `is_check`=1,`check_time`='2019-08-07 00:34:55',`check_admin_id`=355,`check_admin_name`='admin'  WHERE  `id` = 353 [ RunTime:0.000410s ]
[ sql ] [ SQL ] SELECT `task_id`,`task_money`,`uid` FROM `wld_send_task_log` WHERE  `id` = 353 LIMIT 1 [ RunTime:0.000278s ]
[ sql ] [ SQL ] SHOW COLUMNS FROM `wld_member` [ RunTime:0.010447s ]
[ sql ] [ SQL ] SELECT `uid`,`total_money`,`task_money`,`member_class`,`parent_level_1`,`parent_level_2`,`parent_level_3`,`invite_uid` FROM `wld_member` WHERE  `uid` = 374 LIMIT 1 [ RunTime:0.000431s ]
[ sql ] [ SQL ] UPDATE `wld_member`  SET `task_money`=100,`total_money`=100  WHERE  `uid` = 374 [ RunTime:0.000444s ]
[ sql ] [ SQL ] SHOW COLUMNS FROM `wld_earnings` [ RunTime:0.010173s ]
[ sql ] [ SQL ] UPDATE `wld_earnings`  SET `task_total_money`=`task_total_money`+100  WHERE  `send_id` = 666 [ RunTime:0.000321s ]
[ sql ] [ SQL ] SHOW COLUMNS FROM `wld_allot_log` [ RunTime:0.010373s ]
[ sql ] [ SQL ] SELECT * FROM `wld_allot_log` WHERE  `user_level` = 1  AND `charge_type` = 2 LIMIT 1 [ RunTime:0.000450s ]
[ sql ] [ SQL ] UPDATE `wld_member`  SET `total_money`=`total_money`+50  WHERE  `uid` = 105 [ RunTime:0.000376s ]
[ sql ] [ SQL ] UPDATE `wld_member`  SET `task_money`=`task_money`+50  WHERE  `uid` = 105 [ RunTime:0.000362s ]
[ sql ] [ SQL ] UPDATE `wld_member`  SET `total_money`=`total_money`+20  WHERE  `uid` = 105 [ RunTime:0.000304s ]
[ sql ] [ SQL ] UPDATE `wld_member`  SET `task_money`=`task_money`+20  WHERE  `uid` = 105 [ RunTime:0.000217s ]
[ sql ] [ SQL ] SELECT `uid`,`invite_uid` FROM `wld_member` WHERE  `uid` = 62  AND `member_class` = 4 LIMIT 1 [ RunTime:0.000223s ]
---------------------------------------------------------------
[ 2019-08-07T00:35:37+08:00 ] 127.0.0.1 GET /make.php/task/taskCheck
[ info ] www.make.com/make.php/task/taskCheck [运行时间：0.120829s][吞吐率：8.28req/s] [内存消耗：2,461.79kb] [文件加载：55]
[ sql ] [ DB ] CONNECT:[ UseTime:0.011257s ] mysql:host=127.0.0.1;port=3306;dbname=tk_make;charset=utf8
[ sql ] [ SQL ] SHOW COLUMNS FROM `wld_auth_group_access` [ RunTime:0.009812s ]
[ sql ] [ SQL ] SELECT `AuthGroupAccess`.`uid`,`AuthGroupAccess`.`group_id`,`AuthGroup`.`title`,`AuthGroup`.`rules` FROM `wld_auth_group_access` `AuthGroupAccess` LEFT JOIN `wld_auth_group` `AuthGroup` ON `AuthGroupAccess`.`group_id`=`AuthGroup`.`id` WHERE  (  AuthGroupAccess.uid='1' and AuthGroup.status='1' ) [ RunTime:0.000373s ]
[ sql ] [ SQL ] SHOW COLUMNS FROM `wld_auth_rule` [ RunTime:0.011491s ]
[ sql ] [ SQL ] SELECT `condition`,`name` FROM `wld_auth_rule` WHERE  `id` IN (1,2,3,4,5,6,7,8,9,13,27,14,15,16,17,18,19,28,20,21,22,23,24,25,26,29,10,11,12,30)  AND `status` = 1 [ RunTime:0.000484s ]
[ sql ] [ SQL ] SHOW COLUMNS FROM `wld_send_task_log` [ RunTime:0.010677s ]
[ sql ] [ SQL ] UPDATE `wld_send_task_log`  SET `is_check`=1,`check_time`='2019-08-07 00:35:37',`check_admin_id`=355,`check_admin_name`='admin'  WHERE  `id` = 353 [ RunTime:0.000355s ]
[ sql ] [ SQL ] SELECT `task_id`,`task_money`,`uid` FROM `wld_send_task_log` WHERE  `id` = 353 LIMIT 1 [ RunTime:0.000305s ]
[ sql ] [ SQL ] SHOW COLUMNS FROM `wld_member` [ RunTime:0.010556s ]
[ sql ] [ SQL ] SELECT `uid`,`total_money`,`task_money`,`member_class`,`parent_level_1`,`parent_level_2`,`parent_level_3`,`invite_uid` FROM `wld_member` WHERE  `uid` = 374 LIMIT 1 [ RunTime:0.000325s ]
[ sql ] [ SQL ] UPDATE `wld_member`  SET `task_money`=100,`total_money`=100  WHERE  `uid` = 374 [ RunTime:0.000275s ]
[ sql ] [ SQL ] SHOW COLUMNS FROM `wld_earnings` [ RunTime:0.009770s ]
[ sql ] [ SQL ] UPDATE `wld_earnings`  SET `task_total_money`=`task_total_money`+100  WHERE  `send_id` = 666 [ RunTime:0.000257s ]
[ sql ] [ SQL ] SHOW COLUMNS FROM `wld_allot_log` [ RunTime:0.009765s ]
[ sql ] [ SQL ] SELECT * FROM `wld_allot_log` WHERE  `user_level` = 1  AND `charge_type` = 2 LIMIT 1 [ RunTime:0.000242s ]
[ sql ] [ SQL ] UPDATE `wld_member`  SET `total_money`=`total_money`+50  WHERE  `uid` = 105 [ RunTime:0.000151s ]
[ sql ] [ SQL ] UPDATE `wld_member`  SET `task_money`=`task_money`+50  WHERE  `uid` = 105 [ RunTime:0.000126s ]
[ sql ] [ SQL ] UPDATE `wld_member`  SET `total_money`=`total_money`+20  WHERE  `uid` = 105 [ RunTime:0.000116s ]
[ sql ] [ SQL ] UPDATE `wld_member`  SET `task_money`=`task_money`+20  WHERE  `uid` = 105 [ RunTime:0.000118s ]
[ sql ] [ SQL ] SELECT `uid`,`invite_uid` FROM `wld_member` WHERE  `uid` = 62  AND `member_class` = 4 LIMIT 1 [ RunTime:0.000127s ]
---------------------------------------------------------------
[ 2019-08-07T00:35:38+08:00 ] 127.0.0.1 GET /make.php/task/taskCheck
[ info ] www.make.com/make.php/task/taskCheck [运行时间：0.123722s][吞吐率：8.08req/s] [内存消耗：2,461.79kb] [文件加载：55]
[ sql ] [ DB ] CONNECT:[ UseTime:0.011140s ] mysql:host=127.0.0.1;port=3306;dbname=tk_make;charset=utf8
[ sql ] [ SQL ] SHOW COLUMNS FROM `wld_auth_group_access` [ RunTime:0.010525s ]
[ sql ] [ SQL ] SELECT `AuthGroupAccess`.`uid`,`AuthGroupAccess`.`group_id`,`AuthGroup`.`title`,`AuthGroup`.`rules` FROM `wld_auth_group_access` `AuthGroupAccess` LEFT JOIN `wld_auth_group` `AuthGroup` ON `AuthGroupAccess`.`group_id`=`AuthGroup`.`id` WHERE  (  AuthGroupAccess.uid='1' and AuthGroup.status='1' ) [ RunTime:0.000299s ]
[ sql ] [ SQL ] SHOW COLUMNS FROM `wld_auth_rule` [ RunTime:0.010084s ]
[ sql ] [ SQL ] SELECT `condition`,`name` FROM `wld_auth_rule` WHERE  `id` IN (1,2,3,4,5,6,7,8,9,13,27,14,15,16,17,18,19,28,20,21,22,23,24,25,26,29,10,11,12,30)  AND `status` = 1 [ RunTime:0.000298s ]
[ sql ] [ SQL ] SHOW COLUMNS FROM `wld_send_task_log` [ RunTime:0.010657s ]
[ sql ] [ SQL ] UPDATE `wld_send_task_log`  SET `is_check`=1,`check_time`='2019-08-07 00:35:38',`check_admin_id`=355,`check_admin_name`='admin'  WHERE  `id` = 353 [ RunTime:0.000346s ]
[ sql ] [ SQL ] SELECT `task_id`,`task_money`,`uid` FROM `wld_send_task_log` WHERE  `id` = 353 LIMIT 1 [ RunTime:0.000266s ]
[ sql ] [ SQL ] SHOW COLUMNS FROM `wld_member` [ RunTime:0.010927s ]
[ sql ] [ SQL ] SELECT `uid`,`total_money`,`task_money`,`member_class`,`parent_level_1`,`parent_level_2`,`parent_level_3`,`invite_uid` FROM `wld_member` WHERE  `uid` = 374 LIMIT 1 [ RunTime:0.000396s ]
[ sql ] [ SQL ] UPDATE `wld_member`  SET `task_money`=100,`total_money`=100  WHERE  `uid` = 374 [ RunTime:0.000341s ]
[ sql ] [ SQL ] SHOW COLUMNS FROM `wld_earnings` [ RunTime:0.010017s ]
[ sql ] [ SQL ] UPDATE `wld_earnings`  SET `task_total_money`=`task_total_money`+100  WHERE  `send_id` = 666 [ RunTime:0.000295s ]
[ sql ] [ SQL ] SHOW COLUMNS FROM `wld_allot_log` [ RunTime:0.010621s ]
[ sql ] [ SQL ] SELECT * FROM `wld_allot_log` WHERE  `user_level` = 1  AND `charge_type` = 2 LIMIT 1 [ RunTime:0.000370s ]
[ sql ] [ SQL ] UPDATE `wld_member`  SET `total_money`=`total_money`+50  WHERE  `uid` = 105 [ RunTime:0.000272s ]
[ sql ] [ SQL ] UPDATE `wld_member`  SET `task_money`=`task_money`+50  WHERE  `uid` = 105 [ RunTime:0.000260s ]
[ sql ] [ SQL ] UPDATE `wld_member`  SET `total_money`=`total_money`+20  WHERE  `uid` = 105 [ RunTime:0.000262s ]
[ sql ] [ SQL ] UPDATE `wld_member`  SET `task_money`=`task_money`+20  WHERE  `uid` = 105 [ RunTime:0.000234s ]
[ sql ] [ SQL ] SELECT `uid`,`invite_uid` FROM `wld_member` WHERE  `uid` = 62  AND `member_class` = 4 LIMIT 1 [ RunTime:0.000270s ]
