---------------------------------------------------------------
[ 2019-07-19T22:22:41+08:00 ] 127.0.0.1 POST /make.php/login/sendLogin
[ info ] www.make.com/make.php/login/sendLogin [运行时间：0.122616s][吞吐率：8.16req/s] [内存消耗：2,409.42kb] [文件加载：53]
[ sql ] [ DB ] CONNECT:[ UseTime:0.002071s ] mysql:host=127.0.0.1;port=3306;dbname=tk_make;charset=utf8
[ sql ] [ SQL ] SHOW COLUMNS FROM `wld_admin` [ RunTime:0.062033s ]
[ sql ] [ SQL ] SELECT * FROM `wld_admin` WHERE  `username` = 'admin' LIMIT 1 [ RunTime:0.001866s ]
---------------------------------------------------------------
[ 2019-07-19T22:23:10+08:00 ] 127.0.0.1 POST /make.php/login/sendLogin
[ info ] www.make.com/make.php/login/sendLogin [运行时间：0.118183s][吞吐率：8.46req/s] [内存消耗：2,411.78kb] [文件加载：53]
[ sql ] [ DB ] CONNECT:[ UseTime:0.001345s ] mysql:host=127.0.0.1;port=3306;dbname=tk_make;charset=utf8
[ sql ] [ SQL ] SHOW COLUMNS FROM `wld_admin` [ RunTime:0.062062s ]
[ sql ] [ SQL ] SELECT * FROM `wld_admin` WHERE  `username` = 'admin' LIMIT 1 [ RunTime:0.000495s ]
---------------------------------------------------------------
[ 2019-07-19T22:25:14+08:00 ] 127.0.0.1 POST /make.php/login/sendLogin
[ info ] www.make.com/make.php/login/sendLogin [运行时间：0.126199s][吞吐率：7.92req/s] [内存消耗：2,328.32kb] [文件加载：48]
[ sql ] [ DB ] CONNECT:[ UseTime:0.012056s ] mysql:host=127.0.0.1;port=3306;dbname=tk_make;charset=utf8
[ sql ] [ SQL ] SHOW COLUMNS FROM `wld_admin` [ RunTime:0.062536s ]
[ sql ] [ SQL ] SELECT * FROM `wld_admin` WHERE  `username` = 'admin' LIMIT 1 [ RunTime:0.000936s ]
---------------------------------------------------------------
[ 2019-07-19T22:26:20+08:00 ] 127.0.0.1 POST /make.php/login/sendLogin
[ info ] www.make.com/make.php/login/sendLogin [运行时间：0.118442s][吞吐率：8.44req/s] [内存消耗：2,328.49kb] [文件加载：48]
[ sql ] [ DB ] CONNECT:[ UseTime:0.001216s ] mysql:host=127.0.0.1;port=3306;dbname=tk_make;charset=utf8
[ sql ] [ SQL ] SHOW COLUMNS FROM `wld_admin` [ RunTime:0.061504s ]
[ sql ] [ SQL ] SELECT * FROM `wld_admin` WHERE  `username` = 'admin' LIMIT 1 [ RunTime:0.000547s ]
---------------------------------------------------------------
[ 2019-07-19T22:26:48+08:00 ] 127.0.0.1 POST /make.php/login/sendLogin
[ info ] www.make.com/make.php/login/sendLogin [运行时间：0.162161s][吞吐率：6.17req/s] [内存消耗：2,459.28kb] [文件加载：57]
[ sql ] [ DB ] CONNECT:[ UseTime:0.001297s ] mysql:host=127.0.0.1;port=3306;dbname=tk_make;charset=utf8
[ sql ] [ SQL ] SHOW COLUMNS FROM `wld_admin` [ RunTime:0.067282s ]
[ sql ] [ SQL ] SELECT * FROM `wld_admin` WHERE  `username` = 'admin' LIMIT 1 [ RunTime:0.000507s ]
[ sql ] [ SQL ] UPDATE `wld_admin`  SET `last_login_ip`='127.0.0.1',`login_time`=1563546408,`update_time`=1563546408  WHERE  `uid` = 1 [ RunTime:0.001173s ]
[ sql ] [ SQL ] SHOW COLUMNS FROM `wld_admin_log` [ RunTime:0.019974s ]
[ sql ] [ SQL ] INSERT INTO `wld_admin_log` (`title` , `content` , `url` , `admin_id` , `username` , `useragent` , `ip` , `create_time`) VALUES ('用户登录' , '{\"username\":\"admin\"}' , '/make.php/login/sendLogin' , 1 , 'admin' , 'Mozilla/5.0 (Windows NT 10.0; WOW64) AppleWebKit/537.36 (KHTML, like Gecko) Chrome/70.0.3538.102 Safari/537.36' , '127.0.0.1' , 1563546408) [ RunTime:0.004999s ]
---------------------------------------------------------------
[ 2019-07-19T22:26:48+08:00 ] 127.0.0.1 GET /make.php/index
[ info ] www.make.com/make.php/index [运行时间：0.105424s][吞吐率：9.49req/s] [内存消耗：2,277.41kb] [文件加载：54]
[ sql ] [ DB ] CONNECT:[ UseTime:0.001172s ] mysql:host=127.0.0.1;port=3306;dbname=tk_make;charset=utf8
[ sql ] [ SQL ] SHOW COLUMNS FROM `wld_auth_group_access` [ RunTime:0.019838s ]
[ sql ] [ SQL ] SELECT `AuthGroupAccess`.`uid`,`AuthGroupAccess`.`group_id`,`AuthGroup`.`title`,`AuthGroup`.`rules` FROM `wld_auth_group_access` `AuthGroupAccess` LEFT JOIN `wld_auth_group` `AuthGroup` ON `AuthGroupAccess`.`group_id`=`AuthGroup`.`id` WHERE  (  AuthGroupAccess.uid='1' and AuthGroup.status='1' ) [ RunTime:0.004676s ]
[ sql ] [ SQL ] SHOW COLUMNS FROM `wld_auth_rule` [ RunTime:0.016739s ]
[ sql ] [ SQL ] SELECT `condition`,`name` FROM `wld_auth_rule` WHERE  `id` IN (1,2,3,4,5,6,7,8,9,13,27,14,15,16,17,18,19,28,20,21,22,23,24,25,26,29,10,11,12,30)  AND `status` = 1 [ RunTime:0.001593s ]
---------------------------------------------------------------
[ 2019-07-19T22:26:49+08:00 ] 127.0.0.1 GET /make.php/index/main.html
[ info ] www.make.com/make.php/index/main.html [运行时间：0.239635s][吞吐率：4.17req/s] [内存消耗：2,249.46kb] [文件加载：54]
[ sql ] [ DB ] CONNECT:[ UseTime:0.001429s ] mysql:host=127.0.0.1;port=3306;dbname=tk_make;charset=utf8
[ sql ] [ SQL ] SHOW COLUMNS FROM `wld_auth_group_access` [ RunTime:0.018535s ]
[ sql ] [ SQL ] SELECT `AuthGroupAccess`.`uid`,`AuthGroupAccess`.`group_id`,`AuthGroup`.`title`,`AuthGroup`.`rules` FROM `wld_auth_group_access` `AuthGroupAccess` LEFT JOIN `wld_auth_group` `AuthGroup` ON `AuthGroupAccess`.`group_id`=`AuthGroup`.`id` WHERE  (  AuthGroupAccess.uid='1' and AuthGroup.status='1' ) [ RunTime:0.000454s ]
[ sql ] [ SQL ] SHOW COLUMNS FROM `wld_auth_rule` [ RunTime:0.022494s ]
[ sql ] [ SQL ] SELECT `condition`,`name` FROM `wld_auth_rule` WHERE  `id` IN (1,2,3,4,5,6,7,8,9,13,27,14,15,16,17,18,19,28,20,21,22,23,24,25,26,29,10,11,12,30)  AND `status` = 1 [ RunTime:0.000590s ]
[ sql ] [ SQL ] SHOW COLUMNS FROM `wld_member` [ RunTime:0.027826s ]
[ sql ] [ SQL ] SELECT COUNT(*) AS tp_count FROM `wld_member` LIMIT 1 [ RunTime:0.003618s ]
[ sql ] [ SQL ] SELECT COUNT(*) AS tp_count FROM `wld_member` WHERE  `member_class` = 1 LIMIT 1 [ RunTime:0.000426s ]
[ sql ] [ SQL ] SELECT COUNT(*) AS tp_count FROM `wld_member` WHERE  `member_class` = 2 LIMIT 1 [ RunTime:0.000367s ]
[ sql ] [ SQL ] SELECT COUNT(*) AS tp_count FROM `wld_member` WHERE  `member_class` = 3 LIMIT 1 [ RunTime:0.000665s ]
[ sql ] [ SQL ] SELECT COUNT(*) AS tp_count FROM `wld_member` WHERE  `member_class` = 4 LIMIT 1 [ RunTime:0.000308s ]
[ sql ] [ SQL ] SHOW COLUMNS FROM `wld_pay_log` [ RunTime:0.020308s ]
[ sql ] [ SQL ] SELECT SUM(money) AS tp_sum FROM `wld_pay_log` WHERE  `pay_status` = 2 LIMIT 1 [ RunTime:0.000469s ]
[ sql ] [ SQL ] SHOW COLUMNS FROM `wld_hire_log` [ RunTime:0.026006s ]
[ sql ] [ SQL ] SELECT SUM(hire_money) AS tp_sum FROM `wld_hire_log` WHERE  `is_check` = 1 LIMIT 1 [ RunTime:0.000617s ]
[ sql ] [ SQL ] SHOW COLUMNS FROM `wld_task` [ RunTime:0.034340s ]
[ sql ] [ SQL ] SELECT COUNT(*) AS tp_count FROM `wld_task` WHERE  `task_id` > 0 LIMIT 1 [ RunTime:0.000597s ]
---------------------------------------------------------------
[ 2019-07-19T22:27:01+08:00 ] 127.0.0.1 GET /make.php/auth/index.html
[ info ] www.make.com/make.php/auth/index.html [运行时间：0.133176s][吞吐率：7.51req/s] [内存消耗：2,683.95kb] [文件加载：64]
[ sql ] [ DB ] CONNECT:[ UseTime:0.001537s ] mysql:host=127.0.0.1;port=3306;dbname=tk_make;charset=utf8
[ sql ] [ SQL ] SHOW COLUMNS FROM `wld_auth_group_access` [ RunTime:0.017564s ]
[ sql ] [ SQL ] SELECT `AuthGroupAccess`.`uid`,`AuthGroupAccess`.`group_id`,`AuthGroup`.`title`,`AuthGroup`.`rules` FROM `wld_auth_group_access` `AuthGroupAccess` LEFT JOIN `wld_auth_group` `AuthGroup` ON `AuthGroupAccess`.`group_id`=`AuthGroup`.`id` WHERE  (  AuthGroupAccess.uid='1' and AuthGroup.status='1' ) [ RunTime:0.000439s ]
[ sql ] [ SQL ] SHOW COLUMNS FROM `wld_auth_rule` [ RunTime:0.015386s ]
[ sql ] [ SQL ] SELECT `condition`,`name` FROM `wld_auth_rule` WHERE  `id` IN (1,2,3,4,5,6,7,8,9,13,27,14,15,16,17,18,19,28,20,21,22,23,24,25,26,29,10,11,12,30)  AND `status` = 1 [ RunTime:0.000481s ]
[ sql ] [ SQL ] SHOW COLUMNS FROM `wld_admin` [ RunTime:0.012372s ]
[ sql ] [ SQL ] SELECT COUNT(*) AS tp_count FROM `wld_admin` LIMIT 1 [ RunTime:0.000334s ]
[ sql ] [ SQL ] SELECT `uid`,`username`,`email`,`nickname`,`is_lock`,`last_login_ip`,`login_time` FROM `wld_admin` LIMIT 0,15 [ RunTime:0.000334s ]
[ sql ] [ SQL ] SHOW COLUMNS FROM `wld_auth_group` [ RunTime:0.012197s ]
[ sql ] [ SQL ] SELECT `wld_auth_group`.*,pivot.id AS pivot__id,pivot.uid AS pivot__uid,pivot.group_id AS pivot__group_id FROM `wld_auth_group` INNER JOIN `wld_auth_group_access` `pivot` ON `pivot`.`group_id`=`wld_auth_group`.`id` WHERE  `pivot`.`uid` = 1 [ RunTime:0.000322s ]
[ sql ] [ SQL ] SELECT `wld_auth_group`.*,pivot.id AS pivot__id,pivot.uid AS pivot__uid,pivot.group_id AS pivot__group_id FROM `wld_auth_group` INNER JOIN `wld_auth_group_access` `pivot` ON `pivot`.`group_id`=`wld_auth_group`.`id` WHERE  `pivot`.`uid` = 2 [ RunTime:0.000402s ]
---------------------------------------------------------------
[ 2019-07-19T22:27:03+08:00 ] 127.0.0.1 GET /make.php/auth/logList.html
[ info ] www.make.com/make.php/auth/logList.html [运行时间：0.121280s][吞吐率：8.25req/s] [内存消耗：2,275.82kb] [文件加载：54]
[ sql ] [ DB ] CONNECT:[ UseTime:0.001119s ] mysql:host=127.0.0.1;port=3306;dbname=tk_make;charset=utf8
[ sql ] [ SQL ] SHOW COLUMNS FROM `wld_auth_group_access` [ RunTime:0.059291s ]
[ sql ] [ SQL ] SELECT `AuthGroupAccess`.`uid`,`AuthGroupAccess`.`group_id`,`AuthGroup`.`title`,`AuthGroup`.`rules` FROM `wld_auth_group_access` `AuthGroupAccess` LEFT JOIN `wld_auth_group` `AuthGroup` ON `AuthGroupAccess`.`group_id`=`AuthGroup`.`id` WHERE  (  AuthGroupAccess.uid='1' and AuthGroup.status='1' ) [ RunTime:0.000453s ]
[ sql ] [ SQL ] SHOW COLUMNS FROM `wld_auth_rule` [ RunTime:0.012738s ]
[ sql ] [ SQL ] SELECT `condition`,`name` FROM `wld_auth_rule` WHERE  `id` IN (1,2,3,4,5,6,7,8,9,13,27,14,15,16,17,18,19,28,20,21,22,23,24,25,26,29,10,11,12,30)  AND `status` = 1 [ RunTime:0.000534s ]
---------------------------------------------------------------
[ 2019-07-19T22:27:03+08:00 ] 127.0.0.1 GET /make.php/auth/getLogListData.html?startTime=&endTime=&keywords=&limit=15&pageIndex=1&_=1563546423397
[ info ] www.make.com/make.php/auth/getLogListData.html?startTime=&endTime=&keywords=&limit=15&pageIndex=1&_=1563546423397 [运行时间：0.103366s][吞吐率：9.67req/s] [内存消耗：2,395.97kb] [文件加载：56]
[ sql ] [ DB ] CONNECT:[ UseTime:0.001099s ] mysql:host=127.0.0.1;port=3306;dbname=tk_make;charset=utf8
[ sql ] [ SQL ] SHOW COLUMNS FROM `wld_auth_group_access` [ RunTime:0.012782s ]
[ sql ] [ SQL ] SELECT `AuthGroupAccess`.`uid`,`AuthGroupAccess`.`group_id`,`AuthGroup`.`title`,`AuthGroup`.`rules` FROM `wld_auth_group_access` `AuthGroupAccess` LEFT JOIN `wld_auth_group` `AuthGroup` ON `AuthGroupAccess`.`group_id`=`AuthGroup`.`id` WHERE  (  AuthGroupAccess.uid='1' and AuthGroup.status='1' ) [ RunTime:0.000465s ]
[ sql ] [ SQL ] SHOW COLUMNS FROM `wld_auth_rule` [ RunTime:0.013972s ]
[ sql ] [ SQL ] SELECT `condition`,`name` FROM `wld_auth_rule` WHERE  `id` IN (1,2,3,4,5,6,7,8,9,13,27,14,15,16,17,18,19,28,20,21,22,23,24,25,26,29,10,11,12,30)  AND `status` = 1 [ RunTime:0.000447s ]
[ sql ] [ SQL ] SHOW COLUMNS FROM `wld_admin_log` [ RunTime:0.013576s ]
[ sql ] [ SQL ] SELECT * FROM `wld_admin_log` ORDER BY `create_time` DESC LIMIT 0,15 [ RunTime:0.001327s ]
[ sql ] [ SQL ] SELECT COUNT(*) AS tp_count FROM `wld_admin_log` LIMIT 1 [ RunTime:0.000358s ]
---------------------------------------------------------------
[ 2019-07-19T22:27:05+08:00 ] 127.0.0.1 GET /make.php/auth/groupList.html
[ info ] www.make.com/make.php/auth/groupList.html [运行时间：0.185811s][吞吐率：5.38req/s] [内存消耗：2,571.34kb] [文件加载：60]
[ sql ] [ DB ] CONNECT:[ UseTime:0.001227s ] mysql:host=127.0.0.1;port=3306;dbname=tk_make;charset=utf8
[ sql ] [ SQL ] SHOW COLUMNS FROM `wld_auth_group_access` [ RunTime:0.064296s ]
[ sql ] [ SQL ] SELECT `AuthGroupAccess`.`uid`,`AuthGroupAccess`.`group_id`,`AuthGroup`.`title`,`AuthGroup`.`rules` FROM `wld_auth_group_access` `AuthGroupAccess` LEFT JOIN `wld_auth_group` `AuthGroup` ON `AuthGroupAccess`.`group_id`=`AuthGroup`.`id` WHERE  (  AuthGroupAccess.uid='1' and AuthGroup.status='1' ) [ RunTime:0.000597s ]
[ sql ] [ SQL ] SHOW COLUMNS FROM `wld_auth_rule` [ RunTime:0.021998s ]
[ sql ] [ SQL ] SELECT `condition`,`name` FROM `wld_auth_rule` WHERE  `id` IN (1,2,3,4,5,6,7,8,9,13,27,14,15,16,17,18,19,28,20,21,22,23,24,25,26,29,10,11,12,30)  AND `status` = 1 [ RunTime:0.000736s ]
[ sql ] [ SQL ] SHOW COLUMNS FROM `wld_auth_group` [ RunTime:0.023270s ]
[ sql ] [ SQL ] SELECT COUNT(*) AS tp_count FROM `wld_auth_group` LIMIT 1 [ RunTime:0.000445s ]
[ sql ] [ SQL ] SELECT * FROM `wld_auth_group` LIMIT 0,10 [ RunTime:0.000432s ]
---------------------------------------------------------------
[ 2019-07-19T22:27:07+08:00 ] 127.0.0.1 GET /make.php/auth/ruleList.html
[ info ] www.make.com/make.php/auth/ruleList.html [运行时间：0.099845s][吞吐率：10.02req/s] [内存消耗：2,645.98kb] [文件加载：61]
[ sql ] [ DB ] CONNECT:[ UseTime:0.012351s ] mysql:host=127.0.0.1;port=3306;dbname=tk_make;charset=utf8
[ sql ] [ SQL ] SHOW COLUMNS FROM `wld_auth_group_access` [ RunTime:0.018435s ]
[ sql ] [ SQL ] SELECT `AuthGroupAccess`.`uid`,`AuthGroupAccess`.`group_id`,`AuthGroup`.`title`,`AuthGroup`.`rules` FROM `wld_auth_group_access` `AuthGroupAccess` LEFT JOIN `wld_auth_group` `AuthGroup` ON `AuthGroupAccess`.`group_id`=`AuthGroup`.`id` WHERE  (  AuthGroupAccess.uid='1' and AuthGroup.status='1' ) [ RunTime:0.000535s ]
[ sql ] [ SQL ] SHOW COLUMNS FROM `wld_auth_rule` [ RunTime:0.017671s ]
[ sql ] [ SQL ] SELECT `condition`,`name` FROM `wld_auth_rule` WHERE  `id` IN (1,2,3,4,5,6,7,8,9,13,27,14,15,16,17,18,19,28,20,21,22,23,24,25,26,29,10,11,12,30)  AND `status` = 1 [ RunTime:0.000618s ]
[ sql ] [ SQL ] SELECT * FROM `wld_auth_rule` [ RunTime:0.000395s ]
[ sql ] [ SQL ] SELECT COUNT(*) AS tp_count FROM `wld_auth_rule` LIMIT 1 [ RunTime:0.000304s ]
[ sql ] [ SQL ] SELECT * FROM `wld_auth_rule` LIMIT 0,12 [ RunTime:0.000309s ]
---------------------------------------------------------------
[ 2019-07-19T22:27:16+08:00 ] 127.0.0.1 GET /make.php/Member/index.html
[ info ] www.make.com/make.php/Member/index.html [运行时间：0.168214s][吞吐率：5.94req/s] [内存消耗：2,292.54kb] [文件加载：54]
[ sql ] [ DB ] CONNECT:[ UseTime:0.012352s ] mysql:host=127.0.0.1;port=3306;dbname=tk_make;charset=utf8
[ sql ] [ SQL ] SHOW COLUMNS FROM `wld_auth_group_access` [ RunTime:0.024523s ]
[ sql ] [ SQL ] SELECT `AuthGroupAccess`.`uid`,`AuthGroupAccess`.`group_id`,`AuthGroup`.`title`,`AuthGroup`.`rules` FROM `wld_auth_group_access` `AuthGroupAccess` LEFT JOIN `wld_auth_group` `AuthGroup` ON `AuthGroupAccess`.`group_id`=`AuthGroup`.`id` WHERE  (  AuthGroupAccess.uid='1' and AuthGroup.status='1' ) [ RunTime:0.000775s ]
[ sql ] [ SQL ] SHOW COLUMNS FROM `wld_auth_rule` [ RunTime:0.022756s ]
[ sql ] [ SQL ] SELECT `condition`,`name` FROM `wld_auth_rule` WHERE  `id` IN (1,2,3,4,5,6,7,8,9,13,27,14,15,16,17,18,19,28,20,21,22,23,24,25,26,29,10,11,12,30)  AND `status` = 1 [ RunTime:0.000636s ]
---------------------------------------------------------------
[ 2019-07-19T22:27:16+08:00 ] 127.0.0.1 GET /make.php/member/getIndexData.html?startTime=&endTime=&keywords=&userLevel=0&limit=15&pageIndex=1&_=1563546436240
[ info ] www.make.com/make.php/member/getIndexData.html?startTime=&endTime=&keywords=&userLevel=0&limit=15&pageIndex=1&_=1563546436240 [运行时间：0.142686s][吞吐率：7.01req/s] [内存消耗：2,452.77kb] [文件加载：57]
[ sql ] [ DB ] CONNECT:[ UseTime:0.010410s ] mysql:host=127.0.0.1;port=3306;dbname=tk_make;charset=utf8
[ sql ] [ SQL ] SHOW COLUMNS FROM `wld_auth_group_access` [ RunTime:0.015392s ]
[ sql ] [ SQL ] SELECT `AuthGroupAccess`.`uid`,`AuthGroupAccess`.`group_id`,`AuthGroup`.`title`,`AuthGroup`.`rules` FROM `wld_auth_group_access` `AuthGroupAccess` LEFT JOIN `wld_auth_group` `AuthGroup` ON `AuthGroupAccess`.`group_id`=`AuthGroup`.`id` WHERE  (  AuthGroupAccess.uid='1' and AuthGroup.status='1' ) [ RunTime:0.000465s ]
[ sql ] [ SQL ] SHOW COLUMNS FROM `wld_auth_rule` [ RunTime:0.015760s ]
[ sql ] [ SQL ] SELECT `condition`,`name` FROM `wld_auth_rule` WHERE  `id` IN (1,2,3,4,5,6,7,8,9,13,27,14,15,16,17,18,19,28,20,21,22,23,24,25,26,29,10,11,12,30)  AND `status` = 1 [ RunTime:0.000528s ]
[ sql ] [ SQL ] SHOW COLUMNS FROM `wld_member` [ RunTime:0.015462s ]
[ sql ] [ SQL ] SELECT * FROM `wld_member` ORDER BY `uid` DESC LIMIT 0,15 [ RunTime:0.000486s ]
[ sql ] [ SQL ] SELECT COUNT(*) AS tp_count FROM `wld_member` WHERE  `parent_level_1` = 354  OR `parent_level_2` = 354  OR `parent_level_3` = 354  OR `parents` = 354 LIMIT 1 [ RunTime:0.003714s ]
[ sql ] [ SQL ] SELECT COUNT(*) AS tp_count FROM `wld_member` WHERE  `parent_level_1` = 353  OR `parent_level_2` = 353  OR `parent_level_3` = 353  OR `parents` = 353 LIMIT 1 [ RunTime:0.002852s ]
[ sql ] [ SQL ] SELECT COUNT(*) AS tp_count FROM `wld_member` WHERE  `parent_level_1` = 352  OR `parent_level_2` = 352  OR `parent_level_3` = 352  OR `parents` = 352 LIMIT 1 [ RunTime:0.001774s ]
[ sql ] [ SQL ] SELECT COUNT(*) AS tp_count FROM `wld_member` WHERE  `parent_level_1` = 351  OR `parent_level_2` = 351  OR `parent_level_3` = 351  OR `parents` = 351 LIMIT 1 [ RunTime:0.001653s ]
[ sql ] [ SQL ] SELECT COUNT(*) AS tp_count FROM `wld_member` WHERE  `parent_level_1` = 350  OR `parent_level_2` = 350  OR `parent_level_3` = 350  OR `parents` = 350 LIMIT 1 [ RunTime:0.001703s ]
[ sql ] [ SQL ] SELECT COUNT(*) AS tp_count FROM `wld_member` WHERE  `parent_level_1` = 349  OR `parent_level_2` = 349  OR `parent_level_3` = 349  OR `parents` = 349 LIMIT 1 [ RunTime:0.001961s ]
[ sql ] [ SQL ] SELECT COUNT(*) AS tp_count FROM `wld_member` WHERE  `parent_level_1` = 348  OR `parent_level_2` = 348  OR `parent_level_3` = 348  OR `parents` = 348 LIMIT 1 [ RunTime:0.001618s ]
[ sql ] [ SQL ] SELECT COUNT(*) AS tp_count FROM `wld_member` WHERE  `parent_level_1` = 347  OR `parent_level_2` = 347  OR `parent_level_3` = 347  OR `parents` = 347 LIMIT 1 [ RunTime:0.001642s ]
[ sql ] [ SQL ] SELECT COUNT(*) AS tp_count FROM `wld_member` WHERE  `parent_level_1` = 346  OR `parent_level_2` = 346  OR `parent_level_3` = 346  OR `parents` = 346 LIMIT 1 [ RunTime:0.003192s ]
[ sql ] [ SQL ] SELECT COUNT(*) AS tp_count FROM `wld_member` WHERE  `parent_level_1` = 345  OR `parent_level_2` = 345  OR `parent_level_3` = 345  OR `parents` = 345 LIMIT 1 [ RunTime:0.001926s ]
[ sql ] [ SQL ] SELECT COUNT(*) AS tp_count FROM `wld_member` WHERE  `parent_level_1` = 344  OR `parent_level_2` = 344  OR `parent_level_3` = 344  OR `parents` = 344 LIMIT 1 [ RunTime:0.001735s ]
[ sql ] [ SQL ] SELECT COUNT(*) AS tp_count FROM `wld_member` WHERE  `parent_level_1` = 343  OR `parent_level_2` = 343  OR `parent_level_3` = 343  OR `parents` = 343 LIMIT 1 [ RunTime:0.001642s ]
[ sql ] [ SQL ] SELECT COUNT(*) AS tp_count FROM `wld_member` WHERE  `parent_level_1` = 342  OR `parent_level_2` = 342  OR `parent_level_3` = 342  OR `parents` = 342 LIMIT 1 [ RunTime:0.001608s ]
[ sql ] [ SQL ] SELECT COUNT(*) AS tp_count FROM `wld_member` WHERE  `parent_level_1` = 341  OR `parent_level_2` = 341  OR `parent_level_3` = 341  OR `parents` = 341 LIMIT 1 [ RunTime:0.001660s ]
[ sql ] [ SQL ] SELECT COUNT(*) AS tp_count FROM `wld_member` WHERE  `parent_level_1` = 340  OR `parent_level_2` = 340  OR `parent_level_3` = 340  OR `parents` = 340 LIMIT 1 [ RunTime:0.001609s ]
[ sql ] [ SQL ] SELECT COUNT(*) AS tp_count FROM `wld_member` LIMIT 1 [ RunTime:0.000392s ]
---------------------------------------------------------------
[ 2019-07-19T22:27:17+08:00 ] 127.0.0.1 GET /make.php/Member/serve.html
[ info ] www.make.com/make.php/Member/serve.html [运行时间：0.144849s][吞吐率：6.90req/s] [内存消耗：2,284.13kb] [文件加载：54]
[ sql ] [ DB ] CONNECT:[ UseTime:0.003362s ] mysql:host=127.0.0.1;port=3306;dbname=tk_make;charset=utf8
[ sql ] [ SQL ] SHOW COLUMNS FROM `wld_auth_group_access` [ RunTime:0.059993s ]
[ sql ] [ SQL ] SELECT `AuthGroupAccess`.`uid`,`AuthGroupAccess`.`group_id`,`AuthGroup`.`title`,`AuthGroup`.`rules` FROM `wld_auth_group_access` `AuthGroupAccess` LEFT JOIN `wld_auth_group` `AuthGroup` ON `AuthGroupAccess`.`group_id`=`AuthGroup`.`id` WHERE  (  AuthGroupAccess.uid='1' and AuthGroup.status='1' ) [ RunTime:0.000705s ]
[ sql ] [ SQL ] SHOW COLUMNS FROM `wld_auth_rule` [ RunTime:0.019812s ]
[ sql ] [ SQL ] SELECT `condition`,`name` FROM `wld_auth_rule` WHERE  `id` IN (1,2,3,4,5,6,7,8,9,13,27,14,15,16,17,18,19,28,20,21,22,23,24,25,26,29,10,11,12,30)  AND `status` = 1 [ RunTime:0.000754s ]
---------------------------------------------------------------
[ 2019-07-19T22:27:17+08:00 ] 127.0.0.1 GET /make.php/member/getServeData.html?startTime=&endTime=&keywords=&limit=15&pageIndex=1&_=1563546437297
[ info ] www.make.com/make.php/member/getServeData.html?startTime=&endTime=&keywords=&limit=15&pageIndex=1&_=1563546437297 [运行时间：0.150596s][吞吐率：6.64req/s] [内存消耗：2,417.19kb] [文件加载：55]
[ sql ] [ DB ] CONNECT:[ UseTime:0.012765s ] mysql:host=127.0.0.1;port=3306;dbname=tk_make;charset=utf8
[ sql ] [ SQL ] SHOW COLUMNS FROM `wld_auth_group_access` [ RunTime:0.035602s ]
[ sql ] [ SQL ] SELECT `AuthGroupAccess`.`uid`,`AuthGroupAccess`.`group_id`,`AuthGroup`.`title`,`AuthGroup`.`rules` FROM `wld_auth_group_access` `AuthGroupAccess` LEFT JOIN `wld_auth_group` `AuthGroup` ON `AuthGroupAccess`.`group_id`=`AuthGroup`.`id` WHERE  (  AuthGroupAccess.uid='1' and AuthGroup.status='1' ) [ RunTime:0.000600s ]
[ sql ] [ SQL ] SHOW COLUMNS FROM `wld_auth_rule` [ RunTime:0.020041s ]
[ sql ] [ SQL ] SELECT `condition`,`name` FROM `wld_auth_rule` WHERE  `id` IN (1,2,3,4,5,6,7,8,9,13,27,14,15,16,17,18,19,28,20,21,22,23,24,25,26,29,10,11,12,30)  AND `status` = 1 [ RunTime:0.000819s ]
[ sql ] [ SQL ] SHOW COLUMNS FROM `wld_member_serve` [ RunTime:0.022470s ]
[ sql ] [ SQL ] SELECT * FROM `wld_member_serve` ORDER BY `id` DESC LIMIT 0,15 [ RunTime:0.000307s ]
[ sql ] [ SQL ] SELECT COUNT(*) AS tp_count FROM `wld_member_serve` LIMIT 1 [ RunTime:0.000301s ]
---------------------------------------------------------------
[ 2019-07-19T22:27:18+08:00 ] 127.0.0.1 GET /make.php/Member/setting.html
[ info ] www.make.com/make.php/Member/setting.html [运行时间：0.084512s][吞吐率：11.83req/s] [内存消耗：2,296.56kb] [文件加载：55]
[ sql ] [ DB ] CONNECT:[ UseTime:0.001283s ] mysql:host=127.0.0.1;port=3306;dbname=tk_make;charset=utf8
[ sql ] [ SQL ] SHOW COLUMNS FROM `wld_auth_group_access` [ RunTime:0.014421s ]
[ sql ] [ SQL ] SELECT `AuthGroupAccess`.`uid`,`AuthGroupAccess`.`group_id`,`AuthGroup`.`title`,`AuthGroup`.`rules` FROM `wld_auth_group_access` `AuthGroupAccess` LEFT JOIN `wld_auth_group` `AuthGroup` ON `AuthGroupAccess`.`group_id`=`AuthGroup`.`id` WHERE  (  AuthGroupAccess.uid='1' and AuthGroup.status='1' ) [ RunTime:0.000414s ]
[ sql ] [ SQL ] SHOW COLUMNS FROM `wld_auth_rule` [ RunTime:0.015182s ]
[ sql ] [ SQL ] SELECT `condition`,`name` FROM `wld_auth_rule` WHERE  `id` IN (1,2,3,4,5,6,7,8,9,13,27,14,15,16,17,18,19,28,20,21,22,23,24,25,26,29,10,11,12,30)  AND `status` = 1 [ RunTime:0.000498s ]
---------------------------------------------------------------
[ 2019-07-19T22:27:20+08:00 ] 127.0.0.1 GET /make.php/Member/recharge.html
[ info ] www.make.com/make.php/Member/recharge.html [运行时间：0.126385s][吞吐率：7.91req/s] [内存消耗：2,288.22kb] [文件加载：54]
[ sql ] [ DB ] CONNECT:[ UseTime:0.001196s ] mysql:host=127.0.0.1;port=3306;dbname=tk_make;charset=utf8
[ sql ] [ SQL ] SHOW COLUMNS FROM `wld_auth_group_access` [ RunTime:0.027075s ]
[ sql ] [ SQL ] SELECT `AuthGroupAccess`.`uid`,`AuthGroupAccess`.`group_id`,`AuthGroup`.`title`,`AuthGroup`.`rules` FROM `wld_auth_group_access` `AuthGroupAccess` LEFT JOIN `wld_auth_group` `AuthGroup` ON `AuthGroupAccess`.`group_id`=`AuthGroup`.`id` WHERE  (  AuthGroupAccess.uid='1' and AuthGroup.status='1' ) [ RunTime:0.000883s ]
[ sql ] [ SQL ] SHOW COLUMNS FROM `wld_auth_rule` [ RunTime:0.030177s ]
[ sql ] [ SQL ] SELECT `condition`,`name` FROM `wld_auth_rule` WHERE  `id` IN (1,2,3,4,5,6,7,8,9,13,27,14,15,16,17,18,19,28,20,21,22,23,24,25,26,29,10,11,12,30)  AND `status` = 1 [ RunTime:0.001051s ]
---------------------------------------------------------------
[ 2019-07-19T22:27:21+08:00 ] 127.0.0.1 GET /make.php/member/getRechargeData.html?startTime=&endTime=&keywords=&pay_status=0&limit=15&pageIndex=1&_=1563546440952
[ info ] www.make.com/make.php/member/getRechargeData.html?startTime=&endTime=&keywords=&pay_status=0&limit=15&pageIndex=1&_=1563546440952 [运行时间：0.128889s][吞吐率：7.76req/s] [内存消耗：2,397.71kb] [文件加载：57]
[ sql ] [ DB ] CONNECT:[ UseTime:0.001465s ] mysql:host=127.0.0.1;port=3306;dbname=tk_make;charset=utf8
[ sql ] [ SQL ] SHOW COLUMNS FROM `wld_auth_group_access` [ RunTime:0.019247s ]
[ sql ] [ SQL ] SELECT `AuthGroupAccess`.`uid`,`AuthGroupAccess`.`group_id`,`AuthGroup`.`title`,`AuthGroup`.`rules` FROM `wld_auth_group_access` `AuthGroupAccess` LEFT JOIN `wld_auth_group` `AuthGroup` ON `AuthGroupAccess`.`group_id`=`AuthGroup`.`id` WHERE  (  AuthGroupAccess.uid='1' and AuthGroup.status='1' ) [ RunTime:0.000478s ]
[ sql ] [ SQL ] SHOW COLUMNS FROM `wld_auth_rule` [ RunTime:0.017109s ]
[ sql ] [ SQL ] SELECT `condition`,`name` FROM `wld_auth_rule` WHERE  `id` IN (1,2,3,4,5,6,7,8,9,13,27,14,15,16,17,18,19,28,20,21,22,23,24,25,26,29,10,11,12,30)  AND `status` = 1 [ RunTime:0.000511s ]
[ sql ] [ SQL ] SHOW COLUMNS FROM `wld_pay_log` [ RunTime:0.016767s ]
[ sql ] [ SQL ] SELECT * FROM `wld_pay_log` ORDER BY `id` DESC LIMIT 0,15 [ RunTime:0.000513s ]
[ sql ] [ SQL ] SHOW COLUMNS FROM `wld_member` [ RunTime:0.016248s ]
[ sql ] [ SQL ] SELECT `uid`,`phone` FROM `wld_member` WHERE  `uid` IN (120,83,64,86,70,68) [ RunTime:0.001473s ]
[ sql ] [ SQL ] SELECT COUNT(*) AS tp_count FROM `wld_pay_log` LIMIT 1 [ RunTime:0.000301s ]
---------------------------------------------------------------
[ 2019-07-19T22:27:25+08:00 ] 127.0.0.1 GET /make.php/Member/withDraw.html
[ info ] www.make.com/make.php/Member/withDraw.html [运行时间：0.125963s][吞吐率：7.94req/s] [内存消耗：2,297.16kb] [文件加载：54]
[ sql ] [ DB ] CONNECT:[ UseTime:0.001201s ] mysql:host=127.0.0.1;port=3306;dbname=tk_make;charset=utf8
[ sql ] [ SQL ] SHOW COLUMNS FROM `wld_auth_group_access` [ RunTime:0.057821s ]
[ sql ] [ SQL ] SELECT `AuthGroupAccess`.`uid`,`AuthGroupAccess`.`group_id`,`AuthGroup`.`title`,`AuthGroup`.`rules` FROM `wld_auth_group_access` `AuthGroupAccess` LEFT JOIN `wld_auth_group` `AuthGroup` ON `AuthGroupAccess`.`group_id`=`AuthGroup`.`id` WHERE  (  AuthGroupAccess.uid='1' and AuthGroup.status='1' ) [ RunTime:0.000388s ]
[ sql ] [ SQL ] SHOW COLUMNS FROM `wld_auth_rule` [ RunTime:0.013195s ]
[ sql ] [ SQL ] SELECT `condition`,`name` FROM `wld_auth_rule` WHERE  `id` IN (1,2,3,4,5,6,7,8,9,13,27,14,15,16,17,18,19,28,20,21,22,23,24,25,26,29,10,11,12,30)  AND `status` = 1 [ RunTime:0.000500s ]
---------------------------------------------------------------
[ 2019-07-19T22:27:25+08:00 ] 127.0.0.1 GET /make.php/member/getWithdrawData.html?startTime=&endTime=&keywords=&check=9&limit=15&pageIndex=1&_=1563546445043
[ info ] www.make.com/make.php/member/getWithdrawData.html?startTime=&endTime=&keywords=&check=9&limit=15&pageIndex=1&_=1563546445043 [运行时间：0.131082s][吞吐率：7.63req/s] [内存消耗：2,393.91kb] [文件加载：57]
[ sql ] [ DB ] CONNECT:[ UseTime:0.001196s ] mysql:host=127.0.0.1;port=3306;dbname=tk_make;charset=utf8
[ sql ] [ SQL ] SHOW COLUMNS FROM `wld_auth_group_access` [ RunTime:0.015806s ]
[ sql ] [ SQL ] SELECT `AuthGroupAccess`.`uid`,`AuthGroupAccess`.`group_id`,`AuthGroup`.`title`,`AuthGroup`.`rules` FROM `wld_auth_group_access` `AuthGroupAccess` LEFT JOIN `wld_auth_group` `AuthGroup` ON `AuthGroupAccess`.`group_id`=`AuthGroup`.`id` WHERE  (  AuthGroupAccess.uid='1' and AuthGroup.status='1' ) [ RunTime:0.000442s ]
[ sql ] [ SQL ] SHOW COLUMNS FROM `wld_auth_rule` [ RunTime:0.015859s ]
[ sql ] [ SQL ] SELECT `condition`,`name` FROM `wld_auth_rule` WHERE  `id` IN (1,2,3,4,5,6,7,8,9,13,27,14,15,16,17,18,19,28,20,21,22,23,24,25,26,29,10,11,12,30)  AND `status` = 1 [ RunTime:0.000496s ]
[ sql ] [ SQL ] SHOW COLUMNS FROM `wld_deposit_log` [ RunTime:0.022671s ]
[ sql ] [ SQL ] SELECT * FROM `wld_deposit_log` ORDER BY `id` DESC LIMIT 0,15 [ RunTime:0.000492s ]
[ sql ] [ SQL ] SHOW COLUMNS FROM `wld_bank_info` [ RunTime:0.019806s ]
[ sql ] [ SQL ] SELECT `uid`,`bank_card_num` FROM `wld_bank_info` WHERE  `uid` IN (134,83,78) [ RunTime:0.000425s ]
[ sql ] [ SQL ] SELECT COUNT(*) AS tp_count FROM `wld_deposit_log` LIMIT 1 [ RunTime:0.000329s ]
---------------------------------------------------------------
[ 2019-07-19T22:27:28+08:00 ] 127.0.0.1 GET /make.php/Member/brokerage.html
[ info ] www.make.com/make.php/Member/brokerage.html [运行时间：0.079945s][吞吐率：12.51req/s] [内存消耗：2,293.57kb] [文件加载：54]
[ sql ] [ DB ] CONNECT:[ UseTime:0.001151s ] mysql:host=127.0.0.1;port=3306;dbname=tk_make;charset=utf8
[ sql ] [ SQL ] SHOW COLUMNS FROM `wld_auth_group_access` [ RunTime:0.012268s ]
[ sql ] [ SQL ] SELECT `AuthGroupAccess`.`uid`,`AuthGroupAccess`.`group_id`,`AuthGroup`.`title`,`AuthGroup`.`rules` FROM `wld_auth_group_access` `AuthGroupAccess` LEFT JOIN `wld_auth_group` `AuthGroup` ON `AuthGroupAccess`.`group_id`=`AuthGroup`.`id` WHERE  (  AuthGroupAccess.uid='1' and AuthGroup.status='1' ) [ RunTime:0.000547s ]
[ sql ] [ SQL ] SHOW COLUMNS FROM `wld_auth_rule` [ RunTime:0.012915s ]
[ sql ] [ SQL ] SELECT `condition`,`name` FROM `wld_auth_rule` WHERE  `id` IN (1,2,3,4,5,6,7,8,9,13,27,14,15,16,17,18,19,28,20,21,22,23,24,25,26,29,10,11,12,30)  AND `status` = 1 [ RunTime:0.000592s ]
---------------------------------------------------------------
[ 2019-07-19T22:27:29+08:00 ] 127.0.0.1 GET /make.php/member/getBrokerageData.html?startTime=&endTime=&keywords=&userLevel=0&type=0&check=9&limit=15&pageIndex=1&_=1563546448933
[ info ] www.make.com/make.php/member/getBrokerageData.html?startTime=&endTime=&keywords=&userLevel=0&type=0&check=9&limit=15&pageIndex=1&_=1563546448933 [运行时间：0.121154s][吞吐率：8.25req/s] [内存消耗：2,404.47kb] [文件加载：57]
[ sql ] [ DB ] CONNECT:[ UseTime:0.001735s ] mysql:host=127.0.0.1;port=3306;dbname=tk_make;charset=utf8
[ sql ] [ SQL ] SHOW COLUMNS FROM `wld_auth_group_access` [ RunTime:0.014443s ]
[ sql ] [ SQL ] SELECT `AuthGroupAccess`.`uid`,`AuthGroupAccess`.`group_id`,`AuthGroup`.`title`,`AuthGroup`.`rules` FROM `wld_auth_group_access` `AuthGroupAccess` LEFT JOIN `wld_auth_group` `AuthGroup` ON `AuthGroupAccess`.`group_id`=`AuthGroup`.`id` WHERE  (  AuthGroupAccess.uid='1' and AuthGroup.status='1' ) [ RunTime:0.001403s ]
[ sql ] [ SQL ] SHOW COLUMNS FROM `wld_auth_rule` [ RunTime:0.016032s ]
[ sql ] [ SQL ] SELECT `condition`,`name` FROM `wld_auth_rule` WHERE  `id` IN (1,2,3,4,5,6,7,8,9,13,27,14,15,16,17,18,19,28,20,21,22,23,24,25,26,29,10,11,12,30)  AND `status` = 1 [ RunTime:0.000843s ]
[ sql ] [ SQL ] SHOW COLUMNS FROM `wld_hire_log` [ RunTime:0.016053s ]
[ sql ] [ SQL ] SELECT * FROM `wld_hire_log` ORDER BY `add_time` DESC LIMIT 0,15 [ RunTime:0.001051s ]
[ sql ] [ SQL ] SHOW COLUMNS FROM `wld_member` [ RunTime:0.015671s ]
[ sql ] [ SQL ] SELECT `uid`,`phone` FROM `wld_member` WHERE  `uid` IN (83,30,62) [ RunTime:0.000404s ]
[ sql ] [ SQL ] SELECT COUNT(*) AS tp_count FROM `wld_hire_log` LIMIT 1 [ RunTime:0.000463s ]
---------------------------------------------------------------
[ 2019-07-19T22:27:30+08:00 ] 127.0.0.1 GET /make.php/Member/profit.html
[ info ] www.make.com/make.php/Member/profit.html [运行时间：0.071339s][吞吐率：14.02req/s] [内存消耗：2,288.55kb] [文件加载：54]
[ sql ] [ DB ] CONNECT:[ UseTime:0.001169s ] mysql:host=127.0.0.1;port=3306;dbname=tk_make;charset=utf8
[ sql ] [ SQL ] SHOW COLUMNS FROM `wld_auth_group_access` [ RunTime:0.012576s ]
[ sql ] [ SQL ] SELECT `AuthGroupAccess`.`uid`,`AuthGroupAccess`.`group_id`,`AuthGroup`.`title`,`AuthGroup`.`rules` FROM `wld_auth_group_access` `AuthGroupAccess` LEFT JOIN `wld_auth_group` `AuthGroup` ON `AuthGroupAccess`.`group_id`=`AuthGroup`.`id` WHERE  (  AuthGroupAccess.uid='1' and AuthGroup.status='1' ) [ RunTime:0.000436s ]
[ sql ] [ SQL ] SHOW COLUMNS FROM `wld_auth_rule` [ RunTime:0.012444s ]
[ sql ] [ SQL ] SELECT `condition`,`name` FROM `wld_auth_rule` WHERE  `id` IN (1,2,3,4,5,6,7,8,9,13,27,14,15,16,17,18,19,28,20,21,22,23,24,25,26,29,10,11,12,30)  AND `status` = 1 [ RunTime:0.000533s ]
---------------------------------------------------------------
[ 2019-07-19T22:27:31+08:00 ] 127.0.0.1 GET /make.php/member/getProfitData.html?startTime=&endTime=&keywords=&type=0&limit=15&pageIndex=1&_=1563546450984
[ info ] www.make.com/make.php/member/getProfitData.html?startTime=&endTime=&keywords=&type=0&limit=15&pageIndex=1&_=1563546450984 [运行时间：0.139098s][吞吐率：7.19req/s] [内存消耗：2,396.88kb] [文件加载：57]
[ sql ] [ DB ] CONNECT:[ UseTime:0.013001s ] mysql:host=127.0.0.1;port=3306;dbname=tk_make;charset=utf8
[ sql ] [ SQL ] SHOW COLUMNS FROM `wld_auth_group_access` [ RunTime:0.019591s ]
[ sql ] [ SQL ] SELECT `AuthGroupAccess`.`uid`,`AuthGroupAccess`.`group_id`,`AuthGroup`.`title`,`AuthGroup`.`rules` FROM `wld_auth_group_access` `AuthGroupAccess` LEFT JOIN `wld_auth_group` `AuthGroup` ON `AuthGroupAccess`.`group_id`=`AuthGroup`.`id` WHERE  (  AuthGroupAccess.uid='1' and AuthGroup.status='1' ) [ RunTime:0.000399s ]
[ sql ] [ SQL ] SHOW COLUMNS FROM `wld_auth_rule` [ RunTime:0.015730s ]
[ sql ] [ SQL ] SELECT `condition`,`name` FROM `wld_auth_rule` WHERE  `id` IN (1,2,3,4,5,6,7,8,9,13,27,14,15,16,17,18,19,28,20,21,22,23,24,25,26,29,10,11,12,30)  AND `status` = 1 [ RunTime:0.000522s ]
[ sql ] [ SQL ] SHOW COLUMNS FROM `wld_earnings_log` [ RunTime:0.019231s ]
[ sql ] [ SQL ] SELECT * FROM `wld_earnings_log` ORDER BY `id` DESC LIMIT 0,15 [ RunTime:0.000437s ]
[ sql ] [ SQL ] SHOW COLUMNS FROM `wld_member` [ RunTime:0.015114s ]
[ sql ] [ SQL ] SELECT `uid`,`phone` FROM `wld_member` WHERE  `uid` IN (80,83,134,96,68,78) [ RunTime:0.000494s ]
[ sql ] [ SQL ] SELECT COUNT(*) AS tp_count FROM `wld_earnings_log` LIMIT 1 [ RunTime:0.000347s ]
---------------------------------------------------------------
[ 2019-07-19T22:27:35+08:00 ] 127.0.0.1 GET /make.php/Task/index.html
[ info ] www.make.com/make.php/Task/index.html [运行时间：0.175197s][吞吐率：5.71req/s] [内存消耗：2,557.40kb] [文件加载：58]
[ sql ] [ DB ] CONNECT:[ UseTime:0.002221s ] mysql:host=127.0.0.1;port=3306;dbname=tk_make;charset=utf8
[ sql ] [ SQL ] SHOW COLUMNS FROM `wld_auth_group_access` [ RunTime:0.022533s ]
[ sql ] [ SQL ] SELECT `AuthGroupAccess`.`uid`,`AuthGroupAccess`.`group_id`,`AuthGroup`.`title`,`AuthGroup`.`rules` FROM `wld_auth_group_access` `AuthGroupAccess` LEFT JOIN `wld_auth_group` `AuthGroup` ON `AuthGroupAccess`.`group_id`=`AuthGroup`.`id` WHERE  (  AuthGroupAccess.uid='1' and AuthGroup.status='1' ) [ RunTime:0.000314s ]
[ sql ] [ SQL ] SHOW COLUMNS FROM `wld_auth_rule` [ RunTime:0.012244s ]
[ sql ] [ SQL ] SELECT `condition`,`name` FROM `wld_auth_rule` WHERE  `id` IN (1,2,3,4,5,6,7,8,9,13,27,14,15,16,17,18,19,28,20,21,22,23,24,25,26,29,10,11,12,30)  AND `status` = 1 [ RunTime:0.000481s ]
[ sql ] [ SQL ] SHOW COLUMNS FROM `wld_task_classify` [ RunTime:0.015273s ]
[ sql ] [ SQL ] SELECT `task_cid`,`name` FROM `wld_task_classify` [ RunTime:0.000402s ]
---------------------------------------------------------------
[ 2019-07-19T22:27:35+08:00 ] 127.0.0.1 GET /make.php/task/getIndexData.html?startTime=&endTime=&keywords=&userLevel=0&cid=0&limit=15&pageIndex=1&_=1563546455231
[ info ] www.make.com/make.php/task/getIndexData.html?startTime=&endTime=&keywords=&userLevel=0&cid=0&limit=15&pageIndex=1&_=1563546455231 [运行时间：0.137063s][吞吐率：7.30req/s] [内存消耗：2,448.70kb] [文件加载：57]
[ sql ] [ DB ] CONNECT:[ UseTime:0.012410s ] mysql:host=127.0.0.1;port=3306;dbname=tk_make;charset=utf8
[ sql ] [ SQL ] SHOW COLUMNS FROM `wld_auth_group_access` [ RunTime:0.020665s ]
[ sql ] [ SQL ] SELECT `AuthGroupAccess`.`uid`,`AuthGroupAccess`.`group_id`,`AuthGroup`.`title`,`AuthGroup`.`rules` FROM `wld_auth_group_access` `AuthGroupAccess` LEFT JOIN `wld_auth_group` `AuthGroup` ON `AuthGroupAccess`.`group_id`=`AuthGroup`.`id` WHERE  (  AuthGroupAccess.uid='1' and AuthGroup.status='1' ) [ RunTime:0.000536s ]
[ sql ] [ SQL ] SHOW COLUMNS FROM `wld_auth_rule` [ RunTime:0.015956s ]
[ sql ] [ SQL ] SELECT `condition`,`name` FROM `wld_auth_rule` WHERE  `id` IN (1,2,3,4,5,6,7,8,9,13,27,14,15,16,17,18,19,28,20,21,22,23,24,25,26,29,10,11,12,30)  AND `status` = 1 [ RunTime:0.000563s ]
[ sql ] [ SQL ] SHOW COLUMNS FROM `wld_task` [ RunTime:0.016017s ]
[ sql ] [ SQL ] SELECT * FROM `wld_task` ORDER BY `task_id` DESC LIMIT 0,15 [ RunTime:0.001104s ]
[ sql ] [ SQL ] SHOW COLUMNS FROM `wld_task_classify` [ RunTime:0.015731s ]
[ sql ] [ SQL ] SELECT `task_cid`,`name` FROM `wld_task_classify` WHERE  `task_cid` IN (4,3,2) [ RunTime:0.000373s ]
[ sql ] [ SQL ] SELECT COUNT(*) AS tp_count FROM `wld_task` LIMIT 1 [ RunTime:0.000301s ]
---------------------------------------------------------------
[ 2019-07-19T22:27:43+08:00 ] 127.0.0.1 GET /make.php/Task/drawList.html
[ info ] www.make.com/make.php/Task/drawList.html [运行时间：0.155965s][吞吐率：6.41req/s] [内存消耗：2,557.97kb] [文件加载：58]
[ sql ] [ DB ] CONNECT:[ UseTime:0.001258s ] mysql:host=127.0.0.1;port=3306;dbname=tk_make;charset=utf8
[ sql ] [ SQL ] SHOW COLUMNS FROM `wld_auth_group_access` [ RunTime:0.059639s ]
[ sql ] [ SQL ] SELECT `AuthGroupAccess`.`uid`,`AuthGroupAccess`.`group_id`,`AuthGroup`.`title`,`AuthGroup`.`rules` FROM `wld_auth_group_access` `AuthGroupAccess` LEFT JOIN `wld_auth_group` `AuthGroup` ON `AuthGroupAccess`.`group_id`=`AuthGroup`.`id` WHERE  (  AuthGroupAccess.uid='1' and AuthGroup.status='1' ) [ RunTime:0.000484s ]
[ sql ] [ SQL ] SHOW COLUMNS FROM `wld_auth_rule` [ RunTime:0.012975s ]
[ sql ] [ SQL ] SELECT `condition`,`name` FROM `wld_auth_rule` WHERE  `id` IN (1,2,3,4,5,6,7,8,9,13,27,14,15,16,17,18,19,28,20,21,22,23,24,25,26,29,10,11,12,30)  AND `status` = 1 [ RunTime:0.000497s ]
[ sql ] [ SQL ] SHOW COLUMNS FROM `wld_task_classify` [ RunTime:0.012943s ]
[ sql ] [ SQL ] SELECT `task_cid`,`name` FROM `wld_task_classify` [ RunTime:0.000330s ]
---------------------------------------------------------------
[ 2019-07-19T22:27:44+08:00 ] 127.0.0.1 GET /make.php/task/getDrawListData.html?startTime=&endTime=&keywords=&userLevel=0&cid=0&check_status=9&limit=15&pageIndex=1&_=1563546463917
[ info ] www.make.com/make.php/task/getDrawListData.html?startTime=&endTime=&keywords=&userLevel=0&cid=0&check_status=9&limit=15&pageIndex=1&_=1563546463917 [运行时间：0.141643s][吞吐率：7.06req/s] [内存消耗：2,418.02kb] [文件加载：55]
[ sql ] [ DB ] CONNECT:[ UseTime:0.001249s ] mysql:host=127.0.0.1;port=3306;dbname=tk_make;charset=utf8
[ sql ] [ SQL ] SHOW COLUMNS FROM `wld_auth_group_access` [ RunTime:0.015595s ]
[ sql ] [ SQL ] SELECT `AuthGroupAccess`.`uid`,`AuthGroupAccess`.`group_id`,`AuthGroup`.`title`,`AuthGroup`.`rules` FROM `wld_auth_group_access` `AuthGroupAccess` LEFT JOIN `wld_auth_group` `AuthGroup` ON `AuthGroupAccess`.`group_id`=`AuthGroup`.`id` WHERE  (  AuthGroupAccess.uid='1' and AuthGroup.status='1' ) [ RunTime:0.000425s ]
[ sql ] [ SQL ] SHOW COLUMNS FROM `wld_auth_rule` [ RunTime:0.016419s ]
[ sql ] [ SQL ] SELECT `condition`,`name` FROM `wld_auth_rule` WHERE  `id` IN (1,2,3,4,5,6,7,8,9,13,27,14,15,16,17,18,19,28,20,21,22,23,24,25,26,29,10,11,12,30)  AND `status` = 1 [ RunTime:0.000480s ]
[ sql ] [ SQL ] SHOW COLUMNS FROM `wld_send_task_log` [ RunTime:0.020747s ]
[ sql ] [ SQL ] SELECT * FROM `wld_send_task_log` WHERE  `is_check` IN (1,2,3) ORDER BY `sub_time` DESC LIMIT 0,15 [ RunTime:0.002038s ]
[ sql ] [ SQL ] SHOW COLUMNS FROM `wld_task_classify` [ RunTime:0.015112s ]
[ sql ] [ SQL ] SELECT `task_cid`,`name` FROM `wld_task_classify` WHERE  `task_cid` IN (3,2) [ RunTime:0.000454s ]
[ sql ] [ SQL ] SHOW COLUMNS FROM `wld_member` [ RunTime:0.015290s ]
[ sql ] [ SQL ] SELECT `uid`,`phone` FROM `wld_member` WHERE  `uid` IN (83,80,187) [ RunTime:0.000444s ]
[ sql ] [ SQL ] SELECT COUNT(*) AS tp_count FROM `wld_send_task_log` WHERE  `is_check` IN (1,2,3) LIMIT 1 [ RunTime:0.000848s ]
---------------------------------------------------------------
[ 2019-07-19T22:27:48+08:00 ] 127.0.0.1 GET /make.php/Task/getDrawList.html
[ info ] www.make.com/make.php/Task/getDrawList.html [运行时间：0.145420s][吞吐率：6.88req/s] [内存消耗：2,556.51kb] [文件加载：58]
[ sql ] [ DB ] CONNECT:[ UseTime:0.001272s ] mysql:host=127.0.0.1;port=3306;dbname=tk_make;charset=utf8
[ sql ] [ SQL ] SHOW COLUMNS FROM `wld_auth_group_access` [ RunTime:0.059500s ]
[ sql ] [ SQL ] SELECT `AuthGroupAccess`.`uid`,`AuthGroupAccess`.`group_id`,`AuthGroup`.`title`,`AuthGroup`.`rules` FROM `wld_auth_group_access` `AuthGroupAccess` LEFT JOIN `wld_auth_group` `AuthGroup` ON `AuthGroupAccess`.`group_id`=`AuthGroup`.`id` WHERE  (  AuthGroupAccess.uid='1' and AuthGroup.status='1' ) [ RunTime:0.000410s ]
[ sql ] [ SQL ] SHOW COLUMNS FROM `wld_auth_rule` [ RunTime:0.013012s ]
[ sql ] [ SQL ] SELECT `condition`,`name` FROM `wld_auth_rule` WHERE  `id` IN (1,2,3,4,5,6,7,8,9,13,27,14,15,16,17,18,19,28,20,21,22,23,24,25,26,29,10,11,12,30)  AND `status` = 1 [ RunTime:0.000523s ]
[ sql ] [ SQL ] SHOW COLUMNS FROM `wld_task_classify` [ RunTime:0.013135s ]
[ sql ] [ SQL ] SELECT `task_cid`,`name` FROM `wld_task_classify` [ RunTime:0.000316s ]
---------------------------------------------------------------
[ 2019-07-19T22:27:49+08:00 ] 127.0.0.1 GET /make.php/task/getDrawListHtmlData.html?startTime=&endTime=&keywords=&userLevel=0&cid=0&limit=15&pageIndex=1&_=1563546468821
[ info ] www.make.com/make.php/task/getDrawListHtmlData.html?startTime=&endTime=&keywords=&userLevel=0&cid=0&limit=15&pageIndex=1&_=1563546468821 [运行时间：0.179890s][吞吐率：5.56req/s] [内存消耗：2,416.43kb] [文件加载：55]
[ sql ] [ DB ] CONNECT:[ UseTime:0.001687s ] mysql:host=127.0.0.1;port=3306;dbname=tk_make;charset=utf8
[ sql ] [ SQL ] SHOW COLUMNS FROM `wld_auth_group_access` [ RunTime:0.015912s ]
[ sql ] [ SQL ] SELECT `AuthGroupAccess`.`uid`,`AuthGroupAccess`.`group_id`,`AuthGroup`.`title`,`AuthGroup`.`rules` FROM `wld_auth_group_access` `AuthGroupAccess` LEFT JOIN `wld_auth_group` `AuthGroup` ON `AuthGroupAccess`.`group_id`=`AuthGroup`.`id` WHERE  (  AuthGroupAccess.uid='1' and AuthGroup.status='1' ) [ RunTime:0.001033s ]
[ sql ] [ SQL ] SHOW COLUMNS FROM `wld_auth_rule` [ RunTime:0.021783s ]
[ sql ] [ SQL ] SELECT `condition`,`name` FROM `wld_auth_rule` WHERE  `id` IN (1,2,3,4,5,6,7,8,9,13,27,14,15,16,17,18,19,28,20,21,22,23,24,25,26,29,10,11,12,30)  AND `status` = 1 [ RunTime:0.001000s ]
[ sql ] [ SQL ] SHOW COLUMNS FROM `wld_send_task_log` [ RunTime:0.029293s ]
[ sql ] [ SQL ] SELECT * FROM `wld_send_task_log` WHERE  `is_check` = 0 ORDER BY `add_time` DESC LIMIT 0,15 [ RunTime:0.000671s ]
[ sql ] [ SQL ] SHOW COLUMNS FROM `wld_task_classify` [ RunTime:0.015924s ]
[ sql ] [ SQL ] SELECT `task_cid`,`name` FROM `wld_task_classify` WHERE  `task_cid` IN (3,2) [ RunTime:0.000357s ]
[ sql ] [ SQL ] SHOW COLUMNS FROM `wld_member` [ RunTime:0.022418s ]
[ sql ] [ SQL ] SELECT `uid`,`phone` FROM `wld_member` WHERE  `uid` IN (62,83,192,247,191) [ RunTime:0.000770s ]
[ sql ] [ SQL ] SELECT COUNT(*) AS tp_count FROM `wld_send_task_log` WHERE  `is_check` = 0 LIMIT 1 [ RunTime:0.000560s ]
---------------------------------------------------------------
[ 2019-07-19T22:27:51+08:00 ] 127.0.0.1 GET /make.php/Task/add.html
[ info ] www.make.com/make.php/Task/add.html [运行时间：0.154308s][吞吐率：6.48req/s] [内存消耗：2,598.34kb] [文件加载：58]
[ sql ] [ DB ] CONNECT:[ UseTime:0.001074s ] mysql:host=127.0.0.1;port=3306;dbname=tk_make;charset=utf8
[ sql ] [ SQL ] SHOW COLUMNS FROM `wld_auth_group_access` [ RunTime:0.059122s ]
[ sql ] [ SQL ] SELECT `AuthGroupAccess`.`uid`,`AuthGroupAccess`.`group_id`,`AuthGroup`.`title`,`AuthGroup`.`rules` FROM `wld_auth_group_access` `AuthGroupAccess` LEFT JOIN `wld_auth_group` `AuthGroup` ON `AuthGroupAccess`.`group_id`=`AuthGroup`.`id` WHERE  (  AuthGroupAccess.uid='1' and AuthGroup.status='1' ) [ RunTime:0.000386s ]
[ sql ] [ SQL ] SHOW COLUMNS FROM `wld_auth_rule` [ RunTime:0.014000s ]
[ sql ] [ SQL ] SELECT `condition`,`name` FROM `wld_auth_rule` WHERE  `id` IN (1,2,3,4,5,6,7,8,9,13,27,14,15,16,17,18,19,28,20,21,22,23,24,25,26,29,10,11,12,30)  AND `status` = 1 [ RunTime:0.000529s ]
[ sql ] [ SQL ] SHOW COLUMNS FROM `wld_task_classify` [ RunTime:0.016686s ]
[ sql ] [ SQL ] SELECT `task_cid`,`name` FROM `wld_task_classify` [ RunTime:0.000659s ]
---------------------------------------------------------------
[ 2019-07-19T22:31:09+08:00 ] 127.0.0.1 GET /make.php/Gate/index.html
[ info ] www.make.com/make.php/Gate/index.html [运行时间：0.143588s][吞吐率：6.96req/s] [内存消耗：2,264.39kb] [文件加载：54]
[ sql ] [ DB ] CONNECT:[ UseTime:0.013143s ] mysql:host=127.0.0.1;port=3306;dbname=tk_make;charset=utf8
[ sql ] [ SQL ] SHOW COLUMNS FROM `wld_auth_group_access` [ RunTime:0.030581s ]
[ sql ] [ SQL ] SELECT `AuthGroupAccess`.`uid`,`AuthGroupAccess`.`group_id`,`AuthGroup`.`title`,`AuthGroup`.`rules` FROM `wld_auth_group_access` `AuthGroupAccess` LEFT JOIN `wld_auth_group` `AuthGroup` ON `AuthGroupAccess`.`group_id`=`AuthGroup`.`id` WHERE  (  AuthGroupAccess.uid='1' and AuthGroup.status='1' ) [ RunTime:0.000916s ]
[ sql ] [ SQL ] SHOW COLUMNS FROM `wld_auth_rule` [ RunTime:0.029436s ]
[ sql ] [ SQL ] SELECT `condition`,`name` FROM `wld_auth_rule` WHERE  `id` IN (1,2,3,4,5,6,7,8,9,13,27,14,15,16,17,18,19,28,20,21,22,23,24,25,26,29,10,11,12,30)  AND `status` = 1 [ RunTime:0.000811s ]
---------------------------------------------------------------
[ 2019-07-19T22:31:09+08:00 ] 127.0.0.1 GET /make.php/gate/getIndexData.html?startTime=&endTime=&keywords=&limit=15&pageIndex=1&_=1563546669773
[ info ] www.make.com/make.php/gate/getIndexData.html?startTime=&endTime=&keywords=&limit=15&pageIndex=1&_=1563546669773 [运行时间：0.127975s][吞吐率：7.81req/s] [内存消耗：2,382.02kb] [文件加载：57]
[ sql ] [ DB ] CONNECT:[ UseTime:0.001290s ] mysql:host=127.0.0.1;port=3306;dbname=tk_make;charset=utf8
[ sql ] [ SQL ] SHOW COLUMNS FROM `wld_auth_group_access` [ RunTime:0.021158s ]
[ sql ] [ SQL ] SELECT `AuthGroupAccess`.`uid`,`AuthGroupAccess`.`group_id`,`AuthGroup`.`title`,`AuthGroup`.`rules` FROM `wld_auth_group_access` `AuthGroupAccess` LEFT JOIN `wld_auth_group` `AuthGroup` ON `AuthGroupAccess`.`group_id`=`AuthGroup`.`id` WHERE  (  AuthGroupAccess.uid='1' and AuthGroup.status='1' ) [ RunTime:0.000418s ]
[ sql ] [ SQL ] SHOW COLUMNS FROM `wld_auth_rule` [ RunTime:0.018047s ]
[ sql ] [ SQL ] SELECT `condition`,`name` FROM `wld_auth_rule` WHERE  `id` IN (1,2,3,4,5,6,7,8,9,13,27,14,15,16,17,18,19,28,20,21,22,23,24,25,26,29,10,11,12,30)  AND `status` = 1 [ RunTime:0.000491s ]
[ sql ] [ SQL ] SHOW COLUMNS FROM `wld_banner` [ RunTime:0.026350s ]
[ sql ] [ SQL ] SELECT * FROM `wld_banner` ORDER BY `id` DESC LIMIT 0,15 [ RunTime:0.000415s ]
[ sql ] [ SQL ] SELECT COUNT(*) AS tp_count FROM `wld_banner` LIMIT 1 [ RunTime:0.000311s ]
