---------------------------------------------------------------
[ 2019-07-20T10:19:50+08:00 ] 127.0.0.1 POST /make.php/login/sendLogin
[ info ] www.make.com/make.php/login/sendLogin [运行时间：0.121669s][吞吐率：8.22req/s] [内存消耗：2,459.23kb] [文件加载：57]
[ sql ] [ DB ] CONNECT:[ UseTime:0.004217s ] mysql:host=127.0.0.1;port=3306;dbname=tk_make;charset=utf8
[ sql ] [ SQL ] SHOW COLUMNS FROM `wld_admin` [ RunTime:0.023517s ]
[ sql ] [ SQL ] SELECT * FROM `wld_admin` WHERE  `username` = 'admin' LIMIT 1 [ RunTime:0.001636s ]
[ sql ] [ SQL ] UPDATE `wld_admin`  SET `last_login_ip`='127.0.0.1',`login_time`=1563589190,`update_time`=1563589190  WHERE  `uid` = 1 [ RunTime:0.000964s ]
[ sql ] [ SQL ] SHOW COLUMNS FROM `wld_admin_log` [ RunTime:0.014845s ]
[ sql ] [ SQL ] INSERT INTO `wld_admin_log` (`title` , `content` , `url` , `admin_id` , `username` , `useragent` , `ip` , `create_time`) VALUES ('用户登录' , '{\"username\":\"admin\"}' , '/make.php/login/sendLogin' , 1 , 'admin' , 'Mozilla/5.0 (Windows NT 10.0; WOW64) AppleWebKit/537.36 (KHTML, like Gecko) Chrome/70.0.3538.102 Safari/537.36' , '127.0.0.1' , 1563589190) [ RunTime:0.002036s ]
---------------------------------------------------------------
[ 2019-07-20T10:19:50+08:00 ] 127.0.0.1 GET /make.php/index
[ info ] www.make.com/make.php/index [运行时间：0.077975s][吞吐率：12.82req/s] [内存消耗：2,134.46kb] [文件加载：52]
[ sql ] [ DB ] CONNECT:[ UseTime:0.001459s ] mysql:host=127.0.0.1;port=3306;dbname=tk_make;charset=utf8
[ sql ] [ SQL ] SHOW COLUMNS FROM `wld_auth_group_access` [ RunTime:0.012726s ]
[ sql ] [ SQL ] SELECT `AuthGroupAccess`.`uid`,`AuthGroupAccess`.`group_id`,`AuthGroup`.`title`,`AuthGroup`.`rules` FROM `wld_auth_group_access` `AuthGroupAccess` LEFT JOIN `wld_auth_group` `AuthGroup` ON `AuthGroupAccess`.`group_id`=`AuthGroup`.`id` WHERE  (  AuthGroupAccess.uid='1' and AuthGroup.status='1' ) [ RunTime:0.003051s ]
[ sql ] [ SQL ] SHOW COLUMNS FROM `wld_auth_rule` [ RunTime:0.012801s ]
[ sql ] [ SQL ] SELECT `condition`,`name` FROM `wld_auth_rule` WHERE  `id` IN (1,2,3,4,5,6,7,8,9,13,27,14,15,16,17,18,19,28,20,21,22,23,24,25,26,29,10,11,12,30)  AND `status` = 1 [ RunTime:0.000492s ]
---------------------------------------------------------------
[ 2019-07-20T10:19:50+08:00 ] 127.0.0.1 GET /make.php/index/main.html
[ info ] www.make.com/make.php/index/main.html [运行时间：0.150996s][吞吐率：6.62req/s] [内存消耗：2,115.77kb] [文件加载：52]
[ sql ] [ DB ] CONNECT:[ UseTime:0.001047s ] mysql:host=127.0.0.1;port=3306;dbname=tk_make;charset=utf8
[ sql ] [ SQL ] SHOW COLUMNS FROM `wld_auth_group_access` [ RunTime:0.012830s ]
[ sql ] [ SQL ] SELECT `AuthGroupAccess`.`uid`,`AuthGroupAccess`.`group_id`,`AuthGroup`.`title`,`AuthGroup`.`rules` FROM `wld_auth_group_access` `AuthGroupAccess` LEFT JOIN `wld_auth_group` `AuthGroup` ON `AuthGroupAccess`.`group_id`=`AuthGroup`.`id` WHERE  (  AuthGroupAccess.uid='1' and AuthGroup.status='1' ) [ RunTime:0.000318s ]
[ sql ] [ SQL ] SHOW COLUMNS FROM `wld_auth_rule` [ RunTime:0.013383s ]
[ sql ] [ SQL ] SELECT `condition`,`name` FROM `wld_auth_rule` WHERE  `id` IN (1,2,3,4,5,6,7,8,9,13,27,14,15,16,17,18,19,28,20,21,22,23,24,25,26,29,10,11,12,30)  AND `status` = 1 [ RunTime:0.000481s ]
[ sql ] [ SQL ] SHOW COLUMNS FROM `wld_member` [ RunTime:0.021427s ]
[ sql ] [ SQL ] SELECT COUNT(*) AS tp_count FROM `wld_member` LIMIT 1 [ RunTime:0.001148s ]
[ sql ] [ SQL ] SELECT COUNT(*) AS tp_count FROM `wld_member` WHERE  `member_class` = 1 LIMIT 1 [ RunTime:0.000357s ]
[ sql ] [ SQL ] SELECT COUNT(*) AS tp_count FROM `wld_member` WHERE  `member_class` = 2 LIMIT 1 [ RunTime:0.000270s ]
[ sql ] [ SQL ] SELECT COUNT(*) AS tp_count FROM `wld_member` WHERE  `member_class` = 3 LIMIT 1 [ RunTime:0.000268s ]
[ sql ] [ SQL ] SELECT COUNT(*) AS tp_count FROM `wld_member` WHERE  `member_class` = 4 LIMIT 1 [ RunTime:0.000274s ]
[ sql ] [ SQL ] SHOW COLUMNS FROM `wld_pay_log` [ RunTime:0.015518s ]
[ sql ] [ SQL ] SELECT SUM(money) AS tp_sum FROM `wld_pay_log` WHERE  `pay_status` = 2 LIMIT 1 [ RunTime:0.000408s ]
[ sql ] [ SQL ] SHOW COLUMNS FROM `wld_hire_log` [ RunTime:0.017343s ]
[ sql ] [ SQL ] SELECT SUM(hire_money) AS tp_sum FROM `wld_hire_log` WHERE  `is_check` = 1 LIMIT 1 [ RunTime:0.000551s ]
[ sql ] [ SQL ] SHOW COLUMNS FROM `wld_task` [ RunTime:0.016650s ]
[ sql ] [ SQL ] SELECT COUNT(*) AS tp_count FROM `wld_task` WHERE  `task_id` > 0 LIMIT 1 [ RunTime:0.000375s ]
---------------------------------------------------------------
[ 2019-07-20T11:13:20+08:00 ] 127.0.0.1 GET /make.php/index/main.html
[ info ] www.make.com/make.php/index/main.html [运行时间：0.152556s][吞吐率：6.55req/s] [内存消耗：2,115.77kb] [文件加载：52]
[ sql ] [ DB ] CONNECT:[ UseTime:0.003481s ] mysql:host=127.0.0.1;port=3306;dbname=tk_make;charset=utf8
[ sql ] [ SQL ] SHOW COLUMNS FROM `wld_auth_group_access` [ RunTime:0.017641s ]
[ sql ] [ SQL ] SELECT `AuthGroupAccess`.`uid`,`AuthGroupAccess`.`group_id`,`AuthGroup`.`title`,`AuthGroup`.`rules` FROM `wld_auth_group_access` `AuthGroupAccess` LEFT JOIN `wld_auth_group` `AuthGroup` ON `AuthGroupAccess`.`group_id`=`AuthGroup`.`id` WHERE  (  AuthGroupAccess.uid='1' and AuthGroup.status='1' ) [ RunTime:0.001257s ]
[ sql ] [ SQL ] SHOW COLUMNS FROM `wld_auth_rule` [ RunTime:0.014432s ]
[ sql ] [ SQL ] SELECT `condition`,`name` FROM `wld_auth_rule` WHERE  `id` IN (1,2,3,4,5,6,7,8,9,13,27,14,15,16,17,18,19,28,20,21,22,23,24,25,26,29,10,11,12,30)  AND `status` = 1 [ RunTime:0.000603s ]
[ sql ] [ SQL ] SHOW COLUMNS FROM `wld_member` [ RunTime:0.016579s ]
[ sql ] [ SQL ] SELECT COUNT(*) AS tp_count FROM `wld_member` LIMIT 1 [ RunTime:0.000443s ]
[ sql ] [ SQL ] SELECT COUNT(*) AS tp_count FROM `wld_member` WHERE  `member_class` = 1 LIMIT 1 [ RunTime:0.000389s ]
[ sql ] [ SQL ] SELECT COUNT(*) AS tp_count FROM `wld_member` WHERE  `member_class` = 2 LIMIT 1 [ RunTime:0.000307s ]
[ sql ] [ SQL ] SELECT COUNT(*) AS tp_count FROM `wld_member` WHERE  `member_class` = 3 LIMIT 1 [ RunTime:0.000265s ]
[ sql ] [ SQL ] SELECT COUNT(*) AS tp_count FROM `wld_member` WHERE  `member_class` = 4 LIMIT 1 [ RunTime:0.000299s ]
[ sql ] [ SQL ] SHOW COLUMNS FROM `wld_pay_log` [ RunTime:0.014217s ]
[ sql ] [ SQL ] SELECT SUM(money) AS tp_sum FROM `wld_pay_log` WHERE  `pay_status` = 2 LIMIT 1 [ RunTime:0.000340s ]
[ sql ] [ SQL ] SHOW COLUMNS FROM `wld_hire_log` [ RunTime:0.012713s ]
[ sql ] [ SQL ] SELECT SUM(hire_money) AS tp_sum FROM `wld_hire_log` WHERE  `is_check` = 1 LIMIT 1 [ RunTime:0.000534s ]
[ sql ] [ SQL ] SHOW COLUMNS FROM `wld_task` [ RunTime:0.011727s ]
[ sql ] [ SQL ] SELECT COUNT(*) AS tp_count FROM `wld_task` WHERE  `task_id` > 0 LIMIT 1 [ RunTime:0.001087s ]
---------------------------------------------------------------
[ 2019-07-20T11:13:59+08:00 ] 127.0.0.1 GET /make.php/auth/index.html
[ info ] www.make.com/make.php/auth/index.html [运行时间：0.124424s][吞吐率：8.04req/s] [内存消耗：2,557.13kb] [文件加载：62]
[ sql ] [ DB ] CONNECT:[ UseTime:0.001109s ] mysql:host=127.0.0.1;port=3306;dbname=tk_make;charset=utf8
[ sql ] [ SQL ] SHOW COLUMNS FROM `wld_auth_group_access` [ RunTime:0.010652s ]
[ sql ] [ SQL ] SELECT `AuthGroupAccess`.`uid`,`AuthGroupAccess`.`group_id`,`AuthGroup`.`title`,`AuthGroup`.`rules` FROM `wld_auth_group_access` `AuthGroupAccess` LEFT JOIN `wld_auth_group` `AuthGroup` ON `AuthGroupAccess`.`group_id`=`AuthGroup`.`id` WHERE  (  AuthGroupAccess.uid='1' and AuthGroup.status='1' ) [ RunTime:0.000461s ]
[ sql ] [ SQL ] SHOW COLUMNS FROM `wld_auth_rule` [ RunTime:0.013963s ]
[ sql ] [ SQL ] SELECT `condition`,`name` FROM `wld_auth_rule` WHERE  `id` IN (1,2,3,4,5,6,7,8,9,13,27,14,15,16,17,18,19,28,20,21,22,23,24,25,26,29,10,11,12,30)  AND `status` = 1 [ RunTime:0.000733s ]
[ sql ] [ SQL ] SHOW COLUMNS FROM `wld_admin` [ RunTime:0.011478s ]
[ sql ] [ SQL ] SELECT COUNT(*) AS tp_count FROM `wld_admin` LIMIT 1 [ RunTime:0.000406s ]
[ sql ] [ SQL ] SELECT `uid`,`username`,`email`,`nickname`,`is_lock`,`last_login_ip`,`login_time` FROM `wld_admin` LIMIT 0,15 [ RunTime:0.000296s ]
[ sql ] [ SQL ] SHOW COLUMNS FROM `wld_auth_group` [ RunTime:0.010089s ]
[ sql ] [ SQL ] SELECT `wld_auth_group`.*,pivot.id AS pivot__id,pivot.uid AS pivot__uid,pivot.group_id AS pivot__group_id FROM `wld_auth_group` INNER JOIN `wld_auth_group_access` `pivot` ON `pivot`.`group_id`=`wld_auth_group`.`id` WHERE  `pivot`.`uid` = 1 [ RunTime:0.000302s ]
[ sql ] [ SQL ] SELECT `wld_auth_group`.*,pivot.id AS pivot__id,pivot.uid AS pivot__uid,pivot.group_id AS pivot__group_id FROM `wld_auth_group` INNER JOIN `wld_auth_group_access` `pivot` ON `pivot`.`group_id`=`wld_auth_group`.`id` WHERE  `pivot`.`uid` = 2 [ RunTime:0.000938s ]
---------------------------------------------------------------
[ 2019-07-20T11:14:02+08:00 ] 127.0.0.1 GET /make.php/auth/addAdmin/id/1.html
[ info ] www.make.com/make.php/auth/addAdmin/id/1.html [运行时间：0.101956s][吞吐率：9.81req/s] [内存消耗：2,566.35kb] [文件加载：59]
[ sql ] [ DB ] CONNECT:[ UseTime:0.001764s ] mysql:host=127.0.0.1;port=3306;dbname=tk_make;charset=utf8
[ sql ] [ SQL ] SHOW COLUMNS FROM `wld_auth_group_access` [ RunTime:0.011542s ]
[ sql ] [ SQL ] SELECT `AuthGroupAccess`.`uid`,`AuthGroupAccess`.`group_id`,`AuthGroup`.`title`,`AuthGroup`.`rules` FROM `wld_auth_group_access` `AuthGroupAccess` LEFT JOIN `wld_auth_group` `AuthGroup` ON `AuthGroupAccess`.`group_id`=`AuthGroup`.`id` WHERE  (  AuthGroupAccess.uid='1' and AuthGroup.status='1' ) [ RunTime:0.000434s ]
[ sql ] [ SQL ] SHOW COLUMNS FROM `wld_auth_rule` [ RunTime:0.013234s ]
[ sql ] [ SQL ] SELECT `condition`,`name` FROM `wld_auth_rule` WHERE  `id` IN (1,2,3,4,5,6,7,8,9,13,27,14,15,16,17,18,19,28,20,21,22,23,24,25,26,29,10,11,12,30)  AND `status` = 1 [ RunTime:0.000473s ]
[ sql ] [ SQL ] SHOW COLUMNS FROM `wld_auth_group` [ RunTime:0.011632s ]
[ sql ] [ SQL ] SELECT * FROM `wld_auth_group` [ RunTime:0.000248s ]
[ sql ] [ SQL ] SHOW COLUMNS FROM `wld_admin` [ RunTime:0.011149s ]
[ sql ] [ SQL ] SELECT * FROM `wld_admin` WHERE  `uid` = 1 LIMIT 1 [ RunTime:0.000396s ]
[ sql ] [ SQL ] SELECT `group_id` FROM `wld_auth_group_access` WHERE  `uid` = 1 LIMIT 1 [ RunTime:0.000268s ]
---------------------------------------------------------------
[ 2019-07-20T11:14:05+08:00 ] 127.0.0.1 GET /make.php/auth/index.html
[ info ] www.make.com/make.php/auth/index.html [运行时间：0.113785s][吞吐率：8.79req/s] [内存消耗：2,557.20kb] [文件加载：62]
[ sql ] [ DB ] CONNECT:[ UseTime:0.012855s ] mysql:host=127.0.0.1;port=3306;dbname=tk_make;charset=utf8
[ sql ] [ SQL ] SHOW COLUMNS FROM `wld_auth_group_access` [ RunTime:0.021324s ]
[ sql ] [ SQL ] SELECT `AuthGroupAccess`.`uid`,`AuthGroupAccess`.`group_id`,`AuthGroup`.`title`,`AuthGroup`.`rules` FROM `wld_auth_group_access` `AuthGroupAccess` LEFT JOIN `wld_auth_group` `AuthGroup` ON `AuthGroupAccess`.`group_id`=`AuthGroup`.`id` WHERE  (  AuthGroupAccess.uid='1' and AuthGroup.status='1' ) [ RunTime:0.000551s ]
[ sql ] [ SQL ] SHOW COLUMNS FROM `wld_auth_rule` [ RunTime:0.012038s ]
[ sql ] [ SQL ] SELECT `condition`,`name` FROM `wld_auth_rule` WHERE  `id` IN (1,2,3,4,5,6,7,8,9,13,27,14,15,16,17,18,19,28,20,21,22,23,24,25,26,29,10,11,12,30)  AND `status` = 1 [ RunTime:0.000394s ]
[ sql ] [ SQL ] SHOW COLUMNS FROM `wld_admin` [ RunTime:0.010264s ]
[ sql ] [ SQL ] SELECT COUNT(*) AS tp_count FROM `wld_admin` LIMIT 1 [ RunTime:0.000270s ]
[ sql ] [ SQL ] SELECT `uid`,`username`,`email`,`nickname`,`is_lock`,`last_login_ip`,`login_time` FROM `wld_admin` LIMIT 0,15 [ RunTime:0.000325s ]
[ sql ] [ SQL ] SHOW COLUMNS FROM `wld_auth_group` [ RunTime:0.010393s ]
[ sql ] [ SQL ] SELECT `wld_auth_group`.*,pivot.id AS pivot__id,pivot.uid AS pivot__uid,pivot.group_id AS pivot__group_id FROM `wld_auth_group` INNER JOIN `wld_auth_group_access` `pivot` ON `pivot`.`group_id`=`wld_auth_group`.`id` WHERE  `pivot`.`uid` = 1 [ RunTime:0.000305s ]
[ sql ] [ SQL ] SELECT `wld_auth_group`.*,pivot.id AS pivot__id,pivot.uid AS pivot__uid,pivot.group_id AS pivot__group_id FROM `wld_auth_group` INNER JOIN `wld_auth_group_access` `pivot` ON `pivot`.`group_id`=`wld_auth_group`.`id` WHERE  `pivot`.`uid` = 2 [ RunTime:0.000279s ]
---------------------------------------------------------------
[ 2019-07-20T11:14:07+08:00 ] 127.0.0.1 GET /make.php/auth/addAdmin.html
[ info ] www.make.com/make.php/auth/addAdmin.html [运行时间：0.116664s][吞吐率：8.57req/s] [内存消耗：2,570.29kb] [文件加载：59]
[ sql ] [ DB ] CONNECT:[ UseTime:0.011840s ] mysql:host=127.0.0.1;port=3306;dbname=tk_make;charset=utf8
[ sql ] [ SQL ] SHOW COLUMNS FROM `wld_auth_group_access` [ RunTime:0.020944s ]
[ sql ] [ SQL ] SELECT `AuthGroupAccess`.`uid`,`AuthGroupAccess`.`group_id`,`AuthGroup`.`title`,`AuthGroup`.`rules` FROM `wld_auth_group_access` `AuthGroupAccess` LEFT JOIN `wld_auth_group` `AuthGroup` ON `AuthGroupAccess`.`group_id`=`AuthGroup`.`id` WHERE  (  AuthGroupAccess.uid='1' and AuthGroup.status='1' ) [ RunTime:0.000679s ]
[ sql ] [ SQL ] SHOW COLUMNS FROM `wld_auth_rule` [ RunTime:0.015346s ]
[ sql ] [ SQL ] SELECT `condition`,`name` FROM `wld_auth_rule` WHERE  `id` IN (1,2,3,4,5,6,7,8,9,13,27,14,15,16,17,18,19,28,20,21,22,23,24,25,26,29,10,11,12,30)  AND `status` = 1 [ RunTime:0.001477s ]
[ sql ] [ SQL ] SHOW COLUMNS FROM `wld_auth_group` [ RunTime:0.013150s ]
[ sql ] [ SQL ] SELECT * FROM `wld_auth_group` [ RunTime:0.000340s ]
---------------------------------------------------------------
[ 2019-07-20T11:14:10+08:00 ] 127.0.0.1 GET /make.php/auth/index.html
[ info ] www.make.com/make.php/auth/index.html [运行时间：0.107065s][吞吐率：9.34req/s] [内存消耗：2,557.16kb] [文件加载：62]
[ sql ] [ DB ] CONNECT:[ UseTime:0.001199s ] mysql:host=127.0.0.1;port=3306;dbname=tk_make;charset=utf8
[ sql ] [ SQL ] SHOW COLUMNS FROM `wld_auth_group_access` [ RunTime:0.010054s ]
[ sql ] [ SQL ] SELECT `AuthGroupAccess`.`uid`,`AuthGroupAccess`.`group_id`,`AuthGroup`.`title`,`AuthGroup`.`rules` FROM `wld_auth_group_access` `AuthGroupAccess` LEFT JOIN `wld_auth_group` `AuthGroup` ON `AuthGroupAccess`.`group_id`=`AuthGroup`.`id` WHERE  (  AuthGroupAccess.uid='1' and AuthGroup.status='1' ) [ RunTime:0.000432s ]
[ sql ] [ SQL ] SHOW COLUMNS FROM `wld_auth_rule` [ RunTime:0.010831s ]
[ sql ] [ SQL ] SELECT `condition`,`name` FROM `wld_auth_rule` WHERE  `id` IN (1,2,3,4,5,6,7,8,9,13,27,14,15,16,17,18,19,28,20,21,22,23,24,25,26,29,10,11,12,30)  AND `status` = 1 [ RunTime:0.000367s ]
[ sql ] [ SQL ] SHOW COLUMNS FROM `wld_admin` [ RunTime:0.011876s ]
[ sql ] [ SQL ] SELECT COUNT(*) AS tp_count FROM `wld_admin` LIMIT 1 [ RunTime:0.000420s ]
[ sql ] [ SQL ] SELECT `uid`,`username`,`email`,`nickname`,`is_lock`,`last_login_ip`,`login_time` FROM `wld_admin` LIMIT 0,15 [ RunTime:0.000332s ]
[ sql ] [ SQL ] SHOW COLUMNS FROM `wld_auth_group` [ RunTime:0.014303s ]
[ sql ] [ SQL ] SELECT `wld_auth_group`.*,pivot.id AS pivot__id,pivot.uid AS pivot__uid,pivot.group_id AS pivot__group_id FROM `wld_auth_group` INNER JOIN `wld_auth_group_access` `pivot` ON `pivot`.`group_id`=`wld_auth_group`.`id` WHERE  `pivot`.`uid` = 1 [ RunTime:0.000505s ]
[ sql ] [ SQL ] SELECT `wld_auth_group`.*,pivot.id AS pivot__id,pivot.uid AS pivot__uid,pivot.group_id AS pivot__group_id FROM `wld_auth_group` INNER JOIN `wld_auth_group_access` `pivot` ON `pivot`.`group_id`=`wld_auth_group`.`id` WHERE  `pivot`.`uid` = 2 [ RunTime:0.000474s ]
---------------------------------------------------------------
[ 2019-07-20T11:14:12+08:00 ] 127.0.0.1 GET /make.php/auth/logList.html
[ info ] www.make.com/make.php/auth/logList.html [运行时间：0.102786s][吞吐率：9.73req/s] [内存消耗：2,149.30kb] [文件加载：52]
[ sql ] [ DB ] CONNECT:[ UseTime:0.011369s ] mysql:host=127.0.0.1;port=3306;dbname=tk_make;charset=utf8
[ sql ] [ SQL ] SHOW COLUMNS FROM `wld_auth_group_access` [ RunTime:0.021584s ]
[ sql ] [ SQL ] SELECT `AuthGroupAccess`.`uid`,`AuthGroupAccess`.`group_id`,`AuthGroup`.`title`,`AuthGroup`.`rules` FROM `wld_auth_group_access` `AuthGroupAccess` LEFT JOIN `wld_auth_group` `AuthGroup` ON `AuthGroupAccess`.`group_id`=`AuthGroup`.`id` WHERE  (  AuthGroupAccess.uid='1' and AuthGroup.status='1' ) [ RunTime:0.000386s ]
[ sql ] [ SQL ] SHOW COLUMNS FROM `wld_auth_rule` [ RunTime:0.013385s ]
[ sql ] [ SQL ] SELECT `condition`,`name` FROM `wld_auth_rule` WHERE  `id` IN (1,2,3,4,5,6,7,8,9,13,27,14,15,16,17,18,19,28,20,21,22,23,24,25,26,29,10,11,12,30)  AND `status` = 1 [ RunTime:0.001016s ]
---------------------------------------------------------------
[ 2019-07-20T11:14:12+08:00 ] 127.0.0.1 GET /make.php/auth/getLogListData.html?startTime=&endTime=&keywords=&limit=15&pageIndex=1&_=1563592452781
[ info ] www.make.com/make.php/auth/getLogListData.html?startTime=&endTime=&keywords=&limit=15&pageIndex=1&_=1563592452781 [运行时间：0.105748s][吞吐率：9.46req/s] [内存消耗：2,395.91kb] [文件加载：56]
[ sql ] [ DB ] CONNECT:[ UseTime:0.001335s ] mysql:host=127.0.0.1;port=3306;dbname=tk_make;charset=utf8
[ sql ] [ SQL ] SHOW COLUMNS FROM `wld_auth_group_access` [ RunTime:0.013583s ]
[ sql ] [ SQL ] SELECT `AuthGroupAccess`.`uid`,`AuthGroupAccess`.`group_id`,`AuthGroup`.`title`,`AuthGroup`.`rules` FROM `wld_auth_group_access` `AuthGroupAccess` LEFT JOIN `wld_auth_group` `AuthGroup` ON `AuthGroupAccess`.`group_id`=`AuthGroup`.`id` WHERE  (  AuthGroupAccess.uid='1' and AuthGroup.status='1' ) [ RunTime:0.000433s ]
[ sql ] [ SQL ] SHOW COLUMNS FROM `wld_auth_rule` [ RunTime:0.014484s ]
[ sql ] [ SQL ] SELECT `condition`,`name` FROM `wld_auth_rule` WHERE  `id` IN (1,2,3,4,5,6,7,8,9,13,27,14,15,16,17,18,19,28,20,21,22,23,24,25,26,29,10,11,12,30)  AND `status` = 1 [ RunTime:0.001217s ]
[ sql ] [ SQL ] SHOW COLUMNS FROM `wld_admin_log` [ RunTime:0.014346s ]
[ sql ] [ SQL ] SELECT * FROM `wld_admin_log` ORDER BY `create_time` DESC LIMIT 0,15 [ RunTime:0.001547s ]
[ sql ] [ SQL ] SELECT COUNT(*) AS tp_count FROM `wld_admin_log` LIMIT 1 [ RunTime:0.000405s ]
---------------------------------------------------------------
[ 2019-07-20T11:14:19+08:00 ] 127.0.0.1 GET /make.php/auth/groupList.html
[ info ] www.make.com/make.php/auth/groupList.html [运行时间：0.099452s][吞吐率：10.06req/s] [内存消耗：2,440.56kb] [文件加载：58]
[ sql ] [ DB ] CONNECT:[ UseTime:0.010767s ] mysql:host=127.0.0.1;port=3306;dbname=tk_make;charset=utf8
[ sql ] [ SQL ] SHOW COLUMNS FROM `wld_auth_group_access` [ RunTime:0.022196s ]
[ sql ] [ SQL ] SELECT `AuthGroupAccess`.`uid`,`AuthGroupAccess`.`group_id`,`AuthGroup`.`title`,`AuthGroup`.`rules` FROM `wld_auth_group_access` `AuthGroupAccess` LEFT JOIN `wld_auth_group` `AuthGroup` ON `AuthGroupAccess`.`group_id`=`AuthGroup`.`id` WHERE  (  AuthGroupAccess.uid='1' and AuthGroup.status='1' ) [ RunTime:0.000443s ]
[ sql ] [ SQL ] SHOW COLUMNS FROM `wld_auth_rule` [ RunTime:0.011323s ]
[ sql ] [ SQL ] SELECT `condition`,`name` FROM `wld_auth_rule` WHERE  `id` IN (1,2,3,4,5,6,7,8,9,13,27,14,15,16,17,18,19,28,20,21,22,23,24,25,26,29,10,11,12,30)  AND `status` = 1 [ RunTime:0.000443s ]
[ sql ] [ SQL ] SHOW COLUMNS FROM `wld_auth_group` [ RunTime:0.011319s ]
[ sql ] [ SQL ] SELECT COUNT(*) AS tp_count FROM `wld_auth_group` LIMIT 1 [ RunTime:0.000241s ]
[ sql ] [ SQL ] SELECT * FROM `wld_auth_group` LIMIT 0,10 [ RunTime:0.000325s ]
---------------------------------------------------------------
[ 2019-07-20T11:16:27+08:00 ] 127.0.0.1 GET /make.php
[ info ] www.make.com/make.php [运行时间：0.131174s][吞吐率：7.62req/s] [内存消耗：2,133.55kb] [文件加载：52]
[ sql ] [ DB ] CONNECT:[ UseTime:0.011732s ] mysql:host=127.0.0.1;port=3306;dbname=tk_make;charset=utf8
[ sql ] [ SQL ] SHOW COLUMNS FROM `wld_auth_group_access` [ RunTime:0.021339s ]
[ sql ] [ SQL ] SELECT `AuthGroupAccess`.`uid`,`AuthGroupAccess`.`group_id`,`AuthGroup`.`title`,`AuthGroup`.`rules` FROM `wld_auth_group_access` `AuthGroupAccess` LEFT JOIN `wld_auth_group` `AuthGroup` ON `AuthGroupAccess`.`group_id`=`AuthGroup`.`id` WHERE  (  AuthGroupAccess.uid='1' and AuthGroup.status='1' ) [ RunTime:0.000555s ]
[ sql ] [ SQL ] SHOW COLUMNS FROM `wld_auth_rule` [ RunTime:0.017564s ]
[ sql ] [ SQL ] SELECT `condition`,`name` FROM `wld_auth_rule` WHERE  `id` IN (1,2,3,4,5,6,7,8,9,13,27,14,15,16,17,18,19,28,20,21,22,23,24,25,26,29,10,11,12,30)  AND `status` = 1 [ RunTime:0.000591s ]
---------------------------------------------------------------
[ 2019-07-20T11:16:27+08:00 ] 127.0.0.1 GET /make.php/index/main.html
[ info ] www.make.com/make.php/index/main.html [运行时间：0.187216s][吞吐率：5.34req/s] [内存消耗：2,115.74kb] [文件加载：52]
[ sql ] [ DB ] CONNECT:[ UseTime:0.001666s ] mysql:host=127.0.0.1;port=3306;dbname=tk_make;charset=utf8
[ sql ] [ SQL ] SHOW COLUMNS FROM `wld_auth_group_access` [ RunTime:0.019970s ]
[ sql ] [ SQL ] SELECT `AuthGroupAccess`.`uid`,`AuthGroupAccess`.`group_id`,`AuthGroup`.`title`,`AuthGroup`.`rules` FROM `wld_auth_group_access` `AuthGroupAccess` LEFT JOIN `wld_auth_group` `AuthGroup` ON `AuthGroupAccess`.`group_id`=`AuthGroup`.`id` WHERE  (  AuthGroupAccess.uid='1' and AuthGroup.status='1' ) [ RunTime:0.001269s ]
[ sql ] [ SQL ] SHOW COLUMNS FROM `wld_auth_rule` [ RunTime:0.017027s ]
[ sql ] [ SQL ] SELECT `condition`,`name` FROM `wld_auth_rule` WHERE  `id` IN (1,2,3,4,5,6,7,8,9,13,27,14,15,16,17,18,19,28,20,21,22,23,24,25,26,29,10,11,12,30)  AND `status` = 1 [ RunTime:0.000643s ]
[ sql ] [ SQL ] SHOW COLUMNS FROM `wld_member` [ RunTime:0.017095s ]
[ sql ] [ SQL ] SELECT COUNT(*) AS tp_count FROM `wld_member` LIMIT 1 [ RunTime:0.000492s ]
[ sql ] [ SQL ] SELECT COUNT(*) AS tp_count FROM `wld_member` WHERE  `member_class` = 1 LIMIT 1 [ RunTime:0.000570s ]
[ sql ] [ SQL ] SELECT COUNT(*) AS tp_count FROM `wld_member` WHERE  `member_class` = 2 LIMIT 1 [ RunTime:0.000320s ]
[ sql ] [ SQL ] SELECT COUNT(*) AS tp_count FROM `wld_member` WHERE  `member_class` = 3 LIMIT 1 [ RunTime:0.000432s ]
[ sql ] [ SQL ] SELECT COUNT(*) AS tp_count FROM `wld_member` WHERE  `member_class` = 4 LIMIT 1 [ RunTime:0.000607s ]
[ sql ] [ SQL ] SHOW COLUMNS FROM `wld_pay_log` [ RunTime:0.018598s ]
[ sql ] [ SQL ] SELECT SUM(money) AS tp_sum FROM `wld_pay_log` WHERE  `pay_status` = 2 LIMIT 1 [ RunTime:0.000548s ]
[ sql ] [ SQL ] SHOW COLUMNS FROM `wld_hire_log` [ RunTime:0.018901s ]
[ sql ] [ SQL ] SELECT SUM(hire_money) AS tp_sum FROM `wld_hire_log` WHERE  `is_check` = 1 LIMIT 1 [ RunTime:0.000941s ]
[ sql ] [ SQL ] SHOW COLUMNS FROM `wld_task` [ RunTime:0.015706s ]
[ sql ] [ SQL ] SELECT COUNT(*) AS tp_count FROM `wld_task` WHERE  `task_id` > 0 LIMIT 1 [ RunTime:0.000444s ]
---------------------------------------------------------------
[ 2019-07-20T11:16:54+08:00 ] 127.0.0.1 GET /make.php/index/main.html
[ info ] www.make.com/make.php/index/main.html [运行时间：0.203102s][吞吐率：4.92req/s] [内存消耗：2,115.74kb] [文件加载：52]
[ sql ] [ DB ] CONNECT:[ UseTime:0.011662s ] mysql:host=127.0.0.1;port=3306;dbname=tk_make;charset=utf8
[ sql ] [ SQL ] SHOW COLUMNS FROM `wld_auth_group_access` [ RunTime:0.060795s ]
[ sql ] [ SQL ] SELECT `AuthGroupAccess`.`uid`,`AuthGroupAccess`.`group_id`,`AuthGroup`.`title`,`AuthGroup`.`rules` FROM `wld_auth_group_access` `AuthGroupAccess` LEFT JOIN `wld_auth_group` `AuthGroup` ON `AuthGroupAccess`.`group_id`=`AuthGroup`.`id` WHERE  (  AuthGroupAccess.uid='1' and AuthGroup.status='1' ) [ RunTime:0.000424s ]
[ sql ] [ SQL ] SHOW COLUMNS FROM `wld_auth_rule` [ RunTime:0.013259s ]
[ sql ] [ SQL ] SELECT `condition`,`name` FROM `wld_auth_rule` WHERE  `id` IN (1,2,3,4,5,6,7,8,9,13,27,14,15,16,17,18,19,28,20,21,22,23,24,25,26,29,10,11,12,30)  AND `status` = 1 [ RunTime:0.000450s ]
[ sql ] [ SQL ] SHOW COLUMNS FROM `wld_member` [ RunTime:0.014299s ]
[ sql ] [ SQL ] SELECT COUNT(*) AS tp_count FROM `wld_member` LIMIT 1 [ RunTime:0.000503s ]
[ sql ] [ SQL ] SELECT COUNT(*) AS tp_count FROM `wld_member` WHERE  `member_class` = 1 LIMIT 1 [ RunTime:0.000470s ]
[ sql ] [ SQL ] SELECT COUNT(*) AS tp_count FROM `wld_member` WHERE  `member_class` = 2 LIMIT 1 [ RunTime:0.000378s ]
[ sql ] [ SQL ] SELECT COUNT(*) AS tp_count FROM `wld_member` WHERE  `member_class` = 3 LIMIT 1 [ RunTime:0.000361s ]
[ sql ] [ SQL ] SELECT COUNT(*) AS tp_count FROM `wld_member` WHERE  `member_class` = 4 LIMIT 1 [ RunTime:0.000352s ]
[ sql ] [ SQL ] SHOW COLUMNS FROM `wld_pay_log` [ RunTime:0.013933s ]
[ sql ] [ SQL ] SELECT SUM(money) AS tp_sum FROM `wld_pay_log` WHERE  `pay_status` = 2 LIMIT 1 [ RunTime:0.000390s ]
[ sql ] [ SQL ] SHOW COLUMNS FROM `wld_hire_log` [ RunTime:0.018829s ]
[ sql ] [ SQL ] SELECT SUM(hire_money) AS tp_sum FROM `wld_hire_log` WHERE  `is_check` = 1 LIMIT 1 [ RunTime:0.000607s ]
[ sql ] [ SQL ] SHOW COLUMNS FROM `wld_task` [ RunTime:0.016901s ]
[ sql ] [ SQL ] SELECT COUNT(*) AS tp_count FROM `wld_task` WHERE  `task_id` > 0 LIMIT 1 [ RunTime:0.000421s ]
---------------------------------------------------------------
[ 2019-07-20T11:18:09+08:00 ] 127.0.0.1 GET /make.php/auth/groupList.html
[ info ] www.make.com/make.php/auth/groupList.html [运行时间：0.138996s][吞吐率：7.19req/s] [内存消耗：2,440.54kb] [文件加载：58]
[ sql ] [ DB ] CONNECT:[ UseTime:0.002486s ] mysql:host=127.0.0.1;port=3306;dbname=tk_make;charset=utf8
[ sql ] [ SQL ] SHOW COLUMNS FROM `wld_auth_group_access` [ RunTime:0.058571s ]
[ sql ] [ SQL ] SELECT `AuthGroupAccess`.`uid`,`AuthGroupAccess`.`group_id`,`AuthGroup`.`title`,`AuthGroup`.`rules` FROM `wld_auth_group_access` `AuthGroupAccess` LEFT JOIN `wld_auth_group` `AuthGroup` ON `AuthGroupAccess`.`group_id`=`AuthGroup`.`id` WHERE  (  AuthGroupAccess.uid='1' and AuthGroup.status='1' ) [ RunTime:0.000369s ]
[ sql ] [ SQL ] SHOW COLUMNS FROM `wld_auth_rule` [ RunTime:0.011273s ]
[ sql ] [ SQL ] SELECT `condition`,`name` FROM `wld_auth_rule` WHERE  `id` IN (1,2,3,4,5,6,7,8,9,13,27,14,15,16,17,18,19,28,20,21,22,23,24,25,26,29,10,11,12,30)  AND `status` = 1 [ RunTime:0.000409s ]
[ sql ] [ SQL ] SHOW COLUMNS FROM `wld_auth_group` [ RunTime:0.011765s ]
[ sql ] [ SQL ] SELECT COUNT(*) AS tp_count FROM `wld_auth_group` LIMIT 1 [ RunTime:0.000290s ]
[ sql ] [ SQL ] SELECT * FROM `wld_auth_group` LIMIT 0,10 [ RunTime:0.000350s ]
---------------------------------------------------------------
[ 2019-07-20T11:18:36+08:00 ] 127.0.0.1 GET /make.php/Member/serve.html
[ info ] www.make.com/make.php/Member/serve.html [运行时间：0.171259s][吞吐率：5.84req/s] [内存消耗：2,157.59kb] [文件加载：52]
[ sql ] [ DB ] CONNECT:[ UseTime:0.011649s ] mysql:host=127.0.0.1;port=3306;dbname=tk_make;charset=utf8
[ sql ] [ SQL ] SHOW COLUMNS FROM `wld_auth_group_access` [ RunTime:0.016140s ]
[ sql ] [ SQL ] SELECT `AuthGroupAccess`.`uid`,`AuthGroupAccess`.`group_id`,`AuthGroup`.`title`,`AuthGroup`.`rules` FROM `wld_auth_group_access` `AuthGroupAccess` LEFT JOIN `wld_auth_group` `AuthGroup` ON `AuthGroupAccess`.`group_id`=`AuthGroup`.`id` WHERE  (  AuthGroupAccess.uid='1' and AuthGroup.status='1' ) [ RunTime:0.000627s ]
[ sql ] [ SQL ] SHOW COLUMNS FROM `wld_auth_rule` [ RunTime:0.019032s ]
[ sql ] [ SQL ] SELECT `condition`,`name` FROM `wld_auth_rule` WHERE  `id` IN (1,2,3,4,5,6,7,8,9,13,27,14,15,16,17,18,19,28,20,21,22,23,24,25,26,29,10,11,12,30)  AND `status` = 1 [ RunTime:0.000593s ]
---------------------------------------------------------------
[ 2019-07-20T11:18:36+08:00 ] 127.0.0.1 GET /make.php/member/getServeData.html?startTime=&endTime=&keywords=&limit=15&pageIndex=1&_=1563592716118
[ info ] www.make.com/make.php/member/getServeData.html?startTime=&endTime=&keywords=&limit=15&pageIndex=1&_=1563592716118 [运行时间：0.157726s][吞吐率：6.34req/s] [内存消耗：2,417.13kb] [文件加载：55]
[ sql ] [ DB ] CONNECT:[ UseTime:0.001156s ] mysql:host=127.0.0.1;port=3306;dbname=tk_make;charset=utf8
[ sql ] [ SQL ] SHOW COLUMNS FROM `wld_auth_group_access` [ RunTime:0.063800s ]
[ sql ] [ SQL ] SELECT `AuthGroupAccess`.`uid`,`AuthGroupAccess`.`group_id`,`AuthGroup`.`title`,`AuthGroup`.`rules` FROM `wld_auth_group_access` `AuthGroupAccess` LEFT JOIN `wld_auth_group` `AuthGroup` ON `AuthGroupAccess`.`group_id`=`AuthGroup`.`id` WHERE  (  AuthGroupAccess.uid='1' and AuthGroup.status='1' ) [ RunTime:0.000382s ]
[ sql ] [ SQL ] SHOW COLUMNS FROM `wld_auth_rule` [ RunTime:0.015624s ]
[ sql ] [ SQL ] SELECT `condition`,`name` FROM `wld_auth_rule` WHERE  `id` IN (1,2,3,4,5,6,7,8,9,13,27,14,15,16,17,18,19,28,20,21,22,23,24,25,26,29,10,11,12,30)  AND `status` = 1 [ RunTime:0.000451s ]
[ sql ] [ SQL ] SHOW COLUMNS FROM `wld_member_serve` [ RunTime:0.024914s ]
[ sql ] [ SQL ] SELECT * FROM `wld_member_serve` ORDER BY `id` DESC LIMIT 0,15 [ RunTime:0.000477s ]
[ sql ] [ SQL ] SELECT COUNT(*) AS tp_count FROM `wld_member_serve` LIMIT 1 [ RunTime:0.000322s ]
---------------------------------------------------------------
[ 2019-07-20T11:21:55+08:00 ] 127.0.0.1 GET /make.php/Member/setting.html
[ info ] www.make.com/make.php/Member/setting.html [运行时间：0.141840s][吞吐率：7.05req/s] [内存消耗：2,162.02kb] [文件加载：53]
[ sql ] [ DB ] CONNECT:[ UseTime:0.012041s ] mysql:host=127.0.0.1;port=3306;dbname=tk_make;charset=utf8
[ sql ] [ SQL ] SHOW COLUMNS FROM `wld_auth_group_access` [ RunTime:0.058831s ]
[ sql ] [ SQL ] SELECT `AuthGroupAccess`.`uid`,`AuthGroupAccess`.`group_id`,`AuthGroup`.`title`,`AuthGroup`.`rules` FROM `wld_auth_group_access` `AuthGroupAccess` LEFT JOIN `wld_auth_group` `AuthGroup` ON `AuthGroupAccess`.`group_id`=`AuthGroup`.`id` WHERE  (  AuthGroupAccess.uid='1' and AuthGroup.status='1' ) [ RunTime:0.000428s ]
[ sql ] [ SQL ] SHOW COLUMNS FROM `wld_auth_rule` [ RunTime:0.012130s ]
[ sql ] [ SQL ] SELECT `condition`,`name` FROM `wld_auth_rule` WHERE  `id` IN (1,2,3,4,5,6,7,8,9,13,27,14,15,16,17,18,19,28,20,21,22,23,24,25,26,29,10,11,12,30)  AND `status` = 1 [ RunTime:0.000476s ]
---------------------------------------------------------------
[ 2019-07-20T11:22:08+08:00 ] 127.0.0.1 GET /make.php/Member/recharge.html
[ info ] www.make.com/make.php/Member/recharge.html [运行时间：0.064955s][吞吐率：15.40req/s] [内存消耗：2,161.68kb] [文件加载：52]
[ sql ] [ DB ] CONNECT:[ UseTime:0.001122s ] mysql:host=127.0.0.1;port=3306;dbname=tk_make;charset=utf8
[ sql ] [ SQL ] SHOW COLUMNS FROM `wld_auth_group_access` [ RunTime:0.011149s ]
[ sql ] [ SQL ] SELECT `AuthGroupAccess`.`uid`,`AuthGroupAccess`.`group_id`,`AuthGroup`.`title`,`AuthGroup`.`rules` FROM `wld_auth_group_access` `AuthGroupAccess` LEFT JOIN `wld_auth_group` `AuthGroup` ON `AuthGroupAccess`.`group_id`=`AuthGroup`.`id` WHERE  (  AuthGroupAccess.uid='1' and AuthGroup.status='1' ) [ RunTime:0.000371s ]
[ sql ] [ SQL ] SHOW COLUMNS FROM `wld_auth_rule` [ RunTime:0.011655s ]
[ sql ] [ SQL ] SELECT `condition`,`name` FROM `wld_auth_rule` WHERE  `id` IN (1,2,3,4,5,6,7,8,9,13,27,14,15,16,17,18,19,28,20,21,22,23,24,25,26,29,10,11,12,30)  AND `status` = 1 [ RunTime:0.000558s ]
---------------------------------------------------------------
[ 2019-07-20T11:22:08+08:00 ] 127.0.0.1 GET /make.php/member/getRechargeData.html?startTime=&endTime=&keywords=&pay_status=0&limit=15&pageIndex=1&_=1563592928385
[ info ] www.make.com/make.php/member/getRechargeData.html?startTime=&endTime=&keywords=&pay_status=0&limit=15&pageIndex=1&_=1563592928385 [运行时间：0.163428s][吞吐率：6.12req/s] [内存消耗：2,397.65kb] [文件加载：57]
[ sql ] [ DB ] CONNECT:[ UseTime:0.012087s ] mysql:host=127.0.0.1;port=3306;dbname=tk_make;charset=utf8
[ sql ] [ SQL ] SHOW COLUMNS FROM `wld_auth_group_access` [ RunTime:0.016498s ]
[ sql ] [ SQL ] SELECT `AuthGroupAccess`.`uid`,`AuthGroupAccess`.`group_id`,`AuthGroup`.`title`,`AuthGroup`.`rules` FROM `wld_auth_group_access` `AuthGroupAccess` LEFT JOIN `wld_auth_group` `AuthGroup` ON `AuthGroupAccess`.`group_id`=`AuthGroup`.`id` WHERE  (  AuthGroupAccess.uid='1' and AuthGroup.status='1' ) [ RunTime:0.000449s ]
[ sql ] [ SQL ] SHOW COLUMNS FROM `wld_auth_rule` [ RunTime:0.020292s ]
[ sql ] [ SQL ] SELECT `condition`,`name` FROM `wld_auth_rule` WHERE  `id` IN (1,2,3,4,5,6,7,8,9,13,27,14,15,16,17,18,19,28,20,21,22,23,24,25,26,29,10,11,12,30)  AND `status` = 1 [ RunTime:0.000628s ]
[ sql ] [ SQL ] SHOW COLUMNS FROM `wld_pay_log` [ RunTime:0.018859s ]
[ sql ] [ SQL ] SELECT * FROM `wld_pay_log` ORDER BY `id` DESC LIMIT 0,15 [ RunTime:0.000427s ]
[ sql ] [ SQL ] SHOW COLUMNS FROM `wld_member` [ RunTime:0.017293s ]
[ sql ] [ SQL ] SELECT `uid`,`phone` FROM `wld_member` WHERE  `uid` IN (120,83,64,86,70,68) [ RunTime:0.000428s ]
[ sql ] [ SQL ] SELECT COUNT(*) AS tp_count FROM `wld_pay_log` LIMIT 1 [ RunTime:0.000348s ]
---------------------------------------------------------------
[ 2019-07-20T11:22:24+08:00 ] 127.0.0.1 GET /make.php/Task/index.html
[ info ] www.make.com/make.php/Task/index.html [运行时间：0.139712s][吞吐率：7.16req/s] [内存消耗：2,422.91kb] [文件加载：56]
[ sql ] [ DB ] CONNECT:[ UseTime:0.001163s ] mysql:host=127.0.0.1;port=3306;dbname=tk_make;charset=utf8
[ sql ] [ SQL ] SHOW COLUMNS FROM `wld_auth_group_access` [ RunTime:0.012513s ]
[ sql ] [ SQL ] SELECT `AuthGroupAccess`.`uid`,`AuthGroupAccess`.`group_id`,`AuthGroup`.`title`,`AuthGroup`.`rules` FROM `wld_auth_group_access` `AuthGroupAccess` LEFT JOIN `wld_auth_group` `AuthGroup` ON `AuthGroupAccess`.`group_id`=`AuthGroup`.`id` WHERE  (  AuthGroupAccess.uid='1' and AuthGroup.status='1' ) [ RunTime:0.000342s ]
[ sql ] [ SQL ] SHOW COLUMNS FROM `wld_auth_rule` [ RunTime:0.011902s ]
[ sql ] [ SQL ] SELECT `condition`,`name` FROM `wld_auth_rule` WHERE  `id` IN (1,2,3,4,5,6,7,8,9,13,27,14,15,16,17,18,19,28,20,21,22,23,24,25,26,29,10,11,12,30)  AND `status` = 1 [ RunTime:0.000466s ]
[ sql ] [ SQL ] SHOW COLUMNS FROM `wld_task_classify` [ RunTime:0.017511s ]
[ sql ] [ SQL ] SELECT `task_cid`,`name` FROM `wld_task_classify` [ RunTime:0.000324s ]
---------------------------------------------------------------
[ 2019-07-20T11:22:25+08:00 ] 127.0.0.1 GET /make.php/task/getIndexData.html?startTime=&endTime=&keywords=&userLevel=0&cid=0&limit=15&pageIndex=1&_=1563592944809
[ info ] www.make.com/make.php/task/getIndexData.html?startTime=&endTime=&keywords=&userLevel=0&cid=0&limit=15&pageIndex=1&_=1563592944809 [运行时间：0.187723s][吞吐率：5.33req/s] [内存消耗：2,448.64kb] [文件加载：57]
[ sql ] [ DB ] CONNECT:[ UseTime:0.002938s ] mysql:host=127.0.0.1;port=3306;dbname=tk_make;charset=utf8
[ sql ] [ SQL ] SHOW COLUMNS FROM `wld_auth_group_access` [ RunTime:0.065999s ]
[ sql ] [ SQL ] SELECT `AuthGroupAccess`.`uid`,`AuthGroupAccess`.`group_id`,`AuthGroup`.`title`,`AuthGroup`.`rules` FROM `wld_auth_group_access` `AuthGroupAccess` LEFT JOIN `wld_auth_group` `AuthGroup` ON `AuthGroupAccess`.`group_id`=`AuthGroup`.`id` WHERE  (  AuthGroupAccess.uid='1' and AuthGroup.status='1' ) [ RunTime:0.001001s ]
[ sql ] [ SQL ] SHOW COLUMNS FROM `wld_auth_rule` [ RunTime:0.017143s ]
[ sql ] [ SQL ] SELECT `condition`,`name` FROM `wld_auth_rule` WHERE  `id` IN (1,2,3,4,5,6,7,8,9,13,27,14,15,16,17,18,19,28,20,21,22,23,24,25,26,29,10,11,12,30)  AND `status` = 1 [ RunTime:0.000514s ]
[ sql ] [ SQL ] SHOW COLUMNS FROM `wld_task` [ RunTime:0.016211s ]
[ sql ] [ SQL ] SELECT * FROM `wld_task` ORDER BY `task_id` DESC LIMIT 0,15 [ RunTime:0.000511s ]
[ sql ] [ SQL ] SHOW COLUMNS FROM `wld_task_classify` [ RunTime:0.015260s ]
[ sql ] [ SQL ] SELECT `task_cid`,`name` FROM `wld_task_classify` WHERE  `task_cid` IN (4,3,2) [ RunTime:0.000576s ]
[ sql ] [ SQL ] SELECT COUNT(*) AS tp_count FROM `wld_task` LIMIT 1 [ RunTime:0.000347s ]
---------------------------------------------------------------
[ 2019-07-20T11:22:35+08:00 ] 127.0.0.1 GET /make.php/task/add.html
[ info ] www.make.com/make.php/task/add.html [运行时间：0.177977s][吞吐率：5.62req/s] [内存消耗：2,447.88kb] [文件加载：56]
[ sql ] [ DB ] CONNECT:[ UseTime:0.001322s ] mysql:host=127.0.0.1;port=3306;dbname=tk_make;charset=utf8
[ sql ] [ SQL ] SHOW COLUMNS FROM `wld_auth_group_access` [ RunTime:0.061916s ]
[ sql ] [ SQL ] SELECT `AuthGroupAccess`.`uid`,`AuthGroupAccess`.`group_id`,`AuthGroup`.`title`,`AuthGroup`.`rules` FROM `wld_auth_group_access` `AuthGroupAccess` LEFT JOIN `wld_auth_group` `AuthGroup` ON `AuthGroupAccess`.`group_id`=`AuthGroup`.`id` WHERE  (  AuthGroupAccess.uid='1' and AuthGroup.status='1' ) [ RunTime:0.000527s ]
[ sql ] [ SQL ] SHOW COLUMNS FROM `wld_auth_rule` [ RunTime:0.014621s ]
[ sql ] [ SQL ] SELECT `condition`,`name` FROM `wld_auth_rule` WHERE  `id` IN (1,2,3,4,5,6,7,8,9,13,27,14,15,16,17,18,19,28,20,21,22,23,24,25,26,29,10,11,12,30)  AND `status` = 1 [ RunTime:0.000471s ]
[ sql ] [ SQL ] SHOW COLUMNS FROM `wld_task_classify` [ RunTime:0.013773s ]
[ sql ] [ SQL ] SELECT `task_cid`,`name` FROM `wld_task_classify` [ RunTime:0.000426s ]
---------------------------------------------------------------
[ 2019-07-20T11:22:39+08:00 ] 127.0.0.1 GET /make.php/Task/index.html
[ info ] www.make.com/make.php/Task/index.html [运行时间：0.159196s][吞吐率：6.28req/s] [内存消耗：2,423.00kb] [文件加载：56]
[ sql ] [ DB ] CONNECT:[ UseTime:0.012380s ] mysql:host=127.0.0.1;port=3306;dbname=tk_make;charset=utf8
[ sql ] [ SQL ] SHOW COLUMNS FROM `wld_auth_group_access` [ RunTime:0.060442s ]
[ sql ] [ SQL ] SELECT `AuthGroupAccess`.`uid`,`AuthGroupAccess`.`group_id`,`AuthGroup`.`title`,`AuthGroup`.`rules` FROM `wld_auth_group_access` `AuthGroupAccess` LEFT JOIN `wld_auth_group` `AuthGroup` ON `AuthGroupAccess`.`group_id`=`AuthGroup`.`id` WHERE  (  AuthGroupAccess.uid='1' and AuthGroup.status='1' ) [ RunTime:0.000434s ]
[ sql ] [ SQL ] SHOW COLUMNS FROM `wld_auth_rule` [ RunTime:0.011868s ]
[ sql ] [ SQL ] SELECT `condition`,`name` FROM `wld_auth_rule` WHERE  `id` IN (1,2,3,4,5,6,7,8,9,13,27,14,15,16,17,18,19,28,20,21,22,23,24,25,26,29,10,11,12,30)  AND `status` = 1 [ RunTime:0.000511s ]
[ sql ] [ SQL ] SHOW COLUMNS FROM `wld_task_classify` [ RunTime:0.012698s ]
[ sql ] [ SQL ] SELECT `task_cid`,`name` FROM `wld_task_classify` [ RunTime:0.000280s ]
---------------------------------------------------------------
[ 2019-07-20T11:22:39+08:00 ] 127.0.0.1 GET /make.php/task/getIndexData.html?startTime=&endTime=&keywords=&userLevel=0&cid=0&limit=15&pageIndex=1&_=1563592959392
[ info ] www.make.com/make.php/task/getIndexData.html?startTime=&endTime=&keywords=&userLevel=0&cid=0&limit=15&pageIndex=1&_=1563592959392 [运行时间：0.175098s][吞吐率：5.71req/s] [内存消耗：2,448.64kb] [文件加载：57]
[ sql ] [ DB ] CONNECT:[ UseTime:0.011391s ] mysql:host=127.0.0.1;port=3306;dbname=tk_make;charset=utf8
[ sql ] [ SQL ] SHOW COLUMNS FROM `wld_auth_group_access` [ RunTime:0.017612s ]
[ sql ] [ SQL ] SELECT `AuthGroupAccess`.`uid`,`AuthGroupAccess`.`group_id`,`AuthGroup`.`title`,`AuthGroup`.`rules` FROM `wld_auth_group_access` `AuthGroupAccess` LEFT JOIN `wld_auth_group` `AuthGroup` ON `AuthGroupAccess`.`group_id`=`AuthGroup`.`id` WHERE  (  AuthGroupAccess.uid='1' and AuthGroup.status='1' ) [ RunTime:0.000489s ]
[ sql ] [ SQL ] SHOW COLUMNS FROM `wld_auth_rule` [ RunTime:0.021783s ]
[ sql ] [ SQL ] SELECT `condition`,`name` FROM `wld_auth_rule` WHERE  `id` IN (1,2,3,4,5,6,7,8,9,13,27,14,15,16,17,18,19,28,20,21,22,23,24,25,26,29,10,11,12,30)  AND `status` = 1 [ RunTime:0.000747s ]
[ sql ] [ SQL ] SHOW COLUMNS FROM `wld_task` [ RunTime:0.020056s ]
[ sql ] [ SQL ] SELECT * FROM `wld_task` ORDER BY `task_id` DESC LIMIT 0,15 [ RunTime:0.000475s ]
[ sql ] [ SQL ] SHOW COLUMNS FROM `wld_task_classify` [ RunTime:0.017298s ]
[ sql ] [ SQL ] SELECT `task_cid`,`name` FROM `wld_task_classify` WHERE  `task_cid` IN (4,3,2) [ RunTime:0.000392s ]
[ sql ] [ SQL ] SELECT COUNT(*) AS tp_count FROM `wld_task` LIMIT 1 [ RunTime:0.000295s ]
---------------------------------------------------------------
[ 2019-07-20T11:22:45+08:00 ] 127.0.0.1 GET /make.php/task/add.html
[ info ] www.make.com/make.php/task/add.html [运行时间：0.096835s][吞吐率：10.33req/s] [内存消耗：2,447.88kb] [文件加载：56]
[ sql ] [ DB ] CONNECT:[ UseTime:0.001463s ] mysql:host=127.0.0.1;port=3306;dbname=tk_make;charset=utf8
[ sql ] [ SQL ] SHOW COLUMNS FROM `wld_auth_group_access` [ RunTime:0.011394s ]
[ sql ] [ SQL ] SELECT `AuthGroupAccess`.`uid`,`AuthGroupAccess`.`group_id`,`AuthGroup`.`title`,`AuthGroup`.`rules` FROM `wld_auth_group_access` `AuthGroupAccess` LEFT JOIN `wld_auth_group` `AuthGroup` ON `AuthGroupAccess`.`group_id`=`AuthGroup`.`id` WHERE  (  AuthGroupAccess.uid='1' and AuthGroup.status='1' ) [ RunTime:0.000460s ]
[ sql ] [ SQL ] SHOW COLUMNS FROM `wld_auth_rule` [ RunTime:0.011362s ]
[ sql ] [ SQL ] SELECT `condition`,`name` FROM `wld_auth_rule` WHERE  `id` IN (1,2,3,4,5,6,7,8,9,13,27,14,15,16,17,18,19,28,20,21,22,23,24,25,26,29,10,11,12,30)  AND `status` = 1 [ RunTime:0.000440s ]
[ sql ] [ SQL ] SHOW COLUMNS FROM `wld_task_classify` [ RunTime:0.013363s ]
[ sql ] [ SQL ] SELECT `task_cid`,`name` FROM `wld_task_classify` [ RunTime:0.000334s ]
---------------------------------------------------------------
[ 2019-07-20T11:28:08+08:00 ] 127.0.0.1 GET /make.php/Task/index.html
[ info ] www.make.com/make.php/Task/index.html [运行时间：0.166841s][吞吐率：5.99req/s] [内存消耗：2,422.91kb] [文件加载：56]
[ sql ] [ DB ] CONNECT:[ UseTime:0.011327s ] mysql:host=127.0.0.1;port=3306;dbname=tk_make;charset=utf8
[ sql ] [ SQL ] SHOW COLUMNS FROM `wld_auth_group_access` [ RunTime:0.060832s ]
[ sql ] [ SQL ] SELECT `AuthGroupAccess`.`uid`,`AuthGroupAccess`.`group_id`,`AuthGroup`.`title`,`AuthGroup`.`rules` FROM `wld_auth_group_access` `AuthGroupAccess` LEFT JOIN `wld_auth_group` `AuthGroup` ON `AuthGroupAccess`.`group_id`=`AuthGroup`.`id` WHERE  (  AuthGroupAccess.uid='1' and AuthGroup.status='1' ) [ RunTime:0.000510s ]
[ sql ] [ SQL ] SHOW COLUMNS FROM `wld_auth_rule` [ RunTime:0.012814s ]
[ sql ] [ SQL ] SELECT `condition`,`name` FROM `wld_auth_rule` WHERE  `id` IN (1,2,3,4,5,6,7,8,9,13,27,14,15,16,17,18,19,28,20,21,22,23,24,25,26,29,10,11,12,30)  AND `status` = 1 [ RunTime:0.000531s ]
[ sql ] [ SQL ] SHOW COLUMNS FROM `wld_task_classify` [ RunTime:0.011321s ]
[ sql ] [ SQL ] SELECT `task_cid`,`name` FROM `wld_task_classify` [ RunTime:0.000254s ]
---------------------------------------------------------------
[ 2019-07-20T11:28:09+08:00 ] 127.0.0.1 GET /make.php/task/getIndexData.html?startTime=&endTime=&keywords=&userLevel=0&cid=0&limit=15&pageIndex=1&_=1563593288778
[ info ] www.make.com/make.php/task/getIndexData.html?startTime=&endTime=&keywords=&userLevel=0&cid=0&limit=15&pageIndex=1&_=1563593288778 [运行时间：0.148511s][吞吐率：6.73req/s] [内存消耗：2,448.64kb] [文件加载：57]
[ sql ] [ DB ] CONNECT:[ UseTime:0.001792s ] mysql:host=127.0.0.1;port=3306;dbname=tk_make;charset=utf8
[ sql ] [ SQL ] SHOW COLUMNS FROM `wld_auth_group_access` [ RunTime:0.017495s ]
[ sql ] [ SQL ] SELECT `AuthGroupAccess`.`uid`,`AuthGroupAccess`.`group_id`,`AuthGroup`.`title`,`AuthGroup`.`rules` FROM `wld_auth_group_access` `AuthGroupAccess` LEFT JOIN `wld_auth_group` `AuthGroup` ON `AuthGroupAccess`.`group_id`=`AuthGroup`.`id` WHERE  (  AuthGroupAccess.uid='1' and AuthGroup.status='1' ) [ RunTime:0.000500s ]
[ sql ] [ SQL ] SHOW COLUMNS FROM `wld_auth_rule` [ RunTime:0.016944s ]
[ sql ] [ SQL ] SELECT `condition`,`name` FROM `wld_auth_rule` WHERE  `id` IN (1,2,3,4,5,6,7,8,9,13,27,14,15,16,17,18,19,28,20,21,22,23,24,25,26,29,10,11,12,30)  AND `status` = 1 [ RunTime:0.000529s ]
[ sql ] [ SQL ] SHOW COLUMNS FROM `wld_task` [ RunTime:0.020673s ]
[ sql ] [ SQL ] SELECT * FROM `wld_task` ORDER BY `task_id` DESC LIMIT 0,15 [ RunTime:0.000674s ]
[ sql ] [ SQL ] SHOW COLUMNS FROM `wld_task_classify` [ RunTime:0.018643s ]
[ sql ] [ SQL ] SELECT `task_cid`,`name` FROM `wld_task_classify` WHERE  `task_cid` IN (4,3,2) [ RunTime:0.000362s ]
[ sql ] [ SQL ] SELECT COUNT(*) AS tp_count FROM `wld_task` LIMIT 1 [ RunTime:0.000219s ]
---------------------------------------------------------------
[ 2019-07-20T11:28:49+08:00 ] 127.0.0.1 GET /make.php/Task/drawList.html
[ info ] www.make.com/make.php/Task/drawList.html [运行时间：0.152079s][吞吐率：6.58req/s] [内存消耗：2,423.48kb] [文件加载：56]
[ sql ] [ DB ] CONNECT:[ UseTime:0.001831s ] mysql:host=127.0.0.1;port=3306;dbname=tk_make;charset=utf8
[ sql ] [ SQL ] SHOW COLUMNS FROM `wld_auth_group_access` [ RunTime:0.059427s ]
[ sql ] [ SQL ] SELECT `AuthGroupAccess`.`uid`,`AuthGroupAccess`.`group_id`,`AuthGroup`.`title`,`AuthGroup`.`rules` FROM `wld_auth_group_access` `AuthGroupAccess` LEFT JOIN `wld_auth_group` `AuthGroup` ON `AuthGroupAccess`.`group_id`=`AuthGroup`.`id` WHERE  (  AuthGroupAccess.uid='1' and AuthGroup.status='1' ) [ RunTime:0.000456s ]
[ sql ] [ SQL ] SHOW COLUMNS FROM `wld_auth_rule` [ RunTime:0.012498s ]
[ sql ] [ SQL ] SELECT `condition`,`name` FROM `wld_auth_rule` WHERE  `id` IN (1,2,3,4,5,6,7,8,9,13,27,14,15,16,17,18,19,28,20,21,22,23,24,25,26,29,10,11,12,30)  AND `status` = 1 [ RunTime:0.000474s ]
[ sql ] [ SQL ] SHOW COLUMNS FROM `wld_task_classify` [ RunTime:0.012835s ]
[ sql ] [ SQL ] SELECT `task_cid`,`name` FROM `wld_task_classify` [ RunTime:0.000353s ]
---------------------------------------------------------------
[ 2019-07-20T11:28:49+08:00 ] 127.0.0.1 GET /make.php/task/getDrawListData.html?startTime=&endTime=&keywords=&userLevel=0&cid=0&check_status=9&limit=15&pageIndex=1&_=1563593329369
[ info ] www.make.com/make.php/task/getDrawListData.html?startTime=&endTime=&keywords=&userLevel=0&cid=0&check_status=9&limit=15&pageIndex=1&_=1563593329369 [运行时间：0.153013s][吞吐率：6.54req/s] [内存消耗：2,417.96kb] [文件加载：55]
[ sql ] [ DB ] CONNECT:[ UseTime:0.001620s ] mysql:host=127.0.0.1;port=3306;dbname=tk_make;charset=utf8
[ sql ] [ SQL ] SHOW COLUMNS FROM `wld_auth_group_access` [ RunTime:0.017447s ]
[ sql ] [ SQL ] SELECT `AuthGroupAccess`.`uid`,`AuthGroupAccess`.`group_id`,`AuthGroup`.`title`,`AuthGroup`.`rules` FROM `wld_auth_group_access` `AuthGroupAccess` LEFT JOIN `wld_auth_group` `AuthGroup` ON `AuthGroupAccess`.`group_id`=`AuthGroup`.`id` WHERE  (  AuthGroupAccess.uid='1' and AuthGroup.status='1' ) [ RunTime:0.000480s ]
[ sql ] [ SQL ] SHOW COLUMNS FROM `wld_auth_rule` [ RunTime:0.016924s ]
[ sql ] [ SQL ] SELECT `condition`,`name` FROM `wld_auth_rule` WHERE  `id` IN (1,2,3,4,5,6,7,8,9,13,27,14,15,16,17,18,19,28,20,21,22,23,24,25,26,29,10,11,12,30)  AND `status` = 1 [ RunTime:0.000554s ]
[ sql ] [ SQL ] SHOW COLUMNS FROM `wld_send_task_log` [ RunTime:0.015263s ]
[ sql ] [ SQL ] SELECT * FROM `wld_send_task_log` WHERE  `is_check` IN (1,2,3) ORDER BY `sub_time` DESC LIMIT 0,15 [ RunTime:0.001896s ]
[ sql ] [ SQL ] SHOW COLUMNS FROM `wld_task_classify` [ RunTime:0.015306s ]
[ sql ] [ SQL ] SELECT `task_cid`,`name` FROM `wld_task_classify` WHERE  `task_cid` IN (3,2) [ RunTime:0.000842s ]
[ sql ] [ SQL ] SHOW COLUMNS FROM `wld_member` [ RunTime:0.019949s ]
[ sql ] [ SQL ] SELECT `uid`,`phone` FROM `wld_member` WHERE  `uid` IN (83,80,187) [ RunTime:0.000399s ]
[ sql ] [ SQL ] SELECT COUNT(*) AS tp_count FROM `wld_send_task_log` WHERE  `is_check` IN (1,2,3) LIMIT 1 [ RunTime:0.000526s ]
---------------------------------------------------------------
[ 2019-07-20T11:28:55+08:00 ] 127.0.0.1 GET /make.php/task/taskCheck/id/334.html
[ info ] www.make.com/make.php/task/taskCheck/id/334.html [运行时间：0.150314s][吞吐率：6.65req/s] [内存消耗：2,302.30kb] [文件加载：54]
[ sql ] [ DB ] CONNECT:[ UseTime:0.001236s ] mysql:host=127.0.0.1;port=3306;dbname=tk_make;charset=utf8
[ sql ] [ SQL ] SHOW COLUMNS FROM `wld_auth_group_access` [ RunTime:0.058882s ]
[ sql ] [ SQL ] SELECT `AuthGroupAccess`.`uid`,`AuthGroupAccess`.`group_id`,`AuthGroup`.`title`,`AuthGroup`.`rules` FROM `wld_auth_group_access` `AuthGroupAccess` LEFT JOIN `wld_auth_group` `AuthGroup` ON `AuthGroupAccess`.`group_id`=`AuthGroup`.`id` WHERE  (  AuthGroupAccess.uid='1' and AuthGroup.status='1' ) [ RunTime:0.000323s ]
[ sql ] [ SQL ] SHOW COLUMNS FROM `wld_auth_rule` [ RunTime:0.012313s ]
[ sql ] [ SQL ] SELECT `condition`,`name` FROM `wld_auth_rule` WHERE  `id` IN (1,2,3,4,5,6,7,8,9,13,27,14,15,16,17,18,19,28,20,21,22,23,24,25,26,29,10,11,12,30)  AND `status` = 1 [ RunTime:0.000452s ]
[ sql ] [ SQL ] SHOW COLUMNS FROM `wld_send_task_log` [ RunTime:0.011593s ]
[ sql ] [ SQL ] SELECT * FROM `wld_send_task_log` WHERE  `id` = 334 LIMIT 1 [ RunTime:0.000384s ]
[ sql ] [ SQL ] SHOW COLUMNS FROM `wld_member` [ RunTime:0.011401s ]
[ sql ] [ SQL ] SELECT `phone` FROM `wld_member` WHERE  `uid` = 83 LIMIT 1 [ RunTime:0.000321s ]
---------------------------------------------------------------
[ 2019-07-20T11:29:05+08:00 ] 127.0.0.1 GET /make.php/task/drawList.html
[ info ] www.make.com/make.php/task/drawList.html [运行时间：0.145188s][吞吐率：6.89req/s] [内存消耗：2,423.57kb] [文件加载：56]
[ sql ] [ DB ] CONNECT:[ UseTime:0.002237s ] mysql:host=127.0.0.1;port=3306;dbname=tk_make;charset=utf8
[ sql ] [ SQL ] SHOW COLUMNS FROM `wld_auth_group_access` [ RunTime:0.059401s ]
[ sql ] [ SQL ] SELECT `AuthGroupAccess`.`uid`,`AuthGroupAccess`.`group_id`,`AuthGroup`.`title`,`AuthGroup`.`rules` FROM `wld_auth_group_access` `AuthGroupAccess` LEFT JOIN `wld_auth_group` `AuthGroup` ON `AuthGroupAccess`.`group_id`=`AuthGroup`.`id` WHERE  (  AuthGroupAccess.uid='1' and AuthGroup.status='1' ) [ RunTime:0.000412s ]
[ sql ] [ SQL ] SHOW COLUMNS FROM `wld_auth_rule` [ RunTime:0.013689s ]
[ sql ] [ SQL ] SELECT `condition`,`name` FROM `wld_auth_rule` WHERE  `id` IN (1,2,3,4,5,6,7,8,9,13,27,14,15,16,17,18,19,28,20,21,22,23,24,25,26,29,10,11,12,30)  AND `status` = 1 [ RunTime:0.000483s ]
[ sql ] [ SQL ] SHOW COLUMNS FROM `wld_task_classify` [ RunTime:0.014685s ]
[ sql ] [ SQL ] SELECT `task_cid`,`name` FROM `wld_task_classify` [ RunTime:0.000328s ]
---------------------------------------------------------------
[ 2019-07-20T11:29:05+08:00 ] 127.0.0.1 GET /make.php/task/getDrawListData.html?startTime=&endTime=&keywords=&userLevel=0&cid=0&check_status=9&limit=15&pageIndex=1&_=1563593345743
[ info ] www.make.com/make.php/task/getDrawListData.html?startTime=&endTime=&keywords=&userLevel=0&cid=0&check_status=9&limit=15&pageIndex=1&_=1563593345743 [运行时间：0.163364s][吞吐率：6.12req/s] [内存消耗：2,417.96kb] [文件加载：55]
[ sql ] [ DB ] CONNECT:[ UseTime:0.001202s ] mysql:host=127.0.0.1;port=3306;dbname=tk_make;charset=utf8
[ sql ] [ SQL ] SHOW COLUMNS FROM `wld_auth_group_access` [ RunTime:0.019760s ]
[ sql ] [ SQL ] SELECT `AuthGroupAccess`.`uid`,`AuthGroupAccess`.`group_id`,`AuthGroup`.`title`,`AuthGroup`.`rules` FROM `wld_auth_group_access` `AuthGroupAccess` LEFT JOIN `wld_auth_group` `AuthGroup` ON `AuthGroupAccess`.`group_id`=`AuthGroup`.`id` WHERE  (  AuthGroupAccess.uid='1' and AuthGroup.status='1' ) [ RunTime:0.000512s ]
[ sql ] [ SQL ] SHOW COLUMNS FROM `wld_auth_rule` [ RunTime:0.022317s ]
[ sql ] [ SQL ] SELECT `condition`,`name` FROM `wld_auth_rule` WHERE  `id` IN (1,2,3,4,5,6,7,8,9,13,27,14,15,16,17,18,19,28,20,21,22,23,24,25,26,29,10,11,12,30)  AND `status` = 1 [ RunTime:0.000756s ]
[ sql ] [ SQL ] SHOW COLUMNS FROM `wld_send_task_log` [ RunTime:0.016828s ]
[ sql ] [ SQL ] SELECT * FROM `wld_send_task_log` WHERE  `is_check` IN (1,2,3) ORDER BY `sub_time` DESC LIMIT 0,15 [ RunTime:0.000888s ]
[ sql ] [ SQL ] SHOW COLUMNS FROM `wld_task_classify` [ RunTime:0.017096s ]
[ sql ] [ SQL ] SELECT `task_cid`,`name` FROM `wld_task_classify` WHERE  `task_cid` IN (3,2) [ RunTime:0.000436s ]
[ sql ] [ SQL ] SHOW COLUMNS FROM `wld_member` [ RunTime:0.020810s ]
[ sql ] [ SQL ] SELECT `uid`,`phone` FROM `wld_member` WHERE  `uid` IN (83,80,187) [ RunTime:0.000395s ]
[ sql ] [ SQL ] SELECT COUNT(*) AS tp_count FROM `wld_send_task_log` WHERE  `is_check` IN (1,2,3) LIMIT 1 [ RunTime:0.000885s ]
---------------------------------------------------------------
[ 2019-07-20T11:30:48+08:00 ] 127.0.0.1 GET /make.php/task/taskCheck/id/334.html
[ info ] www.make.com/make.php/task/taskCheck/id/334.html [运行时间：0.153664s][吞吐率：6.51req/s] [内存消耗：2,167.84kb] [文件加载：52]
[ sql ] [ DB ] CONNECT:[ UseTime:0.002024s ] mysql:host=127.0.0.1;port=3306;dbname=tk_make;charset=utf8
[ sql ] [ SQL ] SHOW COLUMNS FROM `wld_auth_group_access` [ RunTime:0.059852s ]
[ sql ] [ SQL ] SELECT `AuthGroupAccess`.`uid`,`AuthGroupAccess`.`group_id`,`AuthGroup`.`title`,`AuthGroup`.`rules` FROM `wld_auth_group_access` `AuthGroupAccess` LEFT JOIN `wld_auth_group` `AuthGroup` ON `AuthGroupAccess`.`group_id`=`AuthGroup`.`id` WHERE  (  AuthGroupAccess.uid='1' and AuthGroup.status='1' ) [ RunTime:0.000399s ]
[ sql ] [ SQL ] SHOW COLUMNS FROM `wld_auth_rule` [ RunTime:0.011348s ]
[ sql ] [ SQL ] SELECT `condition`,`name` FROM `wld_auth_rule` WHERE  `id` IN (1,2,3,4,5,6,7,8,9,13,27,14,15,16,17,18,19,28,20,21,22,23,24,25,26,29,10,11,12,30)  AND `status` = 1 [ RunTime:0.000474s ]
[ sql ] [ SQL ] SHOW COLUMNS FROM `wld_send_task_log` [ RunTime:0.012177s ]
[ sql ] [ SQL ] SELECT * FROM `wld_send_task_log` WHERE  `id` = 334 LIMIT 1 [ RunTime:0.000413s ]
[ sql ] [ SQL ] SHOW COLUMNS FROM `wld_member` [ RunTime:0.015666s ]
[ sql ] [ SQL ] SELECT `phone` FROM `wld_member` WHERE  `uid` = 83 LIMIT 1 [ RunTime:0.000342s ]
---------------------------------------------------------------
[ 2019-07-20T11:31:42+08:00 ] 127.0.0.1 GET /make.php/task/drawList.html
[ info ] www.make.com/make.php/task/drawList.html [运行时间：0.173916s][吞吐率：5.75req/s] [内存消耗：2,423.57kb] [文件加载：56]
[ sql ] [ DB ] CONNECT:[ UseTime:0.014931s ] mysql:host=127.0.0.1;port=3306;dbname=tk_make;charset=utf8
[ sql ] [ SQL ] SHOW COLUMNS FROM `wld_auth_group_access` [ RunTime:0.059052s ]
[ sql ] [ SQL ] SELECT `AuthGroupAccess`.`uid`,`AuthGroupAccess`.`group_id`,`AuthGroup`.`title`,`AuthGroup`.`rules` FROM `wld_auth_group_access` `AuthGroupAccess` LEFT JOIN `wld_auth_group` `AuthGroup` ON `AuthGroupAccess`.`group_id`=`AuthGroup`.`id` WHERE  (  AuthGroupAccess.uid='1' and AuthGroup.status='1' ) [ RunTime:0.000472s ]
[ sql ] [ SQL ] SHOW COLUMNS FROM `wld_auth_rule` [ RunTime:0.014565s ]
[ sql ] [ SQL ] SELECT `condition`,`name` FROM `wld_auth_rule` WHERE  `id` IN (1,2,3,4,5,6,7,8,9,13,27,14,15,16,17,18,19,28,20,21,22,23,24,25,26,29,10,11,12,30)  AND `status` = 1 [ RunTime:0.000559s ]
[ sql ] [ SQL ] SHOW COLUMNS FROM `wld_task_classify` [ RunTime:0.014002s ]
[ sql ] [ SQL ] SELECT `task_cid`,`name` FROM `wld_task_classify` [ RunTime:0.000374s ]
---------------------------------------------------------------
[ 2019-07-20T11:31:42+08:00 ] 127.0.0.1 GET /make.php/task/getDrawListData.html?startTime=&endTime=&keywords=&userLevel=0&cid=0&check_status=9&limit=15&pageIndex=1&_=1563593502236
[ info ] www.make.com/make.php/task/getDrawListData.html?startTime=&endTime=&keywords=&userLevel=0&cid=0&check_status=9&limit=15&pageIndex=1&_=1563593502236 [运行时间：0.161311s][吞吐率：6.20req/s] [内存消耗：2,417.96kb] [文件加载：55]
[ sql ] [ DB ] CONNECT:[ UseTime:0.012363s ] mysql:host=127.0.0.1;port=3306;dbname=tk_make;charset=utf8
[ sql ] [ SQL ] SHOW COLUMNS FROM `wld_auth_group_access` [ RunTime:0.019625s ]
[ sql ] [ SQL ] SELECT `AuthGroupAccess`.`uid`,`AuthGroupAccess`.`group_id`,`AuthGroup`.`title`,`AuthGroup`.`rules` FROM `wld_auth_group_access` `AuthGroupAccess` LEFT JOIN `wld_auth_group` `AuthGroup` ON `AuthGroupAccess`.`group_id`=`AuthGroup`.`id` WHERE  (  AuthGroupAccess.uid='1' and AuthGroup.status='1' ) [ RunTime:0.000450s ]
[ sql ] [ SQL ] SHOW COLUMNS FROM `wld_auth_rule` [ RunTime:0.017148s ]
[ sql ] [ SQL ] SELECT `condition`,`name` FROM `wld_auth_rule` WHERE  `id` IN (1,2,3,4,5,6,7,8,9,13,27,14,15,16,17,18,19,28,20,21,22,23,24,25,26,29,10,11,12,30)  AND `status` = 1 [ RunTime:0.000519s ]
[ sql ] [ SQL ] SHOW COLUMNS FROM `wld_send_task_log` [ RunTime:0.016422s ]
[ sql ] [ SQL ] SELECT * FROM `wld_send_task_log` WHERE  `is_check` IN (1,2,3) ORDER BY `sub_time` DESC LIMIT 0,15 [ RunTime:0.000864s ]
[ sql ] [ SQL ] SHOW COLUMNS FROM `wld_task_classify` [ RunTime:0.015061s ]
[ sql ] [ SQL ] SELECT `task_cid`,`name` FROM `wld_task_classify` WHERE  `task_cid` IN (3,2) [ RunTime:0.000377s ]
[ sql ] [ SQL ] SHOW COLUMNS FROM `wld_member` [ RunTime:0.016597s ]
[ sql ] [ SQL ] SELECT `uid`,`phone` FROM `wld_member` WHERE  `uid` IN (83,80,187) [ RunTime:0.000409s ]
[ sql ] [ SQL ] SELECT COUNT(*) AS tp_count FROM `wld_send_task_log` WHERE  `is_check` IN (1,2,3) LIMIT 1 [ RunTime:0.000438s ]
---------------------------------------------------------------
[ 2019-07-20T11:32:31+08:00 ] 127.0.0.1 GET /make.php/Task/getDrawList.html
[ info ] www.make.com/make.php/Task/getDrawList.html [运行时间：0.148820s][吞吐率：6.72req/s] [内存消耗：2,422.02kb] [文件加载：56]
[ sql ] [ DB ] CONNECT:[ UseTime:0.011398s ] mysql:host=127.0.0.1;port=3306;dbname=tk_make;charset=utf8
[ sql ] [ SQL ] SHOW COLUMNS FROM `wld_auth_group_access` [ RunTime:0.022494s ]
[ sql ] [ SQL ] SELECT `AuthGroupAccess`.`uid`,`AuthGroupAccess`.`group_id`,`AuthGroup`.`title`,`AuthGroup`.`rules` FROM `wld_auth_group_access` `AuthGroupAccess` LEFT JOIN `wld_auth_group` `AuthGroup` ON `AuthGroupAccess`.`group_id`=`AuthGroup`.`id` WHERE  (  AuthGroupAccess.uid='1' and AuthGroup.status='1' ) [ RunTime:0.000731s ]
[ sql ] [ SQL ] SHOW COLUMNS FROM `wld_auth_rule` [ RunTime:0.025082s ]
[ sql ] [ SQL ] SELECT `condition`,`name` FROM `wld_auth_rule` WHERE  `id` IN (1,2,3,4,5,6,7,8,9,13,27,14,15,16,17,18,19,28,20,21,22,23,24,25,26,29,10,11,12,30)  AND `status` = 1 [ RunTime:0.001534s ]
[ sql ] [ SQL ] SHOW COLUMNS FROM `wld_task_classify` [ RunTime:0.016633s ]
[ sql ] [ SQL ] SELECT `task_cid`,`name` FROM `wld_task_classify` [ RunTime:0.000322s ]
---------------------------------------------------------------
[ 2019-07-20T11:32:31+08:00 ] 127.0.0.1 GET /make.php/task/getDrawListHtmlData.html?startTime=&endTime=&keywords=&userLevel=0&cid=0&limit=15&pageIndex=1&_=1563593551447
[ info ] www.make.com/make.php/task/getDrawListHtmlData.html?startTime=&endTime=&keywords=&userLevel=0&cid=0&limit=15&pageIndex=1&_=1563593551447 [运行时间：0.200745s][吞吐率：4.98req/s] [内存消耗：2,416.37kb] [文件加载：55]
[ sql ] [ DB ] CONNECT:[ UseTime:0.001612s ] mysql:host=127.0.0.1;port=3306;dbname=tk_make;charset=utf8
[ sql ] [ SQL ] SHOW COLUMNS FROM `wld_auth_group_access` [ RunTime:0.064058s ]
[ sql ] [ SQL ] SELECT `AuthGroupAccess`.`uid`,`AuthGroupAccess`.`group_id`,`AuthGroup`.`title`,`AuthGroup`.`rules` FROM `wld_auth_group_access` `AuthGroupAccess` LEFT JOIN `wld_auth_group` `AuthGroup` ON `AuthGroupAccess`.`group_id`=`AuthGroup`.`id` WHERE  (  AuthGroupAccess.uid='1' and AuthGroup.status='1' ) [ RunTime:0.000444s ]
[ sql ] [ SQL ] SHOW COLUMNS FROM `wld_auth_rule` [ RunTime:0.015197s ]
[ sql ] [ SQL ] SELECT `condition`,`name` FROM `wld_auth_rule` WHERE  `id` IN (1,2,3,4,5,6,7,8,9,13,27,14,15,16,17,18,19,28,20,21,22,23,24,25,26,29,10,11,12,30)  AND `status` = 1 [ RunTime:0.000496s ]
[ sql ] [ SQL ] SHOW COLUMNS FROM `wld_send_task_log` [ RunTime:0.015742s ]
[ sql ] [ SQL ] SELECT * FROM `wld_send_task_log` WHERE  `is_check` = 0 ORDER BY `add_time` DESC LIMIT 0,15 [ RunTime:0.001196s ]
[ sql ] [ SQL ] SHOW COLUMNS FROM `wld_task_classify` [ RunTime:0.018848s ]
[ sql ] [ SQL ] SELECT `task_cid`,`name` FROM `wld_task_classify` WHERE  `task_cid` IN (3,2) [ RunTime:0.000460s ]
[ sql ] [ SQL ] SHOW COLUMNS FROM `wld_member` [ RunTime:0.018463s ]
[ sql ] [ SQL ] SELECT `uid`,`phone` FROM `wld_member` WHERE  `uid` IN (62,83,192,247,191) [ RunTime:0.000392s ]
[ sql ] [ SQL ] SELECT COUNT(*) AS tp_count FROM `wld_send_task_log` WHERE  `is_check` = 0 LIMIT 1 [ RunTime:0.001026s ]
---------------------------------------------------------------
[ 2019-07-20T11:34:23+08:00 ] 127.0.0.1 GET /make.php/Task/index.html
[ info ] www.make.com/make.php/Task/index.html [运行时间：0.162065s][吞吐率：6.17req/s] [内存消耗：2,422.91kb] [文件加载：56]
[ sql ] [ DB ] CONNECT:[ UseTime:0.011357s ] mysql:host=127.0.0.1;port=3306;dbname=tk_make;charset=utf8
[ sql ] [ SQL ] SHOW COLUMNS FROM `wld_auth_group_access` [ RunTime:0.059663s ]
[ sql ] [ SQL ] SELECT `AuthGroupAccess`.`uid`,`AuthGroupAccess`.`group_id`,`AuthGroup`.`title`,`AuthGroup`.`rules` FROM `wld_auth_group_access` `AuthGroupAccess` LEFT JOIN `wld_auth_group` `AuthGroup` ON `AuthGroupAccess`.`group_id`=`AuthGroup`.`id` WHERE  (  AuthGroupAccess.uid='1' and AuthGroup.status='1' ) [ RunTime:0.000387s ]
[ sql ] [ SQL ] SHOW COLUMNS FROM `wld_auth_rule` [ RunTime:0.012684s ]
[ sql ] [ SQL ] SELECT `condition`,`name` FROM `wld_auth_rule` WHERE  `id` IN (1,2,3,4,5,6,7,8,9,13,27,14,15,16,17,18,19,28,20,21,22,23,24,25,26,29,10,11,12,30)  AND `status` = 1 [ RunTime:0.000431s ]
[ sql ] [ SQL ] SHOW COLUMNS FROM `wld_task_classify` [ RunTime:0.011807s ]
[ sql ] [ SQL ] SELECT `task_cid`,`name` FROM `wld_task_classify` [ RunTime:0.000318s ]
---------------------------------------------------------------
[ 2019-07-20T11:34:23+08:00 ] 127.0.0.1 GET /make.php/task/getIndexData.html?startTime=&endTime=&keywords=&userLevel=0&cid=0&limit=15&pageIndex=1&_=1563593663665
[ info ] www.make.com/make.php/task/getIndexData.html?startTime=&endTime=&keywords=&userLevel=0&cid=0&limit=15&pageIndex=1&_=1563593663665 [运行时间：0.142580s][吞吐率：7.01req/s] [内存消耗：2,448.64kb] [文件加载：57]
[ sql ] [ DB ] CONNECT:[ UseTime:0.001220s ] mysql:host=127.0.0.1;port=3306;dbname=tk_make;charset=utf8
[ sql ] [ SQL ] SHOW COLUMNS FROM `wld_auth_group_access` [ RunTime:0.015147s ]
[ sql ] [ SQL ] SELECT `AuthGroupAccess`.`uid`,`AuthGroupAccess`.`group_id`,`AuthGroup`.`title`,`AuthGroup`.`rules` FROM `wld_auth_group_access` `AuthGroupAccess` LEFT JOIN `wld_auth_group` `AuthGroup` ON `AuthGroupAccess`.`group_id`=`AuthGroup`.`id` WHERE  (  AuthGroupAccess.uid='1' and AuthGroup.status='1' ) [ RunTime:0.000461s ]
[ sql ] [ SQL ] SHOW COLUMNS FROM `wld_auth_rule` [ RunTime:0.018211s ]
[ sql ] [ SQL ] SELECT `condition`,`name` FROM `wld_auth_rule` WHERE  `id` IN (1,2,3,4,5,6,7,8,9,13,27,14,15,16,17,18,19,28,20,21,22,23,24,25,26,29,10,11,12,30)  AND `status` = 1 [ RunTime:0.000622s ]
[ sql ] [ SQL ] SHOW COLUMNS FROM `wld_task` [ RunTime:0.018425s ]
[ sql ] [ SQL ] SELECT * FROM `wld_task` ORDER BY `task_id` DESC LIMIT 0,15 [ RunTime:0.000457s ]
[ sql ] [ SQL ] SHOW COLUMNS FROM `wld_task_classify` [ RunTime:0.017834s ]
[ sql ] [ SQL ] SELECT `task_cid`,`name` FROM `wld_task_classify` WHERE  `task_cid` IN (4,3,2) [ RunTime:0.000422s ]
[ sql ] [ SQL ] SELECT COUNT(*) AS tp_count FROM `wld_task` LIMIT 1 [ RunTime:0.000350s ]
---------------------------------------------------------------
[ 2019-07-20T11:34:34+08:00 ] 127.0.0.1 GET /make.php/Task/category.html
[ info ] www.make.com/make.php/Task/category.html [运行时间：0.126457s][吞吐率：7.91req/s] [内存消耗：2,305.19kb] [文件加载：54]
[ sql ] [ DB ] CONNECT:[ UseTime:0.001764s ] mysql:host=127.0.0.1;port=3306;dbname=tk_make;charset=utf8
[ sql ] [ SQL ] SHOW COLUMNS FROM `wld_auth_group_access` [ RunTime:0.060942s ]
[ sql ] [ SQL ] SELECT `AuthGroupAccess`.`uid`,`AuthGroupAccess`.`group_id`,`AuthGroup`.`title`,`AuthGroup`.`rules` FROM `wld_auth_group_access` `AuthGroupAccess` LEFT JOIN `wld_auth_group` `AuthGroup` ON `AuthGroupAccess`.`group_id`=`AuthGroup`.`id` WHERE  (  AuthGroupAccess.uid='1' and AuthGroup.status='1' ) [ RunTime:0.000386s ]
[ sql ] [ SQL ] SHOW COLUMNS FROM `wld_auth_rule` [ RunTime:0.011756s ]
[ sql ] [ SQL ] SELECT `condition`,`name` FROM `wld_auth_rule` WHERE  `id` IN (1,2,3,4,5,6,7,8,9,13,27,14,15,16,17,18,19,28,20,21,22,23,24,25,26,29,10,11,12,30)  AND `status` = 1 [ RunTime:0.000456s ]
---------------------------------------------------------------
[ 2019-07-20T11:34:34+08:00 ] 127.0.0.1 GET /make.php/task/getTaskCategoryListData.html?startTime=&endTime=&keywords=&limit=15&pageIndex=1&_=1563593674105
[ info ] www.make.com/make.php/task/getTaskCategoryListData.html?startTime=&endTime=&keywords=&limit=15&pageIndex=1&_=1563593674105 [运行时间：0.132143s][吞吐率：7.57req/s] [内存消耗：2,414.12kb] [文件加载：56]
[ sql ] [ DB ] CONNECT:[ UseTime:0.001291s ] mysql:host=127.0.0.1;port=3306;dbname=tk_make;charset=utf8
[ sql ] [ SQL ] SHOW COLUMNS FROM `wld_auth_group_access` [ RunTime:0.017382s ]
[ sql ] [ SQL ] SELECT `AuthGroupAccess`.`uid`,`AuthGroupAccess`.`group_id`,`AuthGroup`.`title`,`AuthGroup`.`rules` FROM `wld_auth_group_access` `AuthGroupAccess` LEFT JOIN `wld_auth_group` `AuthGroup` ON `AuthGroupAccess`.`group_id`=`AuthGroup`.`id` WHERE  (  AuthGroupAccess.uid='1' and AuthGroup.status='1' ) [ RunTime:0.000469s ]
[ sql ] [ SQL ] SHOW COLUMNS FROM `wld_auth_rule` [ RunTime:0.019912s ]
[ sql ] [ SQL ] SELECT `condition`,`name` FROM `wld_auth_rule` WHERE  `id` IN (1,2,3,4,5,6,7,8,9,13,27,14,15,16,17,18,19,28,20,21,22,23,24,25,26,29,10,11,12,30)  AND `status` = 1 [ RunTime:0.000591s ]
[ sql ] [ SQL ] SHOW COLUMNS FROM `wld_task_classify` [ RunTime:0.020476s ]
[ sql ] [ SQL ] SELECT * FROM `wld_task_classify` ORDER BY `task_cid` DESC LIMIT 0,15 [ RunTime:0.000434s ]
[ sql ] [ SQL ] SELECT COUNT(*) AS tp_count FROM `wld_task_classify` LIMIT 1 [ RunTime:0.000267s ]
---------------------------------------------------------------
[ 2019-07-20T11:34:50+08:00 ] 127.0.0.1 GET /make.php/Task/brokerageRule.html
[ info ] www.make.com/make.php/Task/brokerageRule.html [运行时间：0.138174s][吞吐率：7.24req/s] [内存消耗：2,317.41kb] [文件加载：55]
[ sql ] [ DB ] CONNECT:[ UseTime:0.001349s ] mysql:host=127.0.0.1;port=3306;dbname=tk_make;charset=utf8
[ sql ] [ SQL ] SHOW COLUMNS FROM `wld_auth_group_access` [ RunTime:0.059094s ]
[ sql ] [ SQL ] SELECT `AuthGroupAccess`.`uid`,`AuthGroupAccess`.`group_id`,`AuthGroup`.`title`,`AuthGroup`.`rules` FROM `wld_auth_group_access` `AuthGroupAccess` LEFT JOIN `wld_auth_group` `AuthGroup` ON `AuthGroupAccess`.`group_id`=`AuthGroup`.`id` WHERE  (  AuthGroupAccess.uid='1' and AuthGroup.status='1' ) [ RunTime:0.000442s ]
[ sql ] [ SQL ] SHOW COLUMNS FROM `wld_auth_rule` [ RunTime:0.012305s ]
[ sql ] [ SQL ] SELECT `condition`,`name` FROM `wld_auth_rule` WHERE  `id` IN (1,2,3,4,5,6,7,8,9,13,27,14,15,16,17,18,19,28,20,21,22,23,24,25,26,29,10,11,12,30)  AND `status` = 1 [ RunTime:0.000550s ]
---------------------------------------------------------------
[ 2019-07-20T11:35:29+08:00 ] 127.0.0.1 GET /make.php/Task/add.html
[ info ] www.make.com/make.php/Task/add.html [运行时间：0.146029s][吞吐率：6.85req/s] [内存消耗：2,447.84kb] [文件加载：56]
[ sql ] [ DB ] CONNECT:[ UseTime:0.002389s ] mysql:host=127.0.0.1;port=3306;dbname=tk_make;charset=utf8
[ sql ] [ SQL ] SHOW COLUMNS FROM `wld_auth_group_access` [ RunTime:0.059353s ]
[ sql ] [ SQL ] SELECT `AuthGroupAccess`.`uid`,`AuthGroupAccess`.`group_id`,`AuthGroup`.`title`,`AuthGroup`.`rules` FROM `wld_auth_group_access` `AuthGroupAccess` LEFT JOIN `wld_auth_group` `AuthGroup` ON `AuthGroupAccess`.`group_id`=`AuthGroup`.`id` WHERE  (  AuthGroupAccess.uid='1' and AuthGroup.status='1' ) [ RunTime:0.000362s ]
[ sql ] [ SQL ] SHOW COLUMNS FROM `wld_auth_rule` [ RunTime:0.011687s ]
[ sql ] [ SQL ] SELECT `condition`,`name` FROM `wld_auth_rule` WHERE  `id` IN (1,2,3,4,5,6,7,8,9,13,27,14,15,16,17,18,19,28,20,21,22,23,24,25,26,29,10,11,12,30)  AND `status` = 1 [ RunTime:0.000422s ]
[ sql ] [ SQL ] SHOW COLUMNS FROM `wld_task_classify` [ RunTime:0.011757s ]
[ sql ] [ SQL ] SELECT `task_cid`,`name` FROM `wld_task_classify` [ RunTime:0.000368s ]
---------------------------------------------------------------
[ 2019-07-20T11:35:36+08:00 ] 127.0.0.1 GET /make.php/Task/brokerageRule.html
[ info ] www.make.com/make.php/Task/brokerageRule.html [运行时间：0.151406s][吞吐率：6.60req/s] [内存消耗：2,182.96kb] [文件加载：53]
[ sql ] [ DB ] CONNECT:[ UseTime:0.011887s ] mysql:host=127.0.0.1;port=3306;dbname=tk_make;charset=utf8
[ sql ] [ SQL ] SHOW COLUMNS FROM `wld_auth_group_access` [ RunTime:0.060975s ]
[ sql ] [ SQL ] SELECT `AuthGroupAccess`.`uid`,`AuthGroupAccess`.`group_id`,`AuthGroup`.`title`,`AuthGroup`.`rules` FROM `wld_auth_group_access` `AuthGroupAccess` LEFT JOIN `wld_auth_group` `AuthGroup` ON `AuthGroupAccess`.`group_id`=`AuthGroup`.`id` WHERE  (  AuthGroupAccess.uid='1' and AuthGroup.status='1' ) [ RunTime:0.000362s ]
[ sql ] [ SQL ] SHOW COLUMNS FROM `wld_auth_rule` [ RunTime:0.012102s ]
[ sql ] [ SQL ] SELECT `condition`,`name` FROM `wld_auth_rule` WHERE  `id` IN (1,2,3,4,5,6,7,8,9,13,27,14,15,16,17,18,19,28,20,21,22,23,24,25,26,29,10,11,12,30)  AND `status` = 1 [ RunTime:0.000412s ]
---------------------------------------------------------------
[ 2019-07-20T11:37:05+08:00 ] 127.0.0.1 GET /make.php/Sales/index.html
[ info ] www.make.com/make.php/Sales/index.html [运行时间：0.132981s][吞吐率：7.52req/s] [内存消耗：2,254.09kb] [文件加载：54]
[ sql ] [ DB ] CONNECT:[ UseTime:0.001171s ] mysql:host=127.0.0.1;port=3306;dbname=tk_make;charset=utf8
[ sql ] [ SQL ] SHOW COLUMNS FROM `wld_auth_group_access` [ RunTime:0.011832s ]
[ sql ] [ SQL ] SELECT `AuthGroupAccess`.`uid`,`AuthGroupAccess`.`group_id`,`AuthGroup`.`title`,`AuthGroup`.`rules` FROM `wld_auth_group_access` `AuthGroupAccess` LEFT JOIN `wld_auth_group` `AuthGroup` ON `AuthGroupAccess`.`group_id`=`AuthGroup`.`id` WHERE  (  AuthGroupAccess.uid='1' and AuthGroup.status='1' ) [ RunTime:0.000439s ]
[ sql ] [ SQL ] SHOW COLUMNS FROM `wld_auth_rule` [ RunTime:0.013803s ]
[ sql ] [ SQL ] SELECT `condition`,`name` FROM `wld_auth_rule` WHERE  `id` IN (1,2,3,4,5,6,7,8,9,13,27,14,15,16,17,18,19,28,20,21,22,23,24,25,26,29,10,11,12,30)  AND `status` = 1 [ RunTime:0.000505s ]
---------------------------------------------------------------
[ 2019-07-20T11:37:06+08:00 ] 127.0.0.1 GET /make.php/sales/getIndexData.html?startTime=&endTime=&keywords=&userLevel=0&type=0&limit=15&pageIndex=1&_=1563593825801
[ info ] www.make.com/make.php/sales/getIndexData.html?startTime=&endTime=&keywords=&userLevel=0&type=0&limit=15&pageIndex=1&_=1563593825801 [运行时间：0.137163s][吞吐率：7.29req/s] [内存消耗：2,368.51kb] [文件加载：57]
[ sql ] [ DB ] CONNECT:[ UseTime:0.011266s ] mysql:host=127.0.0.1;port=3306;dbname=tk_make;charset=utf8
[ sql ] [ SQL ] SHOW COLUMNS FROM `wld_auth_group_access` [ RunTime:0.018908s ]
[ sql ] [ SQL ] SELECT `AuthGroupAccess`.`uid`,`AuthGroupAccess`.`group_id`,`AuthGroup`.`title`,`AuthGroup`.`rules` FROM `wld_auth_group_access` `AuthGroupAccess` LEFT JOIN `wld_auth_group` `AuthGroup` ON `AuthGroupAccess`.`group_id`=`AuthGroup`.`id` WHERE  (  AuthGroupAccess.uid='1' and AuthGroup.status='1' ) [ RunTime:0.000671s ]
[ sql ] [ SQL ] SHOW COLUMNS FROM `wld_auth_rule` [ RunTime:0.019034s ]
[ sql ] [ SQL ] SELECT `condition`,`name` FROM `wld_auth_rule` WHERE  `id` IN (1,2,3,4,5,6,7,8,9,13,27,14,15,16,17,18,19,28,20,21,22,23,24,25,26,29,10,11,12,30)  AND `status` = 1 [ RunTime:0.001497s ]
[ sql ] [ SQL ] SHOW COLUMNS FROM `wld_allot_log` [ RunTime:0.016631s ]
[ sql ] [ SQL ] SELECT * FROM `wld_allot_log` ORDER BY `id` DESC LIMIT 0,15 [ RunTime:0.000424s ]
[ sql ] [ SQL ] SELECT COUNT(*) AS tp_count FROM `wld_allot_log` LIMIT 1 [ RunTime:0.000329s ]
---------------------------------------------------------------
[ 2019-07-20T11:37:28+08:00 ] 127.0.0.1 GET /make.php/sales/add.html
[ info ] www.make.com/make.php/sales/add.html [运行时间：0.093193s][吞吐率：10.73req/s] [内存消耗：2,255.16kb] [文件加载：54]
[ sql ] [ DB ] CONNECT:[ UseTime:0.011104s ] mysql:host=127.0.0.1;port=3306;dbname=tk_make;charset=utf8
[ sql ] [ SQL ] SHOW COLUMNS FROM `wld_auth_group_access` [ RunTime:0.012184s ]
[ sql ] [ SQL ] SELECT `AuthGroupAccess`.`uid`,`AuthGroupAccess`.`group_id`,`AuthGroup`.`title`,`AuthGroup`.`rules` FROM `wld_auth_group_access` `AuthGroupAccess` LEFT JOIN `wld_auth_group` `AuthGroup` ON `AuthGroupAccess`.`group_id`=`AuthGroup`.`id` WHERE  (  AuthGroupAccess.uid='1' and AuthGroup.status='1' ) [ RunTime:0.000479s ]
[ sql ] [ SQL ] SHOW COLUMNS FROM `wld_auth_rule` [ RunTime:0.015389s ]
[ sql ] [ SQL ] SELECT `condition`,`name` FROM `wld_auth_rule` WHERE  `id` IN (1,2,3,4,5,6,7,8,9,13,27,14,15,16,17,18,19,28,20,21,22,23,24,25,26,29,10,11,12,30)  AND `status` = 1 [ RunTime:0.000551s ]
---------------------------------------------------------------
[ 2019-07-20T11:39:59+08:00 ] 127.0.0.1 GET /make.php/Gate/index.html
[ info ] www.make.com/make.php/Gate/index.html [运行时间：0.157346s][吞吐率：6.36req/s] [内存消耗：2,137.85kb] [文件加载：52]
[ sql ] [ DB ] CONNECT:[ UseTime:0.011452s ] mysql:host=127.0.0.1;port=3306;dbname=tk_make;charset=utf8
[ sql ] [ SQL ] SHOW COLUMNS FROM `wld_auth_group_access` [ RunTime:0.016425s ]
[ sql ] [ SQL ] SELECT `AuthGroupAccess`.`uid`,`AuthGroupAccess`.`group_id`,`AuthGroup`.`title`,`AuthGroup`.`rules` FROM `wld_auth_group_access` `AuthGroupAccess` LEFT JOIN `wld_auth_group` `AuthGroup` ON `AuthGroupAccess`.`group_id`=`AuthGroup`.`id` WHERE  (  AuthGroupAccess.uid='1' and AuthGroup.status='1' ) [ RunTime:0.000551s ]
[ sql ] [ SQL ] SHOW COLUMNS FROM `wld_auth_rule` [ RunTime:0.016684s ]
[ sql ] [ SQL ] SELECT `condition`,`name` FROM `wld_auth_rule` WHERE  `id` IN (1,2,3,4,5,6,7,8,9,13,27,14,15,16,17,18,19,28,20,21,22,23,24,25,26,29,10,11,12,30)  AND `status` = 1 [ RunTime:0.000619s ]
---------------------------------------------------------------
[ 2019-07-20T11:40:00+08:00 ] 127.0.0.1 GET /make.php/gate/getIndexData.html?startTime=&endTime=&keywords=&limit=15&pageIndex=1&_=1563593999824
[ info ] www.make.com/make.php/gate/getIndexData.html?startTime=&endTime=&keywords=&limit=15&pageIndex=1&_=1563593999824 [运行时间：0.125893s][吞吐率：7.94req/s] [内存消耗：2,381.96kb] [文件加载：57]
[ sql ] [ DB ] CONNECT:[ UseTime:0.001471s ] mysql:host=127.0.0.1;port=3306;dbname=tk_make;charset=utf8
[ sql ] [ SQL ] SHOW COLUMNS FROM `wld_auth_group_access` [ RunTime:0.016818s ]
[ sql ] [ SQL ] SELECT `AuthGroupAccess`.`uid`,`AuthGroupAccess`.`group_id`,`AuthGroup`.`title`,`AuthGroup`.`rules` FROM `wld_auth_group_access` `AuthGroupAccess` LEFT JOIN `wld_auth_group` `AuthGroup` ON `AuthGroupAccess`.`group_id`=`AuthGroup`.`id` WHERE  (  AuthGroupAccess.uid='1' and AuthGroup.status='1' ) [ RunTime:0.000451s ]
[ sql ] [ SQL ] SHOW COLUMNS FROM `wld_auth_rule` [ RunTime:0.019077s ]
[ sql ] [ SQL ] SELECT `condition`,`name` FROM `wld_auth_rule` WHERE  `id` IN (1,2,3,4,5,6,7,8,9,13,27,14,15,16,17,18,19,28,20,21,22,23,24,25,26,29,10,11,12,30)  AND `status` = 1 [ RunTime:0.000743s ]
[ sql ] [ SQL ] SHOW COLUMNS FROM `wld_banner` [ RunTime:0.018981s ]
[ sql ] [ SQL ] SELECT * FROM `wld_banner` ORDER BY `id` DESC LIMIT 0,15 [ RunTime:0.000307s ]
[ sql ] [ SQL ] SELECT COUNT(*) AS tp_count FROM `wld_banner` LIMIT 1 [ RunTime:0.000355s ]
---------------------------------------------------------------
[ 2019-07-20T11:40:04+08:00 ] 127.0.0.1 GET /make.php/Gate/notice.html
[ info ] www.make.com/make.php/Gate/notice.html [运行时间：0.145871s][吞吐率：6.86req/s] [内存消耗：2,263.84kb] [文件加载：54]
[ sql ] [ DB ] CONNECT:[ UseTime:0.011283s ] mysql:host=127.0.0.1;port=3306;dbname=tk_make;charset=utf8
[ sql ] [ SQL ] SHOW COLUMNS FROM `wld_auth_group_access` [ RunTime:0.062868s ]
[ sql ] [ SQL ] SELECT `AuthGroupAccess`.`uid`,`AuthGroupAccess`.`group_id`,`AuthGroup`.`title`,`AuthGroup`.`rules` FROM `wld_auth_group_access` `AuthGroupAccess` LEFT JOIN `wld_auth_group` `AuthGroup` ON `AuthGroupAccess`.`group_id`=`AuthGroup`.`id` WHERE  (  AuthGroupAccess.uid='1' and AuthGroup.status='1' ) [ RunTime:0.000498s ]
[ sql ] [ SQL ] SHOW COLUMNS FROM `wld_auth_rule` [ RunTime:0.015108s ]
[ sql ] [ SQL ] SELECT `condition`,`name` FROM `wld_auth_rule` WHERE  `id` IN (1,2,3,4,5,6,7,8,9,13,27,14,15,16,17,18,19,28,20,21,22,23,24,25,26,29,10,11,12,30)  AND `status` = 1 [ RunTime:0.000554s ]
---------------------------------------------------------------
[ 2019-07-20T11:40:04+08:00 ] 127.0.0.1 GET /make.php/gate/getNoticeData.html?startTime=&endTime=&keywords=&limit=15&pageIndex=1&_=1563594004437
[ info ] www.make.com/make.php/gate/getNoticeData.html?startTime=&endTime=&keywords=&limit=15&pageIndex=1&_=1563594004437 [运行时间：0.126924s][吞吐率：7.88req/s] [内存消耗：2,422.45kb] [文件加载：57]
[ sql ] [ DB ] CONNECT:[ UseTime:0.012148s ] mysql:host=127.0.0.1;port=3306;dbname=tk_make;charset=utf8
[ sql ] [ SQL ] SHOW COLUMNS FROM `wld_auth_group_access` [ RunTime:0.018713s ]
[ sql ] [ SQL ] SELECT `AuthGroupAccess`.`uid`,`AuthGroupAccess`.`group_id`,`AuthGroup`.`title`,`AuthGroup`.`rules` FROM `wld_auth_group_access` `AuthGroupAccess` LEFT JOIN `wld_auth_group` `AuthGroup` ON `AuthGroupAccess`.`group_id`=`AuthGroup`.`id` WHERE  (  AuthGroupAccess.uid='1' and AuthGroup.status='1' ) [ RunTime:0.000472s ]
[ sql ] [ SQL ] SHOW COLUMNS FROM `wld_auth_rule` [ RunTime:0.018148s ]
[ sql ] [ SQL ] SELECT `condition`,`name` FROM `wld_auth_rule` WHERE  `id` IN (1,2,3,4,5,6,7,8,9,13,27,14,15,16,17,18,19,28,20,21,22,23,24,25,26,29,10,11,12,30)  AND `status` = 1 [ RunTime:0.001081s ]
[ sql ] [ SQL ] SHOW COLUMNS FROM `wld_notice` [ RunTime:0.016548s ]
[ sql ] [ SQL ] SELECT * FROM `wld_notice` ORDER BY `id` DESC LIMIT 0,15 [ RunTime:0.000894s ]
[ sql ] [ SQL ] SELECT COUNT(*) AS tp_count FROM `wld_notice` LIMIT 1 [ RunTime:0.000306s ]
---------------------------------------------------------------
[ 2019-07-20T11:40:08+08:00 ] 127.0.0.1 GET /make.php/Gate/make.html
[ info ] www.make.com/make.php/Gate/make.html [运行时间：0.137547s][吞吐率：7.27req/s] [内存消耗：2,275.93kb] [文件加载：55]
[ sql ] [ DB ] CONNECT:[ UseTime:0.001244s ] mysql:host=127.0.0.1;port=3306;dbname=tk_make;charset=utf8
[ sql ] [ SQL ] SHOW COLUMNS FROM `wld_auth_group_access` [ RunTime:0.061265s ]
[ sql ] [ SQL ] SELECT `AuthGroupAccess`.`uid`,`AuthGroupAccess`.`group_id`,`AuthGroup`.`title`,`AuthGroup`.`rules` FROM `wld_auth_group_access` `AuthGroupAccess` LEFT JOIN `wld_auth_group` `AuthGroup` ON `AuthGroupAccess`.`group_id`=`AuthGroup`.`id` WHERE  (  AuthGroupAccess.uid='1' and AuthGroup.status='1' ) [ RunTime:0.000371s ]
[ sql ] [ SQL ] SHOW COLUMNS FROM `wld_auth_rule` [ RunTime:0.011438s ]
[ sql ] [ SQL ] SELECT `condition`,`name` FROM `wld_auth_rule` WHERE  `id` IN (1,2,3,4,5,6,7,8,9,13,27,14,15,16,17,18,19,28,20,21,22,23,24,25,26,29,10,11,12,30)  AND `status` = 1 [ RunTime:0.000417s ]
---------------------------------------------------------------
[ 2019-07-20T11:40:14+08:00 ] 127.0.0.1 GET /make.php/Gate/setting.html
[ info ] www.make.com/make.php/Gate/setting.html [运行时间：0.133679s][吞吐率：7.48req/s] [内存消耗：2,265.74kb] [文件加载：55]
[ sql ] [ DB ] CONNECT:[ UseTime:0.001172s ] mysql:host=127.0.0.1;port=3306;dbname=tk_make;charset=utf8
[ sql ] [ SQL ] SHOW COLUMNS FROM `wld_auth_group_access` [ RunTime:0.058966s ]
[ sql ] [ SQL ] SELECT `AuthGroupAccess`.`uid`,`AuthGroupAccess`.`group_id`,`AuthGroup`.`title`,`AuthGroup`.`rules` FROM `wld_auth_group_access` `AuthGroupAccess` LEFT JOIN `wld_auth_group` `AuthGroup` ON `AuthGroupAccess`.`group_id`=`AuthGroup`.`id` WHERE  (  AuthGroupAccess.uid='1' and AuthGroup.status='1' ) [ RunTime:0.000456s ]
[ sql ] [ SQL ] SHOW COLUMNS FROM `wld_auth_rule` [ RunTime:0.011810s ]
[ sql ] [ SQL ] SELECT `condition`,`name` FROM `wld_auth_rule` WHERE  `id` IN (1,2,3,4,5,6,7,8,9,13,27,14,15,16,17,18,19,28,20,21,22,23,24,25,26,29,10,11,12,30)  AND `status` = 1 [ RunTime:0.000533s ]
---------------------------------------------------------------
[ 2019-07-20T11:40:20+08:00 ] 127.0.0.1 GET /make.php/Gate/make.html
[ info ] www.make.com/make.php/Gate/make.html [运行时间：0.127312s][吞吐率：7.85req/s] [内存消耗：2,141.48kb] [文件加载：53]
[ sql ] [ DB ] CONNECT:[ UseTime:0.001224s ] mysql:host=127.0.0.1;port=3306;dbname=tk_make;charset=utf8
[ sql ] [ SQL ] SHOW COLUMNS FROM `wld_auth_group_access` [ RunTime:0.060470s ]
[ sql ] [ SQL ] SELECT `AuthGroupAccess`.`uid`,`AuthGroupAccess`.`group_id`,`AuthGroup`.`title`,`AuthGroup`.`rules` FROM `wld_auth_group_access` `AuthGroupAccess` LEFT JOIN `wld_auth_group` `AuthGroup` ON `AuthGroupAccess`.`group_id`=`AuthGroup`.`id` WHERE  (  AuthGroupAccess.uid='1' and AuthGroup.status='1' ) [ RunTime:0.000540s ]
[ sql ] [ SQL ] SHOW COLUMNS FROM `wld_auth_rule` [ RunTime:0.013353s ]
[ sql ] [ SQL ] SELECT `condition`,`name` FROM `wld_auth_rule` WHERE  `id` IN (1,2,3,4,5,6,7,8,9,13,27,14,15,16,17,18,19,28,20,21,22,23,24,25,26,29,10,11,12,30)  AND `status` = 1 [ RunTime:0.001499s ]
---------------------------------------------------------------
[ 2019-07-20T11:40:57+08:00 ] 127.0.0.1 GET /make.php/Gate/setting.html
[ info ] www.make.com/make.php/Gate/setting.html [运行时间：0.121762s][吞吐率：8.21req/s] [内存消耗：2,139.29kb] [文件加载：53]
[ sql ] [ DB ] CONNECT:[ UseTime:0.001241s ] mysql:host=127.0.0.1;port=3306;dbname=tk_make;charset=utf8
[ sql ] [ SQL ] SHOW COLUMNS FROM `wld_auth_group_access` [ RunTime:0.059122s ]
[ sql ] [ SQL ] SELECT `AuthGroupAccess`.`uid`,`AuthGroupAccess`.`group_id`,`AuthGroup`.`title`,`AuthGroup`.`rules` FROM `wld_auth_group_access` `AuthGroupAccess` LEFT JOIN `wld_auth_group` `AuthGroup` ON `AuthGroupAccess`.`group_id`=`AuthGroup`.`id` WHERE  (  AuthGroupAccess.uid='1' and AuthGroup.status='1' ) [ RunTime:0.000440s ]
[ sql ] [ SQL ] SHOW COLUMNS FROM `wld_auth_rule` [ RunTime:0.012312s ]
[ sql ] [ SQL ] SELECT `condition`,`name` FROM `wld_auth_rule` WHERE  `id` IN (1,2,3,4,5,6,7,8,9,13,27,14,15,16,17,18,19,28,20,21,22,23,24,25,26,29,10,11,12,30)  AND `status` = 1 [ RunTime:0.000391s ]
---------------------------------------------------------------
[ 2019-07-20T11:41:19+08:00 ] 127.0.0.1 GET /make.php/Sales/index.html
[ info ] www.make.com/make.php/Sales/index.html [运行时间：0.111586s][吞吐率：8.96req/s] [内存消耗：2,119.64kb] [文件加载：52]
[ sql ] [ DB ] CONNECT:[ UseTime:0.001148s ] mysql:host=127.0.0.1;port=3306;dbname=tk_make;charset=utf8
[ sql ] [ SQL ] SHOW COLUMNS FROM `wld_auth_group_access` [ RunTime:0.058806s ]
[ sql ] [ SQL ] SELECT `AuthGroupAccess`.`uid`,`AuthGroupAccess`.`group_id`,`AuthGroup`.`title`,`AuthGroup`.`rules` FROM `wld_auth_group_access` `AuthGroupAccess` LEFT JOIN `wld_auth_group` `AuthGroup` ON `AuthGroupAccess`.`group_id`=`AuthGroup`.`id` WHERE  (  AuthGroupAccess.uid='1' and AuthGroup.status='1' ) [ RunTime:0.000400s ]
[ sql ] [ SQL ] SHOW COLUMNS FROM `wld_auth_rule` [ RunTime:0.011302s ]
[ sql ] [ SQL ] SELECT `condition`,`name` FROM `wld_auth_rule` WHERE  `id` IN (1,2,3,4,5,6,7,8,9,13,27,14,15,16,17,18,19,28,20,21,22,23,24,25,26,29,10,11,12,30)  AND `status` = 1 [ RunTime:0.000423s ]
---------------------------------------------------------------
[ 2019-07-20T11:41:19+08:00 ] 127.0.0.1 GET /make.php/sales/getIndexData.html?startTime=&endTime=&keywords=&userLevel=0&type=0&limit=15&pageIndex=1&_=1563594079458
[ info ] www.make.com/make.php/sales/getIndexData.html?startTime=&endTime=&keywords=&userLevel=0&type=0&limit=15&pageIndex=1&_=1563594079458 [运行时间：0.164871s][吞吐率：6.07req/s] [内存消耗：2,368.51kb] [文件加载：57]
[ sql ] [ DB ] CONNECT:[ UseTime:0.003099s ] mysql:host=127.0.0.1;port=3306;dbname=tk_make;charset=utf8
[ sql ] [ SQL ] SHOW COLUMNS FROM `wld_auth_group_access` [ RunTime:0.063181s ]
[ sql ] [ SQL ] SELECT `AuthGroupAccess`.`uid`,`AuthGroupAccess`.`group_id`,`AuthGroup`.`title`,`AuthGroup`.`rules` FROM `wld_auth_group_access` `AuthGroupAccess` LEFT JOIN `wld_auth_group` `AuthGroup` ON `AuthGroupAccess`.`group_id`=`AuthGroup`.`id` WHERE  (  AuthGroupAccess.uid='1' and AuthGroup.status='1' ) [ RunTime:0.000508s ]
[ sql ] [ SQL ] SHOW COLUMNS FROM `wld_auth_rule` [ RunTime:0.013823s ]
[ sql ] [ SQL ] SELECT `condition`,`name` FROM `wld_auth_rule` WHERE  `id` IN (1,2,3,4,5,6,7,8,9,13,27,14,15,16,17,18,19,28,20,21,22,23,24,25,26,29,10,11,12,30)  AND `status` = 1 [ RunTime:0.001129s ]
[ sql ] [ SQL ] SHOW COLUMNS FROM `wld_allot_log` [ RunTime:0.020373s ]
[ sql ] [ SQL ] SELECT * FROM `wld_allot_log` ORDER BY `id` DESC LIMIT 0,15 [ RunTime:0.000490s ]
[ sql ] [ SQL ] SELECT COUNT(*) AS tp_count FROM `wld_allot_log` LIMIT 1 [ RunTime:0.000331s ]
---------------------------------------------------------------
[ 2019-07-20T11:55:28+08:00 ] 127.0.0.1 GET /make.php/Task/category.html
[ info ] www.make.com/make.php/Task/category.html [运行时间：0.094340s][吞吐率：10.60req/s] [内存消耗：2,178.73kb] [文件加载：52]
[ sql ] [ DB ] CONNECT:[ UseTime:0.011315s ] mysql:host=127.0.0.1;port=3306;dbname=tk_make;charset=utf8
[ sql ] [ SQL ] SHOW COLUMNS FROM `wld_auth_group_access` [ RunTime:0.021636s ]
[ sql ] [ SQL ] SELECT `AuthGroupAccess`.`uid`,`AuthGroupAccess`.`group_id`,`AuthGroup`.`title`,`AuthGroup`.`rules` FROM `wld_auth_group_access` `AuthGroupAccess` LEFT JOIN `wld_auth_group` `AuthGroup` ON `AuthGroupAccess`.`group_id`=`AuthGroup`.`id` WHERE  (  AuthGroupAccess.uid='1' and AuthGroup.status='1' ) [ RunTime:0.001050s ]
[ sql ] [ SQL ] SHOW COLUMNS FROM `wld_auth_rule` [ RunTime:0.011317s ]
[ sql ] [ SQL ] SELECT `condition`,`name` FROM `wld_auth_rule` WHERE  `id` IN (1,2,3,4,5,6,7,8,9,13,27,14,15,16,17,18,19,28,20,21,22,23,24,25,26,29,10,11,12,30)  AND `status` = 1 [ RunTime:0.000486s ]
---------------------------------------------------------------
[ 2019-07-20T11:55:28+08:00 ] 127.0.0.1 GET /make.php/task/getTaskCategoryListData.html?startTime=&endTime=&keywords=&limit=15&pageIndex=1&_=1563594928612
[ info ] www.make.com/make.php/task/getTaskCategoryListData.html?startTime=&endTime=&keywords=&limit=15&pageIndex=1&_=1563594928612 [运行时间：0.092663s][吞吐率：10.79req/s] [内存消耗：2,414.12kb] [文件加载：56]
[ sql ] [ DB ] CONNECT:[ UseTime:0.010548s ] mysql:host=127.0.0.1;port=3306;dbname=tk_make;charset=utf8
[ sql ] [ SQL ] SHOW COLUMNS FROM `wld_auth_group_access` [ RunTime:0.010815s ]
[ sql ] [ SQL ] SELECT `AuthGroupAccess`.`uid`,`AuthGroupAccess`.`group_id`,`AuthGroup`.`title`,`AuthGroup`.`rules` FROM `wld_auth_group_access` `AuthGroupAccess` LEFT JOIN `wld_auth_group` `AuthGroup` ON `AuthGroupAccess`.`group_id`=`AuthGroup`.`id` WHERE  (  AuthGroupAccess.uid='1' and AuthGroup.status='1' ) [ RunTime:0.000443s ]
[ sql ] [ SQL ] SHOW COLUMNS FROM `wld_auth_rule` [ RunTime:0.012459s ]
[ sql ] [ SQL ] SELECT `condition`,`name` FROM `wld_auth_rule` WHERE  `id` IN (1,2,3,4,5,6,7,8,9,13,27,14,15,16,17,18,19,28,20,21,22,23,24,25,26,29,10,11,12,30)  AND `status` = 1 [ RunTime:0.000359s ]
[ sql ] [ SQL ] SHOW COLUMNS FROM `wld_task_classify` [ RunTime:0.012354s ]
[ sql ] [ SQL ] SELECT * FROM `wld_task_classify` ORDER BY `task_cid` DESC LIMIT 0,15 [ RunTime:0.000379s ]
[ sql ] [ SQL ] SELECT COUNT(*) AS tp_count FROM `wld_task_classify` LIMIT 1 [ RunTime:0.000351s ]
---------------------------------------------------------------
[ 2019-07-20T11:55:30+08:00 ] 127.0.0.1 GET /make.php/task/addCategory.html
[ info ] www.make.com/make.php/task/addCategory.html [运行时间：0.096883s][吞吐率：10.32req/s] [内存消耗：2,519.55kb] [文件加载：56]
[ sql ] [ DB ] CONNECT:[ UseTime:0.011342s ] mysql:host=127.0.0.1;port=3306;dbname=tk_make;charset=utf8
[ sql ] [ SQL ] SHOW COLUMNS FROM `wld_auth_group_access` [ RunTime:0.018443s ]
[ sql ] [ SQL ] SELECT `AuthGroupAccess`.`uid`,`AuthGroupAccess`.`group_id`,`AuthGroup`.`title`,`AuthGroup`.`rules` FROM `wld_auth_group_access` `AuthGroupAccess` LEFT JOIN `wld_auth_group` `AuthGroup` ON `AuthGroupAccess`.`group_id`=`AuthGroup`.`id` WHERE  (  AuthGroupAccess.uid='1' and AuthGroup.status='1' ) [ RunTime:0.000407s ]
[ sql ] [ SQL ] SHOW COLUMNS FROM `wld_auth_rule` [ RunTime:0.010217s ]
[ sql ] [ SQL ] SELECT `condition`,`name` FROM `wld_auth_rule` WHERE  `id` IN (1,2,3,4,5,6,7,8,9,13,27,14,15,16,17,18,19,28,20,21,22,23,24,25,26,29,10,11,12,30)  AND `status` = 1 [ RunTime:0.000457s ]
---------------------------------------------------------------
[ 2019-07-20T11:55:32+08:00 ] 127.0.0.1 GET /make.php/task/category.html
[ info ] www.make.com/make.php/task/category.html [运行时间：0.082204s][吞吐率：12.16req/s] [内存消耗：2,178.83kb] [文件加载：52]
[ sql ] [ DB ] CONNECT:[ UseTime:0.011406s ] mysql:host=127.0.0.1;port=3306;dbname=tk_make;charset=utf8
[ sql ] [ SQL ] SHOW COLUMNS FROM `wld_auth_group_access` [ RunTime:0.019498s ]
[ sql ] [ SQL ] SELECT `AuthGroupAccess`.`uid`,`AuthGroupAccess`.`group_id`,`AuthGroup`.`title`,`AuthGroup`.`rules` FROM `wld_auth_group_access` `AuthGroupAccess` LEFT JOIN `wld_auth_group` `AuthGroup` ON `AuthGroupAccess`.`group_id`=`AuthGroup`.`id` WHERE  (  AuthGroupAccess.uid='1' and AuthGroup.status='1' ) [ RunTime:0.000339s ]
[ sql ] [ SQL ] SHOW COLUMNS FROM `wld_auth_rule` [ RunTime:0.010625s ]
[ sql ] [ SQL ] SELECT `condition`,`name` FROM `wld_auth_rule` WHERE  `id` IN (1,2,3,4,5,6,7,8,9,13,27,14,15,16,17,18,19,28,20,21,22,23,24,25,26,29,10,11,12,30)  AND `status` = 1 [ RunTime:0.000464s ]
---------------------------------------------------------------
[ 2019-07-20T11:55:32+08:00 ] 127.0.0.1 GET /make.php/task/getTaskCategoryListData.html?startTime=&endTime=&keywords=&limit=15&pageIndex=1&_=1563594932335
[ info ] www.make.com/make.php/task/getTaskCategoryListData.html?startTime=&endTime=&keywords=&limit=15&pageIndex=1&_=1563594932335 [运行时间：0.088632s][吞吐率：11.28req/s] [内存消耗：2,414.12kb] [文件加载：56]
[ sql ] [ DB ] CONNECT:[ UseTime:0.011777s ] mysql:host=127.0.0.1;port=3306;dbname=tk_make;charset=utf8
[ sql ] [ SQL ] SHOW COLUMNS FROM `wld_auth_group_access` [ RunTime:0.012125s ]
[ sql ] [ SQL ] SELECT `AuthGroupAccess`.`uid`,`AuthGroupAccess`.`group_id`,`AuthGroup`.`title`,`AuthGroup`.`rules` FROM `wld_auth_group_access` `AuthGroupAccess` LEFT JOIN `wld_auth_group` `AuthGroup` ON `AuthGroupAccess`.`group_id`=`AuthGroup`.`id` WHERE  (  AuthGroupAccess.uid='1' and AuthGroup.status='1' ) [ RunTime:0.000402s ]
[ sql ] [ SQL ] SHOW COLUMNS FROM `wld_auth_rule` [ RunTime:0.012249s ]
[ sql ] [ SQL ] SELECT `condition`,`name` FROM `wld_auth_rule` WHERE  `id` IN (1,2,3,4,5,6,7,8,9,13,27,14,15,16,17,18,19,28,20,21,22,23,24,25,26,29,10,11,12,30)  AND `status` = 1 [ RunTime:0.000468s ]
[ sql ] [ SQL ] SHOW COLUMNS FROM `wld_task_classify` [ RunTime:0.011376s ]
[ sql ] [ SQL ] SELECT * FROM `wld_task_classify` ORDER BY `task_cid` DESC LIMIT 0,15 [ RunTime:0.000871s ]
[ sql ] [ SQL ] SELECT COUNT(*) AS tp_count FROM `wld_task_classify` LIMIT 1 [ RunTime:0.000405s ]
---------------------------------------------------------------
[ 2019-07-20T11:55:33+08:00 ] 127.0.0.1 GET /make.php/Task/add.html
[ info ] www.make.com/make.php/Task/add.html [运行时间：0.093457s][吞吐率：10.70req/s] [内存消耗：2,447.84kb] [文件加载：56]
[ sql ] [ DB ] CONNECT:[ UseTime:0.010617s ] mysql:host=127.0.0.1;port=3306;dbname=tk_make;charset=utf8
[ sql ] [ SQL ] SHOW COLUMNS FROM `wld_auth_group_access` [ RunTime:0.019815s ]
[ sql ] [ SQL ] SELECT `AuthGroupAccess`.`uid`,`AuthGroupAccess`.`group_id`,`AuthGroup`.`title`,`AuthGroup`.`rules` FROM `wld_auth_group_access` `AuthGroupAccess` LEFT JOIN `wld_auth_group` `AuthGroup` ON `AuthGroupAccess`.`group_id`=`AuthGroup`.`id` WHERE  (  AuthGroupAccess.uid='1' and AuthGroup.status='1' ) [ RunTime:0.000422s ]
[ sql ] [ SQL ] SHOW COLUMNS FROM `wld_auth_rule` [ RunTime:0.010746s ]
[ sql ] [ SQL ] SELECT `condition`,`name` FROM `wld_auth_rule` WHERE  `id` IN (1,2,3,4,5,6,7,8,9,13,27,14,15,16,17,18,19,28,20,21,22,23,24,25,26,29,10,11,12,30)  AND `status` = 1 [ RunTime:0.000506s ]
[ sql ] [ SQL ] SHOW COLUMNS FROM `wld_task_classify` [ RunTime:0.010220s ]
[ sql ] [ SQL ] SELECT `task_cid`,`name` FROM `wld_task_classify` [ RunTime:0.000389s ]
