---------------------------------------------------------------
[ 2019-07-30T12:28:03+08:00 ] 127.0.0.1 POST /make.php/login/sendLogin
[ info ] www.make.com/make.php/login/sendLogin [运行时间：0.116625s][吞吐率：8.57req/s] [内存消耗：2,459.23kb] [文件加载：57]
[ sql ] [ DB ] CONNECT:[ UseTime:0.002119s ] mysql:host=127.0.0.1;port=3306;dbname=tk_make;charset=utf8
[ sql ] [ SQL ] SHOW COLUMNS FROM `wld_admin` [ RunTime:0.022824s ]
[ sql ] [ SQL ] SELECT * FROM `wld_admin` WHERE  `username` = 'admin' LIMIT 1 [ RunTime:0.001816s ]
[ sql ] [ SQL ] UPDATE `wld_admin`  SET `last_login_ip`='127.0.0.1',`login_time`=1564460883,`update_time`=1564460883  WHERE  `uid` = 1 [ RunTime:0.001134s ]
[ sql ] [ SQL ] SHOW COLUMNS FROM `wld_admin_log` [ RunTime:0.014664s ]
[ sql ] [ SQL ] INSERT INTO `wld_admin_log` (`title` , `content` , `url` , `admin_id` , `username` , `useragent` , `ip` , `create_time`) VALUES ('用户登录' , '{\"username\":\"admin\"}' , '/make.php/login/sendLogin' , 1 , 'admin' , 'Mozilla/5.0 (Windows NT 10.0; WOW64) AppleWebKit/537.36 (KHTML, like Gecko) Chrome/70.0.3538.102 Safari/537.36' , '127.0.0.1' , 1564460883) [ RunTime:0.002350s ]
---------------------------------------------------------------
[ 2019-07-30T12:28:04+08:00 ] 127.0.0.1 GET /make.php/index
[ info ] www.make.com/make.php/index [运行时间：0.093679s][吞吐率：10.67req/s] [内存消耗：2,134.46kb] [文件加载：52]
[ sql ] [ DB ] CONNECT:[ UseTime:0.011677s ] mysql:host=127.0.0.1;port=3306;dbname=tk_make;charset=utf8
[ sql ] [ SQL ] SHOW COLUMNS FROM `wld_auth_group_access` [ RunTime:0.014063s ]
[ sql ] [ SQL ] SELECT `AuthGroupAccess`.`uid`,`AuthGroupAccess`.`group_id`,`AuthGroup`.`title`,`AuthGroup`.`rules` FROM `wld_auth_group_access` `AuthGroupAccess` LEFT JOIN `wld_auth_group` `AuthGroup` ON `AuthGroupAccess`.`group_id`=`AuthGroup`.`id` WHERE  (  AuthGroupAccess.uid='1' and AuthGroup.status='1' ) [ RunTime:0.004664s ]
[ sql ] [ SQL ] SHOW COLUMNS FROM `wld_auth_rule` [ RunTime:0.014728s ]
[ sql ] [ SQL ] SELECT `condition`,`name` FROM `wld_auth_rule` WHERE  `id` IN (1,2,3,4,5,6,7,8,9,13,27,14,15,16,17,18,19,28,20,21,22,23,24,25,26,29,10,11,12,30)  AND `status` = 1 [ RunTime:0.000528s ]
---------------------------------------------------------------
[ 2019-07-30T12:28:04+08:00 ] 127.0.0.1 GET /make.php/index/main.html
[ info ] www.make.com/make.php/index/main.html [运行时间：0.158467s][吞吐率：6.31req/s] [内存消耗：2,115.77kb] [文件加载：52]
[ sql ] [ DB ] CONNECT:[ UseTime:0.011365s ] mysql:host=127.0.0.1;port=3306;dbname=tk_make;charset=utf8
[ sql ] [ SQL ] SHOW COLUMNS FROM `wld_auth_group_access` [ RunTime:0.014248s ]
[ sql ] [ SQL ] SELECT `AuthGroupAccess`.`uid`,`AuthGroupAccess`.`group_id`,`AuthGroup`.`title`,`AuthGroup`.`rules` FROM `wld_auth_group_access` `AuthGroupAccess` LEFT JOIN `wld_auth_group` `AuthGroup` ON `AuthGroupAccess`.`group_id`=`AuthGroup`.`id` WHERE  (  AuthGroupAccess.uid='1' and AuthGroup.status='1' ) [ RunTime:0.000745s ]
[ sql ] [ SQL ] SHOW COLUMNS FROM `wld_auth_rule` [ RunTime:0.016180s ]
[ sql ] [ SQL ] SELECT `condition`,`name` FROM `wld_auth_rule` WHERE  `id` IN (1,2,3,4,5,6,7,8,9,13,27,14,15,16,17,18,19,28,20,21,22,23,24,25,26,29,10,11,12,30)  AND `status` = 1 [ RunTime:0.000533s ]
[ sql ] [ SQL ] SHOW COLUMNS FROM `wld_member` [ RunTime:0.019837s ]
[ sql ] [ SQL ] SELECT COUNT(*) AS tp_count FROM `wld_member` LIMIT 1 [ RunTime:0.000732s ]
[ sql ] [ SQL ] SELECT COUNT(*) AS tp_count FROM `wld_member` WHERE  `member_class` = 1 LIMIT 1 [ RunTime:0.000261s ]
[ sql ] [ SQL ] SELECT COUNT(*) AS tp_count FROM `wld_member` WHERE  `member_class` = 2 LIMIT 1 [ RunTime:0.000225s ]
[ sql ] [ SQL ] SELECT COUNT(*) AS tp_count FROM `wld_member` WHERE  `member_class` = 3 LIMIT 1 [ RunTime:0.000229s ]
[ sql ] [ SQL ] SELECT COUNT(*) AS tp_count FROM `wld_member` WHERE  `member_class` = 4 LIMIT 1 [ RunTime:0.000228s ]
[ sql ] [ SQL ] SHOW COLUMNS FROM `wld_pay_log` [ RunTime:0.014405s ]
[ sql ] [ SQL ] SELECT SUM(money) AS tp_sum FROM `wld_pay_log` WHERE  `pay_status` = 2 LIMIT 1 [ RunTime:0.000338s ]
[ sql ] [ SQL ] SHOW COLUMNS FROM `wld_hire_log` [ RunTime:0.017161s ]
[ sql ] [ SQL ] SELECT SUM(hire_money) AS tp_sum FROM `wld_hire_log` WHERE  `is_check` = 1 LIMIT 1 [ RunTime:0.000488s ]
[ sql ] [ SQL ] SHOW COLUMNS FROM `wld_task` [ RunTime:0.013894s ]
[ sql ] [ SQL ] SELECT COUNT(*) AS tp_count FROM `wld_task` WHERE  `task_id` > 0 LIMIT 1 [ RunTime:0.000265s ]
---------------------------------------------------------------
[ 2019-07-30T12:28:07+08:00 ] 127.0.0.1 GET /make.php/Task/index.html
[ info ] www.make.com/make.php/Task/index.html [运行时间：0.093842s][吞吐率：10.66req/s] [内存消耗：2,422.93kb] [文件加载：56]
[ sql ] [ DB ] CONNECT:[ UseTime:0.010852s ] mysql:host=127.0.0.1;port=3306;dbname=tk_make;charset=utf8
[ sql ] [ SQL ] SHOW COLUMNS FROM `wld_auth_group_access` [ RunTime:0.009501s ]
[ sql ] [ SQL ] SELECT `AuthGroupAccess`.`uid`,`AuthGroupAccess`.`group_id`,`AuthGroup`.`title`,`AuthGroup`.`rules` FROM `wld_auth_group_access` `AuthGroupAccess` LEFT JOIN `wld_auth_group` `AuthGroup` ON `AuthGroupAccess`.`group_id`=`AuthGroup`.`id` WHERE  (  AuthGroupAccess.uid='1' and AuthGroup.status='1' ) [ RunTime:0.000419s ]
[ sql ] [ SQL ] SHOW COLUMNS FROM `wld_auth_rule` [ RunTime:0.009735s ]
[ sql ] [ SQL ] SELECT `condition`,`name` FROM `wld_auth_rule` WHERE  `id` IN (1,2,3,4,5,6,7,8,9,13,27,14,15,16,17,18,19,28,20,21,22,23,24,25,26,29,10,11,12,30)  AND `status` = 1 [ RunTime:0.000512s ]
[ sql ] [ SQL ] SHOW COLUMNS FROM `wld_task_classify` [ RunTime:0.011961s ]
[ sql ] [ SQL ] SELECT `task_cid`,`name` FROM `wld_task_classify` [ RunTime:0.000334s ]
---------------------------------------------------------------
[ 2019-07-30T12:28:08+08:00 ] 127.0.0.1 GET /make.php/task/getIndexData.html?startTime=&endTime=&keywords=&userLevel=0&cid=0&limit=15&pageIndex=1&_=1564460887919
[ info ] www.make.com/make.php/task/getIndexData.html?startTime=&endTime=&keywords=&userLevel=0&cid=0&limit=15&pageIndex=1&_=1564460887919 [运行时间：0.101933s][吞吐率：9.81req/s] [内存消耗：2,448.64kb] [文件加载：57]
[ sql ] [ DB ] CONNECT:[ UseTime:0.001328s ] mysql:host=127.0.0.1;port=3306;dbname=tk_make;charset=utf8
[ sql ] [ SQL ] SHOW COLUMNS FROM `wld_auth_group_access` [ RunTime:0.014762s ]
[ sql ] [ SQL ] SELECT `AuthGroupAccess`.`uid`,`AuthGroupAccess`.`group_id`,`AuthGroup`.`title`,`AuthGroup`.`rules` FROM `wld_auth_group_access` `AuthGroupAccess` LEFT JOIN `wld_auth_group` `AuthGroup` ON `AuthGroupAccess`.`group_id`=`AuthGroup`.`id` WHERE  (  AuthGroupAccess.uid='1' and AuthGroup.status='1' ) [ RunTime:0.000455s ]
[ sql ] [ SQL ] SHOW COLUMNS FROM `wld_auth_rule` [ RunTime:0.012065s ]
[ sql ] [ SQL ] SELECT `condition`,`name` FROM `wld_auth_rule` WHERE  `id` IN (1,2,3,4,5,6,7,8,9,13,27,14,15,16,17,18,19,28,20,21,22,23,24,25,26,29,10,11,12,30)  AND `status` = 1 [ RunTime:0.000455s ]
[ sql ] [ SQL ] SHOW COLUMNS FROM `wld_task` [ RunTime:0.012258s ]
[ sql ] [ SQL ] SELECT * FROM `wld_task` ORDER BY `task_id` DESC LIMIT 0,15 [ RunTime:0.000523s ]
[ sql ] [ SQL ] SHOW COLUMNS FROM `wld_task_classify` [ RunTime:0.012415s ]
[ sql ] [ SQL ] SELECT `task_cid`,`name` FROM `wld_task_classify` WHERE  `task_cid` IN (4,3,2) [ RunTime:0.000405s ]
[ sql ] [ SQL ] SELECT COUNT(*) AS tp_count FROM `wld_task` LIMIT 1 [ RunTime:0.000318s ]
---------------------------------------------------------------
[ 2019-07-30T12:28:14+08:00 ] 127.0.0.1 GET /make.php/Task/drawList.html
[ info ] www.make.com/make.php/Task/drawList.html [运行时间：0.101214s][吞吐率：9.88req/s] [内存消耗：2,423.50kb] [文件加载：56]
[ sql ] [ DB ] CONNECT:[ UseTime:0.010958s ] mysql:host=127.0.0.1;port=3306;dbname=tk_make;charset=utf8
[ sql ] [ SQL ] SHOW COLUMNS FROM `wld_auth_group_access` [ RunTime:0.018788s ]
[ sql ] [ SQL ] SELECT `AuthGroupAccess`.`uid`,`AuthGroupAccess`.`group_id`,`AuthGroup`.`title`,`AuthGroup`.`rules` FROM `wld_auth_group_access` `AuthGroupAccess` LEFT JOIN `wld_auth_group` `AuthGroup` ON `AuthGroupAccess`.`group_id`=`AuthGroup`.`id` WHERE  (  AuthGroupAccess.uid='1' and AuthGroup.status='1' ) [ RunTime:0.000483s ]
[ sql ] [ SQL ] SHOW COLUMNS FROM `wld_auth_rule` [ RunTime:0.009622s ]
[ sql ] [ SQL ] SELECT `condition`,`name` FROM `wld_auth_rule` WHERE  `id` IN (1,2,3,4,5,6,7,8,9,13,27,14,15,16,17,18,19,28,20,21,22,23,24,25,26,29,10,11,12,30)  AND `status` = 1 [ RunTime:0.000390s ]
[ sql ] [ SQL ] SHOW COLUMNS FROM `wld_task_classify` [ RunTime:0.010349s ]
[ sql ] [ SQL ] SELECT `task_cid`,`name` FROM `wld_task_classify` [ RunTime:0.000372s ]
---------------------------------------------------------------
[ 2019-07-30T12:28:14+08:00 ] 127.0.0.1 GET /make.php/task/getDrawListData.html?startTime=&endTime=&keywords=&userLevel=0&cid=0&check_status=9&limit=15&pageIndex=1&_=1564460894658
[ info ] www.make.com/make.php/task/getDrawListData.html?startTime=&endTime=&keywords=&userLevel=0&cid=0&check_status=9&limit=15&pageIndex=1&_=1564460894658 [运行时间：0.116773s][吞吐率：8.56req/s] [内存消耗：2,417.96kb] [文件加载：55]
[ sql ] [ DB ] CONNECT:[ UseTime:0.012761s ] mysql:host=127.0.0.1;port=3306;dbname=tk_make;charset=utf8
[ sql ] [ SQL ] SHOW COLUMNS FROM `wld_auth_group_access` [ RunTime:0.011063s ]
[ sql ] [ SQL ] SELECT `AuthGroupAccess`.`uid`,`AuthGroupAccess`.`group_id`,`AuthGroup`.`title`,`AuthGroup`.`rules` FROM `wld_auth_group_access` `AuthGroupAccess` LEFT JOIN `wld_auth_group` `AuthGroup` ON `AuthGroupAccess`.`group_id`=`AuthGroup`.`id` WHERE  (  AuthGroupAccess.uid='1' and AuthGroup.status='1' ) [ RunTime:0.000438s ]
[ sql ] [ SQL ] SHOW COLUMNS FROM `wld_auth_rule` [ RunTime:0.011259s ]
[ sql ] [ SQL ] SELECT `condition`,`name` FROM `wld_auth_rule` WHERE  `id` IN (1,2,3,4,5,6,7,8,9,13,27,14,15,16,17,18,19,28,20,21,22,23,24,25,26,29,10,11,12,30)  AND `status` = 1 [ RunTime:0.000408s ]
[ sql ] [ SQL ] SHOW COLUMNS FROM `wld_send_task_log` [ RunTime:0.016838s ]
[ sql ] [ SQL ] SELECT * FROM `wld_send_task_log` WHERE  `is_check` IN (1,2,3) ORDER BY `sub_time` DESC LIMIT 0,15 [ RunTime:0.001442s ]
[ sql ] [ SQL ] SHOW COLUMNS FROM `wld_task_classify` [ RunTime:0.011475s ]
[ sql ] [ SQL ] SELECT `task_cid`,`name` FROM `wld_task_classify` WHERE  `task_cid` IN (3,2) [ RunTime:0.000246s ]
[ sql ] [ SQL ] SHOW COLUMNS FROM `wld_member` [ RunTime:0.009623s ]
[ sql ] [ SQL ] SELECT `uid`,`phone` FROM `wld_member` WHERE  `uid` IN (83,80,187) [ RunTime:0.000247s ]
[ sql ] [ SQL ] SELECT COUNT(*) AS tp_count FROM `wld_send_task_log` WHERE  `is_check` IN (1,2,3) LIMIT 1 [ RunTime:0.000496s ]
---------------------------------------------------------------
[ 2019-07-30T12:28:17+08:00 ] 127.0.0.1 GET /make.php/Task/index.html
[ info ] www.make.com/make.php/Task/index.html [运行时间：0.086911s][吞吐率：11.51req/s] [内存消耗：2,422.93kb] [文件加载：56]
[ sql ] [ DB ] CONNECT:[ UseTime:0.011181s ] mysql:host=127.0.0.1;port=3306;dbname=tk_make;charset=utf8
[ sql ] [ SQL ] SHOW COLUMNS FROM `wld_auth_group_access` [ RunTime:0.019046s ]
[ sql ] [ SQL ] SELECT `AuthGroupAccess`.`uid`,`AuthGroupAccess`.`group_id`,`AuthGroup`.`title`,`AuthGroup`.`rules` FROM `wld_auth_group_access` `AuthGroupAccess` LEFT JOIN `wld_auth_group` `AuthGroup` ON `AuthGroupAccess`.`group_id`=`AuthGroup`.`id` WHERE  (  AuthGroupAccess.uid='1' and AuthGroup.status='1' ) [ RunTime:0.000325s ]
[ sql ] [ SQL ] SHOW COLUMNS FROM `wld_auth_rule` [ RunTime:0.009900s ]
[ sql ] [ SQL ] SELECT `condition`,`name` FROM `wld_auth_rule` WHERE  `id` IN (1,2,3,4,5,6,7,8,9,13,27,14,15,16,17,18,19,28,20,21,22,23,24,25,26,29,10,11,12,30)  AND `status` = 1 [ RunTime:0.000372s ]
[ sql ] [ SQL ] SHOW COLUMNS FROM `wld_task_classify` [ RunTime:0.009519s ]
[ sql ] [ SQL ] SELECT `task_cid`,`name` FROM `wld_task_classify` [ RunTime:0.000398s ]
---------------------------------------------------------------
[ 2019-07-30T12:28:17+08:00 ] 127.0.0.1 GET /make.php/task/getIndexData.html?startTime=&endTime=&keywords=&userLevel=0&cid=0&limit=15&pageIndex=1&_=1564460897650
[ info ] www.make.com/make.php/task/getIndexData.html?startTime=&endTime=&keywords=&userLevel=0&cid=0&limit=15&pageIndex=1&_=1564460897650 [运行时间：0.099826s][吞吐率：10.02req/s] [内存消耗：2,448.64kb] [文件加载：57]
[ sql ] [ DB ] CONNECT:[ UseTime:0.011929s ] mysql:host=127.0.0.1;port=3306;dbname=tk_make;charset=utf8
[ sql ] [ SQL ] SHOW COLUMNS FROM `wld_auth_group_access` [ RunTime:0.009853s ]
[ sql ] [ SQL ] SELECT `AuthGroupAccess`.`uid`,`AuthGroupAccess`.`group_id`,`AuthGroup`.`title`,`AuthGroup`.`rules` FROM `wld_auth_group_access` `AuthGroupAccess` LEFT JOIN `wld_auth_group` `AuthGroup` ON `AuthGroupAccess`.`group_id`=`AuthGroup`.`id` WHERE  (  AuthGroupAccess.uid='1' and AuthGroup.status='1' ) [ RunTime:0.000372s ]
[ sql ] [ SQL ] SHOW COLUMNS FROM `wld_auth_rule` [ RunTime:0.011618s ]
[ sql ] [ SQL ] SELECT `condition`,`name` FROM `wld_auth_rule` WHERE  `id` IN (1,2,3,4,5,6,7,8,9,13,27,14,15,16,17,18,19,28,20,21,22,23,24,25,26,29,10,11,12,30)  AND `status` = 1 [ RunTime:0.000550s ]
[ sql ] [ SQL ] SHOW COLUMNS FROM `wld_task` [ RunTime:0.012820s ]
[ sql ] [ SQL ] SELECT * FROM `wld_task` ORDER BY `task_id` DESC LIMIT 0,15 [ RunTime:0.000484s ]
[ sql ] [ SQL ] SHOW COLUMNS FROM `wld_task_classify` [ RunTime:0.011383s ]
[ sql ] [ SQL ] SELECT `task_cid`,`name` FROM `wld_task_classify` WHERE  `task_cid` IN (4,3,2) [ RunTime:0.000323s ]
[ sql ] [ SQL ] SELECT COUNT(*) AS tp_count FROM `wld_task` LIMIT 1 [ RunTime:0.000332s ]
---------------------------------------------------------------
[ 2019-07-30T15:58:28+08:00 ] 127.0.0.1 GET /make.php
[ info ] www.make.com/make.php [运行时间：0.073793s][吞吐率：13.55req/s] [内存消耗：2,134.07kb] [文件加载：52]
[ sql ] [ DB ] CONNECT:[ UseTime:0.003088s ] mysql:host=127.0.0.1;port=3306;dbname=tk_make;charset=utf8
[ sql ] [ SQL ] SHOW COLUMNS FROM `wld_auth_group_access` [ RunTime:0.011434s ]
[ sql ] [ SQL ] SELECT `AuthGroupAccess`.`uid`,`AuthGroupAccess`.`group_id`,`AuthGroup`.`title`,`AuthGroup`.`rules` FROM `wld_auth_group_access` `AuthGroupAccess` LEFT JOIN `wld_auth_group` `AuthGroup` ON `AuthGroupAccess`.`group_id`=`AuthGroup`.`id` WHERE  (  AuthGroupAccess.uid='1' and AuthGroup.status='1' ) [ RunTime:0.001191s ]
[ sql ] [ SQL ] SHOW COLUMNS FROM `wld_auth_rule` [ RunTime:0.010592s ]
[ sql ] [ SQL ] SELECT `condition`,`name` FROM `wld_auth_rule` WHERE  `id` IN (1,2,3,4,5,6,7,8,9,13,27,14,15,16,17,18,19,28,20,21,22,23,24,25,26,29,10,11,12,30)  AND `status` = 1 [ RunTime:0.000454s ]
---------------------------------------------------------------
[ 2019-07-30T16:32:52+08:00 ] 127.0.0.1 GET /api.php/login/register
[ info ] www.make.com/api.php/login/register [运行时间：0.057768s][吞吐率：17.31req/s] [内存消耗：1,569.66kb] [文件加载：51]
[ error ] [8]未定义变量: invite_code[C:\php\PHPTutorial\WWW\object\diandong\home\wwwroot\make\runtime\temp\d56582a0a49de9ca7930a89b50eae74d.php:81]
---------------------------------------------------------------
[ 2019-07-30T17:06:40+08:00 ] 127.0.0.1 GET /api.php/login/registration
[ info ] www.make.com/api.php/login/registration [运行时间：0.061894s][吞吐率：16.16req/s] [内存消耗：1,443.97kb] [文件加载：49]
[ error ] [8]未定义变量: invite_code[C:\php\PHPTutorial\WWW\object\diandong\home\wwwroot\make\runtime\temp\d56582a0a49de9ca7930a89b50eae74d.php:81]
---------------------------------------------------------------
[ 2019-07-30T17:17:05+08:00 ] 127.0.0.1 GET /api.php/login/register
[ info ] www.make.com/api.php/login/register [运行时间：0.039749s][吞吐率：25.16req/s] [内存消耗：1,134.56kb] [文件加载：38]
[ error ] [0]语法解析错误: syntax error, unexpected 'else' (T_ELSE)[C:\php\PHPTutorial\WWW\object\diandong\home\wwwroot\make\application\api\controller\Login.php:92]
---------------------------------------------------------------
[ 2019-07-30T21:20:43+08:00 ] 127.0.0.1 GET /make.php
[ info ] www.make.com/make.php [运行时间：0.100325s][吞吐率：9.97req/s] [内存消耗：2,134.07kb] [文件加载：52]
[ sql ] [ DB ] CONNECT:[ UseTime:0.013502s ] mysql:host=127.0.0.1;port=3306;dbname=tk_make;charset=utf8
[ sql ] [ SQL ] SHOW COLUMNS FROM `wld_auth_group_access` [ RunTime:0.010806s ]
[ sql ] [ SQL ] SELECT `AuthGroupAccess`.`uid`,`AuthGroupAccess`.`group_id`,`AuthGroup`.`title`,`AuthGroup`.`rules` FROM `wld_auth_group_access` `AuthGroupAccess` LEFT JOIN `wld_auth_group` `AuthGroup` ON `AuthGroupAccess`.`group_id`=`AuthGroup`.`id` WHERE  (  AuthGroupAccess.uid='1' and AuthGroup.status='1' ) [ RunTime:0.000982s ]
[ sql ] [ SQL ] SHOW COLUMNS FROM `wld_auth_rule` [ RunTime:0.010718s ]
[ sql ] [ SQL ] SELECT `condition`,`name` FROM `wld_auth_rule` WHERE  `id` IN (1,2,3,4,5,6,7,8,9,13,27,14,15,16,17,18,19,28,20,21,22,23,24,25,26,29,10,11,12,30)  AND `status` = 1 [ RunTime:0.000424s ]
---------------------------------------------------------------
[ 2019-07-30T21:20:44+08:00 ] 127.0.0.1 GET /make.php
[ info ] www.make.com/make.php [运行时间：0.079654s][吞吐率：12.55req/s] [内存消耗：2,133.55kb] [文件加载：52]
[ sql ] [ DB ] CONNECT:[ UseTime:0.001390s ] mysql:host=127.0.0.1;port=3306;dbname=tk_make;charset=utf8
[ sql ] [ SQL ] SHOW COLUMNS FROM `wld_auth_group_access` [ RunTime:0.014041s ]
[ sql ] [ SQL ] SELECT `AuthGroupAccess`.`uid`,`AuthGroupAccess`.`group_id`,`AuthGroup`.`title`,`AuthGroup`.`rules` FROM `wld_auth_group_access` `AuthGroupAccess` LEFT JOIN `wld_auth_group` `AuthGroup` ON `AuthGroupAccess`.`group_id`=`AuthGroup`.`id` WHERE  (  AuthGroupAccess.uid='1' and AuthGroup.status='1' ) [ RunTime:0.000455s ]
[ sql ] [ SQL ] SHOW COLUMNS FROM `wld_auth_rule` [ RunTime:0.015541s ]
[ sql ] [ SQL ] SELECT `condition`,`name` FROM `wld_auth_rule` WHERE  `id` IN (1,2,3,4,5,6,7,8,9,13,27,14,15,16,17,18,19,28,20,21,22,23,24,25,26,29,10,11,12,30)  AND `status` = 1 [ RunTime:0.000417s ]
---------------------------------------------------------------
[ 2019-07-30T21:20:45+08:00 ] 127.0.0.1 GET /make.php/index/main.html
[ info ] www.make.com/make.php/index/main.html [运行时间：0.133632s][吞吐率：7.48req/s] [内存消耗：2,115.74kb] [文件加载：52]
[ sql ] [ DB ] CONNECT:[ UseTime:0.000962s ] mysql:host=127.0.0.1;port=3306;dbname=tk_make;charset=utf8
[ sql ] [ SQL ] SHOW COLUMNS FROM `wld_auth_group_access` [ RunTime:0.009906s ]
[ sql ] [ SQL ] SELECT `AuthGroupAccess`.`uid`,`AuthGroupAccess`.`group_id`,`AuthGroup`.`title`,`AuthGroup`.`rules` FROM `wld_auth_group_access` `AuthGroupAccess` LEFT JOIN `wld_auth_group` `AuthGroup` ON `AuthGroupAccess`.`group_id`=`AuthGroup`.`id` WHERE  (  AuthGroupAccess.uid='1' and AuthGroup.status='1' ) [ RunTime:0.000311s ]
[ sql ] [ SQL ] SHOW COLUMNS FROM `wld_auth_rule` [ RunTime:0.013307s ]
[ sql ] [ SQL ] SELECT `condition`,`name` FROM `wld_auth_rule` WHERE  `id` IN (1,2,3,4,5,6,7,8,9,13,27,14,15,16,17,18,19,28,20,21,22,23,24,25,26,29,10,11,12,30)  AND `status` = 1 [ RunTime:0.000356s ]
[ sql ] [ SQL ] SHOW COLUMNS FROM `wld_member` [ RunTime:0.016036s ]
[ sql ] [ SQL ] SELECT COUNT(*) AS tp_count FROM `wld_member` LIMIT 1 [ RunTime:0.000254s ]
[ sql ] [ SQL ] SELECT COUNT(*) AS tp_count FROM `wld_member` WHERE  `member_class` = 1 LIMIT 1 [ RunTime:0.000285s ]
[ sql ] [ SQL ] SELECT COUNT(*) AS tp_count FROM `wld_member` WHERE  `member_class` = 2 LIMIT 1 [ RunTime:0.000212s ]
[ sql ] [ SQL ] SELECT COUNT(*) AS tp_count FROM `wld_member` WHERE  `member_class` = 3 LIMIT 1 [ RunTime:0.000183s ]
[ sql ] [ SQL ] SELECT COUNT(*) AS tp_count FROM `wld_member` WHERE  `member_class` = 4 LIMIT 1 [ RunTime:0.000213s ]
[ sql ] [ SQL ] SHOW COLUMNS FROM `wld_pay_log` [ RunTime:0.014487s ]
[ sql ] [ SQL ] SELECT SUM(money) AS tp_sum FROM `wld_pay_log` WHERE  `pay_status` = 2 LIMIT 1 [ RunTime:0.000347s ]
[ sql ] [ SQL ] SHOW COLUMNS FROM `wld_hire_log` [ RunTime:0.014585s ]
[ sql ] [ SQL ] SELECT SUM(hire_money) AS tp_sum FROM `wld_hire_log` WHERE  `is_check` = 1 LIMIT 1 [ RunTime:0.000625s ]
[ sql ] [ SQL ] SHOW COLUMNS FROM `wld_task` [ RunTime:0.018930s ]
[ sql ] [ SQL ] SELECT COUNT(*) AS tp_count FROM `wld_task` WHERE  `task_id` > 0 LIMIT 1 [ RunTime:0.000287s ]
---------------------------------------------------------------
[ 2019-07-30T21:20:50+08:00 ] 127.0.0.1 GET /make.php/Task/index.html
[ info ] www.make.com/make.php/Task/index.html [运行时间：0.095965s][吞吐率：10.42req/s] [内存消耗：2,422.91kb] [文件加载：56]
[ sql ] [ DB ] CONNECT:[ UseTime:0.010866s ] mysql:host=127.0.0.1;port=3306;dbname=tk_make;charset=utf8
[ sql ] [ SQL ] SHOW COLUMNS FROM `wld_auth_group_access` [ RunTime:0.009840s ]
[ sql ] [ SQL ] SELECT `AuthGroupAccess`.`uid`,`AuthGroupAccess`.`group_id`,`AuthGroup`.`title`,`AuthGroup`.`rules` FROM `wld_auth_group_access` `AuthGroupAccess` LEFT JOIN `wld_auth_group` `AuthGroup` ON `AuthGroupAccess`.`group_id`=`AuthGroup`.`id` WHERE  (  AuthGroupAccess.uid='1' and AuthGroup.status='1' ) [ RunTime:0.000385s ]
[ sql ] [ SQL ] SHOW COLUMNS FROM `wld_auth_rule` [ RunTime:0.010030s ]
[ sql ] [ SQL ] SELECT `condition`,`name` FROM `wld_auth_rule` WHERE  `id` IN (1,2,3,4,5,6,7,8,9,13,27,14,15,16,17,18,19,28,20,21,22,23,24,25,26,29,10,11,12,30)  AND `status` = 1 [ RunTime:0.000414s ]
[ sql ] [ SQL ] SHOW COLUMNS FROM `wld_task_classify` [ RunTime:0.010379s ]
[ sql ] [ SQL ] SELECT `task_cid`,`name` FROM `wld_task_classify` [ RunTime:0.000297s ]
---------------------------------------------------------------
[ 2019-07-30T21:20:50+08:00 ] 127.0.0.1 GET /make.php/task/getIndexData.html?startTime=&endTime=&keywords=&userLevel=0&cid=0&limit=15&pageIndex=1&_=1564492850704
[ info ] www.make.com/make.php/task/getIndexData.html?startTime=&endTime=&keywords=&userLevel=0&cid=0&limit=15&pageIndex=1&_=1564492850704 [运行时间：0.107569s][吞吐率：9.30req/s] [内存消耗：2,448.64kb] [文件加载：57]
[ sql ] [ DB ] CONNECT:[ UseTime:0.010197s ] mysql:host=127.0.0.1;port=3306;dbname=tk_make;charset=utf8
[ sql ] [ SQL ] SHOW COLUMNS FROM `wld_auth_group_access` [ RunTime:0.012907s ]
[ sql ] [ SQL ] SELECT `AuthGroupAccess`.`uid`,`AuthGroupAccess`.`group_id`,`AuthGroup`.`title`,`AuthGroup`.`rules` FROM `wld_auth_group_access` `AuthGroupAccess` LEFT JOIN `wld_auth_group` `AuthGroup` ON `AuthGroupAccess`.`group_id`=`AuthGroup`.`id` WHERE  (  AuthGroupAccess.uid='1' and AuthGroup.status='1' ) [ RunTime:0.001026s ]
[ sql ] [ SQL ] SHOW COLUMNS FROM `wld_auth_rule` [ RunTime:0.010270s ]
[ sql ] [ SQL ] SELECT `condition`,`name` FROM `wld_auth_rule` WHERE  `id` IN (1,2,3,4,5,6,7,8,9,13,27,14,15,16,17,18,19,28,20,21,22,23,24,25,26,29,10,11,12,30)  AND `status` = 1 [ RunTime:0.000453s ]
[ sql ] [ SQL ] SHOW COLUMNS FROM `wld_task` [ RunTime:0.012196s ]
[ sql ] [ SQL ] SELECT * FROM `wld_task` ORDER BY `task_id` DESC LIMIT 0,15 [ RunTime:0.000548s ]
[ sql ] [ SQL ] SHOW COLUMNS FROM `wld_task_classify` [ RunTime:0.010295s ]
[ sql ] [ SQL ] SELECT `task_cid`,`name` FROM `wld_task_classify` WHERE  `task_cid` IN (4,3,2) [ RunTime:0.000238s ]
[ sql ] [ SQL ] SELECT COUNT(*) AS tp_count FROM `wld_task` LIMIT 1 [ RunTime:0.000260s ]
---------------------------------------------------------------
[ 2019-07-30T21:20:56+08:00 ] 127.0.0.1 GET /make.php/task/add.html
[ info ] www.make.com/make.php/task/add.html [运行时间：0.076944s][吞吐率：13.00req/s] [内存消耗：2,447.88kb] [文件加载：56]
[ sql ] [ DB ] CONNECT:[ UseTime:0.001582s ] mysql:host=127.0.0.1;port=3306;dbname=tk_make;charset=utf8
[ sql ] [ SQL ] SHOW COLUMNS FROM `wld_auth_group_access` [ RunTime:0.010896s ]
[ sql ] [ SQL ] SELECT `AuthGroupAccess`.`uid`,`AuthGroupAccess`.`group_id`,`AuthGroup`.`title`,`AuthGroup`.`rules` FROM `wld_auth_group_access` `AuthGroupAccess` LEFT JOIN `wld_auth_group` `AuthGroup` ON `AuthGroupAccess`.`group_id`=`AuthGroup`.`id` WHERE  (  AuthGroupAccess.uid='1' and AuthGroup.status='1' ) [ RunTime:0.000401s ]
[ sql ] [ SQL ] SHOW COLUMNS FROM `wld_auth_rule` [ RunTime:0.009913s ]
[ sql ] [ SQL ] SELECT `condition`,`name` FROM `wld_auth_rule` WHERE  `id` IN (1,2,3,4,5,6,7,8,9,13,27,14,15,16,17,18,19,28,20,21,22,23,24,25,26,29,10,11,12,30)  AND `status` = 1 [ RunTime:0.000360s ]
[ sql ] [ SQL ] SHOW COLUMNS FROM `wld_task_classify` [ RunTime:0.010055s ]
[ sql ] [ SQL ] SELECT `task_cid`,`name` FROM `wld_task_classify` [ RunTime:0.000299s ]
---------------------------------------------------------------
[ 2019-07-30T22:11:28+08:00 ] 127.0.0.1 GET /api.php/login/register
[ info ] www.make.com/api.php/login/register [运行时间：0.070211s][吞吐率：14.24req/s] [内存消耗：2,182.34kb] [文件加载：53]
[ sql ] [ DB ] CONNECT:[ UseTime:0.001823s ] mysql:host=127.0.0.1;port=3306;dbname=tk_make;charset=utf8
[ sql ] [ SQL ] SHOW COLUMNS FROM `wld_member` [ RunTime:0.024825s ]
[ sql ] [ SQL ] SELECT `uid` FROM `wld_member` WHERE  `phone` = '18986338986' LIMIT 1 [ RunTime:0.000528s ]
---------------------------------------------------------------
[ 2019-07-30T22:11:43+08:00 ] 127.0.0.1 GET /api.php/login/register
[ info ] www.make.com/api.php/login/register [运行时间：0.087755s][吞吐率：11.40req/s] [内存消耗：2,451.61kb] [文件加载：58]
[ sql ] [ DB ] CONNECT:[ UseTime:0.011100s ] mysql:host=127.0.0.1;port=3306;dbname=tk_make;charset=utf8
[ sql ] [ SQL ] SHOW COLUMNS FROM `wld_member` [ RunTime:0.020842s ]
[ sql ] [ SQL ] SELECT * FROM `wld_member` WHERE  `phone` = '17610619619' LIMIT 1 [ RunTime:0.000494s ]
---------------------------------------------------------------
[ 2019-07-30T22:13:47+08:00 ] 127.0.0.1 GET /api.php/login/register
[ info ] www.make.com/api.php/login/register [运行时间：0.087421s][吞吐率：11.44req/s] [内存消耗：2,499.00kb] [文件加载：59]
[ sql ] [ DB ] CONNECT:[ UseTime:0.011935s ] mysql:host=127.0.0.1;port=3306;dbname=tk_make;charset=utf8
[ sql ] [ SQL ] SHOW COLUMNS FROM `wld_member` [ RunTime:0.011294s ]
[ sql ] [ SQL ] SELECT * FROM `wld_member` WHERE  `phone` = '17610619619' LIMIT 1 [ RunTime:0.000331s ]
[ sql ] [ SQL ] INSERT INTO `wld_member` (`phone` , `password` , `invite_uid` , `member_class` , `add_time`) VALUES ('17610619619' , '57dc47bf42980dca5109eb9e65e23323' , '0' , 1 , '2019-07-30 22:13:47') [ RunTime:0.001305s ]
[ sql ] [ SQL ] SELECT `uid`,`parent_level_1`,`parent_level_2`,`parent_level_3`,`member_class` FROM `wld_member` WHERE  `uid` = 0 LIMIT 1 [ RunTime:0.000446s ]
