array (
  'r1_MerchantNo' => '888105000002522',
  'r2_OrderNo' => '2018121197545255',
  'r3_Amount' => '200.00',
  'r4_Cur' => '1',
  'r5_Mp' => '',
  'r6_Status' => '101',
  'r7_TrxNo' => '1211110827000641',
  'r8_BankOrderNo' => '1211110827000641',
  'r9_BankTrxNo' => 'null ',
  'ra_PayTime' => '',
  'rb_DealTime' => '2018-12-12+18%3A10%3A06',
  'rc_BankCode' => 'CMBCHINA',
  'rd_ErrCode' => 'CS000006',
  're_ErrMsg' => '%E9%93%B6%E8%A1%8C%E8%BF%9E%E6%8E%A5%E8%B6%85%E6%97%B6%EF%BC%8C%E8%AF%B7%E7%A8%8D%E5%90%8E%E5%86%8D%E8%AF%95',
  'hmac' => '34dabbc7eb86c8e5803ba677c94a86f0',
  'send_time' => '2018-12-12 18:10:08',
)

array (
  'r1_MerchantNo' => '888105000002522',
  'r2_OrderNo' => '2018121197545255',
  'r3_Amount' => '200.00',
  'r4_Cur' => '1',
  'r5_Mp' => '',
  'r6_Status' => '101',
  'r7_TrxNo' => '1211110827000641',
  'r8_BankOrderNo' => '1211110827000641',
  'r9_BankTrxNo' => 'null ',
  'ra_PayTime' => '',
  'rb_DealTime' => '2018-12-12+18%3A10%3A06',
  'rc_BankCode' => 'CMBCHINA',
  'rd_ErrCode' => 'CS000006',
  're_ErrMsg' => '%E9%93%B6%E8%A1%8C%E8%BF%9E%E6%8E%A5%E8%B6%85%E6%97%B6%EF%BC%8C%E8%AF%B7%E7%A8%8D%E5%90%8E%E5%86%8D%E8%AF%95',
  'hmac' => '34dabbc7eb86c8e5803ba677c94a86f0',
  'send_time' => '2018-12-12 18:10:22',
)

array (
  'r1_MerchantNo' => '888105000002522',
  'r2_OrderNo' => '2018121149539952',
  'r3_Amount' => '200.00',
  'r4_Cur' => '1',
  'r5_Mp' => '',
  'r6_Status' => '101',
  'r7_TrxNo' => '1211152001354054',
  'r8_BankOrderNo' => '1211152001354054',
  'r9_BankTrxNo' => 'null ',
  'ra_PayTime' => '',
  'rb_DealTime' => '2018-12-12+18%3A11%3A00',
  'rc_BankCode' => 'CMBCHINA',
  'rd_ErrCode' => 'CS000006',
  're_ErrMsg' => '%E9%93%B6%E8%A1%8C%E8%BF%9E%E6%8E%A5%E8%B6%85%E6%97%B6%EF%BC%8C%E8%AF%B7%E7%A8%8D%E5%90%8E%E5%86%8D%E8%AF%95',
  'hmac' => '45eedaa9c0b3e295c9e941ed0d449c2c',
  'send_time' => '2018-12-12 18:11:01',
)

array (
  'r1_MerchantNo' => '888105000002522',
  'r2_OrderNo' => '2018121157101491',
  'r3_Amount' => '1000.00',
  'r4_Cur' => '1',
  'r5_Mp' => '',
  'r6_Status' => '101',
  'r7_TrxNo' => '1211151954353941',
  'r8_BankOrderNo' => '1211151954353941',
  'r9_BankTrxNo' => 'null ',
  'ra_PayTime' => '',
  'rb_DealTime' => '2018-12-12+18%3A11%3A00',
  'rc_BankCode' => 'CMBCHINA',
  'rd_ErrCode' => 'CS000006',
  're_ErrMsg' => '%E9%93%B6%E8%A1%8C%E8%BF%9E%E6%8E%A5%E8%B6%85%E6%97%B6%EF%BC%8C%E8%AF%B7%E7%A8%8D%E5%90%8E%E5%86%8D%E8%AF%95',
  'hmac' => 'abd099f60b4f1e12056f7c8fe380cba5',
  'send_time' => '2018-12-12 18:11:01',
)

array (
  'r1_MerchantNo' => '888105000002522',
  'r2_OrderNo' => '2018121151495557',
  'r3_Amount' => '200.00',
  'r4_Cur' => '1',
  'r5_Mp' => '',
  'r6_Status' => '101',
  'r7_TrxNo' => '1211151932353503',
  'r8_BankOrderNo' => '1211151932353503',
  'r9_BankTrxNo' => 'null ',
  'ra_PayTime' => '',
  'rb_DealTime' => '2018-12-12+18%3A11%3A00',
  'rc_BankCode' => 'CMBCHINA',
  'rd_ErrCode' => 'CS000006',
  're_ErrMsg' => '%E9%93%B6%E8%A1%8C%E8%BF%9E%E6%8E%A5%E8%B6%85%E6%97%B6%EF%BC%8C%E8%AF%B7%E7%A8%8D%E5%90%8E%E5%86%8D%E8%AF%95',
  'hmac' => 'fa9eabd10253db6c5aecacdffa3147f2',
  'send_time' => '2018-12-12 18:11:01',
)

array (
  'r1_MerchantNo' => '888105000002522',
  'r2_OrderNo' => '2018121149539952',
  'r3_Amount' => '200.00',
  'r4_Cur' => '1',
  'r5_Mp' => '',
  'r6_Status' => '101',
  'r7_TrxNo' => '1211152001354054',
  'r8_BankOrderNo' => '1211152001354054',
  'r9_BankTrxNo' => 'null ',
  'ra_PayTime' => '',
  'rb_DealTime' => '2018-12-12+18%3A11%3A00',
  'rc_BankCode' => 'CMBCHINA',
  'rd_ErrCode' => 'CS000006',
  're_ErrMsg' => '%E9%93%B6%E8%A1%8C%E8%BF%9E%E6%8E%A5%E8%B6%85%E6%97%B6%EF%BC%8C%E8%AF%B7%E7%A8%8D%E5%90%8E%E5%86%8D%E8%AF%95',
  'hmac' => '45eedaa9c0b3e295c9e941ed0d449c2c',
  'send_time' => '2018-12-12 18:11:16',
)

array (
  'r1_MerchantNo' => '888105000002522',
  'r2_OrderNo' => '2018121157101491',
  'r3_Amount' => '1000.00',
  'r4_Cur' => '1',
  'r5_Mp' => '',
  'r6_Status' => '101',
  'r7_TrxNo' => '1211151954353941',
  'r8_BankOrderNo' => '1211151954353941',
  'r9_BankTrxNo' => 'null ',
  'ra_PayTime' => '',
  'rb_DealTime' => '2018-12-12+18%3A11%3A00',
  'rc_BankCode' => 'CMBCHINA',
  'rd_ErrCode' => 'CS000006',
  're_ErrMsg' => '%E9%93%B6%E8%A1%8C%E8%BF%9E%E6%8E%A5%E8%B6%85%E6%97%B6%EF%BC%8C%E8%AF%B7%E7%A8%8D%E5%90%8E%E5%86%8D%E8%AF%95',
  'hmac' => 'abd099f60b4f1e12056f7c8fe380cba5',
  'send_time' => '2018-12-12 18:11:16',
)

array (
  'r1_MerchantNo' => '888105000002522',
  'r2_OrderNo' => '2018121151495557',
  'r3_Amount' => '200.00',
  'r4_Cur' => '1',
  'r5_Mp' => '',
  'r6_Status' => '101',
  'r7_TrxNo' => '1211151932353503',
  'r8_BankOrderNo' => '1211151932353503',
  'r9_BankTrxNo' => 'null ',
  'ra_PayTime' => '',
  'rb_DealTime' => '2018-12-12+18%3A11%3A00',
  'rc_BankCode' => 'CMBCHINA',
  'rd_ErrCode' => 'CS000006',
  're_ErrMsg' => '%E9%93%B6%E8%A1%8C%E8%BF%9E%E6%8E%A5%E8%B6%85%E6%97%B6%EF%BC%8C%E8%AF%B7%E7%A8%8D%E5%90%8E%E5%86%8D%E8%AF%95',
  'hmac' => 'fa9eabd10253db6c5aecacdffa3147f2',
  'send_time' => '2018-12-12 18:11:16',
)

array (
  'r1_MerchantNo' => '888105000002522',
  'r2_OrderNo' => '2018121197545255',
  'r3_Amount' => '200.00',
  'r4_Cur' => '1',
  'r5_Mp' => '',
  'r6_Status' => '101',
  'r7_TrxNo' => '1211110827000641',
  'r8_BankOrderNo' => '1211110827000641',
  'r9_BankTrxNo' => 'null ',
  'ra_PayTime' => '',
  'rb_DealTime' => '2018-12-12+18%3A10%3A06',
  'rc_BankCode' => 'CMBCHINA',
  'rd_ErrCode' => 'CS000006',
  're_ErrMsg' => '%E9%93%B6%E8%A1%8C%E8%BF%9E%E6%8E%A5%E8%B6%85%E6%97%B6%EF%BC%8C%E8%AF%B7%E7%A8%8D%E5%90%8E%E5%86%8D%E8%AF%95',
  'hmac' => '34dabbc7eb86c8e5803ba677c94a86f0',
  'send_time' => '2018-12-12 18:11:22',
)

array (
  'r1_MerchantNo' => '888105000002522',
  'r2_OrderNo' => '2018121149539952',
  'r3_Amount' => '200.00',
  'r4_Cur' => '1',
  'r5_Mp' => '',
  'r6_Status' => '101',
  'r7_TrxNo' => '1211152001354054',
  'r8_BankOrderNo' => '1211152001354054',
  'r9_BankTrxNo' => 'null ',
  'ra_PayTime' => '',
  'rb_DealTime' => '2018-12-12+18%3A11%3A00',
  'rc_BankCode' => 'CMBCHINA',
  'rd_ErrCode' => 'CS000006',
  're_ErrMsg' => '%E9%93%B6%E8%A1%8C%E8%BF%9E%E6%8E%A5%E8%B6%85%E6%97%B6%EF%BC%8C%E8%AF%B7%E7%A8%8D%E5%90%8E%E5%86%8D%E8%AF%95',
  'hmac' => '45eedaa9c0b3e295c9e941ed0d449c2c',
  'send_time' => '2018-12-12 18:12:16',
)

array (
  'r1_MerchantNo' => '888105000002522',
  'r2_OrderNo' => '2018121157101491',
  'r3_Amount' => '1000.00',
  'r4_Cur' => '1',
  'r5_Mp' => '',
  'r6_Status' => '101',
  'r7_TrxNo' => '1211151954353941',
  'r8_BankOrderNo' => '1211151954353941',
  'r9_BankTrxNo' => 'null ',
  'ra_PayTime' => '',
  'rb_DealTime' => '2018-12-12+18%3A11%3A00',
  'rc_BankCode' => 'CMBCHINA',
  'rd_ErrCode' => 'CS000006',
  're_ErrMsg' => '%E9%93%B6%E8%A1%8C%E8%BF%9E%E6%8E%A5%E8%B6%85%E6%97%B6%EF%BC%8C%E8%AF%B7%E7%A8%8D%E5%90%8E%E5%86%8D%E8%AF%95',
  'hmac' => 'abd099f60b4f1e12056f7c8fe380cba5',
  'send_time' => '2018-12-12 18:12:16',
)

array (
  'r1_MerchantNo' => '888105000002522',
  'r2_OrderNo' => '2018121151495557',
  'r3_Amount' => '200.00',
  'r4_Cur' => '1',
  'r5_Mp' => '',
  'r6_Status' => '101',
  'r7_TrxNo' => '1211151932353503',
  'r8_BankOrderNo' => '1211151932353503',
  'r9_BankTrxNo' => 'null ',
  'ra_PayTime' => '',
  'rb_DealTime' => '2018-12-12+18%3A11%3A00',
  'rc_BankCode' => 'CMBCHINA',
  'rd_ErrCode' => 'CS000006',
  're_ErrMsg' => '%E9%93%B6%E8%A1%8C%E8%BF%9E%E6%8E%A5%E8%B6%85%E6%97%B6%EF%BC%8C%E8%AF%B7%E7%A8%8D%E5%90%8E%E5%86%8D%E8%AF%95',
  'hmac' => 'fa9eabd10253db6c5aecacdffa3147f2',
  'send_time' => '2018-12-12 18:12:16',
)

array (
  'r1_MerchantNo' => '888105000002522',
  'r2_OrderNo' => '2018121197545255',
  'r3_Amount' => '200.00',
  'r4_Cur' => '1',
  'r5_Mp' => '',
  'r6_Status' => '101',
  'r7_TrxNo' => '1211110827000641',
  'r8_BankOrderNo' => '1211110827000641',
  'r9_BankTrxNo' => 'null ',
  'ra_PayTime' => '',
  'rb_DealTime' => '2018-12-12+18%3A10%3A06',
  'rc_BankCode' => 'CMBCHINA',
  'rd_ErrCode' => 'CS000006',
  're_ErrMsg' => '%E9%93%B6%E8%A1%8C%E8%BF%9E%E6%8E%A5%E8%B6%85%E6%97%B6%EF%BC%8C%E8%AF%B7%E7%A8%8D%E5%90%8E%E5%86%8D%E8%AF%95',
  'hmac' => '34dabbc7eb86c8e5803ba677c94a86f0',
  'send_time' => '2018-12-12 18:13:22',
)

array (
  'r1_MerchantNo' => '888105000002522',
  'r2_OrderNo' => '2018121149539952',
  'r3_Amount' => '200.00',
  'r4_Cur' => '1',
  'r5_Mp' => '',
  'r6_Status' => '101',
  'r7_TrxNo' => '1211152001354054',
  'r8_BankOrderNo' => '1211152001354054',
  'r9_BankTrxNo' => 'null ',
  'ra_PayTime' => '',
  'rb_DealTime' => '2018-12-12+18%3A11%3A00',
  'rc_BankCode' => 'CMBCHINA',
  'rd_ErrCode' => 'CS000006',
  're_ErrMsg' => '%E9%93%B6%E8%A1%8C%E8%BF%9E%E6%8E%A5%E8%B6%85%E6%97%B6%EF%BC%8C%E8%AF%B7%E7%A8%8D%E5%90%8E%E5%86%8D%E8%AF%95',
  'hmac' => '45eedaa9c0b3e295c9e941ed0d449c2c',
  'send_time' => '2018-12-12 18:14:16',
)

array (
  'r1_MerchantNo' => '888105000002522',
  'r2_OrderNo' => '2018121157101491',
  'r3_Amount' => '1000.00',
  'r4_Cur' => '1',
  'r5_Mp' => '',
  'r6_Status' => '101',
  'r7_TrxNo' => '1211151954353941',
  'r8_BankOrderNo' => '1211151954353941',
  'r9_BankTrxNo' => 'null ',
  'ra_PayTime' => '',
  'rb_DealTime' => '2018-12-12+18%3A11%3A00',
  'rc_BankCode' => 'CMBCHINA',
  'rd_ErrCode' => 'CS000006',
  're_ErrMsg' => '%E9%93%B6%E8%A1%8C%E8%BF%9E%E6%8E%A5%E8%B6%85%E6%97%B6%EF%BC%8C%E8%AF%B7%E7%A8%8D%E5%90%8E%E5%86%8D%E8%AF%95',
  'hmac' => 'abd099f60b4f1e12056f7c8fe380cba5',
  'send_time' => '2018-12-12 18:14:16',
)

array (
  'r1_MerchantNo' => '888105000002522',
  'r2_OrderNo' => '2018121151495557',
  'r3_Amount' => '200.00',
  'r4_Cur' => '1',
  'r5_Mp' => '',
  'r6_Status' => '101',
  'r7_TrxNo' => '1211151932353503',
  'r8_BankOrderNo' => '1211151932353503',
  'r9_BankTrxNo' => 'null ',
  'ra_PayTime' => '',
  'rb_DealTime' => '2018-12-12+18%3A11%3A00',
  'rc_BankCode' => 'CMBCHINA',
  'rd_ErrCode' => 'CS000006',
  're_ErrMsg' => '%E9%93%B6%E8%A1%8C%E8%BF%9E%E6%8E%A5%E8%B6%85%E6%97%B6%EF%BC%8C%E8%AF%B7%E7%A8%8D%E5%90%8E%E5%86%8D%E8%AF%95',
  'hmac' => 'fa9eabd10253db6c5aecacdffa3147f2',
  'send_time' => '2018-12-12 18:14:16',
)

array (
  'r1_MerchantNo' => '888105000002522',
  'r2_OrderNo' => '2018121197545255',
  'r3_Amount' => '200.00',
  'r4_Cur' => '1',
  'r5_Mp' => '',
  'r6_Status' => '101',
  'r7_TrxNo' => '1211110827000641',
  'r8_BankOrderNo' => '1211110827000641',
  'r9_BankTrxNo' => 'null ',
  'ra_PayTime' => '',
  'rb_DealTime' => '2018-12-12+18%3A10%3A06',
  'rc_BankCode' => 'CMBCHINA',
  'rd_ErrCode' => 'CS000006',
  're_ErrMsg' => '%E9%93%B6%E8%A1%8C%E8%BF%9E%E6%8E%A5%E8%B6%85%E6%97%B6%EF%BC%8C%E8%AF%B7%E7%A8%8D%E5%90%8E%E5%86%8D%E8%AF%95',
  'hmac' => '34dabbc7eb86c8e5803ba677c94a86f0',
  'send_time' => '2018-12-12 18:18:22',
)

array (
  'r1_MerchantNo' => '888105000002522',
  'r2_OrderNo' => '2018121149539952',
  'r3_Amount' => '200.00',
  'r4_Cur' => '1',
  'r5_Mp' => '',
  'r6_Status' => '101',
  'r7_TrxNo' => '1211152001354054',
  'r8_BankOrderNo' => '1211152001354054',
  'r9_BankTrxNo' => 'null ',
  'ra_PayTime' => '',
  'rb_DealTime' => '2018-12-12+18%3A11%3A00',
  'rc_BankCode' => 'CMBCHINA',
  'rd_ErrCode' => 'CS000006',
  're_ErrMsg' => '%E9%93%B6%E8%A1%8C%E8%BF%9E%E6%8E%A5%E8%B6%85%E6%97%B6%EF%BC%8C%E8%AF%B7%E7%A8%8D%E5%90%8E%E5%86%8D%E8%AF%95',
  'hmac' => '45eedaa9c0b3e295c9e941ed0d449c2c',
  'send_time' => '2018-12-12 18:19:16',
)

array (
  'r1_MerchantNo' => '888105000002522',
  'r2_OrderNo' => '2018121157101491',
  'r3_Amount' => '1000.00',
  'r4_Cur' => '1',
  'r5_Mp' => '',
  'r6_Status' => '101',
  'r7_TrxNo' => '1211151954353941',
  'r8_BankOrderNo' => '1211151954353941',
  'r9_BankTrxNo' => 'null ',
  'ra_PayTime' => '',
  'rb_DealTime' => '2018-12-12+18%3A11%3A00',
  'rc_BankCode' => 'CMBCHINA',
  'rd_ErrCode' => 'CS000006',
  're_ErrMsg' => '%E9%93%B6%E8%A1%8C%E8%BF%9E%E6%8E%A5%E8%B6%85%E6%97%B6%EF%BC%8C%E8%AF%B7%E7%A8%8D%E5%90%8E%E5%86%8D%E8%AF%95',
  'hmac' => 'abd099f60b4f1e12056f7c8fe380cba5',
  'send_time' => '2018-12-12 18:19:16',
)

array (
  'r1_MerchantNo' => '888105000002522',
  'r2_OrderNo' => '2018121151495557',
  'r3_Amount' => '200.00',
  'r4_Cur' => '1',
  'r5_Mp' => '',
  'r6_Status' => '101',
  'r7_TrxNo' => '1211151932353503',
  'r8_BankOrderNo' => '1211151932353503',
  'r9_BankTrxNo' => 'null ',
  'ra_PayTime' => '',
  'rb_DealTime' => '2018-12-12+18%3A11%3A00',
  'rc_BankCode' => 'CMBCHINA',
  'rd_ErrCode' => 'CS000006',
  're_ErrMsg' => '%E9%93%B6%E8%A1%8C%E8%BF%9E%E6%8E%A5%E8%B6%85%E6%97%B6%EF%BC%8C%E8%AF%B7%E7%A8%8D%E5%90%8E%E5%86%8D%E8%AF%95',
  'hmac' => 'fa9eabd10253db6c5aecacdffa3147f2',
  'send_time' => '2018-12-12 18:19:16',
)

array (
  'r1_MerchantNo' => '888105000002522',
  'r2_OrderNo' => '2018121197545255',
  'r3_Amount' => '200.00',
  'r4_Cur' => '1',
  'r5_Mp' => '',
  'r6_Status' => '101',
  'r7_TrxNo' => '1211110827000641',
  'r8_BankOrderNo' => '1211110827000641',
  'r9_BankTrxNo' => 'null ',
  'ra_PayTime' => '',
  'rb_DealTime' => '2018-12-12+18%3A10%3A06',
  'rc_BankCode' => 'CMBCHINA',
  'rd_ErrCode' => 'CS000006',
  're_ErrMsg' => '%E9%93%B6%E8%A1%8C%E8%BF%9E%E6%8E%A5%E8%B6%85%E6%97%B6%EF%BC%8C%E8%AF%B7%E7%A8%8D%E5%90%8E%E5%86%8D%E8%AF%95',
  'hmac' => '34dabbc7eb86c8e5803ba677c94a86f0',
  'send_time' => '2018-12-12 18:33:22',
)

array (
  'r1_MerchantNo' => '888105000002522',
  'r2_OrderNo' => '2018121149539952',
  'r3_Amount' => '200.00',
  'r4_Cur' => '1',
  'r5_Mp' => '',
  'r6_Status' => '101',
  'r7_TrxNo' => '1211152001354054',
  'r8_BankOrderNo' => '1211152001354054',
  'r9_BankTrxNo' => 'null ',
  'ra_PayTime' => '',
  'rb_DealTime' => '2018-12-12+18%3A11%3A00',
  'rc_BankCode' => 'CMBCHINA',
  'rd_ErrCode' => 'CS000006',
  're_ErrMsg' => '%E9%93%B6%E8%A1%8C%E8%BF%9E%E6%8E%A5%E8%B6%85%E6%97%B6%EF%BC%8C%E8%AF%B7%E7%A8%8D%E5%90%8E%E5%86%8D%E8%AF%95',
  'hmac' => '45eedaa9c0b3e295c9e941ed0d449c2c',
  'send_time' => '2018-12-12 18:34:16',
)

array (
  'r1_MerchantNo' => '888105000002522',
  'r2_OrderNo' => '2018121157101491',
  'r3_Amount' => '1000.00',
  'r4_Cur' => '1',
  'r5_Mp' => '',
  'r6_Status' => '101',
  'r7_TrxNo' => '1211151954353941',
  'r8_BankOrderNo' => '1211151954353941',
  'r9_BankTrxNo' => 'null ',
  'ra_PayTime' => '',
  'rb_DealTime' => '2018-12-12+18%3A11%3A00',
  'rc_BankCode' => 'CMBCHINA',
  'rd_ErrCode' => 'CS000006',
  're_ErrMsg' => '%E9%93%B6%E8%A1%8C%E8%BF%9E%E6%8E%A5%E8%B6%85%E6%97%B6%EF%BC%8C%E8%AF%B7%E7%A8%8D%E5%90%8E%E5%86%8D%E8%AF%95',
  'hmac' => 'abd099f60b4f1e12056f7c8fe380cba5',
  'send_time' => '2018-12-12 18:34:16',
)

array (
  'r1_MerchantNo' => '888105000002522',
  'r2_OrderNo' => '2018121151495557',
  'r3_Amount' => '200.00',
  'r4_Cur' => '1',
  'r5_Mp' => '',
  'r6_Status' => '101',
  'r7_TrxNo' => '1211151932353503',
  'r8_BankOrderNo' => '1211151932353503',
  'r9_BankTrxNo' => 'null ',
  'ra_PayTime' => '',
  'rb_DealTime' => '2018-12-12+18%3A11%3A00',
  'rc_BankCode' => 'CMBCHINA',
  'rd_ErrCode' => 'CS000006',
  're_ErrMsg' => '%E9%93%B6%E8%A1%8C%E8%BF%9E%E6%8E%A5%E8%B6%85%E6%97%B6%EF%BC%8C%E8%AF%B7%E7%A8%8D%E5%90%8E%E5%86%8D%E8%AF%95',
  'hmac' => 'fa9eabd10253db6c5aecacdffa3147f2',
  'send_time' => '2018-12-12 18:34:16',
)

array (
  'r1_MerchantNo' => '888105000002522',
  'r2_OrderNo' => '2018121552519797',
  'r3_Amount' => '200.00',
  'r4_Cur' => '1',
  'r5_Mp' => '',
  'r6_Status' => '101',
  'r7_TrxNo' => '1215113117933712',
  'r8_BankOrderNo' => '1215113117933712',
  'r9_BankTrxNo' => 'null ',
  'ra_PayTime' => '',
  'rb_DealTime' => '2018-12-17+17%3A28%3A35',
  'rc_BankCode' => 'CMBCHINA',
  'rd_ErrCode' => 'CS000006',
  're_ErrMsg' => '%E9%93%B6%E8%A1%8C%E8%BF%9E%E6%8E%A5%E8%B6%85%E6%97%B6%EF%BC%8C%E8%AF%B7%E7%A8%8D%E5%90%8E%E5%86%8D%E8%AF%95',
  'hmac' => '6ddb0218efe5437d882baf7fce440ec9',
  'send_time' => '2018-12-17 17:28:39',
)

array (
  'r1_MerchantNo' => '888105000002522',
  'r2_OrderNo' => '2018121552519797',
  'r3_Amount' => '200.00',
  'r4_Cur' => '1',
  'r5_Mp' => '',
  'r6_Status' => '101',
  'r7_TrxNo' => '1215113117933712',
  'r8_BankOrderNo' => '1215113117933712',
  'r9_BankTrxNo' => 'null ',
  'ra_PayTime' => '',
  'rb_DealTime' => '2018-12-17+17%3A28%3A35',
  'rc_BankCode' => 'CMBCHINA',
  'rd_ErrCode' => 'CS000006',
  're_ErrMsg' => '%E9%93%B6%E8%A1%8C%E8%BF%9E%E6%8E%A5%E8%B6%85%E6%97%B6%EF%BC%8C%E8%AF%B7%E7%A8%8D%E5%90%8E%E5%86%8D%E8%AF%95',
  'hmac' => '6ddb0218efe5437d882baf7fce440ec9',
  'send_time' => '2018-12-17 17:28:53',
)

array (
  'r1_MerchantNo' => '888105000002522',
  'r2_OrderNo' => '2018121552519797',
  'r3_Amount' => '200.00',
  'r4_Cur' => '1',
  'r5_Mp' => '',
  'r6_Status' => '101',
  'r7_TrxNo' => '1215113117933712',
  'r8_BankOrderNo' => '1215113117933712',
  'r9_BankTrxNo' => 'null ',
  'ra_PayTime' => '',
  'rb_DealTime' => '2018-12-17+17%3A28%3A35',
  'rc_BankCode' => 'CMBCHINA',
  'rd_ErrCode' => 'CS000006',
  're_ErrMsg' => '%E9%93%B6%E8%A1%8C%E8%BF%9E%E6%8E%A5%E8%B6%85%E6%97%B6%EF%BC%8C%E8%AF%B7%E7%A8%8D%E5%90%8E%E5%86%8D%E8%AF%95',
  'hmac' => '6ddb0218efe5437d882baf7fce440ec9',
  'send_time' => '2018-12-17 17:29:53',
)

array (
  'r1_MerchantNo' => '888105000002522',
  'r2_OrderNo' => '2018121410248481',
  'r3_Amount' => '200.00',
  'r4_Cur' => '1',
  'r5_Mp' => '',
  'r6_Status' => '101',
  'r7_TrxNo' => '1214111702423247',
  'r8_BankOrderNo' => '1214111702423247',
  'r9_BankTrxNo' => 'null ',
  'ra_PayTime' => '',
  'rb_DealTime' => '2018-12-17+17%3A30%3A30',
  'rc_BankCode' => 'CMBCHINA',
  'rd_ErrCode' => 'CS000006',
  're_ErrMsg' => '%E9%93%B6%E8%A1%8C%E8%BF%9E%E6%8E%A5%E8%B6%85%E6%97%B6%EF%BC%8C%E8%AF%B7%E7%A8%8D%E5%90%8E%E5%86%8D%E8%AF%95',
  'hmac' => '4f35d5e9d3729ba82cd6bc928050db1f',
  'send_time' => '2018-12-17 17:30:33',
)

array (
  'r1_MerchantNo' => '888105000002522',
  'r2_OrderNo' => '2018121499100555',
  'r3_Amount' => '200.00',
  'r4_Cur' => '1',
  'r5_Mp' => '',
  'r6_Status' => '101',
  'r7_TrxNo' => '1214111643422675',
  'r8_BankOrderNo' => '1214111643422675',
  'r9_BankTrxNo' => 'null ',
  'ra_PayTime' => '',
  'rb_DealTime' => '2018-12-17+17%3A30%3A30',
  'rc_BankCode' => 'CMBCHINA',
  'rd_ErrCode' => 'CS000006',
  're_ErrMsg' => '%E9%93%B6%E8%A1%8C%E8%BF%9E%E6%8E%A5%E8%B6%85%E6%97%B6%EF%BC%8C%E8%AF%B7%E7%A8%8D%E5%90%8E%E5%86%8D%E8%AF%95',
  'hmac' => '6ad4ab4ceeea98c937defaf1a318b24b',
  'send_time' => '2018-12-17 17:30:33',
)

array (
  'r1_MerchantNo' => '888105000002522',
  'r2_OrderNo' => '2018121448519799',
  'r3_Amount' => '200.00',
  'r4_Cur' => '1',
  'r5_Mp' => '',
  'r6_Status' => '101',
  'r7_TrxNo' => '1214111617421930',
  'r8_BankOrderNo' => '1214111617421930',
  'r9_BankTrxNo' => 'null ',
  'ra_PayTime' => '',
  'rb_DealTime' => '2018-12-17+17%3A30%3A31',
  'rc_BankCode' => 'CMBCHINA',
  'rd_ErrCode' => 'CS000006',
  're_ErrMsg' => '%E9%93%B6%E8%A1%8C%E8%BF%9E%E6%8E%A5%E8%B6%85%E6%97%B6%EF%BC%8C%E8%AF%B7%E7%A8%8D%E5%90%8E%E5%86%8D%E8%AF%95',
  'hmac' => 'f4fa431cb72f2e0d70a3a9fdb546848e',
  'send_time' => '2018-12-17 17:30:33',
)

array (
  'r1_MerchantNo' => '888105000002522',
  'r2_OrderNo' => '2018121410248481',
  'r3_Amount' => '200.00',
  'r4_Cur' => '1',
  'r5_Mp' => '',
  'r6_Status' => '101',
  'r7_TrxNo' => '1214111702423247',
  'r8_BankOrderNo' => '1214111702423247',
  'r9_BankTrxNo' => 'null ',
  'ra_PayTime' => '',
  'rb_DealTime' => '2018-12-17+17%3A30%3A30',
  'rc_BankCode' => 'CMBCHINA',
  'rd_ErrCode' => 'CS000006',
  're_ErrMsg' => '%E9%93%B6%E8%A1%8C%E8%BF%9E%E6%8E%A5%E8%B6%85%E6%97%B6%EF%BC%8C%E8%AF%B7%E7%A8%8D%E5%90%8E%E5%86%8D%E8%AF%95',
  'hmac' => '4f35d5e9d3729ba82cd6bc928050db1f',
  'send_time' => '2018-12-17 17:30:48',
)

array (
  'r1_MerchantNo' => '888105000002522',
  'r2_OrderNo' => '2018121499100555',
  'r3_Amount' => '200.00',
  'r4_Cur' => '1',
  'r5_Mp' => '',
  'r6_Status' => '101',
  'r7_TrxNo' => '1214111643422675',
  'r8_BankOrderNo' => '1214111643422675',
  'r9_BankTrxNo' => 'null ',
  'ra_PayTime' => '',
  'rb_DealTime' => '2018-12-17+17%3A30%3A30',
  'rc_BankCode' => 'CMBCHINA',
  'rd_ErrCode' => 'CS000006',
  're_ErrMsg' => '%E9%93%B6%E8%A1%8C%E8%BF%9E%E6%8E%A5%E8%B6%85%E6%97%B6%EF%BC%8C%E8%AF%B7%E7%A8%8D%E5%90%8E%E5%86%8D%E8%AF%95',
  'hmac' => '6ad4ab4ceeea98c937defaf1a318b24b',
  'send_time' => '2018-12-17 17:30:48',
)

array (
  'r1_MerchantNo' => '888105000002522',
  'r2_OrderNo' => '2018121448519799',
  'r3_Amount' => '200.00',
  'r4_Cur' => '1',
  'r5_Mp' => '',
  'r6_Status' => '101',
  'r7_TrxNo' => '1214111617421930',
  'r8_BankOrderNo' => '1214111617421930',
  'r9_BankTrxNo' => 'null ',
  'ra_PayTime' => '',
  'rb_DealTime' => '2018-12-17+17%3A30%3A31',
  'rc_BankCode' => 'CMBCHINA',
  'rd_ErrCode' => 'CS000006',
  're_ErrMsg' => '%E9%93%B6%E8%A1%8C%E8%BF%9E%E6%8E%A5%E8%B6%85%E6%97%B6%EF%BC%8C%E8%AF%B7%E7%A8%8D%E5%90%8E%E5%86%8D%E8%AF%95',
  'hmac' => 'f4fa431cb72f2e0d70a3a9fdb546848e',
  'send_time' => '2018-12-17 17:30:48',
)

array (
  'r1_MerchantNo' => '888105000002522',
  'r2_OrderNo' => '2018121410248481',
  'r3_Amount' => '200.00',
  'r4_Cur' => '1',
  'r5_Mp' => '',
  'r6_Status' => '101',
  'r7_TrxNo' => '1214111702423247',
  'r8_BankOrderNo' => '1214111702423247',
  'r9_BankTrxNo' => 'null ',
  'ra_PayTime' => '',
  'rb_DealTime' => '2018-12-17+17%3A30%3A30',
  'rc_BankCode' => 'CMBCHINA',
  'rd_ErrCode' => 'CS000006',
  're_ErrMsg' => '%E9%93%B6%E8%A1%8C%E8%BF%9E%E6%8E%A5%E8%B6%85%E6%97%B6%EF%BC%8C%E8%AF%B7%E7%A8%8D%E5%90%8E%E5%86%8D%E8%AF%95',
  'hmac' => '4f35d5e9d3729ba82cd6bc928050db1f',
  'send_time' => '2018-12-17 17:31:48',
)

array (
  'r1_MerchantNo' => '888105000002522',
  'r2_OrderNo' => '2018121499100555',
  'r3_Amount' => '200.00',
  'r4_Cur' => '1',
  'r5_Mp' => '',
  'r6_Status' => '101',
  'r7_TrxNo' => '1214111643422675',
  'r8_BankOrderNo' => '1214111643422675',
  'r9_BankTrxNo' => 'null ',
  'ra_PayTime' => '',
  'rb_DealTime' => '2018-12-17+17%3A30%3A30',
  'rc_BankCode' => 'CMBCHINA',
  'rd_ErrCode' => 'CS000006',
  're_ErrMsg' => '%E9%93%B6%E8%A1%8C%E8%BF%9E%E6%8E%A5%E8%B6%85%E6%97%B6%EF%BC%8C%E8%AF%B7%E7%A8%8D%E5%90%8E%E5%86%8D%E8%AF%95',
  'hmac' => '6ad4ab4ceeea98c937defaf1a318b24b',
  'send_time' => '2018-12-17 17:31:48',
)

array (
  'r1_MerchantNo' => '888105000002522',
  'r2_OrderNo' => '2018121448519799',
  'r3_Amount' => '200.00',
  'r4_Cur' => '1',
  'r5_Mp' => '',
  'r6_Status' => '101',
  'r7_TrxNo' => '1214111617421930',
  'r8_BankOrderNo' => '1214111617421930',
  'r9_BankTrxNo' => 'null ',
  'ra_PayTime' => '',
  'rb_DealTime' => '2018-12-17+17%3A30%3A31',
  'rc_BankCode' => 'CMBCHINA',
  'rd_ErrCode' => 'CS000006',
  're_ErrMsg' => '%E9%93%B6%E8%A1%8C%E8%BF%9E%E6%8E%A5%E8%B6%85%E6%97%B6%EF%BC%8C%E8%AF%B7%E7%A8%8D%E5%90%8E%E5%86%8D%E8%AF%95',
  'hmac' => 'f4fa431cb72f2e0d70a3a9fdb546848e',
  'send_time' => '2018-12-17 17:31:48',
)

array (
  'r1_MerchantNo' => '888105000002522',
  'r2_OrderNo' => '2018121552519797',
  'r3_Amount' => '200.00',
  'r4_Cur' => '1',
  'r5_Mp' => '',
  'r6_Status' => '101',
  'r7_TrxNo' => '1215113117933712',
  'r8_BankOrderNo' => '1215113117933712',
  'r9_BankTrxNo' => 'null ',
  'ra_PayTime' => '',
  'rb_DealTime' => '2018-12-17+17%3A28%3A35',
  'rc_BankCode' => 'CMBCHINA',
  'rd_ErrCode' => 'CS000006',
  're_ErrMsg' => '%E9%93%B6%E8%A1%8C%E8%BF%9E%E6%8E%A5%E8%B6%85%E6%97%B6%EF%BC%8C%E8%AF%B7%E7%A8%8D%E5%90%8E%E5%86%8D%E8%AF%95',
  'hmac' => '6ddb0218efe5437d882baf7fce440ec9',
  'send_time' => '2018-12-17 17:31:53',
)

array (
  'r1_MerchantNo' => '888105000002522',
  'r2_OrderNo' => '2018121410248481',
  'r3_Amount' => '200.00',
  'r4_Cur' => '1',
  'r5_Mp' => '',
  'r6_Status' => '101',
  'r7_TrxNo' => '1214111702423247',
  'r8_BankOrderNo' => '1214111702423247',
  'r9_BankTrxNo' => 'null ',
  'ra_PayTime' => '',
  'rb_DealTime' => '2018-12-17+17%3A30%3A30',
  'rc_BankCode' => 'CMBCHINA',
  'rd_ErrCode' => 'CS000006',
  're_ErrMsg' => '%E9%93%B6%E8%A1%8C%E8%BF%9E%E6%8E%A5%E8%B6%85%E6%97%B6%EF%BC%8C%E8%AF%B7%E7%A8%8D%E5%90%8E%E5%86%8D%E8%AF%95',
  'hmac' => '4f35d5e9d3729ba82cd6bc928050db1f',
  'send_time' => '2018-12-17 17:33:48',
)

array (
  'r1_MerchantNo' => '888105000002522',
  'r2_OrderNo' => '2018121499100555',
  'r3_Amount' => '200.00',
  'r4_Cur' => '1',
  'r5_Mp' => '',
  'r6_Status' => '101',
  'r7_TrxNo' => '1214111643422675',
  'r8_BankOrderNo' => '1214111643422675',
  'r9_BankTrxNo' => 'null ',
  'ra_PayTime' => '',
  'rb_DealTime' => '2018-12-17+17%3A30%3A30',
  'rc_BankCode' => 'CMBCHINA',
  'rd_ErrCode' => 'CS000006',
  're_ErrMsg' => '%E9%93%B6%E8%A1%8C%E8%BF%9E%E6%8E%A5%E8%B6%85%E6%97%B6%EF%BC%8C%E8%AF%B7%E7%A8%8D%E5%90%8E%E5%86%8D%E8%AF%95',
  'hmac' => '6ad4ab4ceeea98c937defaf1a318b24b',
  'send_time' => '2018-12-17 17:33:48',
)

array (
  'r1_MerchantNo' => '888105000002522',
  'r2_OrderNo' => '2018121448519799',
  'r3_Amount' => '200.00',
  'r4_Cur' => '1',
  'r5_Mp' => '',
  'r6_Status' => '101',
  'r7_TrxNo' => '1214111617421930',
  'r8_BankOrderNo' => '1214111617421930',
  'r9_BankTrxNo' => 'null ',
  'ra_PayTime' => '',
  'rb_DealTime' => '2018-12-17+17%3A30%3A31',
  'rc_BankCode' => 'CMBCHINA',
  'rd_ErrCode' => 'CS000006',
  're_ErrMsg' => '%E9%93%B6%E8%A1%8C%E8%BF%9E%E6%8E%A5%E8%B6%85%E6%97%B6%EF%BC%8C%E8%AF%B7%E7%A8%8D%E5%90%8E%E5%86%8D%E8%AF%95',
  'hmac' => 'f4fa431cb72f2e0d70a3a9fdb546848e',
  'send_time' => '2018-12-17 17:33:48',
)

array (
  'r1_MerchantNo' => '888105000002522',
  'r2_OrderNo' => '2018121552519797',
  'r3_Amount' => '200.00',
  'r4_Cur' => '1',
  'r5_Mp' => '',
  'r6_Status' => '101',
  'r7_TrxNo' => '1215113117933712',
  'r8_BankOrderNo' => '1215113117933712',
  'r9_BankTrxNo' => 'null ',
  'ra_PayTime' => '',
  'rb_DealTime' => '2018-12-17+17%3A28%3A35',
  'rc_BankCode' => 'CMBCHINA',
  'rd_ErrCode' => 'CS000006',
  're_ErrMsg' => '%E9%93%B6%E8%A1%8C%E8%BF%9E%E6%8E%A5%E8%B6%85%E6%97%B6%EF%BC%8C%E8%AF%B7%E7%A8%8D%E5%90%8E%E5%86%8D%E8%AF%95',
  'hmac' => '6ddb0218efe5437d882baf7fce440ec9',
  'send_time' => '2018-12-17 17:36:53',
)

array (
  'r1_MerchantNo' => '888105000002522',
  'r2_OrderNo' => '2018121499100555',
  'r3_Amount' => '200.00',
  'r4_Cur' => '1',
  'r5_Mp' => '',
  'r6_Status' => '101',
  'r7_TrxNo' => '1214111643422675',
  'r8_BankOrderNo' => '1214111643422675',
  'r9_BankTrxNo' => 'null ',
  'ra_PayTime' => '',
  'rb_DealTime' => '2018-12-17+17%3A30%3A30',
  'rc_BankCode' => 'CMBCHINA',
  'rd_ErrCode' => 'CS000006',
  're_ErrMsg' => '%E9%93%B6%E8%A1%8C%E8%BF%9E%E6%8E%A5%E8%B6%85%E6%97%B6%EF%BC%8C%E8%AF%B7%E7%A8%8D%E5%90%8E%E5%86%8D%E8%AF%95',
  'hmac' => '6ad4ab4ceeea98c937defaf1a318b24b',
  'send_time' => '2018-12-17 17:38:49',
)

array (
  'r1_MerchantNo' => '888105000002522',
  'r2_OrderNo' => '2018121410248481',
  'r3_Amount' => '200.00',
  'r4_Cur' => '1',
  'r5_Mp' => '',
  'r6_Status' => '101',
  'r7_TrxNo' => '1214111702423247',
  'r8_BankOrderNo' => '1214111702423247',
  'r9_BankTrxNo' => 'null ',
  'ra_PayTime' => '',
  'rb_DealTime' => '2018-12-17+17%3A30%3A30',
  'rc_BankCode' => 'CMBCHINA',
  'rd_ErrCode' => 'CS000006',
  're_ErrMsg' => '%E9%93%B6%E8%A1%8C%E8%BF%9E%E6%8E%A5%E8%B6%85%E6%97%B6%EF%BC%8C%E8%AF%B7%E7%A8%8D%E5%90%8E%E5%86%8D%E8%AF%95',
  'hmac' => '4f35d5e9d3729ba82cd6bc928050db1f',
  'send_time' => '2018-12-17 17:38:49',
)

array (
  'r1_MerchantNo' => '888105000002522',
  'r2_OrderNo' => '2018121448519799',
  'r3_Amount' => '200.00',
  'r4_Cur' => '1',
  'r5_Mp' => '',
  'r6_Status' => '101',
  'r7_TrxNo' => '1214111617421930',
  'r8_BankOrderNo' => '1214111617421930',
  'r9_BankTrxNo' => 'null ',
  'ra_PayTime' => '',
  'rb_DealTime' => '2018-12-17+17%3A30%3A31',
  'rc_BankCode' => 'CMBCHINA',
  'rd_ErrCode' => 'CS000006',
  're_ErrMsg' => '%E9%93%B6%E8%A1%8C%E8%BF%9E%E6%8E%A5%E8%B6%85%E6%97%B6%EF%BC%8C%E8%AF%B7%E7%A8%8D%E5%90%8E%E5%86%8D%E8%AF%95',
  'hmac' => 'f4fa431cb72f2e0d70a3a9fdb546848e',
  'send_time' => '2018-12-17 17:38:49',
)

array (
  'r1_MerchantNo' => '888105000002522',
  'r2_OrderNo' => '2018121552519797',
  'r3_Amount' => '200.00',
  'r4_Cur' => '1',
  'r5_Mp' => '',
  'r6_Status' => '101',
  'r7_TrxNo' => '1215113117933712',
  'r8_BankOrderNo' => '1215113117933712',
  'r9_BankTrxNo' => 'null ',
  'ra_PayTime' => '',
  'rb_DealTime' => '2018-12-17+17%3A28%3A35',
  'rc_BankCode' => 'CMBCHINA',
  'rd_ErrCode' => 'CS000006',
  're_ErrMsg' => '%E9%93%B6%E8%A1%8C%E8%BF%9E%E6%8E%A5%E8%B6%85%E6%97%B6%EF%BC%8C%E8%AF%B7%E7%A8%8D%E5%90%8E%E5%86%8D%E8%AF%95',
  'hmac' => '6ddb0218efe5437d882baf7fce440ec9',
  'send_time' => '2018-12-17 17:51:53',
)

array (
  'r1_MerchantNo' => '888105000002522',
  'r2_OrderNo' => '2018121448519799',
  'r3_Amount' => '200.00',
  'r4_Cur' => '1',
  'r5_Mp' => '',
  'r6_Status' => '101',
  'r7_TrxNo' => '1214111617421930',
  'r8_BankOrderNo' => '1214111617421930',
  'r9_BankTrxNo' => 'null ',
  'ra_PayTime' => '',
  'rb_DealTime' => '2018-12-17+17%3A30%3A31',
  'rc_BankCode' => 'CMBCHINA',
  'rd_ErrCode' => 'CS000006',
  're_ErrMsg' => '%E9%93%B6%E8%A1%8C%E8%BF%9E%E6%8E%A5%E8%B6%85%E6%97%B6%EF%BC%8C%E8%AF%B7%E7%A8%8D%E5%90%8E%E5%86%8D%E8%AF%95',
  'hmac' => 'f4fa431cb72f2e0d70a3a9fdb546848e',
  'send_time' => '2018-12-17 17:53:48',
)

array (
  'r1_MerchantNo' => '888105000002522',
  'r2_OrderNo' => '2018121410248481',
  'r3_Amount' => '200.00',
  'r4_Cur' => '1',
  'r5_Mp' => '',
  'r6_Status' => '101',
  'r7_TrxNo' => '1214111702423247',
  'r8_BankOrderNo' => '1214111702423247',
  'r9_BankTrxNo' => 'null ',
  'ra_PayTime' => '',
  'rb_DealTime' => '2018-12-17+17%3A30%3A30',
  'rc_BankCode' => 'CMBCHINA',
  'rd_ErrCode' => 'CS000006',
  're_ErrMsg' => '%E9%93%B6%E8%A1%8C%E8%BF%9E%E6%8E%A5%E8%B6%85%E6%97%B6%EF%BC%8C%E8%AF%B7%E7%A8%8D%E5%90%8E%E5%86%8D%E8%AF%95',
  'hmac' => '4f35d5e9d3729ba82cd6bc928050db1f',
  'send_time' => '2018-12-17 17:53:54',
)

array (
  'r1_MerchantNo' => '888105000002522',
  'r2_OrderNo' => '2018121499100555',
  'r3_Amount' => '200.00',
  'r4_Cur' => '1',
  'r5_Mp' => '',
  'r6_Status' => '101',
  'r7_TrxNo' => '1214111643422675',
  'r8_BankOrderNo' => '1214111643422675',
  'r9_BankTrxNo' => 'null ',
  'ra_PayTime' => '',
  'rb_DealTime' => '2018-12-17+17%3A30%3A30',
  'rc_BankCode' => 'CMBCHINA',
  'rd_ErrCode' => 'CS000006',
  're_ErrMsg' => '%E9%93%B6%E8%A1%8C%E8%BF%9E%E6%8E%A5%E8%B6%85%E6%97%B6%EF%BC%8C%E8%AF%B7%E7%A8%8D%E5%90%8E%E5%86%8D%E8%AF%95',
  'hmac' => '6ad4ab4ceeea98c937defaf1a318b24b',
  'send_time' => '2018-12-17 17:53:54',
)

