---------------------------------------------------------------
[ 2019-01-20T00:10:07+08:00 ] 113.57.183.42 POST /api.php/home/play
[ info ] www.dotgomedia.com/api.php/home/play [运行时间：0.052679s][吞吐率：18.98req/s] [内存消耗：3,294.73kb] [文件加载：54]
[ sql ] [ DB ] CONNECT:[ UseTime:0.001009s ] mysql:host=103.71.236.77;port=3306;dbname=tk_make;charset=utf8
[ sql ] [ SQL ] SHOW COLUMNS FROM `wld_banner` [ RunTime:0.002346s ]
[ sql ] [ SQL ] SELECT `url`,`skip` FROM `wld_banner` WHERE  `is_show` = 1 ORDER BY `sort` DESC,`id` DESC [ RunTime:0.000887s ]
---------------------------------------------------------------
[ 2019-01-20T00:10:07+08:00 ] 113.57.183.42 POST /api.php/home/notice
[ info ] www.dotgomedia.com/api.php/home/notice [运行时间：0.058001s][吞吐率：17.24req/s] [内存消耗：3,341.96kb] [文件加载：54]
[ sql ] [ DB ] CONNECT:[ UseTime:0.000869s ] mysql:host=103.71.236.77;port=3306;dbname=tk_make;charset=utf8
[ sql ] [ SQL ] SHOW COLUMNS FROM `wld_notice` [ RunTime:0.002163s ]
[ sql ] [ SQL ] SELECT `id`,`title`,`content`,`add_time` FROM `wld_notice` WHERE  `is_show` = 1 ORDER BY `id` DESC [ RunTime:0.001002s ]
---------------------------------------------------------------
[ 2019-01-20T00:10:08+08:00 ] 113.57.183.42 POST /api.php/member/index
[ info ] www.dotgomedia.com/api.php/member/index [运行时间：0.067922s][吞吐率：14.72req/s] [内存消耗：3,928.49kb] [文件加载：58]
[ sql ] [ DB ] CONNECT:[ UseTime:0.000670s ] mysql:host=103.71.236.77;port=3306;dbname=tk_make;charset=utf8
[ sql ] [ SQL ] SHOW COLUMNS FROM `wld_member` [ RunTime:0.001493s ]
[ sql ] [ SQL ] SELECT `phone`,`face`,`member_class`,`balance` FROM `wld_member` WHERE  `uid` = 83 LIMIT 1 [ RunTime:0.000605s ]
[ sql ] [ SQL ] SHOW COLUMNS FROM `wld_hire_log` [ RunTime:0.001385s ]
[ sql ] [ SQL ] SELECT SUM(hire_money) AS tp_sum FROM `wld_hire_log` WHERE  `uid` = 83  AND `is_check` = 1  AND `check_time` BETWEEN '2019-01-20 00:00:00' AND '2019-01-21 00:00:00' LIMIT 1 [ RunTime:0.000749s ]
[ sql ] [ SQL ] SHOW COLUMNS FROM `wld_deposit_log` [ RunTime:0.001283s ]
[ sql ] [ SQL ] SELECT SUM(money) AS tp_sum FROM `wld_deposit_log` WHERE  `uid` = 83  AND `is_check` = 1 LIMIT 1 [ RunTime:0.000523s ]
[ sql ] [ SQL ] SHOW COLUMNS FROM `wld_bank_info` [ RunTime:0.001249s ]
[ sql ] [ SQL ] SELECT `bank_card_num` FROM `wld_bank_info` WHERE  `uid` = 83 LIMIT 1 [ RunTime:0.000494s ]
[ sql ] [ SQL ] SHOW COLUMNS FROM `wld_bank_pay_info` [ RunTime:0.001210s ]
[ sql ] [ SQL ] SELECT `id` FROM `wld_bank_pay_info` WHERE  `uid` = 83 LIMIT 1 [ RunTime:0.000474s ]
[ sql ] [ SQL ] SHOW COLUMNS FROM `wld_member_info` [ RunTime:0.001154s ]
[ sql ] [ SQL ] SELECT `id` FROM `wld_member_info` WHERE  `uid` = 83 LIMIT 1 [ RunTime:0.000529s ]
---------------------------------------------------------------
[ 2019-01-20T00:10:08+08:00 ] 113.57.183.42 POST /api.php/member/index
[ info ] www.dotgomedia.com/api.php/member/index [运行时间：0.068648s][吞吐率：14.57req/s] [内存消耗：3,928.49kb] [文件加载：58]
[ sql ] [ DB ] CONNECT:[ UseTime:0.000512s ] mysql:host=103.71.236.77;port=3306;dbname=tk_make;charset=utf8
[ sql ] [ SQL ] SHOW COLUMNS FROM `wld_member` [ RunTime:0.001417s ]
[ sql ] [ SQL ] SELECT `phone`,`face`,`member_class`,`balance` FROM `wld_member` WHERE  `uid` = 83 LIMIT 1 [ RunTime:0.000461s ]
[ sql ] [ SQL ] SHOW COLUMNS FROM `wld_hire_log` [ RunTime:0.001092s ]
[ sql ] [ SQL ] SELECT SUM(hire_money) AS tp_sum FROM `wld_hire_log` WHERE  `uid` = 83  AND `is_check` = 1  AND `check_time` BETWEEN '2019-01-20 00:00:00' AND '2019-01-21 00:00:00' LIMIT 1 [ RunTime:0.000596s ]
[ sql ] [ SQL ] SHOW COLUMNS FROM `wld_deposit_log` [ RunTime:0.001133s ]
[ sql ] [ SQL ] SELECT SUM(money) AS tp_sum FROM `wld_deposit_log` WHERE  `uid` = 83  AND `is_check` = 1 LIMIT 1 [ RunTime:0.000409s ]
[ sql ] [ SQL ] SHOW COLUMNS FROM `wld_bank_info` [ RunTime:0.001084s ]
[ sql ] [ SQL ] SELECT `bank_card_num` FROM `wld_bank_info` WHERE  `uid` = 83 LIMIT 1 [ RunTime:0.000367s ]
[ sql ] [ SQL ] SHOW COLUMNS FROM `wld_bank_pay_info` [ RunTime:0.001072s ]
[ sql ] [ SQL ] SELECT `id` FROM `wld_bank_pay_info` WHERE  `uid` = 83 LIMIT 1 [ RunTime:0.000359s ]
[ sql ] [ SQL ] SHOW COLUMNS FROM `wld_member_info` [ RunTime:0.001028s ]
[ sql ] [ SQL ] SELECT `id` FROM `wld_member_info` WHERE  `uid` = 83 LIMIT 1 [ RunTime:0.000368s ]
---------------------------------------------------------------
[ 2019-01-20T00:10:10+08:00 ] 113.57.183.42 POST /api.php/pay/wallet
[ info ] www.dotgomedia.com/api.php/pay/wallet [运行时间：0.056828s][吞吐率：17.60req/s] [内存消耗：3,286.71kb] [文件加载：55]
[ sql ] [ DB ] CONNECT:[ UseTime:0.000999s ] mysql:host=103.71.236.77;port=3306;dbname=tk_make;charset=utf8
[ sql ] [ SQL ] SHOW COLUMNS FROM `wld_member` [ RunTime:0.001534s ]
[ sql ] [ SQL ] SELECT `balance` FROM `wld_member` WHERE  `uid` = 83 LIMIT 1 [ RunTime:0.000812s ]
[ sql ] [ SQL ] SHOW COLUMNS FROM `wld_hire_log` [ RunTime:0.001293s ]
[ sql ] [ SQL ] SELECT SUM(hire_money) AS tp_sum FROM `wld_hire_log` WHERE  `uid` = 83  AND `is_check` = 0 LIMIT 1 [ RunTime:0.000941s ]
---------------------------------------------------------------
[ 2019-01-20T00:10:11+08:00 ] 113.57.183.42 POST /api.php/member/index
[ info ] www.dotgomedia.com/api.php/member/index [运行时间：0.078422s][吞吐率：12.75req/s] [内存消耗：3,928.49kb] [文件加载：58]
[ sql ] [ DB ] CONNECT:[ UseTime:0.000933s ] mysql:host=103.71.236.77;port=3306;dbname=tk_make;charset=utf8
[ sql ] [ SQL ] SHOW COLUMNS FROM `wld_member` [ RunTime:0.001522s ]
[ sql ] [ SQL ] SELECT `phone`,`face`,`member_class`,`balance` FROM `wld_member` WHERE  `uid` = 83 LIMIT 1 [ RunTime:0.000681s ]
[ sql ] [ SQL ] SHOW COLUMNS FROM `wld_hire_log` [ RunTime:0.001298s ]
[ sql ] [ SQL ] SELECT SUM(hire_money) AS tp_sum FROM `wld_hire_log` WHERE  `uid` = 83  AND `is_check` = 1  AND `check_time` BETWEEN '2019-01-20 00:00:00' AND '2019-01-21 00:00:00' LIMIT 1 [ RunTime:0.001029s ]
[ sql ] [ SQL ] SHOW COLUMNS FROM `wld_deposit_log` [ RunTime:0.002100s ]
[ sql ] [ SQL ] SELECT SUM(money) AS tp_sum FROM `wld_deposit_log` WHERE  `uid` = 83  AND `is_check` = 1 LIMIT 1 [ RunTime:0.000821s ]
[ sql ] [ SQL ] SHOW COLUMNS FROM `wld_bank_info` [ RunTime:0.001545s ]
[ sql ] [ SQL ] SELECT `bank_card_num` FROM `wld_bank_info` WHERE  `uid` = 83 LIMIT 1 [ RunTime:0.000684s ]
[ sql ] [ SQL ] SHOW COLUMNS FROM `wld_bank_pay_info` [ RunTime:0.001625s ]
[ sql ] [ SQL ] SELECT `id` FROM `wld_bank_pay_info` WHERE  `uid` = 83 LIMIT 1 [ RunTime:0.000761s ]
[ sql ] [ SQL ] SHOW COLUMNS FROM `wld_member_info` [ RunTime:0.001491s ]
[ sql ] [ SQL ] SELECT `id` FROM `wld_member_info` WHERE  `uid` = 83 LIMIT 1 [ RunTime:0.000817s ]
---------------------------------------------------------------
[ 2019-01-20T00:10:12+08:00 ] 113.57.183.42 POST /api.php/task/taskList
[ info ] www.dotgomedia.com/api.php/task/taskList [运行时间：0.056262s][吞吐率：17.77req/s] [内存消耗：3,332.11kb] [文件加载：54]
[ sql ] [ DB ] CONNECT:[ UseTime:0.000863s ] mysql:host=103.71.236.77;port=3306;dbname=tk_make;charset=utf8
[ sql ] [ SQL ] SHOW COLUMNS FROM `wld_task_classify` [ RunTime:0.001433s ]
[ sql ] [ SQL ] SELECT `task_cid`,`name` FROM `wld_task_classify` ORDER BY `sort` ASC,`task_cid` DESC [ RunTime:0.000659s ]
[ sql ] [ SQL ] SHOW COLUMNS FROM `wld_task` [ RunTime:0.001434s ]
[ sql ] [ SQL ] SELECT `task_id`,`task_money`,`title`,`limit_total_num`,`get_task_num` FROM `wld_task` WHERE  `task_cid` = 3 ORDER BY `task_id` DESC LIMIT 5 [ RunTime:0.000820s ]
[ sql ] [ SQL ] SELECT `task_id`,`task_money`,`title`,`limit_total_num`,`get_task_num` FROM `wld_task` WHERE  `task_cid` = 2 ORDER BY `task_id` DESC LIMIT 5 [ RunTime:0.000717s ]
[ sql ] [ SQL ] SELECT `task_id`,`task_money`,`title`,`limit_total_num`,`get_task_num` FROM `wld_task` WHERE  `task_cid` = 4 ORDER BY `task_id` DESC LIMIT 5 [ RunTime:0.000580s ]
---------------------------------------------------------------
[ 2019-01-20T00:10:17+08:00 ] 113.57.183.42 POST /api.php/member/index
[ info ] www.dotgomedia.com/api.php/member/index [运行时间：0.074396s][吞吐率：13.44req/s] [内存消耗：3,928.49kb] [文件加载：58]
[ sql ] [ DB ] CONNECT:[ UseTime:0.000789s ] mysql:host=103.71.236.77;port=3306;dbname=tk_make;charset=utf8
[ sql ] [ SQL ] SHOW COLUMNS FROM `wld_member` [ RunTime:0.001457s ]
[ sql ] [ SQL ] SELECT `phone`,`face`,`member_class`,`balance` FROM `wld_member` WHERE  `uid` = 83 LIMIT 1 [ RunTime:0.000737s ]
[ sql ] [ SQL ] SHOW COLUMNS FROM `wld_hire_log` [ RunTime:0.001272s ]
[ sql ] [ SQL ] SELECT SUM(hire_money) AS tp_sum FROM `wld_hire_log` WHERE  `uid` = 83  AND `is_check` = 1  AND `check_time` BETWEEN '2019-01-20 00:00:00' AND '2019-01-21 00:00:00' LIMIT 1 [ RunTime:0.000866s ]
[ sql ] [ SQL ] SHOW COLUMNS FROM `wld_deposit_log` [ RunTime:0.001155s ]
[ sql ] [ SQL ] SELECT SUM(money) AS tp_sum FROM `wld_deposit_log` WHERE  `uid` = 83  AND `is_check` = 1 LIMIT 1 [ RunTime:0.000679s ]
[ sql ] [ SQL ] SHOW COLUMNS FROM `wld_bank_info` [ RunTime:0.001126s ]
[ sql ] [ SQL ] SELECT `bank_card_num` FROM `wld_bank_info` WHERE  `uid` = 83 LIMIT 1 [ RunTime:0.000612s ]
[ sql ] [ SQL ] SHOW COLUMNS FROM `wld_bank_pay_info` [ RunTime:0.001263s ]
[ sql ] [ SQL ] SELECT `id` FROM `wld_bank_pay_info` WHERE  `uid` = 83 LIMIT 1 [ RunTime:0.000598s ]
[ sql ] [ SQL ] SHOW COLUMNS FROM `wld_member_info` [ RunTime:0.001193s ]
[ sql ] [ SQL ] SELECT `id` FROM `wld_member_info` WHERE  `uid` = 83 LIMIT 1 [ RunTime:0.000569s ]
---------------------------------------------------------------
[ 2019-01-20T10:56:49+08:00 ] 183.93.225.211 POST /api.php/home/play
[ info ] www.dotgomedia.com/api.php/home/play [运行时间：0.054748s][吞吐率：18.27req/s] [内存消耗：3,294.74kb] [文件加载：54]
[ sql ] [ DB ] CONNECT:[ UseTime:0.000670s ] mysql:host=103.71.236.77;port=3306;dbname=tk_make;charset=utf8
[ sql ] [ SQL ] SHOW COLUMNS FROM `wld_banner` [ RunTime:0.001351s ]
[ sql ] [ SQL ] SELECT `url`,`skip` FROM `wld_banner` WHERE  `is_show` = 1 ORDER BY `sort` DESC,`id` DESC [ RunTime:0.000501s ]
---------------------------------------------------------------
[ 2019-01-20T10:56:49+08:00 ] 183.93.225.211 POST /api.php/home/notice
[ info ] www.dotgomedia.com/api.php/home/notice [运行时间：0.067170s][吞吐率：14.89req/s] [内存消耗：3,341.96kb] [文件加载：54]
[ sql ] [ DB ] CONNECT:[ UseTime:0.000463s ] mysql:host=103.71.236.77;port=3306;dbname=tk_make;charset=utf8
[ sql ] [ SQL ] SHOW COLUMNS FROM `wld_notice` [ RunTime:0.001237s ]
[ sql ] [ SQL ] SELECT `id`,`title`,`content`,`add_time` FROM `wld_notice` WHERE  `is_show` = 1 ORDER BY `id` DESC [ RunTime:0.000659s ]
---------------------------------------------------------------
[ 2019-01-20T10:56:50+08:00 ] 183.93.225.211 POST /api.php/task/taskList
[ info ] www.dotgomedia.com/api.php/task/taskList [运行时间：0.057841s][吞吐率：17.29req/s] [内存消耗：3,332.11kb] [文件加载：54]
[ sql ] [ DB ] CONNECT:[ UseTime:0.000852s ] mysql:host=103.71.236.77;port=3306;dbname=tk_make;charset=utf8
[ sql ] [ SQL ] SHOW COLUMNS FROM `wld_task_classify` [ RunTime:0.001486s ]
[ sql ] [ SQL ] SELECT `task_cid`,`name` FROM `wld_task_classify` ORDER BY `sort` ASC,`task_cid` DESC [ RunTime:0.000801s ]
[ sql ] [ SQL ] SHOW COLUMNS FROM `wld_task` [ RunTime:0.001383s ]
[ sql ] [ SQL ] SELECT `task_id`,`task_money`,`title`,`limit_total_num`,`get_task_num` FROM `wld_task` WHERE  `task_cid` = 3 ORDER BY `task_id` DESC LIMIT 5 [ RunTime:0.000811s ]
[ sql ] [ SQL ] SELECT `task_id`,`task_money`,`title`,`limit_total_num`,`get_task_num` FROM `wld_task` WHERE  `task_cid` = 2 ORDER BY `task_id` DESC LIMIT 5 [ RunTime:0.000728s ]
[ sql ] [ SQL ] SELECT `task_id`,`task_money`,`title`,`limit_total_num`,`get_task_num` FROM `wld_task` WHERE  `task_cid` = 4 ORDER BY `task_id` DESC LIMIT 5 [ RunTime:0.000683s ]
---------------------------------------------------------------
[ 2019-01-20T10:56:52+08:00 ] 183.93.225.211 POST /api.php/member/index
[ info ] www.dotgomedia.com/api.php/member/index [运行时间：0.063082s][吞吐率：15.85req/s] [内存消耗：3,928.49kb] [文件加载：58]
[ sql ] [ DB ] CONNECT:[ UseTime:0.000480s ] mysql:host=103.71.236.77;port=3306;dbname=tk_make;charset=utf8
[ sql ] [ SQL ] SHOW COLUMNS FROM `wld_member` [ RunTime:0.001436s ]
[ sql ] [ SQL ] SELECT `phone`,`face`,`member_class`,`balance` FROM `wld_member` WHERE  `uid` = 83 LIMIT 1 [ RunTime:0.000526s ]
[ sql ] [ SQL ] SHOW COLUMNS FROM `wld_hire_log` [ RunTime:0.001180s ]
[ sql ] [ SQL ] SELECT SUM(hire_money) AS tp_sum FROM `wld_hire_log` WHERE  `uid` = 83  AND `is_check` = 1  AND `check_time` BETWEEN '2019-01-20 00:00:00' AND '2019-01-21 00:00:00' LIMIT 1 [ RunTime:0.000648s ]
[ sql ] [ SQL ] SHOW COLUMNS FROM `wld_deposit_log` [ RunTime:0.001127s ]
[ sql ] [ SQL ] SELECT SUM(money) AS tp_sum FROM `wld_deposit_log` WHERE  `uid` = 83  AND `is_check` = 1 LIMIT 1 [ RunTime:0.000478s ]
[ sql ] [ SQL ] SHOW COLUMNS FROM `wld_bank_info` [ RunTime:0.001056s ]
[ sql ] [ SQL ] SELECT `bank_card_num` FROM `wld_bank_info` WHERE  `uid` = 83 LIMIT 1 [ RunTime:0.000371s ]
[ sql ] [ SQL ] SHOW COLUMNS FROM `wld_bank_pay_info` [ RunTime:0.001105s ]
[ sql ] [ SQL ] SELECT `id` FROM `wld_bank_pay_info` WHERE  `uid` = 83 LIMIT 1 [ RunTime:0.000373s ]
[ sql ] [ SQL ] SHOW COLUMNS FROM `wld_member_info` [ RunTime:0.001117s ]
[ sql ] [ SQL ] SELECT `id` FROM `wld_member_info` WHERE  `uid` = 83 LIMIT 1 [ RunTime:0.000384s ]
---------------------------------------------------------------
[ 2019-01-20T10:56:52+08:00 ] 183.93.225.211 POST /api.php/member/index
[ info ] www.dotgomedia.com/api.php/member/index [运行时间：0.065002s][吞吐率：15.38req/s] [内存消耗：3,928.49kb] [文件加载：58]
[ sql ] [ DB ] CONNECT:[ UseTime:0.000531s ] mysql:host=103.71.236.77;port=3306;dbname=tk_make;charset=utf8
[ sql ] [ SQL ] SHOW COLUMNS FROM `wld_member` [ RunTime:0.001283s ]
[ sql ] [ SQL ] SELECT `phone`,`face`,`member_class`,`balance` FROM `wld_member` WHERE  `uid` = 83 LIMIT 1 [ RunTime:0.000508s ]
[ sql ] [ SQL ] SHOW COLUMNS FROM `wld_hire_log` [ RunTime:0.001101s ]
[ sql ] [ SQL ] SELECT SUM(hire_money) AS tp_sum FROM `wld_hire_log` WHERE  `uid` = 83  AND `is_check` = 1  AND `check_time` BETWEEN '2019-01-20 00:00:00' AND '2019-01-21 00:00:00' LIMIT 1 [ RunTime:0.000629s ]
[ sql ] [ SQL ] SHOW COLUMNS FROM `wld_deposit_log` [ RunTime:0.001035s ]
[ sql ] [ SQL ] SELECT SUM(money) AS tp_sum FROM `wld_deposit_log` WHERE  `uid` = 83  AND `is_check` = 1 LIMIT 1 [ RunTime:0.000431s ]
[ sql ] [ SQL ] SHOW COLUMNS FROM `wld_bank_info` [ RunTime:0.000991s ]
[ sql ] [ SQL ] SELECT `bank_card_num` FROM `wld_bank_info` WHERE  `uid` = 83 LIMIT 1 [ RunTime:0.000413s ]
[ sql ] [ SQL ] SHOW COLUMNS FROM `wld_bank_pay_info` [ RunTime:0.001055s ]
[ sql ] [ SQL ] SELECT `id` FROM `wld_bank_pay_info` WHERE  `uid` = 83 LIMIT 1 [ RunTime:0.000409s ]
[ sql ] [ SQL ] SHOW COLUMNS FROM `wld_member_info` [ RunTime:0.001108s ]
[ sql ] [ SQL ] SELECT `id` FROM `wld_member_info` WHERE  `uid` = 83 LIMIT 1 [ RunTime:0.000425s ]
---------------------------------------------------------------
[ 2019-01-20T10:56:53+08:00 ] 183.93.225.211 POST /api.php/pay/wallet
[ info ] www.dotgomedia.com/api.php/pay/wallet [运行时间：0.060226s][吞吐率：16.60req/s] [内存消耗：3,286.71kb] [文件加载：55]
[ sql ] [ DB ] CONNECT:[ UseTime:0.000891s ] mysql:host=103.71.236.77;port=3306;dbname=tk_make;charset=utf8
[ sql ] [ SQL ] SHOW COLUMNS FROM `wld_member` [ RunTime:0.001621s ]
[ sql ] [ SQL ] SELECT `balance` FROM `wld_member` WHERE  `uid` = 83 LIMIT 1 [ RunTime:0.000664s ]
[ sql ] [ SQL ] SHOW COLUMNS FROM `wld_hire_log` [ RunTime:0.001399s ]
[ sql ] [ SQL ] SELECT SUM(hire_money) AS tp_sum FROM `wld_hire_log` WHERE  `uid` = 83  AND `is_check` = 0 LIMIT 1 [ RunTime:0.000843s ]
---------------------------------------------------------------
[ 2019-01-20T10:56:54+08:00 ] 183.93.225.211 POST /api.php/member/index
[ info ] www.dotgomedia.com/api.php/member/index [运行时间：0.078384s][吞吐率：12.76req/s] [内存消耗：3,928.49kb] [文件加载：58]
[ sql ] [ DB ] CONNECT:[ UseTime:0.000928s ] mysql:host=103.71.236.77;port=3306;dbname=tk_make;charset=utf8
[ sql ] [ SQL ] SHOW COLUMNS FROM `wld_member` [ RunTime:0.001574s ]
[ sql ] [ SQL ] SELECT `phone`,`face`,`member_class`,`balance` FROM `wld_member` WHERE  `uid` = 83 LIMIT 1 [ RunTime:0.001051s ]
[ sql ] [ SQL ] SHOW COLUMNS FROM `wld_hire_log` [ RunTime:0.001862s ]
[ sql ] [ SQL ] SELECT SUM(hire_money) AS tp_sum FROM `wld_hire_log` WHERE  `uid` = 83  AND `is_check` = 1  AND `check_time` BETWEEN '2019-01-20 00:00:00' AND '2019-01-21 00:00:00' LIMIT 1 [ RunTime:0.001122s ]
[ sql ] [ SQL ] SHOW COLUMNS FROM `wld_deposit_log` [ RunTime:0.001569s ]
[ sql ] [ SQL ] SELECT SUM(money) AS tp_sum FROM `wld_deposit_log` WHERE  `uid` = 83  AND `is_check` = 1 LIMIT 1 [ RunTime:0.000780s ]
[ sql ] [ SQL ] SHOW COLUMNS FROM `wld_bank_info` [ RunTime:0.001837s ]
[ sql ] [ SQL ] SELECT `bank_card_num` FROM `wld_bank_info` WHERE  `uid` = 83 LIMIT 1 [ RunTime:0.000778s ]
[ sql ] [ SQL ] SHOW COLUMNS FROM `wld_bank_pay_info` [ RunTime:0.001741s ]
[ sql ] [ SQL ] SELECT `id` FROM `wld_bank_pay_info` WHERE  `uid` = 83 LIMIT 1 [ RunTime:0.000727s ]
[ sql ] [ SQL ] SHOW COLUMNS FROM `wld_member_info` [ RunTime:0.001609s ]
[ sql ] [ SQL ] SELECT `id` FROM `wld_member_info` WHERE  `uid` = 83 LIMIT 1 [ RunTime:0.000768s ]
---------------------------------------------------------------
[ 2019-01-20T10:56:55+08:00 ] 183.93.225.211 POST /api.php/task/historyLog
[ info ] www.dotgomedia.com/api.php/task/historyLog [运行时间：0.058370s][吞吐率：17.13req/s] [内存消耗：3,326.41kb] [文件加载：55]
[ sql ] [ DB ] CONNECT:[ UseTime:0.000921s ] mysql:host=103.71.236.77;port=3306;dbname=tk_make;charset=utf8
[ sql ] [ SQL ] SHOW COLUMNS FROM `wld_send_task_log` [ RunTime:0.001646s ]
[ sql ] [ SQL ] SELECT * FROM `wld_send_task_log` WHERE  `uid` = 83  AND `is_check` = 0 ORDER BY `add_time` DESC LIMIT 0,10 [ RunTime:0.001108s ]
[ sql ] [ SQL ] SELECT COUNT(*) AS tp_count FROM `wld_send_task_log` WHERE  `uid` = 83  AND `is_check` = 0 LIMIT 1 [ RunTime:0.000776s ]
---------------------------------------------------------------
[ 2019-01-20T10:56:58+08:00 ] 183.93.225.211 POST /api.php/member/index
[ info ] www.dotgomedia.com/api.php/member/index [运行时间：0.078828s][吞吐率：12.69req/s] [内存消耗：3,928.49kb] [文件加载：58]
[ sql ] [ DB ] CONNECT:[ UseTime:0.000758s ] mysql:host=103.71.236.77;port=3306;dbname=tk_make;charset=utf8
[ sql ] [ SQL ] SHOW COLUMNS FROM `wld_member` [ RunTime:0.001433s ]
[ sql ] [ SQL ] SELECT `phone`,`face`,`member_class`,`balance` FROM `wld_member` WHERE  `uid` = 83 LIMIT 1 [ RunTime:0.000776s ]
[ sql ] [ SQL ] SHOW COLUMNS FROM `wld_hire_log` [ RunTime:0.001244s ]
[ sql ] [ SQL ] SELECT SUM(hire_money) AS tp_sum FROM `wld_hire_log` WHERE  `uid` = 83  AND `is_check` = 1  AND `check_time` BETWEEN '2019-01-20 00:00:00' AND '2019-01-21 00:00:00' LIMIT 1 [ RunTime:0.000828s ]
[ sql ] [ SQL ] SHOW COLUMNS FROM `wld_deposit_log` [ RunTime:0.001267s ]
[ sql ] [ SQL ] SELECT SUM(money) AS tp_sum FROM `wld_deposit_log` WHERE  `uid` = 83  AND `is_check` = 1 LIMIT 1 [ RunTime:0.000656s ]
[ sql ] [ SQL ] SHOW COLUMNS FROM `wld_bank_info` [ RunTime:0.001145s ]
[ sql ] [ SQL ] SELECT `bank_card_num` FROM `wld_bank_info` WHERE  `uid` = 83 LIMIT 1 [ RunTime:0.000860s ]
[ sql ] [ SQL ] SHOW COLUMNS FROM `wld_bank_pay_info` [ RunTime:0.001317s ]
[ sql ] [ SQL ] SELECT `id` FROM `wld_bank_pay_info` WHERE  `uid` = 83 LIMIT 1 [ RunTime:0.000768s ]
[ sql ] [ SQL ] SHOW COLUMNS FROM `wld_member_info` [ RunTime:0.001856s ]
[ sql ] [ SQL ] SELECT `id` FROM `wld_member_info` WHERE  `uid` = 83 LIMIT 1 [ RunTime:0.000850s ]
